"=== Starting Unified Workflow Engine for: ""fourloopI6t"" ==="
"Start Date and Time: ""Tue 16 Jun 2026 21:34:42"

FrontEndObject::notavail: 
   A front end is not available; certain operations require a front end.
"**************** "Style["LiteRed v2.025\[Beta]", 
   {Bold, RGBColor[1, 1/3, 1/3]}]" ********************\nAuthor: Roman N. \
Lee, Budker Institute of Nuclear Physics, Novosibirsk.\nRelease Date: \
????-??-??\nTimestamp: Tue 25 Feb 2025 15:30:30\nRead \
from:/Users/windfolgen/GitRepos/LiteRed2/Source/LiteRed2025.m \
(CRC32:2205507540,{2340977437, 3317197336, 1063727846})\n\nLiteRed stands for \
"Style["L", {RGBColor[1, 1/3, 1/3]}]"oop "Style["i", {RGBColor[1, 1/3, 1/3]}]
  "n"Style["te", {RGBColor[1, 1/3, 1/3]}]"grals "
  Style["Red", {RGBColor[1, 1/3, 1/3]}]
  "uction.\nThe package is designed for the search and application of the \
Integration-By-Part reduction rules. It also contains some other useful \
tools.\n\nSee ?LiteRed`* for a list of functions. "
"Review agent loaded from ""/Users/windfolgen/Documents/AntiGravity/svbwalkth\
rough/audit_agent/audit_agent.wl"
"[ReviewGate] ""preflight"" stage: ""PASS"" (PASS:"2" WARN:"0" FAIL:"0")"
"  Conformal weight n = "1
"  Checking for boundary target data..."
"[ReviewGate] ""preboundary"" stage: ""PASS"" (PASS:"10" WARN:"0" FAIL:"0")"
"Executing\n"HoldForm[sp[p, p] = u; ]
"IBP output redirected to: ""/Users/windfolgen/Documents/aether/svbwalkthroug\
h_ibp"
"=== Running Parallel Expansion for ""fourloopI6t"" with "6" permutations ==="
"Permutation "{1, 2, 3, 4}" -> chosen equivalent permutation "{2, 1, 4, 3}" ("
  4134" terms)"
"Permutation "{2, 1, 3, 4}" -> chosen equivalent permutation "{1, 2, 4, 3}" ("
  2298" terms)"
"Permutation "{1, 3, 2, 4}" -> chosen equivalent permutation "{2, 4, 1, 3}" ("
  6265" terms)"
"Permutation "{2, 3, 1, 4}" -> chosen equivalent permutation "{2, 3, 1, 4}" ("
  3520" terms)"
"Permutation "{3, 1, 2, 4}" -> chosen equivalent permutation "{1, 3, 4, 2}" ("
  1947" terms)"
"Permutation "{3, 2, 1, 4}" -> chosen equivalent permutation "{2, 3, 4, 1}" ("
  1834" terms)"
"(kernel 1):"
"fourloopI6t1234: no tensor reduced results found. Starting reduction...\n"
"(kernel 2):"
"fourloopI6t2134: no tensor reduced results found. Starting reduction...\n"
"(kernel 3):"
"fourloopI6t1324: no tensor reduced results found. Starting reduction...\n"
"(kernel 4):"
"fourloopI6t2314: no tensor reduced results found. Starting reduction...\n"
"(kernel 5):"
"fourloopI6t3124: no tensor reduced results found. Starting reduction...\n"
"(kernel 6):"
"fourloopI6t3214: no tensor reduced results found. Starting reduction...\n"
"(kernel 1):"
"set 1 to 0, 4 to infinity.\n"
"(kernel 2):"
"set 1 to 0, 4 to infinity.\n"
"(kernel 3):"
"set 1 to 0, 4 to infinity.\n"
"(kernel 4):"
"set 1 to 0, 4 to infinity.\n"
"(kernel 5):"
"set 1 to 0, 4 to infinity.\n"
"(kernel 6):"
"set 1 to 0, 4 to infinity.\n"
"(kernel 1):"
"performing region expansion...\n"
"(kernel 2):"
"performing region expansion...\n"
"(kernel 3):"
"performing region expansion...\n"
"(kernel 4):"
"performing region expansion...\n"
"(kernel 5):"
"performing region expansion...\n"
"(kernel 6):"
"performing region expansion...\n"
"(kernel 1):"
"topology: {d2[1, 5], d2[2, 5], d2[3, 5], d2[1, 6], d2[2, 6], d2[3, 6], d2[1, \
7], d2[2, 7], d2[3, 7], d2[1, 8], d2[2, 8], d2[3, 8], d2[5, 6], d2[5, 7], \
d2[5, 8], d2[6, 7], d2[6, 8], d2[7, 8]} can be split into\n"
"(kernel 2):"
"topology: {d2[1, 5], d2[2, 5], d2[3, 5], d2[1, 6], d2[2, 6], d2[3, 6], d2[1, \
7], d2[2, 7], d2[3, 7], d2[1, 8], d2[2, 8], d2[3, 8], d2[5, 6], d2[5, 7], \
d2[5, 8], d2[6, 7], d2[6, 8], d2[7, 8]} can be split into\n"
"(kernel 3):"
"topology: {d2[1, 5], d2[2, 5], d2[3, 5], d2[1, 6], d2[2, 6], d2[3, 6], d2[1, \
7], d2[2, 7], d2[3, 7], d2[1, 8], d2[2, 8], d2[3, 8], d2[5, 6], d2[5, 7], \
d2[5, 8], d2[6, 7], d2[6, 8], d2[7, 8]} can be split into\n"
"(kernel 4):"
"topology: {d2[1, 5], d2[2, 5], d2[3, 5], d2[1, 6], d2[2, 6], d2[3, 6], d2[1, \
7], d2[2, 7], d2[3, 7], d2[1, 8], d2[2, 8], d2[3, 8], d2[5, 6], d2[5, 7], \
d2[5, 8], d2[6, 7], d2[6, 8], d2[7, 8]} can be split into\n"
"(kernel 5):"
"topology: {d2[1, 5], d2[2, 5], d2[3, 5], d2[1, 6], d2[2, 6], d2[3, 6], d2[1, \
7], d2[2, 7], d2[3, 7], d2[1, 8], d2[2, 8], d2[3, 8], d2[5, 6], d2[5, 7], \
d2[5, 8], d2[6, 7], d2[6, 8], d2[7, 8]} can be split into\n"
"(kernel 6):"
"topology: {d2[1, 5], d2[2, 5], d2[3, 5], d2[1, 6], d2[2, 6], d2[3, 6], d2[1, \
7], d2[2, 7], d2[3, 7], d2[1, 8], d2[2, 8], d2[3, 8], d2[5, 6], d2[5, 7], \
d2[5, 8], d2[6, 7], d2[6, 8], d2[7, 8]} can be split into\n"
"(kernel 1):"
"topo1: {d2[1, 5], d2[2, 5], d2[1, 6], d2[2, 6], d2[1, 7], d2[2, 7], d2[1, \
8], d2[2, 8], d2[5, 6], d2[5, 7], d2[5, 8], d2[6, 7], d2[6, 8], d2[7, 8]}\n"
"(kernel 2):"
"topo1: {d2[1, 5], d2[2, 5], d2[1, 6], d2[2, 6], d2[1, 7], d2[2, 7], d2[1, \
8], d2[2, 8], d2[5, 6], d2[5, 7], d2[5, 8], d2[6, 7], d2[6, 8], d2[7, 8]}\n"
"(kernel 3):"
"topo1: {d2[1, 5], d2[2, 5], d2[1, 6], d2[2, 6], d2[1, 7], d2[2, 7], d2[1, \
8], d2[2, 8], d2[5, 6], d2[5, 7], d2[5, 8], d2[6, 7], d2[6, 8], d2[7, 8]}\n"
"(kernel 4):"
"topo1: {d2[1, 5], d2[2, 5], d2[1, 6], d2[2, 6], d2[1, 7], d2[2, 7], d2[1, \
8], d2[2, 8], d2[5, 6], d2[5, 7], d2[5, 8], d2[6, 7], d2[6, 8], d2[7, 8]}\n"
"(kernel 5):"
"topo1: {d2[1, 5], d2[2, 5], d2[1, 6], d2[2, 6], d2[1, 7], d2[2, 7], d2[1, \
8], d2[2, 8], d2[5, 6], d2[5, 7], d2[5, 8], d2[6, 7], d2[6, 8], d2[7, 8]}\n"
"(kernel 6):"
"topo1: {d2[1, 5], d2[2, 5], d2[1, 6], d2[2, 6], d2[1, 7], d2[2, 7], d2[1, \
8], d2[2, 8], d2[5, 6], d2[5, 7], d2[5, 8], d2[6, 7], d2[6, 8], d2[7, 8]}\n"
"(kernel 1):"
"topo2: {d2[1, 5], d2[3, 5], d2[1, 6], d2[3, 6], d2[1, 7], d2[3, 7], d2[1, \
8], d2[3, 8], d2[5, 6], d2[5, 7], d2[5, 8], d2[6, 7], d2[6, 8], d2[7, 8]}\n"
"(kernel 2):"
"topo2: {d2[1, 5], d2[3, 5], d2[1, 6], d2[3, 6], d2[1, 7], d2[3, 7], d2[1, \
8], d2[3, 8], d2[5, 6], d2[5, 7], d2[5, 8], d2[6, 7], d2[6, 8], d2[7, 8]}\n"
"(kernel 3):"
"topo2: {d2[1, 5], d2[3, 5], d2[1, 6], d2[3, 6], d2[1, 7], d2[3, 7], d2[1, \
8], d2[3, 8], d2[5, 6], d2[5, 7], d2[5, 8], d2[6, 7], d2[6, 8], d2[7, 8]}\n"
"(kernel 4):"
"topo2: {d2[1, 5], d2[3, 5], d2[1, 6], d2[3, 6], d2[1, 7], d2[3, 7], d2[1, \
8], d2[3, 8], d2[5, 6], d2[5, 7], d2[5, 8], d2[6, 7], d2[6, 8], d2[7, 8]}\n"
"(kernel 5):"
"topo2: {d2[1, 5], d2[3, 5], d2[1, 6], d2[3, 6], d2[1, 7], d2[3, 7], d2[1, \
8], d2[3, 8], d2[5, 6], d2[5, 7], d2[5, 8], d2[6, 7], d2[6, 8], d2[7, 8]}\n"
"(kernel 6):"
"topo2: {d2[1, 5], d2[3, 5], d2[1, 6], d2[3, 6], d2[1, 7], d2[3, 7], d2[1, \
8], d2[3, 8], d2[5, 6], d2[5, 7], d2[5, 8], d2[6, 7], d2[6, 8], d2[7, 8]}\n"
"(kernel 1):"
"Loops: {Subscript[x, 5], Subscript[x, 6], Subscript[x, 7], Subscript[x, 8]}. \
There are totally 16 regions.\n"
"(kernel 2):"
"Loops: {Subscript[x, 5], Subscript[x, 6], Subscript[x, 7], Subscript[x, 8]}. \
There are totally 16 regions.\n"
"(kernel 3):"
"Loops: {Subscript[x, 5], Subscript[x, 6], Subscript[x, 7], Subscript[x, 8]}. \
There are totally 16 regions.\n"
"(kernel 4):"
"Loops: {Subscript[x, 5], Subscript[x, 6], Subscript[x, 7], Subscript[x, 8]}. \
There are totally 16 regions.\n"
"(kernel 5):"
"Loops: {Subscript[x, 5], Subscript[x, 6], Subscript[x, 7], Subscript[x, 8]}. \
There are totally 16 regions.\n"
"(kernel 6):"
"Loops: {Subscript[x, 5], Subscript[x, 6], Subscript[x, 7], Subscript[x, 8]}. \
There are totally 16 regions.\n"
"(kernel 1):"
"classifying topologies: \n"
"(kernel 2):"
"classifying topologies: \n"
"(kernel 3):"
"classifying topologies: \n"
"(kernel 4):"
"classifying topologies: \n"
"(kernel 5):"
"classifying topologies: \n"
"(kernel 6):"
"classifying topologies: \n"
"(kernel 1):"
"region 1: total terms 70\n"
"(kernel 2):"
"region 1: total terms 70\n"
"(kernel 3):"
"region 1: total terms 70\n"
"(kernel 4):"
"region 1: total terms 70\n"
"(kernel 5):"
"region 1: total terms 70\n"
"(kernel 6):"
"region 1: total terms 70\n"
"(kernel 1):"
"region 2: total terms 935\n"
"(kernel 2):"
"region 2: total terms 935\n"
"(kernel 6):"
"region 2: total terms 935\n"
"(kernel 5):"
"region 2: total terms 935\n"
"(kernel 3):"
"region 2: total terms 935\n"
"(kernel 4):"
"region 2: total terms 935\n"
"(kernel 5):"
"region 3: total terms 495\n"
"(kernel 6):"
"region 3: total terms 495\n"
"(kernel 1):"
"region 3: total terms 495\n"
"(kernel 2):"
"region 3: total terms 495\n"
"(kernel 3):"
"region 3: total terms 495\n"
"(kernel 4):"
"region 3: total terms 495\n"
"(kernel 6):"
"region 4: total terms 1001\n"
"(kernel 5):"
"region 4: total terms 1001\n"
"(kernel 1):"
"region 4: total terms 1001\n"
"(kernel 2):"
"region 4: total terms 1001\n"
"(kernel 3):"
"region 4: total terms 1001\n"
"(kernel 4):"
"region 4: total terms 1001\n"
"(kernel 5):"
"region 5: total terms 210\n"
"(kernel 6):"
"region 5: total terms 210\n"
"(kernel 1):"
"region 5: total terms 495\n"
"(kernel 2):"
"region 5: total terms 1001\n"
"(kernel 6):"
"region 6: total terms 495\n"
"(kernel 5):"
"region 6: total terms 495\n"
"(kernel 1):"
"region 6: total terms 935\n"
"(kernel 4):"
"region 5: total terms 210\n"
"(kernel 6):"
"region 7: total terms 210\n"
"(kernel 3):"
"region 5: total terms 495\n"
"(kernel 5):"
"region 7: total terms 210\n"
"(kernel 6):"
"region 8: total terms 70\n"
"(kernel 5):"
"region 8: total terms 70\n"
"(kernel 4):"
"region 6: total terms 495\n"
"(kernel 6):"
"region 9: total terms 495\n"
"(kernel 5):"
"region 9: total terms 495\n"
"(kernel 1):"
"region 7: total terms 495\n"
"(kernel 2):"
"region 6: total terms 1729\n"
"(kernel 3):"
"region 6: total terms 935\n"
"(kernel 4):"
"region 7: total terms 210\n"
"(kernel 6):"
"region 10: total terms 935\n"
"(kernel 1):"
"region 8: total terms 210\n"
"(kernel 5):"
"region 10: total terms 935\n"
"(kernel 4):"
"region 8: total terms 70\n"
"(kernel 1):"
"region 9: total terms 210\n"
"(kernel 4):"
"region 9: total terms 495\n"
"(kernel 1):"
"region 10: total terms 495\n"
"(kernel 3):"
"region 7: total terms 495\n"
"(kernel 6):"
"region 11: total terms 1729\n"
"(kernel 5):"
"region 11: total terms 1729\n"
"(kernel 2):"
"region 7: total terms 935\n"
"(kernel 4):"
"region 10: total terms 935\n"
"(kernel 1):"
"region 11: total terms 935\n"
"(kernel 3):"
"region 8: total terms 210\n"
"(kernel 3):"
"region 9: total terms 210\n"
"(kernel 2):"
"region 8: total terms 495\n"
"(kernel 3):"
"region 10: total terms 495\n"
"(kernel 4):"
"region 11: total terms 1729\n"
"(kernel 1):"
"region 12: total terms 495\n"
"(kernel 6):"
"region 12: total terms 1001\n"
"(kernel 2):"
"region 9: total terms 70\n"
"(kernel 2):"
"region 10: total terms 210\n"
"(kernel 5):"
"region 12: total terms 1001\n"
"(kernel 2):"
"region 11: total terms 495\n"
"(kernel 3):"
"region 11: total terms 935\n"
"(kernel 1):"
"region 13: total terms 1001\n"
"(kernel 2):"
"region 12: total terms 210\n"
"(kernel 6):"
"region 13: total terms 1001\n"
"(kernel 2):"
"region 13: total terms 1001\n"
"(kernel 5):"
"region 13: total terms 1001\n"
"(kernel 1):"
"region 14: total terms 495\n"
"(kernel 3):"
"region 12: total terms 495\n"
"(kernel 4):"
"region 12: total terms 1001\n"
"(kernel 6):"
"region 14: total terms 495\n"
"(kernel 1):"
"region 15: total terms 935\n"
"(kernel 2):"
"region 14: total terms 495\n"
"(kernel 5):"
"region 14: total terms 495\n"
"(kernel 3):"
"region 13: total terms 1001\n"
"(kernel 6):"
"region 15: total terms 935\n"
"(kernel 2):"
"region 15: total terms 935\n"
"(kernel 1):"
"region 16: total terms 70\n"
"(kernel 5):"
"region 15: total terms 935\n"
"(kernel 4):"
"region 13: total terms 1001\n"
"(kernel 1):"
"Loops: {Subscript[x, 5], Subscript[x, 6], Subscript[x, 7], Subscript[x, 8]}. \
There are totally 16 regions.\n"
"(kernel 1):"
"classifying topologies: \n"
"(kernel 1):"
"region 1: total terms 210\n"
"(kernel 6):"
"region 16: total terms 70\n"
"(kernel 6):"
"Loops: {Subscript[x, 5], Subscript[x, 6], Subscript[x, 7], Subscript[x, 8]}. \
There are totally 16 regions.\n"
"(kernel 6):"
"classifying topologies: \n"
"(kernel 6):"
"region 1: total terms 70\n"
"(kernel 1):"
"region 2: total terms 935\n"
"(kernel 3):"
"region 14: total terms 495\n"
"(kernel 6):"
"region 2: total terms 935\n"
"(kernel 2):"
"region 16: total terms 70\n"
"(kernel 5):"
"region 16: total terms 70\n"
"(kernel 2):"
"Loops: {Subscript[x, 5], Subscript[x, 6], Subscript[x, 7], Subscript[x, 8]}. \
There are totally 16 regions.\n"
"(kernel 2):"
"classifying topologies: \n"
"(kernel 2):"
"region 1: total terms 210\n"
"(kernel 5):"
"Loops: {Subscript[x, 5], Subscript[x, 6], Subscript[x, 7], Subscript[x, 8]}. \
There are totally 16 regions.\n"
"(kernel 5):"
"classifying topologies: \n"
"(kernel 5):"
"region 1: total terms 70\n"
"(kernel 4):"
"region 14: total terms 495\n"
"(kernel 2):"
"region 2: total terms 935\n"
"(kernel 5):"
"region 2: total terms 1729\n"
"(kernel 1):"
"region 3: total terms 1001\n"
"(kernel 3):"
"region 15: total terms 935\n"
"(kernel 6):"
"region 3: total terms 495\n"
"(kernel 4):"
"region 15: total terms 935\n"
"(kernel 6):"
"region 4: total terms 1001\n"
"(kernel 2):"
"region 3: total terms 1001\n"
"(kernel 3):"
"region 16: total terms 70\n"
"(kernel 1):"
"region 4: total terms 1001\n"
"(kernel 3):"
"Loops: {Subscript[x, 5], Subscript[x, 6], Subscript[x, 7], Subscript[x, 8]}. \
There are totally 16 regions.\n"
"(kernel 3):"
"classifying topologies: \n"
"(kernel 3):"
"region 1: total terms 210\n"
"(kernel 5):"
"region 3: total terms 495\n"
"(kernel 3):"
"region 2: total terms 935\n"
"(kernel 6):"
"region 5: total terms 210\n"
"(kernel 4):"
"region 16: total terms 70\n"
"(kernel 4):"
"Loops: {Subscript[x, 5], Subscript[x, 6], Subscript[x, 7], Subscript[x, 8]}. \
There are totally 16 regions.\n"
"(kernel 4):"
"classifying topologies: \n"
"(kernel 4):"
"region 1: total terms 70\n"
"(kernel 6):"
"region 6: total terms 495\n"
"(kernel 4):"
"region 2: total terms 935\n"
"(kernel 5):"
"region 4: total terms 1729\n"
"(kernel 2):"
"region 4: total terms 1001\n"
"(kernel 1):"
"region 5: total terms 935\n"
"(kernel 6):"
"region 7: total terms 210\n"
"(kernel 3):"
"region 3: total terms 1001\n"
"(kernel 6):"
"region 8: total terms 70\n"
"(kernel 6):"
"region 9: total terms 495\n"
"(kernel 4):"
"region 3: total terms 495\n"
"(kernel 1):"
"region 6: total terms 935\n"
"(kernel 6):"
"region 10: total terms 935\n"
"(kernel 2):"
"region 5: total terms 1729\n"
"(kernel 4):"
"region 4: total terms 1001\n"
"(kernel 5):"
"region 5: total terms 210\n"
"(kernel 3):"
"region 4: total terms 1001\n"
"(kernel 1):"
"region 7: total terms 1001\n"
"(kernel 5):"
"region 6: total terms 1001\n"
"(kernel 6):"
"region 11: total terms 1729\n"
"(kernel 4):"
"region 5: total terms 210\n"
"(kernel 4):"
"region 6: total terms 495\n"
"(kernel 1):"
"region 8: total terms 210\n"
"(kernel 3):"
"region 5: total terms 935\n"
"(kernel 2):"
"region 6: total terms 1729\n"
"(kernel 5):"
"region 7: total terms 210\n"
"(kernel 1):"
"region 9: total terms 495\n"
"(kernel 4):"
"region 7: total terms 210\n"
"(kernel 5):"
"region 8: total terms 210\n"
"(kernel 4):"
"region 8: total terms 70\n"
"(kernel 4):"
"region 9: total terms 495\n"
"(kernel 3):"
"region 6: total terms 935\n"
"(kernel 5):"
"region 9: total terms 495\n"
"(kernel 1):"
"region 10: total terms 495\n"
"(kernel 6):"
"region 12: total terms 1001\n"
"(kernel 4):"
"region 10: total terms 935\n"
"(kernel 5):"
"region 10: total terms 1729\n"
"(kernel 1):"
"region 11: total terms 1729\n"
"(kernel 2):"
"region 7: total terms 1729\n"
"(kernel 3):"
"region 7: total terms 1001\n"
"(kernel 6):"
"region 13: total terms 1001\n"
"(kernel 4):"
"region 11: total terms 1729\n"
"(kernel 3):"
"region 8: total terms 210\n"
"(kernel 5):"
"region 11: total terms 1729\n"
"(kernel 6):"
"region 14: total terms 495\n"
"(kernel 3):"
"region 9: total terms 495\n"
"(kernel 1):"
"region 12: total terms 495\n"
"(kernel 2):"
"region 8: total terms 495\n"
"(kernel 3):"
"region 10: total terms 495\n"
"(kernel 1):"
"region 13: total terms 1729\n"
"(kernel 6):"
"region 15: total terms 935\n"
"(kernel 2):"
"region 9: total terms 210\n"
"(kernel 4):"
"region 12: total terms 1001\n"
"(kernel 2):"
"region 10: total terms 210\n"
"(kernel 3):"
"region 11: total terms 1729\n"
"(kernel 6):"
"region 16: total terms 70\n"
"(kernel 2):"
"region 11: total terms 1001\n"
"(kernel 5):"
"region 12: total terms 1729\n"
"(kernel 4):"
"region 13: total terms 1001\n"
"(kernel 1):"
"region 14: total terms 495\n"
"(kernel 2):"
"region 12: total terms 210\n"
"(kernel 2):"
"region 13: total terms 1729\n"
"(kernel 1):"
"region 15: total terms 1729\n"
"(kernel 4):"
"region 14: total terms 495\n"
"(kernel 3):"
"region 12: total terms 495\n"
"(kernel 5):"
"region 13: total terms 1001\n"
"(kernel 4):"
"region 15: total terms 935\n"
"(kernel 3):"
"region 13: total terms 1729\n"
"(kernel 2):"
"region 14: total terms 495\n"
"(kernel 5):"
"region 14: total terms 1001\n"
"(kernel 1):"
"region 16: total terms 70\n"
"(kernel 4):"
"region 16: total terms 70\n"
"(kernel 6):"
"projecting the tensor structure and performing the contraction...\n"
"(kernel 6):"
"total length: 1834 split into number of chunks: 2\n"
"(kernel 6):"
"--- ProjectTensor Chunk 1/2 (Terms 1-1000) Time: 400.003402 ---\n"
"(kernel 2):"
"region 15: total terms 1729\n"
"(kernel 3):"
"region 14: total terms 495\n"
"(kernel 5):"
"region 15: total terms 935\n"
"(kernel 3):"
"region 15: total terms 1729\n"
"(kernel 2):"
"region 16: total terms 70\n"
"(kernel 5):"
"region 16: total terms 210\n"
"(kernel 6):"
"    Working on Term 100/1834\n"
"(kernel 3):"
"region 16: total terms 70\n"
"(kernel 5):"
"projecting the tensor structure and performing the contraction...\n"
"(kernel 5):"
"total length: 1947 split into number of chunks: 2\n"
"(kernel 5):"
"--- ProjectTensor Chunk 1/2 (Terms 1-1000) Time: 402.997045 ---\n"
"(kernel 2):"
"projecting the tensor structure and performing the contraction...\n"
"(kernel 2):"
"total length: 2298 split into number of chunks: 3\n"
"(kernel 2):"
"--- ProjectTensor Chunk 1/3 (Terms 1-1000) Time: 403.316823 ---\n"
"(kernel 4):"
"projecting the tensor structure and performing the contraction...\n"
"(kernel 4):"
"total length: 3520 split into number of chunks: 4\n"
"(kernel 4):"
"--- ProjectTensor Chunk 1/4 (Terms 1-1000) Time: 403.585503 ---\n"
"(kernel 1):"
"projecting the tensor structure and performing the contraction...\n"
"(kernel 1):"
"total length: 4134 split into number of chunks: 5\n"
"(kernel 1):"
"--- ProjectTensor Chunk 1/5 (Terms 1-1000) Time: 404.179345 ---\n"
"(kernel 5):"
"    Working on Term 100/1947\n"
"(kernel 6):"
"    Working on Term 200/1834\n"
"(kernel 4):"
"    Working on Term 100/3520\n"
"(kernel 1):"
"    Working on Term 100/4134\n"
"(kernel 2):"
"    Working on Term 100/2298\n"
"(kernel 6):"
"    Working on Term 300/1834\n"
"(kernel 4):"
"    Working on Term 200/3520\n"
"(kernel 5):"
"    Working on Term 200/1947\n"
"(kernel 3):"
"projecting the tensor structure and performing the contraction...\n"
"(kernel 3):"
"total length: 6265 split into number of chunks: 7\n"
"(kernel 3):"
"--- ProjectTensor Chunk 1/7 (Terms 1-1000) Time: 407.969433 ---\n"
"(kernel 2):"
"    Working on Term 200/2298\n"
"(kernel 1):"
"    Working on Term 200/4134\n"
"(kernel 3):"
"    Working on Term 100/6265\n"
"(kernel 4):"
"    Working on Term 300/3520\n"
"(kernel 1):"
"    Working on Term 300/4134\n"
"(kernel 2):"
"    Working on Term 300/2298\n"
"(kernel 1):"
"    Working on Term 400/4134\n"
"(kernel 6):"
"    Working on Term 400/1834\n"
"(kernel 5):"
"    Working on Term 300/1947\n"
"(kernel 2):"
"    Working on Term 400/2298\n"
"(kernel 3):"
"    Working on Term 200/6265\n"
"(kernel 1):"
"    Working on Term 500/4134\n"
"(kernel 4):"
"    Working on Term 400/3520\n"
"(kernel 6):"
"    Working on Term 500/1834\n"
"(kernel 1):"
"    Working on Term 600/4134\n"
"(kernel 4):"
"    Working on Term 500/3520\n"
"(kernel 6):"
"    Working on Term 600/1834\n"
"(kernel 5):"
"    Working on Term 400/1947\n"
"(kernel 3):"
"    Working on Term 300/6265\n"
"(kernel 6):"
"    Working on Term 700/1834\n"
"(kernel 3):"
"    Working on Term 400/6265\n"
"(kernel 2):"
"    Working on Term 500/2298\n"
"(kernel 5):"
"    Working on Term 500/1947\n"
"(kernel 2):"
"    Working on Term 600/2298\n"
"(kernel 5):"
"    Working on Term 600/1947\n"
"(kernel 1):"
"    Working on Term 700/4134\n"
"(kernel 6):"
"    Working on Term 800/1834\n"
"(kernel 4):"
"    Working on Term 600/3520\n"
"(kernel 2):"
"    Working on Term 700/2298\n"
"(kernel 3):"
"    Working on Term 500/6265\n"
"(kernel 1):"
"    Working on Term 800/4134\n"
"(kernel 2):"
"    Working on Term 800/2298\n"
"(kernel 5):"
"    Working on Term 700/1947\n"
"(kernel 1):"
"    Working on Term 900/4134\n"
"(kernel 2):"
"    Working on Term 900/2298\n"
"(kernel 3):"
"    Working on Term 600/6265\n"
"(kernel 5):"
"    Working on Term 800/1947\n"
"(kernel 1):"
"    Working on Term 1000/4134\n"
"(kernel 3):"
"    Working on Term 700/6265\n"
"(kernel 4):"
"    Working on Term 700/3520\n"
"(kernel 2):"
"    Working on Term 1000/2298\n"
"(kernel 5):"
"    Working on Term 900/1947\n"
"(kernel 6):"
"    Working on Term 900/1834\n"
"(kernel 3):"
"    Working on Term 800/6265\n"
"(kernel 4):"
"    Working on Term 800/3520\n"
"(kernel 3):"
"    Working on Term 900/6265\n"
"(kernel 4):"
"    Working on Term 900/3520\n"
"(kernel 4):"
"    Working on Term 1000/3520\n"
"(kernel 5):"
"    Working on Term 1000/1947\n"
"(kernel 3):"
"    Working on Term 1000/6265\n"
"(kernel 6):"
"    Working on Term 1000/1834\n"
"(kernel 2):"
"--- ProjectTensor Chunk 2/3 (Terms 1001-2000) Time: 434.950221 ---\n"
"(kernel 1):"
"--- ProjectTensor Chunk 2/5 (Terms 1001-2000) Time: 436.996867 ---\n"
"(kernel 1):"
"    Working on Term 1100/4134\n"
"(kernel 2):"
"    Working on Term 1100/2298\n"
"(kernel 4):"
"--- ProjectTensor Chunk 2/4 (Terms 1001-2000) Time: 439.272046 ---\n"
"(kernel 1):"
"    Working on Term 1200/4134\n"
"(kernel 4):"
"    Working on Term 1100/3520\n"
"(kernel 1):"
"    Working on Term 1300/4134\n"
"(kernel 2):"
"    Working on Term 1200/2298\n"
"(kernel 4):"
"    Working on Term 1200/3520\n"
"(kernel 4):"
"    Working on Term 1300/3520\n"
"(kernel 1):"
"    Working on Term 1400/4134\n"
"(kernel 2):"
"    Working on Term 1300/2298\n"
"(kernel 5):"
"--- ProjectTensor Chunk 2/2 (Terms 1001-1947) Time: 442.848843 ---\n"
"(kernel 2):"
"    Working on Term 1400/2298\n"
"(kernel 2):"
"    Working on Term 1500/2298\n"
"(kernel 4):"
"    Working on Term 1400/3520\n"
"(kernel 2):"
"    Working on Term 1600/2298\n"
"(kernel 1):"
"    Working on Term 1500/4134\n"
"(kernel 5):"
"    Working on Term 1100/1947\n"
"(kernel 2):"
"    Working on Term 1700/2298\n"
"(kernel 4):"
"    Working on Term 1500/3520\n"
"(kernel 3):"
"--- ProjectTensor Chunk 2/7 (Terms 1001-2000) Time: 447.826215 ---\n"
"(kernel 1):"
"    Working on Term 1600/4134\n"
"(kernel 2):"
"    Working on Term 1800/2298\n"
"(kernel 3):"
"    Working on Term 1100/6265\n"
"(kernel 2):"
"    Working on Term 1900/2298\n"
"(kernel 5):"
"    Working on Term 1200/1947\n"
"(kernel 4):"
"    Working on Term 1600/3520\n"
"(kernel 1):"
"    Working on Term 1700/4134\n"
"(kernel 3):"
"    Working on Term 1200/6265\n"
"(kernel 5):"
"    Working on Term 1300/1947\n"
"(kernel 1):"
"    Working on Term 1800/4134\n"
"(kernel 1):"
"    Working on Term 1900/4134\n"
"(kernel 5):"
"    Working on Term 1400/1947\n"
"(kernel 1):"
"    Working on Term 2000/4134\n"
"(kernel 4):"
"    Working on Term 1700/3520\n"
"(kernel 3):"
"    Working on Term 1300/6265\n"
"(kernel 6):"
"--- ProjectTensor Chunk 2/2 (Terms 1001-1834) Time: 453.267104 ---\n"
"(kernel 2):"
"    Working on Term 2000/2298\n"
"(kernel 5):"
"    Working on Term 1500/1947\n"
"(kernel 4):"
"    Working on Term 1800/3520\n"
"(kernel 6):"
"    Working on Term 1100/1834\n"
"(kernel 1):"
"--- ProjectTensor Chunk 3/5 (Terms 2001-3000) Time: 456.519393 ---\n"
"(kernel 5):"
"    Working on Term 1600/1947\n"
"(kernel 1):"
"    Working on Term 2100/4134\n"
"(kernel 5):"
"    Working on Term 1700/1947\n"
"(kernel 2):"
"--- ProjectTensor Chunk 3/3 (Terms 2001-2298) Time: 458.377787 ---\n"
"(kernel 5):"
"    Working on Term 1800/1947\n"
"(kernel 1):"
"    Working on Term 2200/4134\n"
"(kernel 2):"
"    Working on Term 2100/2298\n"
"(kernel 3):"
"    Working on Term 1400/6265\n"
"(kernel 5):"
"    Working on Term 1900/1947\n"
"(kernel 1):"
"    Working on Term 2300/4134\n"
"(kernel 1):"
"    Working on Term 2400/4134\n"
"(kernel 6):"
"    Working on Term 1200/1834\n"
"(kernel 2):"
"    Working on Term 2200/2298\n"
"(kernel 1):"
"    Working on Term 2500/4134\n"
"(kernel 3):"
"    Working on Term 1500/6265\n"
"(kernel 3):"
"    Working on Term 1600/6265\n"
"(kernel 2):"
"fourloopI6t2134: tensor reduction finished!\n"
"(kernel 3):"
"    Working on Term 1700/6265\n"
"(kernel 6):"
"    Working on Term 1300/1834\n"
"(kernel 3):"
"    Working on Term 1800/6265\n"
"(kernel 4):"
"    Working on Term 1900/3520\n"
"(kernel 1):"
"    Working on Term 2600/4134\n"
"(kernel 6):"
"    Working on Term 1400/1834\n"
"(kernel 5):"
"fourloopI6t3124: tensor reduction finished!\n"
"(kernel 4):"
"    Working on Term 2000/3520\n"
"(kernel 6):"
"    Working on Term 1500/1834\n"
"(kernel 6):"
"    Working on Term 1600/1834\n"
"(kernel 3):"
"    Working on Term 1900/6265\n"
"(kernel 6):"
"    Working on Term 1700/1834\n"
"(kernel 1):"
"    Working on Term 2700/4134\n"
"(kernel 1):"
"    Working on Term 2800/4134\n"
"(kernel 6):"
"    Working on Term 1800/1834\n"
"(kernel 3):"
"    Working on Term 2000/6265\n"
"(kernel 1):"
"    Working on Term 2900/4134\n"
"(kernel 1):"
"    Working on Term 3000/4134\n"
"(kernel 3):"
"--- ProjectTensor Chunk 3/7 (Terms 2001-3000) Time: 490.966402 ---\n"
"(kernel 4):"
"--- ProjectTensor Chunk 3/4 (Terms 2001-3000) Time: 493.790137 ---\n"
"(kernel 3):"
"    Working on Term 2100/6265\n"
"(kernel 3):"
"    Working on Term 2200/6265\n"
"(kernel 4):"
"    Working on Term 2100/3520\n"
"(kernel 1):"
"--- ProjectTensor Chunk 4/5 (Terms 3001-4000) Time: 500.367698 ---\n"
"(kernel 1):"
"    Working on Term 3100/4134\n"
"(kernel 3):"
"    Working on Term 2300/6265\n"
"(kernel 3):"
"    Working on Term 2400/6265\n"
"(kernel 4):"
"    Working on Term 2200/3520\n"
"(kernel 1):"
"    Working on Term 3200/4134\n"
"(kernel 3):"
"    Working on Term 2500/6265\n"
"(kernel 4):"
"    Working on Term 2300/3520\n"
"(kernel 1):"
"    Working on Term 3300/4134\n"
"(kernel 4):"
"    Working on Term 2400/3520\n"
"(kernel 3):"
"    Working on Term 2600/6265\n"
"(kernel 1):"
"    Working on Term 3400/4134\n"
"(kernel 3):"
"    Working on Term 2700/6265\n"
"(kernel 1):"
"    Working on Term 3500/4134\n"
"(kernel 6):"
"fourloopI6t3214: tensor reduction finished!\n"
"(kernel 3):"
"    Working on Term 2800/6265\n"
"(kernel 4):"
"    Working on Term 2500/3520\n"
"(kernel 3):"
"    Working on Term 2900/6265\n"
"(kernel 3):"
"    Working on Term 3000/6265\n"
"(kernel 1):"
"    Working on Term 3600/4134\n"
"(kernel 4):"
"    Working on Term 2600/3520\n"
"(kernel 3):"
"--- ProjectTensor Chunk 4/7 (Terms 3001-4000) Time: 510.649454 ---\n"
"(kernel 4):"
"    Working on Term 2700/3520\n"
"(kernel 3):"
"    Working on Term 3100/6265\n"
"(kernel 4):"
"    Working on Term 2800/3520\n"
"(kernel 4):"
"    Working on Term 2900/3520\n"
"(kernel 4):"
"    Working on Term 3000/3520\n"
"(kernel 1):"
"    Working on Term 3700/4134\n"
"(kernel 3):"
"    Working on Term 3200/6265\n"
"(kernel 3):"
"    Working on Term 3300/6265\n"
"(kernel 3):"
"    Working on Term 3400/6265\n"
"(kernel 1):"
"    Working on Term 3800/4134\n"
"(kernel 3):"
"    Working on Term 3500/6265\n"
"(kernel 4):"
"--- ProjectTensor Chunk 4/4 (Terms 3001-3520) Time: 518.751418 ---\n"
"(kernel 1):"
"    Working on Term 3900/4134\n"
"(kernel 4):"
"    Working on Term 3100/3520\n"
"(kernel 3):"
"    Working on Term 3600/6265\n"
"(kernel 1):"
"    Working on Term 4000/4134\n"
"(kernel 4):"
"    Working on Term 3200/3520\n"
"(kernel 4):"
"    Working on Term 3300/3520\n"
"(kernel 4):"
"    Working on Term 3400/3520\n"
"(kernel 3):"
"    Working on Term 3700/6265\n"
"(kernel 4):"
"    Working on Term 3500/3520\n"
"(kernel 3):"
"    Working on Term 3800/6265\n"
"(kernel 4):"
"fourloopI6t2314: tensor reduction finished!\n"
"(kernel 3):"
"    Working on Term 3900/6265\n"
"(kernel 3):"
"    Working on Term 4000/6265\n"
"(kernel 3):"
"--- ProjectTensor Chunk 5/7 (Terms 4001-5000) Time: 538.279256 ---\n"
"(kernel 3):"
"    Working on Term 4100/6265\n"
"(kernel 3):"
"    Working on Term 4200/6265\n"
"(kernel 1):"
"--- ProjectTensor Chunk 5/5 (Terms 4001-4134) Time: 540.170224 ---\n"
"(kernel 3):"
"    Working on Term 4300/6265\n"
"(kernel 1):"
"    Working on Term 4100/4134\n"
"(kernel 3):"
"    Working on Term 4400/6265\n"
"(kernel 3):"
"    Working on Term 4500/6265\n"
"(kernel 1):"
"fourloopI6t1234: tensor reduction finished!\n"
"(kernel 3):"
"    Working on Term 4600/6265\n"
"(kernel 3):"
"    Working on Term 4700/6265\n"
"(kernel 3):"
"    Working on Term 4800/6265\n"
"(kernel 3):"
"    Working on Term 4900/6265\n"
"(kernel 3):"
"    Working on Term 5000/6265\n"
"(kernel 3):"
"--- ProjectTensor Chunk 6/7 (Terms 5001-6000) Time: 566.633172 ---\n"
"(kernel 3):"
"    Working on Term 5100/6265\n"
"(kernel 3):"
"    Working on Term 5200/6265\n"
"(kernel 3):"
"    Working on Term 5300/6265\n"
"(kernel 3):"
"    Working on Term 5400/6265\n"
"(kernel 3):"
"    Working on Term 5500/6265\n"
"(kernel 3):"
"    Working on Term 5600/6265\n"
"(kernel 3):"
"    Working on Term 5700/6265\n"
"(kernel 3):"
"    Working on Term 5800/6265\n"
"(kernel 3):"
"    Working on Term 5900/6265\n"
"(kernel 3):"
"    Working on Term 6000/6265\n"
"(kernel 3):"
"--- ProjectTensor Chunk 7/7 (Terms 6001-6265) Time: 586.133128 ---\n"
"(kernel 3):"
"    Working on Term 6100/6265\n"
"(kernel 3):"
"    Working on Term 6200/6265\n"
"(kernel 3):"
"fourloopI6t1324: tensor reduction finished!\n"
"basischange loaded!"
"reduced results loaded!"

FrontEndObject::notavail: 
   A front end is not available; certain operations require a front end.
"MIs: "{j[asym, 0, 1, 1, 0, 1, 1, 1, 1, 1, 0, 1, 1, 0, 0], 
   j[asym, 0, 0, 1, 1, 1, 1, 1, 1, 0, 1, 1, 0, 0, 0], 
   j[asym, 0, 0, 0, 1, 1, 1, 1, 1, 1, 1, 1, 0, 0, 0], 
   j[asym, 0, 0, 0, 1, 1, 0, 1, 1, 1, 1, 1, 1, 0, 0], 
   j[asym, 0, 1, 1, 0, 1, 1, 1, 1, 1, 0, 0, 0, 0, 0], 
   j[asym, 0, 1, 0, 1, 1, 0, 1, 1, 0, 1, 0, 1, 0, 0], 
   j[asym, 0, 1, 0, 1, 1, 0, 1, 0, 0, 0, 1, 1, 1, 0], 
   j[asym, 0, 1, 0, 1, 0, 1, 1, 0, 0, 0, 1, 0, 1, 1], 
   j[asym, 0, 0, 0, 1, 1, 0, 1, 1, 0, 1, 1, 1, 0, 0], 
   j[asym, 0, 0, 0, 0, 1, 1, 1, 1, 1, 0, 1, 1, 0, 0], 
   j[asym, 0, 1, 0, 1, 1, 0, 1, 0, 0, 0, 1, 1, 0, 0], 
   j[asym, 0, 0, 0, 1, 1, 0, 1, 1, 1, 1, 0, 0, 0, 0], 
   j[asym, 0, 0, 0, 1, 0, 1, 1, 0, 0, 1, 1, 0, 1, 0], 
   j[asym, 0, 0, 0, 0, 0, 1, 1, 0, 0, 1, 1, 1, 1, 0], 
   j[asym, 0, 0, 0, 0, 0, 1, 1, 0, 1, 0, 1, 1, 0, 0]}

FrontEndObject::notavail: 
   A front end is not available; certain operations require a front end.

General::stop: Further output of FrontEndObject::notavail
     will be suppressed during this calculation.
"MIs: "{j[asym3L, 0, 0, 1, 1, 1, 1, 1, 1, 0], 
   j[asym3L, 0, 1, 1, 0, 1, 1, 1, 0, 0], 
   j[asym3L, 0, 1, 0, 1, 1, 0, 0, 1, 1], j[asym3L, 0, 0, 0, 1, 1, 0, 1, 1, 0]}
"MIs: "{}
"MIs: "{}
"target integrals reduced! time: "4105.786905`9.763911403074992
"(kernel 1):"
"fourloopI6t1234: [Step 4] Starting series expansion...\n"
"(kernel 2):"
"fourloopI6t2134: [Step 4] Starting series expansion...\n"
"(kernel 3):"
"fourloopI6t1324: [Step 4] Starting series expansion...\n"
"(kernel 4):"
"fourloopI6t2314: [Step 4] Starting series expansion...\n"
"(kernel 5):"
"fourloopI6t3124: [Step 4] Starting series expansion...\n"
"(kernel 6):"
"fourloopI6t3214: [Step 4] Starting series expansion...\n"
"(kernel 5):"
"fourloopI6t3124:   [1/7] Loaded tensor results in 0.2s\n"
"(kernel 2):"
"fourloopI6t2134:   [1/7] Loaded tensor results in 0.25s\n"
"(kernel 6):"
"fourloopI6t3214:   [1/7] Loaded tensor results in 0.27s\n"
"(kernel 4):"
"fourloopI6t2314:   [1/7] Loaded tensor results in 0.42s\n"
"(kernel 1):"
"fourloopI6t1234:   [1/7] Loaded tensor results in 0.54s\n"
"(kernel 3):"
"fourloopI6t1324:   [1/7] Loaded tensor results in 0.68s\n"
"(kernel 5):"
"fourloopI6t3124:   [2/7] Applied initial transformations in 3.5s\n"
"(kernel 5):"
"fourloopI6t3124:   [3/7] Collected expression by _G in 0.19s\n"
"(kernel 5):"
"fourloopI6t3124:   [4/7] Distributed over Plus (14 terms) in 0.s\n"
"(kernel 2):"
"fourloopI6t2134:   [2/7] Applied initial transformations in 3.74s\n"
"(kernel 6):"
"fourloopI6t3214:   [2/7] Applied initial transformations in 3.79s\n"
"(kernel 2):"
"fourloopI6t2134:   [3/7] Collected expression by _G in 0.26s\n"
"(kernel 2):"
"fourloopI6t2134:   [4/7] Distributed over Plus (21 terms) in 0.s\n"
"(kernel 6):"
"fourloopI6t3214:   [3/7] Collected expression by _G in 0.26s\n"
"(kernel 6):"
"fourloopI6t3214:   [4/7] Distributed over Plus (14 terms) in 0.s\n"
"(kernel 4):"
"fourloopI6t2314:   [2/7] Applied initial transformations in 4.33s\n"
"(kernel 4):"
"fourloopI6t2314:   [3/7] Collected expression by _G in \
0.35000000000000003s\n"
"(kernel 4):"
"fourloopI6t2314:   [4/7] Distributed over Plus (18 terms) in 0.s\n"
"(kernel 1):"
"fourloopI6t1234:   [2/7] Applied initial transformations in \
4.8500000000000005s\n"
"(kernel 3):"
"fourloopI6t1324:   [2/7] Applied initial transformations in 5.19s\n"
"(kernel 1):"
"fourloopI6t1234:   [3/7] Collected expression by _G in 0.54s\n"
"(kernel 1):"
"fourloopI6t1234:   [4/7] Distributed over Plus (21 terms) in 0.s\n"
"(kernel 3):"
"fourloopI6t1324:   [3/7] Collected expression by _G in 0.61s\n"
"(kernel 3):"
"fourloopI6t1324:   [4/7] Distributed over Plus (28 terms) in 0.s\n"
"(kernel 2):"
"fourloopI6t2134:   [5/7] Expanded all terms in 40.37s\n"
"(kernel 2):"
"fourloopI6t2134:   [6/7] Summed and computed ep/Y expansion in \
1.1300000000000001s\n"
"(kernel 2):"
"fourloopI6t2134:   [7/7] Exported check file in 0.01s\n"
"(kernel 2):"
"fourloopI6t2134: [Step 4] Series expansion finished! Total time: 45.76s\n"
"(kernel 5):"
"fourloopI6t3124:   [5/7] Expanded all terms in 42.300000000000004s\n"
"(kernel 5):"
"fourloopI6t3124:   [6/7] Summed and computed ep/Y expansion in 0.79s\n"
"(kernel 5):"
"fourloopI6t3124:   [7/7] Exported check file in 0.s\n"
"(kernel 5):"
"fourloopI6t3124: [Step 4] Series expansion finished! Total time: 46.99s\n"
"(kernel 4):"
"fourloopI6t2314:   [5/7] Expanded all terms in 49.15s\n"
"(kernel 4):"
"fourloopI6t2314:   [6/7] Summed and computed ep/Y expansion in 0.19s\n"
"(kernel 4):"
"fourloopI6t2314:   [7/7] Exported check file in 0.s\n"
"(kernel 4):"
"fourloopI6t2314: [Step 4] Series expansion finished! Total time: 54.43s\n"
"(kernel 6):"
"fourloopI6t3214:   [5/7] Expanded all terms in 51.26s\n"
"(kernel 6):"
"fourloopI6t3214:   [6/7] Summed and computed ep/Y expansion in \
0.47000000000000003s\n"
"(kernel 6):"
"fourloopI6t3214:   [7/7] Exported check file in 0.s\n"
"(kernel 6):"
"fourloopI6t3214: [Step 4] Series expansion finished! Total time: 56.04s\n"
"(kernel 1):"
"fourloopI6t1234:   [5/7] Expanded all terms in 76.09s\n"
"(kernel 1):"
"fourloopI6t1234:   [6/7] Summed and computed ep/Y expansion in 0.62s\n"
"(kernel 1):"
"fourloopI6t1234:   [7/7] Exported check file in 0.s\n"
"(kernel 1):"
"fourloopI6t1234: [Step 4] Series expansion finished! Total time: 82.64s\n"
"(kernel 3):"
"fourloopI6t1324:   [5/7] Expanded all terms in 101.97s\n"
"(kernel 3):"
"fourloopI6t1324:   [6/7] Summed and computed ep/Y expansion in 0.24s\n"
"(kernel 3):"
"fourloopI6t1324:   [7/7] Exported check file in 0.s\n"
"(kernel 3):"
"fourloopI6t1324: [Step 4] Series expansion finished! Total time: 108.69s\n"
"[Global Cache] Merged and updated cache with "21" records."
"=== Done Parallel Expansion! time: "4240.586533`9.777940927638946" ==="
"  Moved boundary output: ""fourloopI6t""1234"
"  Moved boundary output: ""fourloopI6t""2134"
"  Moved boundary output: ""fourloopI6t""1324"
"  Moved boundary output: ""fourloopI6t""2314"
"  Moved boundary output: ""fourloopI6t""3124"
"  Moved boundary output: ""fourloopI6t""3214"
"[Boundary Agent] Added new computed integrand to association: '""fourloopI6t"
  "'"
"Boundary condition files saved."
"Cached temporary results in ""/Users/windfolgen/Documents/AntiGravity/svbwal\
kthrough/asym/tmp"" can be reused for subsequent bootstrap problems."
"[ReviewGate] ""boundary"" stage: ""PASS"" (PASS:"6" WARN:"0" FAIL:"0")"
"[Time Record] Stage 1 (Boundary Conditions) took: "
  4245.060405`9.778398872240356" seconds."
"  Loading full SV basis..."
"  [Leading Singularity "1"/"1" (""simple"")]"
"  [MPL auto-detect] Found "279" MPL elements in basis: "
  "allsvlistmpl_fourloop_invzz"
"  Executing RunSeriesExpansion for ""fourloopI6t""..."
"[ReviewGate] ""preseries"" stage: ""PASS"" (PASS:"16" WARN:"0" FAIL:"0")"
"[Skill 1] Starting 6 expansions, poleType=""simple"", n="1", k="1", SVHPL \
indices="289", MPL indices="279
"[Skill 1] Limit "1"/6: additional = "InputForm[1]
"[Skill 1] Limit "1"/6 (""e0uv""): done."
"[Skill 1] Limit "2"/6: additional = "InputForm[1]
"[Skill 1] Limit "2"/6 (""e0uvp""): done."
"[Skill 1] Limit "3"/6: additional = "InputForm[1]
"[Skill 1] Limit "3"/6 (""einfuv""): done."
"[Skill 1] Limit "4"/6: additional = "InputForm[1]
"[Skill 1] Limit "4"/6 (""einfuvp""): done."
"[Skill 1] Limit "5"/6: additional = "InputForm[1]
"[Skill 1] Limit "5"/6 (""e1uv""): done."
"[Skill 1] Limit "6"/6: additional = "InputForm[1]
"[Skill 1] Limit "6"/6 (""e1uvp""): done."
"Series expansion files written to "
  "/Users/windfolgen/Documents/AntiGravity/svbwalkthrough/series_agent"
"[ReviewGate] ""series"" stage: ""PASS"" (PASS:"12" WARN:"0" FAIL:"0")"
"[Time Record] Stage 2 (Series Expansion) took: "691.412267`8.689222082672563
  " seconds."
"[ReviewGate] ""presolve"" stage: ""PASS"" (PASS:"12" WARN:"0" FAIL:"0")"
"  Executing RunCoefficientSolving..."
"[Skill 3] Total Ansatz Elements=$LEN="146" $Order="4
"  system size after limit "1": "95" vars: "146
"Limit "2" (""e0uvp""): temp is empty. Verified that no new conditions are \
given under the current solution."
"  system size after limit "3": "190" vars: "146
"Limit "4" (""einfuvp""): temp is empty. Verified that no new conditions are \
given under the current solution."
"  system size after limit "5": "293" vars: "146
"Limit "6" (""e1uvp""): temp is empty. Verified that no new conditions are \
given under the current solution."
"Solution written to ""/Users/windfolgen/Documents/AntiGravity/svbwalkthrough\
/solve_agent/fourloopI6t_sol.m"
"Final result.m and coeff_sol.m saved to runs/""fourloopI6t""/"
"[ReviewGate] ""solve"" stage: ""PASS"" (PASS:"2" WARN:"0" FAIL:"0")"
"[Time Record] Stage 3 (Solving System) took: "10.032272`6.549854304960537
  " seconds."
"[Time Record] Total workflow execution time: "4946.504998`9.844813450061295
  " seconds."
"End Date and Time: ""Tue 16 Jun 2026 22:57:08"
"=== Workflow Engine Complete for: ""fourloopI6t"" ==="
