"=== Running Workflow Engine Audits ==="
"  Mathematica version: ""14.0.0 for Mac OS X ARM (64-bit) (December 13, \
2023)"
"**************** "Style["LiteRed v2.025\[Beta]", 
   {Bold, RGBColor[1, 1/3, 1/3]}]" ********************\nAuthor: Roman N. \
Lee, B**************** LiteRed v2.025β ********************
Author: Roman N. Lee, Budker Institute of Nuclear Physics, Novosibirsk.
Release Date: ????-??-??
Timestamp: Tue 25 Feb 2025 15:30:30
Read from:/Users/windfolgen/GitRepos/LiteRed2/Source/LiteRed2025.m (CRC32:2205507540,{2340977437, 3317197336, 1063727846})

LiteRed stands for Loop integrals Reduction.
The package is designed for the search and application of the Integration-By-Part reduction rules. It also contains some other useful tools.

See ?LiteRed`* for a list of functions. 
  LiteRed2 package loaded successfully.
  FiniteFlow package loaded successfully.
=== Starting Unified Workflow Engine for: fourloopI120 ===
Start Date and Time: Sun 28 Jun 2026 21:47:06
Review agent loaded from /Users/windfolgen/Documents/AntiGravity/svbwalkthrough/audit_agent/audit_agent.wl
[ReviewGate] preflight stage: PASS (PASS:2 WARN:0 FAIL:0)
  Conformal weight n = 1
  Checking for boundary target data...
[ReviewGate] preboundary stage: PASS (PASS:10 WARN:0 FAIL:0)
[Boundary Agent] Association file missing or invalid. Constructing from runs directory...
[Boundary Agent] Construction complete. Saved association list of length 9 to /Users/windfolgen/Documents/AntiGravity/svbwalkthrough/asym/boundary_agent/calculated_integrands.m
Executing
HoldForm[sp[p, p] = u; ]
IBP output redirected to: /Users/windfolgen/Documents/aether/svbwalkthrough_ibp
=== Running Parallel Expansion for fourloopI120 with 6 permutations ===
Permutation {1, 2, 3, 4} -> chosen equivalent permutation {2, 1, 4, 3} (1930 terms)
Permutation {2, 1, 3, 4} -> chosen equivalent permutation {4, 3, 1, 2} (1457 terms)
Permutation {1, 3, 2, 4} -> chosen equivalent permutation {2, 4, 1, 3} (1720 terms)
Permutation {2, 3, 1, 4} -> chosen equivalent permutation {1, 4, 2, 3} (1090 terms)
Permutation {3, 1, 2, 4} -> chosen equivalent permutation {4, 2, 1, 3} (1366 terms)
Permutation {3, 2, 1, 4} -> chosen equivalent permutation {4, 1, 2, 3} (651 terms)
(kernel 1):
fourloopI1201234: no tensor reduced results found. Starting reduction...

(kernel 2):
fourloopI1202134: no tensor reduced results found. Starting reduction...

(kernel 3):
fourloopI1201324: no tensor reduced results found. Starting reduction...

(kernel 4):
fourloopI1202314: no tensor reduced results found. Starting reduction...

(kernel 5):
fourloopI1203124: no tensor reduced results found. Starting reduction...

(kernel 6):
fourloopI1203214: no tensor reduced results found. Starting reduction...

(kernel 1):
set 1 to 0, 4 to infinity.

(kernel 2):
set 1 to 0, 4 to infinity.

(kernel 3):
set 1 to 0, 4 to infinity.

(kernel 4):
set 1 to 0, 4 to infinity.

(kernel 5):
set 1 to 0, 4 to infinity.

(kernel 6):
set 1 to 0, 4 to infinity.

(kernel 1):
performing region expansion...

(kernel 2):
performing region expansion...

(kernel 3):
performing region expansion...

(kernel 4):
performing region expansion...

(kernel 5):
performing region expansion...

(kernel 6):
performing region expansion...

(kernel 1):
topology: {d2[1, 5], d2[2, 5], d2[3, 5], d2[1, 6], d2[2, 6], d2[3, 6], d2[1, 7], d2[2, 7], d2[3, 7], d2[1, 8], d2[2, 8], d2[3, 8], d2[5, 6], d2[5, 7], d2[5, 8], d2[6, 7], d2[6, 8], d2[7, 8]} can be split into

(kernel 2):
topology: {d2[1, 5], d2[2, 5], d2[3, 5], d2[1, 6], d2[2, 6], d2[3, 6], d2[1, 7], d2[2, 7], d2[3, 7], d2[1, 8], d2[2, 8], d2[3, 8], d2[5, 6], d2[5, 7], d2[5, 8], d2[6, 7], d2[6, 8], d2[7, 8]} can be split into

(kernel 3):
topology: {d2[1, 5], d2[2, 5], d2[3, 5], d2[1, 6], d2[2, 6], d2[3, 6], d2[1, 7], d2[2, 7], d2[3, 7], d2[1, 8], d2[2, 8], d2[3, 8], d2[5, 6], d2[5, 7], d2[5, 8], d2[6, 7], d2[6, 8], d2[7, 8]} can be split into

(kernel 4):
topology: {d2[1, 5], d2[2, 5], d2[3, 5], d2[1, 6], d2[2, 6], d2[3, 6], d2[1, 7], d2[2, 7], d2[3, 7], d2[1, 8], d2[2, 8], d2[3, 8], d2[5, 6], d2[5, 7], d2[5, 8], d2[6, 7], d2[6, 8], d2[7, 8]} can be split into

(kernel 5):
topology: {d2[1, 5], d2[2, 5], d2[3, 5], d2[1, 6], d2[2, 6], d2[3, 6], d2[1, 7], d2[2, 7], d2[3, 7], d2[1, 8], d2[2, 8], d2[3, 8], d2[5, 6], d2[5, 7], d2[5, 8], d2[6, 7], d2[6, 8], d2[7, 8]} can be split into

(kernel 6):
topology: {d2[1, 5], d2[2, 5], d2[3, 5], d2[1, 6], d2[2, 6], d2[3, 6], d2[1, 7], d2[2, 7], d2[3, 7], d2[1, 8], d2[2, 8], d2[3, 8], d2[5, 6], d2[5, 7], d2[5, 8], d2[6, 7], d2[6, 8], d2[7, 8]} can be split into

(kernel 1):
topo1: {d2[1, 5], d2[2, 5], d2[1, 6], d2[2, 6], d2[1, 7], d2[2, 7], d2[1, 8], d2[2, 8], d2[5, 6], d2[5, 7], d2[5, 8], d2[6, 7], d2[6, 8], d2[7, 8]}

(kernel 2):
topo1: {d2[1, 5], d2[2, 5], d2[1, 6], d2[2, 6], d2[1, 7], d2[2, 7], d2[1, 8], d2[2, 8], d2[5, 6], d2[5, 7], d2[5, 8], d2[6, 7], d2[6, 8], d2[7, 8]}

(kernel 3):
topo1: {d2[1, 5], d2[2, 5], d2[1, 6], d2[2, 6], d2[1, 7], d2[2, 7], d2[1, 8], d2[2, 8], d2[5, 6], d2[5, 7], d2[5, 8], d2[6, 7], d2[6, 8], d2[7, 8]}

(kernel 4):
topo1: {d2[1, 5], d2[2, 5], d2[1, 6], d2[2, 6], d2[1, 7], d2[2, 7], d2[1, 8], d2[2, 8], d2[5, 6], d2[5, 7], d2[5, 8], d2[6, 7], d2[6, 8], d2[7, 8]}

(kernel 5):
topo1: {d2[1, 5], d2[2, 5], d2[1, 6], d2[2, 6], d2[1, 7], d2[2, 7], d2[1, 8], d2[2, 8], d2[5, 6], d2[5, 7], d2[5, 8], d2[6, 7], d2[6, 8], d2[7, 8]}

(kernel 6):
topo1: {d2[1, 5], d2[2, 5], d2[1, 6], d2[2, 6], d2[1, 7], d2[2, 7], d2[1, 8], d2[2, 8], d2[5, 6], d2[5, 7], d2[5, 8], d2[6, 7], d2[6, 8], d2[7, 8]}

(kernel 1):
topo2: {d2[1, 5], d2[3, 5], d2[1, 6], d2[3, 6], d2[1, 7], d2[3, 7], d2[1, 8], d2[3, 8], d2[5, 6], d2[5, 7], d2[5, 8], d2[6, 7], d2[6, 8], d2[7, 8]}

(kernel 2):
topo2: {d2[1, 5], d2[3, 5], d2[1, 6], d2[3, 6], d2[1, 7], d2[3, 7], d2[1, 8], d2[3, 8], d2[5, 6], d2[5, 7], d2[5, 8], d2[6, 7], d2[6, 8], d2[7, 8]}

(kernel 3):
topo2: {d2[1, 5], d2[3, 5], d2[1, 6], d2[3, 6], d2[1, 7], d2[3, 7], d2[1, 8], d2[3, 8], d2[5, 6], d2[5, 7], d2[5, 8], d2[6, 7], d2[6, 8], d2[7, 8]}

(kernel 4):
topo2: {d2[1, 5], d2[3, 5], d2[1, 6], d2[3, 6], d2[1, 7], d2[3, 7], d2[1, 8], d2[3, 8], d2[5, 6], d2[5, 7], d2[5, 8], d2[6, 7], d2[6, 8], d2[7, 8]}

(kernel 5):
topo2: {d2[1, 5], d2[3, 5], d2[1, 6], d2[3, 6], d2[1, 7], d2[3, 7], d2[1, 8], d2[3, 8], d2[5, 6], d2[5, 7], d2[5, 8], d2[6, 7], d2[6, 8], d2[7, 8]}

(kernel 6):
topo2: {d2[1, 5], d2[3, 5], d2[1, 6], d2[3, 6], d2[1, 7], d2[3, 7], d2[1, 8], d2[3, 8], d2[5, 6], d2[5, 7], d2[5, 8], d2[6, 7], d2[6, 8], d2[7, 8]}

(kernel 1):
Loops: {Subscript[x, 5], Subscript[x, 6], Subscript[x, 7], Subscript[x, 8]}. There are totally 16 regions.

(kernel 2):
Loops: {Subscript[x, 5], Subscript[x, 6], Subscript[x, 7], Subscript[x, 8]}. There are totally 16 regions.

(kernel 3):
Loops: {Subscript[x, 5], Subscript[x, 6], Subscript[x, 7], Subscript[x, 8]}. There are totally 16 regions.

(kernel 4):
Loops: {Subscript[x, 5], Subscript[x, 6], Subscript[x, 7], Subscript[x, 8]}. There are totally 16 regions.

(kernel 5):
Loops: {Subscript[x, 5], Subscript[x, 6], Subscript[x, 7], Subscript[x, 8]}. There are totally 16 regions.

(kernel 6):
Loops: {Subscript[x, 5], Subscript[x, 6], Subscript[x, 7], Subscript[x, 8]}. There are totally 16 regions.

(kernel 1):
classifying topologies: 

(kernel 2):
classifying topologies: 

(kernel 3):
classifying topologies: 

(kernel 4):
classifying topologies: 

(kernel 5):
classifying topologies: 

(kernel 6):
classifying topologies: 

(kernel 1):
region 1: total terms 70

(kernel 2):
region 1: total terms 210

(kernel 3):
region 1: total terms 70

(kernel 4):
region 1: total terms 70

(kernel 5):
region 1: total terms 70

(kernel 6):
region 1: total terms 70

(kernel 1):
region 2: total terms 495

(kernel 3):
region 2: total terms 495

(kernel 4):
region 2: total terms 495

(kernel 5):
region 2: total terms 495

(kernel 6):
region 2: total terms 495

(kernel 2):
region 2: total terms 210

(kernel 4):
region 3: total terms 210

(kernel 3):
region 3: total terms 495

(kernel 1):
region 3: total terms 495

(kernel 2):
region 3: total terms 1729

(kernel 5):
region 3: total terms 210

(kernel 6):
region 3: total terms 210

(kernel 4):
region 4: total terms 1001

(kernel 3):
region 4: total terms 1729

(kernel 6):
region 4: total terms 1001

(kernel 5):
region 4: total terms 1001

(kernel 1):
region 4: total terms 1729

(kernel 4):
region 5: total terms 495

(kernel 6):
region 5: total terms 495

(kernel 2):
region 4: total terms 1729

(kernel 5):
region 5: total terms 495

(kernel 4):
region 6: total terms 1729

(kernel 3):
region 5: total terms 210

(kernel 1):
region 5: total terms 210

(kernel 3):
region 6: total terms 1001

(kernel 6):
region 6: total terms 1729

(kernel 5):
region 6: total terms 1729

(kernel 1):
region 6: total terms 1001

(kernel 3):
region 7: total terms 210

(kernel 4):
region 7: total terms 210

(kernel 2):
region 5: total terms 1001

(kernel 1):
region 7: total terms 210

(kernel 3):
region 8: total terms 935

(kernel 4):
region 8: total terms 935

(kernel 1):
region 8: total terms 935

(kernel 6):
region 7: total terms 210

(kernel 5):
region 7: total terms 210

(kernel 2):
region 6: total terms 1001

(kernel 6):
region 8: total terms 935

(kernel 3):
region 9: total terms 935

(kernel 4):
region 9: total terms 935

(kernel 5):
region 8: total terms 935

(kernel 1):
region 9: total terms 935

(kernel 2):
region 7: total terms 1729

(kernel 3):
region 10: total terms 935

(kernel 4):
region 10: total terms 935

(kernel 6):
region 9: total terms 935

(kernel 1):
region 10: total terms 935

(kernel 5):
region 9: total terms 1729

(kernel 4):
region 11: total terms 495

(kernel 3):
region 11: total terms 1001

(kernel 6):
region 10: total terms 935

(kernel 1):
region 11: total terms 1001

(kernel 4):
region 12: total terms 495

(kernel 2):
region 8: total terms 1729

(kernel 3):
region 12: total terms 1001

(kernel 4):
region 13: total terms 1001

(kernel 6):
region 11: total terms 495

(kernel 1):
region 12: total terms 1001

(kernel 5):
region 10: total terms 1729

(kernel 6):
region 12: total terms 495

(kernel 3):
region 13: total terms 495

(kernel 2):
region 9: total terms 935

(kernel 4):
region 14: total terms 1001

(kernel 1):
region 13: total terms 495

(kernel 3):
region 14: total terms 495

(kernel 6):
region 13: total terms 1001

(kernel 1):
region 14: total terms 495

(kernel 2):
region 10: total terms 210

(kernel 3):
region 15: total terms 70

(kernel 4):
region 15: total terms 70

(kernel 4):
region 16: total terms 70

(kernel 3):
region 16: total terms 70

(kernel 1):
region 15: total terms 70

(kernel 2):
region 11: total terms 1729

(kernel 1):
region 16: total terms 70

(kernel 5):
region 11: total terms 1001

(kernel 6):
region 14: total terms 1001

(kernel 2):
region 12: total terms 495

(kernel 5):
region 12: total terms 1001

(kernel 6):
region 15: total terms 70

(kernel 4):
projecting the tensor structure and performing the contraction...

(kernel 6):
region 16: total terms 70

(kernel 4):
total length: 1090 split into number of chunks: 2

(kernel 4):
--- ProjectTensor Chunk 1/2 (Terms 1-1000) Time: 156.899516 ---

(kernel 2):
region 13: total terms 1001

(kernel 5):
region 13: total terms 1729

(kernel 3):
projecting the tensor structure and performing the contraction...

(kernel 6):
projecting the tensor structure and performing the contraction...

(kernel 3):
total length: 1720 split into number of chunks: 2

(kernel 3):
--- ProjectTensor Chunk 1/2 (Terms 1-1000) Time: 157.53535 ---

(kernel 6):
total length: 651 split into number of chunks: 1

(kernel 6):
--- ProjectTensor Chunk 1/1 (Terms 1-651) Time: 157.553874 ---

(kernel 2):
region 14: total terms 210

(kernel 2):
region 15: total terms 495

(kernel 1):
projecting the tensor structure and performing the contraction...

(kernel 1):
total length: 1930 split into number of chunks: 2

(kernel 1):
--- ProjectTensor Chunk 1/2 (Terms 1-1000) Time: 157.995482 ---

(kernel 2):
region 16: total terms 70

(kernel 5):
region 14: total terms 1729

(kernel 1):
    Working on Term 100/1930

(kernel 4):
    Working on Term 100/1090

(kernel 3):
    Working on Term 100/1720

(kernel 5):
region 15: total terms 210

(kernel 2):
projecting the tensor structure and performing the contraction...

(kernel 2):
total length: 1457 split into number of chunks: 2

(kernel 2):
--- ProjectTensor Chunk 1/2 (Terms 1-1000) Time: 159.509853 ---

(kernel 5):
region 16: total terms 210

(kernel 6):
    Working on Term 100/651

(kernel 4):
    Working on Term 200/1090

(kernel 5):
projecting the tensor structure and performing the contraction...

(kernel 5):
total length: 1366 split into number of chunks: 2

(kernel 5):
--- ProjectTensor Chunk 1/2 (Terms 1-1000) Time: 161.070484 ---

(kernel 2):
    Working on Term 100/1457

(kernel 3):
    Working on Term 200/1720

(kernel 4):
    Working on Term 300/1090

(kernel 1):
    Working on Term 200/1930

(kernel 6):
    Working on Term 200/651

(kernel 2):
    Working on Term 200/1457

(kernel 5):
    Working on Term 100/1366

(kernel 2):
    Working on Term 300/1457

(kernel 4):
    Working on Term 400/1090

(kernel 6):
    Working on Term 300/651

(kernel 4):
    Working on Term 500/1090

(kernel 1):
    Working on Term 300/1930

(kernel 5):
    Working on Term 200/1366

(kernel 2):
    Working on Term 400/1457

(kernel 4):
    Working on Term 600/1090

(kernel 3):
    Working on Term 300/1720

(kernel 5):
    Working on Term 300/1366

(kernel 2):
    Working on Term 500/1457

(kernel 4):
    Working on Term 700/1090

(kernel 6):
    Working on Term 400/651

(kernel 5):
    Working on Term 400/1366

(kernel 2):
    Working on Term 600/1457

(kernel 3):
    Working on Term 400/1720

(kernel 1):
    Working on Term 400/1930

(kernel 5):
    Working on Term 500/1366

(kernel 6):
    Working on Term 500/651

(kernel 2):
    Working on Term 700/1457

(kernel 4):
    Working on Term 800/1090

(kernel 3):
    Working on Term 500/1720

(kernel 1):
    Working on Term 500/1930

(kernel 6):
    Working on Term 600/651

(kernel 2):
    Working on Term 800/1457

(kernel 3):
    Working on Term 600/1720

(kernel 2):
    Working on Term 900/1457

(kernel 4):
    Working on Term 900/1090

(kernel 1):
    Working on Term 600/1930

(kernel 3):
    Working on Term 700/1720

(kernel 2):
    Working on Term 1000/1457

(kernel 4):
    Working on Term 1000/1090

(kernel 5):
    Working on Term 600/1366

(kernel 3):
    Working on Term 800/1720

(kernel 1):
    Working on Term 700/1930

(kernel 3):
    Working on Term 900/1720

(kernel 1):
    Working on Term 800/1930

(kernel 1):
    Working on Term 900/1930

(kernel 5):
    Working on Term 700/1366

(kernel 3):
    Working on Term 1000/1720

(kernel 5):
    Working on Term 800/1366

(kernel 2):
--- ProjectTensor Chunk 2/2 (Terms 1001-1457) Time: 182.546565 ---

(kernel 5):
    Working on Term 900/1366

(kernel 4):
--- ProjectTensor Chunk 2/2 (Terms 1001-1090) Time: 184.014712 ---

(kernel 4):
fourloopI1202314: tensor reduction finished!

(kernel 3):
--- ProjectTensor Chunk 2/2 (Terms 1001-1720) Time: 185.286151 ---

(kernel 2):
    Working on Term 1100/1457

(kernel 5):
    Working on Term 1000/1366

(kernel 2):
    Working on Term 1200/1457

(kernel 3):
    Working on Term 1100/1720

(kernel 1):
    Working on Term 1000/1930

(kernel 2):
    Working on Term 1300/1457

(kernel 3):
    Working on Term 1200/1720

(kernel 6):
fourloopI1203214: tensor reduction finished!

(kernel 2):
    Working on Term 1400/1457

(kernel 3):
    Working on Term 1300/1720

(kernel 3):
    Working on Term 1400/1720

(kernel 2):
fourloopI1202134: tensor reduction finished!

(kernel 3):
    Working on Term 1500/1720

(kernel 1):
--- ProjectTensor Chunk 2/2 (Terms 1001-1930) Time: 196.512788 ---

(kernel 3):
    Working on Term 1600/1720

(kernel 5):
--- ProjectTensor Chunk 2/2 (Terms 1001-1366) Time: 199.06566 ---

(kernel 3):
    Working on Term 1700/1720

(kernel 5):
    Working on Term 1100/1366

(kernel 5):
    Working on Term 1200/1366

(kernel 5):
    Working on Term 1300/1366

(kernel 5):
fourloopI1203124: tensor reduction finished!

(kernel 1):
    Working on Term 1100/1930

(kernel 1):
    Working on Term 1200/1930

(kernel 3):
fourloopI1201324: tensor reduction finished!

(kernel 1):
    Working on Term 1300/1930

(kernel 1):
    Working on Term 1400/1930

(kernel 1):
    Working on Term 1500/1930

(kernel 1):
    Working on Term 1600/1930

(kernel 1):
    Working on Term 1700/1930

(kernel 1):
    Working on Term 1800/1930

(kernel 1):
    Working on Term 1900/1930

(kernel 1):
fourloopI1201234: tensor reduction finished!

basischange loaded!
reduced results loaded!

FrontEndObject::notavail: A front end is not available; certain operations require a front end.
MIs: {}

FrontEndObject::notavail: A front end is not available; certain operations require a front end.

FrontEndObject::notavail: A front end is not available; certain operations require a front end.

General::stop: Further output of FrontEndObject::notavail will be suppressed during this calculation.
MIs: {}
MIs: {}
MIs: {}
target integrals reduced! time: 252.350919`8.552519888498297
(kernel 1):
fourloopI1201234: [Step 4] Starting series expansion...

(kernel 2):
fourloopI1202134: [Step 4] Starting series expansion...

(kernel 3):
fourloopI1201324: [Step 4] Starting series expansion...

(kernel 4):
fourloopI1202314: [Step 4] Starting series expansion...

(kernel 5):
fourloopI1203124: [Step 4] Starting series expansion...

(kernel 6):
fourloopI1203214: [Step 4] Starting series expansion...

(kernel 2):
fourloopI1202134:   [1/7] Loaded tensor results in 0.12s

(kernel 4):
fourloopI1202314:   [1/7] Loaded tensor results in 0.11s

(kernel 6):
fourloopI1203214:   [1/7] Loaded tensor results in 0.12s

(kernel 5):
fourloopI1203124:   [1/7] Loaded tensor results in 0.13s

(kernel 3):
fourloopI1201324:   [1/7] Loaded tensor results in 0.18s

(kernel 1):
fourloopI1201234:   [1/7] Loaded tensor results in 0.28s

(kernel 4):
fourloopI1202314:   [2/7] Applied initial transformations in 3.14s

(kernel 4):
fourloopI1202314:   [3/7] Collected expression by _G in 0.08s

(kernel 4):
fourloopI1202314:   [4/7] Distributed over Plus (13 terms) in 0.s

(kernel 6):
fourloopI1203214:   [2/7] Applied initial transformations in 3.24s

(kernel 2):
fourloopI1202134:   [2/7] Applied initial transformations in 3.39s

(kernel 6):
fourloopI1203214:   [3/7] Collected expression by _G in 0.16s

(kernel 6):
fourloopI1203214:   [4/7] Distributed over Plus (14 terms) in 0.s

(kernel 5):
fourloopI1203124:   [2/7] Applied initial transformations in 3.43s

(kernel 2):
fourloopI1202134:   [3/7] Collected expression by _G in 0.17s

(kernel 2):
fourloopI1202134:   [4/7] Distributed over Plus (21 terms) in 0.s

(kernel 3):
fourloopI1201324:   [2/7] Applied initial transformations in 3.5500000000000003s

(kernel 5):
fourloopI1203124:   [3/7] Collected expression by _G in 0.18s

(kernel 5):
fourloopI1203124:   [4/7] Distributed over Plus (14 terms) in 0.s

(kernel 3):
fourloopI1201324:   [3/7] Collected expression by _G in 0.17s

(kernel 3):
fourloopI1201324:   [4/7] Distributed over Plus (13 terms) in 0.s

(kernel 1):
fourloopI1201234:   [2/7] Applied initial transformations in 4.19s

(kernel 1):
fourloopI1201234:   [3/7] Collected expression by _G in 0.32s

(kernel 1):
fourloopI1201234:   [4/7] Distributed over Plus (18 terms) in 0.s

(kernel 4):
fourloopI1202314:   [5/7] Expanded all terms in 14.57s

(kernel 4):
fourloopI1202314:   [6/7] Summed and computed ep/Y expansion in 0.28s

(kernel 4):
fourloopI1202314:   [7/7] Exported check file in 0.s

(kernel 4):
fourloopI1202314: [Step 4] Series expansion finished! Total time: 18.18s

(kernel 6):
fourloopI1203214:   [5/7] Expanded all terms in 25.92s

(kernel 6):
fourloopI1203214:   [6/7] Summed and computed ep/Y expansion in 0.58s

(kernel 6):
fourloopI1203214:   [7/7] Exported check file in 0.s

(kernel 6):
fourloopI1203214: [Step 4] Series expansion finished! Total time: 30.02s

(kernel 2):
fourloopI1202134:   [5/7] Expanded all terms in 27.91s

(kernel 2):
fourloopI1202134:   [6/7] Summed and computed ep/Y expansion in 0.79s

(kernel 2):
fourloopI1202134:   [7/7] Exported check file in 0.s

(kernel 2):
fourloopI1202134: [Step 4] Series expansion finished! Total time: 32.37s

(kernel 3):
fourloopI1201324:   [5/7] Expanded all terms in 32.89s

(kernel 5):
fourloopI1203124:   [5/7] Expanded all terms in 33.19s

(kernel 3):
fourloopI1201324:   [6/7] Summed and computed ep/Y expansion in 0.18s

(kernel 3):
fourloopI1201324:   [7/7] Exported check file in 0.s

(kernel 3):
fourloopI1201324: [Step 4] Series expansion finished! Total time: 36.96s

(kernel 5):
fourloopI1203124:   [6/7] Summed and computed ep/Y expansion in 0.34s

(kernel 5):
fourloopI1203124:   [7/7] Exported check file in 0.s

(kernel 5):
fourloopI1203124: [Step 4] Series expansion finished! Total time: 37.28s

(kernel 1):
fourloopI1201234:   [5/7] Expanded all terms in 65.42s

(kernel 1):
fourloopI1201234:   [6/7] Summed and computed ep/Y expansion in 0.8300000000000001s

(kernel 1):
fourloopI1201234:   [7/7] Exported check file in 0.s

(kernel 1):
fourloopI1201234: [Step 4] Series expansion finished! Total time: 71.04s

[Global Cache] Merged and updated cache with 21 records.
=== Done Parallel Expansion! time: 349.432252`8.69387798496776 ===
  Moved boundary output: fourloopI1201234
  Moved boundary output: fourloopI1202134
  Moved boundary output: fourloopI1201324
  Moved boundary output: fourloopI1202314
  Moved boundary output: fourloopI1203124
  Moved boundary output: fourloopI1203214
[Boundary Agent] Added new computed integrand to association: 'fourloopI120'
Boundary condition files saved.
Cached temporary results in /Users/windfolgen/Documents/AntiGravity/svbwalkthrough/asym/tmp can be reused for subsequent bootstrap problems.
[ReviewGate] boundary stage: PASS (PASS:6 WARN:0 FAIL:0)
[Time Record] Stage 1 (Boundary Conditions) took: 353.692301`8.699140604241009 seconds.
  Loading full SV basis...
  [Leading Singularity 1/1 (simple)]
  [MPL auto-detect] Found 279 MPL elements in basis: allsvlistmpl_fourloop_invzz
  Executing RunSeriesExpansion for fourloopI120...
[ReviewGate] preseries stage: PASS (PASS:16 WARN:0 FAIL:0)
[Skill 1] Starting 6 expansions, poleType=simple, n=1, k=1, SVHPL indices=289, MPL indices=279
[Skill 1] Limit 1/6: additional = InputForm[1]
[Skill 1] Limit 1/6 (e0uv): done.
[Skill 1] Limit 2/6: additional = InputForm[1]
[Skill 1] Limit 2/6 (e0uvp): done.
[Skill 1] Limit 3/6: additional = InputForm[1]
[Skill 1] Limit 3/6 (einfuv): done.
[Skill 1] Limit 4/6: additional = InputForm[1]
[Skill 1] Limit 4/6 (einfuvp): done.
[Skill 1] Limit 5/6: additional = InputForm[1]
[Skill 1] Limit 5/6 (e1uv): done.
[Skill 1] Limit 6/6: additional = InputForm[1]
[Skill 1] Limit 6/6 (e1uvp): done.
Series expansion files written to /Users/windfolgen/Documents/AntiGravity/svbwalkthrough/series_agent
[ReviewGate] series stage: PASS (PASS:12 WARN:0 FAIL:0)
[Time Record] Stage 2 (Series Expansion) took: 357.392441`8.402630364924358 seconds.
[ReviewGate] presolve stage: PASS (PASS:12 WARN:0 FAIL:0)
  Executing RunCoefficientSolving...
[Skill 3] Total Ansatz Elements=$LEN=146 $Order=4
  system size after limit 1: 95 vars: 146
Limit 2 (e0uvp): temp is empty. Verified that no new conditions are given under the current solution.
  system size after limit 3: 190 vars: 146
Limit 4 (einfuvp): temp is empty. Verified that no new conditions are given under the current solution.
  system size after limit 5: 287 vars: 146
Limit 6 (e1uvp): temp is empty. Verified that no new conditions are given under the current solution.
Solution written to /Users/windfolgen/Documents/AntiGravity/svbwalkthrough/solve_agent/fourloopI120_sol.m
Final result.m and coeff_sol.m saved to runs/fourloopI120/
[ReviewGate] solve stage: PASS (PASS:2 WARN:0 FAIL:0)
[Time Record] Stage 3 (Solving System) took: 6.512666`6.362213812595137 seconds.
[Time Record] Total workflow execution time: 717.59746`9.00639589064682 seconds.
End Date and Time: Sun 28 Jun 2026 21:59:02
=== Workflow Engine Complete for: fourloopI120 ===
nSeriesExpansion for ""fourloopI120""..."
"[ReviewGate] ""preseries"" stage: ""PASS"" (PASS:"16" WARN:"0" FAIL:"0")"
"[Skill 1] Starting 6 expansions, poleType=""simple"", n="1", k="1", SVHPL \
indices="289", MPL indices="279
"[Skill 1] Limit "1"/6: additional = "InputForm[1]
"[Skill 1] Limit "1"/6 (""e0uv""): done."
"[Skill 1] Limit "2"/6: additional = "InputForm[1]
"[Skill 1] Limit "2"/6 (""e0uvp""): done."
"[Skill 1] Limit "3"/6: additional = "InputForm[1]
"[Skill 1] Limit "3"/6 (""einfuv""): done."
"[Skill 1] Limit "4"/6: additional = "InputForm[1]
"[Skill 1] Limit "4"/6 (""einfuvp""): done."
"[Skill 1] Limit "5"/6: additional = "InputForm[1]
"[Skill 1] Limit "5"/6 (""e1uv""): done."
"[Skill 1] Limit "6"/6: additional = "InputForm[1]
"[Skill 1] Limit "6"/6 (""e1uvp""): done."
"Series expansion files written to "
  "/Users/windfolgen/Documents/AntiGravity/svbwalkthrough/series_agent"
"[ReviewGate] ""series"" stage: ""PASS"" (PASS:"12" WARN:"0" FAIL:"0")"
"[Time Record] Stage 2 (Series Expansion) took: "357.392441`8.402630364924358
  " seconds."
"[ReviewGate] ""presolve"" stage: ""PASS"" (PASS:"12" WARN:"0" FAIL:"0")"
"  Executing RunCoefficientSolving..."
"[Skill 3] Total Ansatz Elements=$LEN="146" $Order="4
"  system size after limit "1": "95" vars: "146
"Limit "2" (""e0uvp""): temp is empty. Verified that no new conditions are \
given under the current solution."
"  system size after limit "3": "190" vars: "146
"Limit "4" (""einfuvp""): temp is empty. Verified that no new conditions are \
given under the current solution."
"  system size after limit "5": "287" vars: "146
"Limit "6" (""e1uvp""): temp is empty. Verified that no new conditions are \
given under the current solution."
"Solution written to ""/Users/windfolgen/Documents/AntiGravity/svbwalkthrough\
/solve_agent/fourloopI120_sol.m"
"Final result.m and coeff_sol.m saved to runs/""fourloopI120""/"
"[ReviewGate] ""solve"" stage: ""PASS"" (PASS:"2" WARN:"0" FAIL:"0")"
"[Time Record] Stage 3 (Solving System) took: "6.512666`6.362213812595137
  " seconds."
"[Time Record] Total workflow execution time: "717.59746`9.00639589064682
  " seconds."
"End Date and Time: ""Sun 28 Jun 2026 21:59:02"
"=== Workflow Engine Complete for: ""fourloopI120"" ==="
