[Skill 1] Loaded MPL expansions: allsvlistmpl_threeloope{0,1,inf} (format: .txt)
[Skill 1] Reduced SVHPL to 70 elements from ansatz indices
[Skill 1] Starting limit 4, poleType=simple, n=2, k=1, SVHPL=70, MPL=75, uorder=0
[Skill 1] Limit 4/6: additional = InputForm[(-1 + u)^(-1)]
Starting Table
Evaluating i = 1
Evaluating i = 2
Evaluating i = 3
Evaluating i = 4
Evaluating i = 5
Evaluating i = 6
Evaluating i = 7
Evaluating i = 8
Evaluating i = 9
Evaluating i = 10
Evaluating i = 11
Evaluating i = 12
Evaluating i = 13
Evaluating i = 14
Evaluating i = 15
Evaluating i = 16
Evaluating i = 17
Evaluating i = 18
Evaluating i = 19
Evaluating i = 20
Evaluating i = 21
Evaluating i = 22
Evaluating i = 23
Evaluating i = 24
Evaluating i = 25
Evaluating i = 26
Evaluating i = 27
Evaluating i = 28
Evaluating i = 29
Evaluating i = 30
Evaluating i = 31
Evaluating i = 32
Evaluating i = 33
