=== Running threeloophard1 ===
Root: /Users/windfolgen/Documents/AntiGravity/svbwalkthrough
Run:  /Users/windfolgen/Documents/AntiGravity/svbwalkthrough/runs/threeloophard1/
Ansatz length: 57
basisSV length: 510
SVHPL in ansatz: 74 (of 510)
MPL in ansatz: 61 (of 82), basis: allsvlistmpl_threeloop
Conformal weight n = 2
Review agent loaded from /Users/windfolgen/Documents/AntiGravity/svbwalkthrough/audit_agent/audit_agent.wl

=== SKILL 2: Boundary Conditions ===
Boundary files already exist for 'threeloophard1' in '/Users/windfolgen/Documents/AntiGravity/svbwalkthrough/asym/boundary_agent'. Skipping computation.
[ReviewGate] boundary stage: PASS (PASS:6 WARN:0 FAIL:0)

=== Loading targetData ===
  targetData[[1]] loaded from threeloophard11234
  targetData[[2]] loaded from threeloophard12134
  targetData[[3]] loaded from threeloophard11324
  targetData[[4]] loaded from threeloophard12314
  targetData[[5]] loaded from threeloophard13124
  targetData[[6]] loaded from threeloophard13214

=== SKILL 1: Series Expansion ===
[Skill 1] Loaded MPL expansions: allsvlistmpl_threeloope{0,1,inf} (format: .txt, parsed from string-wrapped list)
[Skill 1] Reduced SVHPL to 74 elements from ansatz indices
[Skill 1] Starting 6 expansions, poleType=double, n=2, k=2, SVHPL=74, MPL=61
[Skill 1] Limit 1/6: additional = InputForm[1]
[Skill 1] Limit 1/6 (e0uv): done.
[Skill 1] Limit 2/6: additional = InputForm[1]
[Skill 1] Limit 2/6 (e0uvp): done.
[Skill 1] Limit 3/6: additional = InputForm[1]
[Skill 1] Limit 3/6 (einfuv): done.
[Skill 1] Limit 4/6: additional = InputForm[1]
[Skill 1] Limit 4/6 (einfuvp): done.
[Skill 1] Limit 5/6: additional = InputForm[1]
[Skill 1] Limit 5/6 (e1uv): done.
[Skill 1] Limit 6/6: additional = InputForm[1]
[Skill 1] Limit 6/6 (e1uvp): done.
Series expansion files written to /Users/windfolgen/Documents/AntiGravity/svbwalkthrough/series_agent
[ReviewGate] series stage: PASS (PASS:12 WARN:0 FAIL:0)

=== SKILL 3: Coefficient Solving ===
[Skill 3] $LEN=57 $Order=3 SV=74 MPL=61
[Skill 3] Y=InputForm[Y]
[DBG] After svrep, Y=InputForm[Y]
[Skill 3] Limit 1 (e0uv): equations=
  system size after limit 1: 79 vars: 56

Solve::svars: Equations may not give solutions for all "solve" variables.
[DBG] After svrep, Y=InputForm[Y]
[Skill 3] Limit 2 (e0uvp): equations=
Limit 2 (e0uvp): temp is empty, skipping.
[DBG] After svrep, Y=InputForm[Y]
[Skill 3] Limit 3 (einfuv): equations=
  system size after limit 3: 134 vars: 57
[DBG] After svrep, Y=InputForm[Y]
[Skill 3] Limit 4 (einfuvp): equations=
Limit 4 (einfuvp): temp is empty, skipping.
[DBG] After svrep, Y=InputForm[Y]
[Skill 3] Limit 5 (e1uv): equations=
Limit 5 (e1uv): temp is empty, skipping.
[DBG] After svrep, Y=InputForm[Y]
[Skill 3] Limit 6 (e1uvp): equations=
Limit 6 (e1uvp): temp is empty, skipping.
Solution written to /Users/windfolgen/Documents/AntiGravity/svbwalkthrough/solve_agent/threeloophard1_sol.m
Limit 1 mismatch: InputForm[SeriesData[Y, 0, {}, 4, 4, 1]]
Limit 2 mismatch: InputForm[SeriesData[Y, 0, {}, 4, 4, 1]]
Limit 3 mismatch: InputForm[SeriesData[Y, 0, {}, 4, 4, 1]]
Limit 4 mismatch: InputForm[SeriesData[Y, 0, {}, 4, 4, 1]]
Limit 5 mismatch: InputForm[SeriesData[Y, 0, {}, 4, 4, 1]]
Limit 6 mismatch: InputForm[SeriesData[Y, 0, {}, 4, 4, 1]]
[ReviewGate] solve stage: PASS (PASS:1 WARN:0 FAIL:0)

=== SAVE RESULT ===
Result saved to /Users/windfolgen/Documents/AntiGravity/svbwalkthrough/runs/threeloophard1/result.m
Solved coefficients saved to /Users/windfolgen/Documents/AntiGravity/svbwalkthrough/solve_agent/threeloophard1_sol.m
Non-zero: TableForm[{{6, -8}, {8, 4}, {10, 8}, {11, -4}, {13, 4}, {14, -4}, {16, 8}, {17, 8}, {18, -20}, {19, 4}, {20, 4}, {21, 2}, {22, 12}, {24, -2}, {25, -4}, {28, -12}, {29, -4}, {30, 4}, {31, -6}, {32, 2}, {42, 32}, {43, 16}, {44, -8}, {54, -8}, {55, 16}, {56, -64}}]

Run complete.
=== Running threeloopI5 ===
Root: /Users/windfolgen/Documents/AntiGravity/svbwalkthrough
Run:  /Users/windfolgen/Documents/AntiGravity/svbwalkthrough/runs/threeloopI5/
Ansatz length: 30
basisSV length: 510
SVHPL in ansatz: 64 (of 510)
MPL in ansatz: 0 (no matching basis found)
Conformal weight n = 2
Review agent loaded from /Users/windfolgen/Documents/AntiGravity/svbwalkthrough/audit_agent/audit_agent.wl
Audit: disabled

=== SKILL 2: Boundary Conditions ===
Boundary files already exist for 'threeloopI5' in '/Users/windfolgen/Documents/AntiGravity/svbwalkthrough/asym/boundary_agent'. Skipping computation.
[ReviewGate] boundary stage: PASS (PASS:6 WARN:0 FAIL:0)

=== Loading targetData ===
  targetData[[1]] loaded from threeloopI51234
  targetData[[2]] loaded from threeloopI52134
  targetData[[3]] loaded from threeloopI51324
  targetData[[4]] loaded from threeloopI52314
  targetData[[5]] loaded from threeloopI53124
  targetData[[6]] loaded from threeloopI53214

=== SKILL 1: Series Expansion ===
[Skill 1] Reduced SVHPL to 64 elements from ansatz indices
[Skill 1] Starting 6 expansions, poleType=simple, n=2, k=1, SVHPL=64, MPL=0
[Skill 1] Limit 1/6: additional = InputForm[Y^(-1)]
[Skill 1] Limit 1/6 (e0uv): done.
[Skill 1] Limit 2/6: additional = InputForm[-Y^(-1)]
[Skill 1] Limit 2/6 (e0uvp): done.
[Skill 1] Limit 3/6: additional = InputForm[(-1 + u + Y)^(-1)]
[Skill 1] Limit 3/6 (einfuv): done.
[Skill 1] Limit 4/6: additional = InputForm[(-1 + u)^(-1)]
[Skill 1] Limit 4/6 (einfuvp): done.
[Skill 1] Limit 5/6: additional = InputForm[(1 - u - Y)^(-1)]
[Skill 1] Limit 5/6 (e1uv): done.
[Skill 1] Limit 6/6: additional = InputForm[(1 - u)^(-1)]
[Skill 1] Limit 6/6 (e1uvp): done.
Series expansion files written to /Users/windfolgen/Documents/AntiGravity/svbwalkthrough/series_agent
[ReviewGate] series stage: PASS (PASS:12 WARN:0 FAIL:0)

=== SKILL 3: Coefficient Solving ===
[Skill 3] $LEN=30 $Order=3 SV=64 MPL=0
[Skill 3] Y=InputForm[Y]
[DBG] After svrep, Y=InputForm[Y]
[Skill 3] Limit 1 (e0uv): equations=
  system size after limit 1: 50 vars: 30

Solve::svars: Equations may not give solutions for all "solve" variables.
[DBG] After svrep, Y=InputForm[Y]
[Skill 3] Limit 2 (e0uvp): equations=
Limit 2 (e0uvp): temp is empty, skipping.
[DBG] After svrep, Y=InputForm[Y]
[Skill 3] Limit 3 (einfuv): equations=
  system size after limit 3: 90 vars: 30
[DBG] After svrep, Y=InputForm[Y]
[Skill 3] Limit 4 (einfuvp): equations=
Limit 4 (einfuvp): temp is empty, skipping.
[DBG] After svrep, Y=InputForm[Y]
[Skill 3] Limit 5 (e1uv): equations=
Limit 5 (e1uv): temp is empty, skipping.
[DBG] After svrep, Y=InputForm[Y]
[Skill 3] Limit 6 (e1uvp): equations=
Limit 6 (e1uvp): temp is empty, skipping.
Solution written to /Users/windfolgen/Documents/AntiGravity/svbwalkthrough/solve_agent/threeloopI5_sol.m
Limit 1 mismatch: InputForm[SeriesData[Y, 0, {}, 4, 4, 1]]
Limit 2 mismatch: InputForm[SeriesData[Y, 0, {}, 4, 4, 1]]
Limit 3 mismatch: InputForm[SeriesData[Y, 0, {}, 4, 4, 1]]
Limit 4 mismatch: InputForm[SeriesData[Y, 0, {}, 4, 4, 1]]
Limit 5 mismatch: InputForm[SeriesData[Y, 0, {}, 4, 4, 1]]
Limit 6 mismatch: InputForm[SeriesData[Y, 0, {}, 4, 4, 1]]
[ReviewGate] solve stage: PASS (PASS:1 WARN:0 FAIL:0)

=== SAVE RESULT ===
Result saved to /Users/windfolgen/Documents/AntiGravity/svbwalkthrough/runs/threeloopI5/result.m
Solved coefficients saved to /Users/windfolgen/Documents/AntiGravity/svbwalkthrough/solve_agent/threeloopI5_sol.m
Non-zero: TableForm[{{5, 4}, {7, -2}, {9, -4}, {10, 2}, {11, -2}, {12, 2}, {14, -4}, {15, 2}, {16, -2}, {17, -2}, {18, 1}, {19, 2}, {20, -2}, {21, 1}, {23, -2}, {24, -2}, {25, 2}, {26, -1}, {28, -1}}]

Run complete.
=== Running threeloopI8 ===
Root: /Users/windfolgen/Documents/AntiGravity/svbwalkthrough
Run:  /Users/windfolgen/Documents/AntiGravity/svbwalkthrough/runs/threeloopI8/
Ansatz length: 30
basisSV length: 510
SVHPL in ansatz: 64 (of 510)
MPL in ansatz: 0 (no matching basis found)
Conformal weight n = 2
Review agent loaded from /Users/windfolgen/Documents/AntiGravity/svbwalkthrough/audit_agent/audit_agent.wl
Audit: disabled

=== SKILL 2: Boundary Conditions ===
Boundary files already exist for 'threeloopI8' in '/Users/windfolgen/Documents/AntiGravity/svbwalkthrough/asym/boundary_agent'. Skipping computation.
[ReviewGate] boundary stage: PASS (PASS:6 WARN:0 FAIL:0)

=== Loading targetData ===
  targetData[[1]] loaded from threeloopI81234
  targetData[[2]] loaded from threeloopI82134
  targetData[[3]] loaded from threeloopI81324
  targetData[[4]] loaded from threeloopI82314
  targetData[[5]] loaded from threeloopI83124
  targetData[[6]] loaded from threeloopI83214

=== SKILL 1: Series Expansion ===
[Skill 1] Reduced SVHPL to 64 elements from ansatz indices
[Skill 1] Starting 6 expansions, poleType=simple, n=2, k=1, SVHPL=64, MPL=0
[Skill 1] Limit 1/6: additional = InputForm[(-4*u + (u + Y)^2)^(-1) - Y/(-4*u + (u + Y)^2)]
[Skill 1] Limit 1/6 (e0uv): done.
[Skill 1] Limit 2/6: additional = InputForm[(u^2 - 2*u*(2 - Y) + Y^2)^(-1)]
[Skill 1] Limit 2/6 (e0uvp): done.
[Skill 1] Limit 3/6: additional = InputForm[(u^2 - 2*u*(2 - Y) + Y^2)^(-1) - Y/(u^2 - 2*u*(2 - Y) + Y^2)]
[Skill 1] Limit 3/6 (einfuv): done.
[Skill 1] Limit 4/6: additional = InputForm[(u^2 - 2*u*(2 - Y) + Y^2)^(-1)]
[Skill 1] Limit 4/6 (einfuvp): done.
[Skill 1] Limit 5/6: additional = InputForm[u/(u^2 - 2*u*(2 - Y) + Y^2)]
[Skill 1] Limit 5/6 (e1uv): done.
[Skill 1] Limit 6/6: additional = InputForm[u/(-4*(1 - Y) + (2 - u - Y)^2)]
[Skill 1] Limit 6/6 (e1uvp): done.
Series expansion files written to /Users/windfolgen/Documents/AntiGravity/svbwalkthrough/series_agent
[ReviewGate] series stage: PASS (PASS:12 WARN:0 FAIL:0)

=== SKILL 3: Coefficient Solving ===
[Skill 3] $LEN=30 $Order=3 SV=64 MPL=0
[Skill 3] Y=InputForm[Y]
[DBG] After svrep, Y=InputForm[Y]
[Skill 3] Limit 1 (e0uv): equations=
  system size after limit 1: 60 vars: 30

Solve::svars: Equations may not give solutions for all "solve" variables.
[DBG] After svrep, Y=InputForm[Y]
[Skill 3] Limit 2 (e0uvp): equations=
Limit 2 (e0uvp): temp is empty, skipping.
[DBG] After svrep, Y=InputForm[Y]
[Skill 3] Limit 3 (einfuv): equations=
  system size after limit 3: 120 vars: 30
[DBG] After svrep, Y=InputForm[Y]
[Skill 3] Limit 4 (einfuvp): equations=
Limit 4 (einfuvp): temp is empty, skipping.
[DBG] After svrep, Y=InputForm[Y]
[Skill 3] Limit 5 (e1uv): equations=
Limit 5 (e1uv): temp is empty, skipping.
[DBG] After svrep, Y=InputForm[Y]
[Skill 3] Limit 6 (e1uvp): equations=
Limit 6 (e1uvp): temp is empty, skipping.
Solution written to /Users/windfolgen/Documents/AntiGravity/svbwalkthrough/solve_agent/threeloopI8_sol.m
Limit 1 mismatch: InputForm[SeriesData[Y, 0, {}, 4, 4, 1]]
Limit 2 mismatch: InputForm[SeriesData[Y, 0, {}, 4, 4, 1]]
Limit 3 mismatch: InputForm[SeriesData[Y, 0, {}, 4, 4, 1]]
Limit 4 mismatch: InputForm[SeriesData[Y, 0, {}, 4, 4, 1]]
Limit 5 verified.
Limit 6 verified.
[ReviewGate] solve stage: PASS (PASS:1 WARN:0 FAIL:0)

=== SAVE RESULT ===
Result saved to /Users/windfolgen/Documents/AntiGravity/svbwalkthrough/runs/threeloopI8/result.m
Solved coefficients saved to /Users/windfolgen/Documents/AntiGravity/svbwalkthrough/solve_agent/threeloopI8_sol.m
Non-zero: TableForm[{{7, -36}, {10, -12}, {11, 12}, {12, 36}, {15, 12}, {16, 12}, {17, 12}, {19, 12}, {23, 36}, {24, 12}}]

Run complete.
=== Sequential runs complete ===
