Root: /Users/windfolgen/Documents/AntiGravity/svbwalkthrough
Run:  /Users/windfolgen/Documents/AntiGravity/svbwalkthrough/runs/threeloopI8/
Ansatz length: 30
basisSV length: 510
SVHPL in ansatz: 64 (of 510)
MPL in ansatz: 0 (no matching basis found)
Conformal weight n = 2
Review agent loaded from /Users/windfolgen/Documents/AntiGravity/svbwalkthrough/audit_agent/audit_agent.wl
Audit: disabled

=== SKILL 2: Boundary Conditions ===
Boundary files already exist for 'threeloopI8' in '/Users/windfolgen/Documents/AntiGravity/svbwalkthrough/asym/boundary_agent'. Skipping computation.
[ReviewGate] boundary stage: PASS (PASS:6 WARN:0 FAIL:0)

=== Loading targetData ===
  targetData[[1]] loaded from threeloopI81234
  targetData[[2]] loaded from threeloopI82134
  targetData[[3]] loaded from threeloopI81324
  targetData[[4]] loaded from threeloopI82314
  targetData[[5]] loaded from threeloopI83124
  targetData[[6]] loaded from threeloopI83214

=== SKILL 1: Series Expansion ===
[Skill 1] Reduced SVHPL to 64 elements from ansatz indices
[Skill 1] Starting 6 expansions, poleType=simple, n=2, k=1, SVHPL=64, MPL=0
[Skill 1] Limit 1/6: additional = InputForm[(-4*u + (u + Y)^2)^(-1) - Y/(-4*u + (u + Y)^2)]
[Skill 1] Limit 1/6 (e0uv): done.
[Skill 1] Limit 2/6: additional = InputForm[(u^2 - 2*u*(2 - Y) + Y^2)^(-1)]
[Skill 1] Limit 2/6 (e0uvp): done.
[Skill 1] Limit 3/6: additional = InputForm[(u^2 - 2*u*(2 - Y) + Y^2)^(-1) - Y/(u^2 - 2*u*(2 - Y) + Y^2)]
[Skill 1] Limit 3/6 (einfuv): done.
