"=== Starting Unified Workflow Engine for: ""fourloopI98"" ==="
"Start Date and Time: ""Thu 11 Jun 2026 23:36:01"

FrontEndObject::notavail: 
   A front end is not available; certain operations require a front end.
"**************** "Style["LiteRed v2.025\[Beta]", 
   {Bold, RGBColor[1, 1/3, 1/3]}]" ********************\nAuthor: Roman N. \
Lee, Budker Institute of Nuclear Physics, Novosibirsk.\nRelease Date: \
????-??-??\nTimestamp: Tue 25 Feb 2025 15:30:30\nRead \
from:/Users/windfolgen/GitRepos/LiteRed2/Source/LiteRed2025.m \
(CRC32:2205507540,{2340977437, 3317197336, 1063727846})\n\nLiteRed stands for \
"Style["L", {RGBColor[1, 1/3, 1/3]}]"oop "Style["i", {RGBColor[1, 1/3, 1/3]}]
  "n"Style["te", {RGBColor[1, 1/3, 1/3]}]"grals "
  Style["Red", {RGBColor[1, 1/3, 1/3]}]
  "uction.\nThe package is designed for the search and application of the \
Integration-By-Part reduction rules. It also contains some other useful \
tools.\n\nSee ?LiteRed`* for a list of functions. "
"Review agent loaded from ""/Users/windfolgen/Documents/AntiGravity/svbwalkth\
rough/audit_agent/audit_agent.wl"
"[ReviewGate] ""preflight"" stage: ""PASS"" (PASS:"2" WARN:"0" FAIL:"0")"
"  Conformal weight n = "1
"  Checking for boundary target data..."
"[ReviewGate] ""preboundary"" stage: ""PASS"" (PASS:"10" WARN:"0" FAIL:"0")"
"Executing\n"HoldForm[sp[p, p] = u; ]
"IBP output redirected to: ""/Users/windfolgen/Documents/aether/svbwalkthroug\
h_ibp"
"=== Running Parallel Expansion for ""fourloopI98"" with "6" permutations ==="
"Permutation "{1, 2, 3, 4}" -> chosen equivalent permutation "{4, 3, 2, 1}" ("
  1330" terms)"
"Permutation "{2, 1, 3, 4}" -> chosen equivalent permutation "{1, 2, 4, 3}" ("
  616" terms)"
"Permutation "{1, 3, 2, 4}" -> chosen equivalent permutation "{2, 4, 1, 3}" ("
  1936" terms)"
"Permutation "{2, 3, 1, 4}" -> chosen equivalent permutation "{1, 4, 2, 3}" ("
  2461" terms)"
"Permutation "{3, 1, 2, 4}" -> chosen equivalent permutation "{4, 2, 1, 3}" ("
  721" terms)"
"Permutation "{3, 2, 1, 4}" -> chosen equivalent permutation "{3, 2, 1, 4}" ("
  2220" terms)"
"(kernel 1):"
"fourloopI981234: no tensor reduced results found. Starting reduction...\n"
"(kernel 2):"
"fourloopI982134: no tensor reduced results found. Starting reduction...\n"
"(kernel 3):"
"fourloopI981324: no tensor reduced results found. Starting reduction...\n"
"(kernel 4):"
"fourloopI982314: no tensor reduced results found. Starting reduction...\n"
"(kernel 5):"
"fourloopI983124: no tensor reduced results found. Starting reduction...\n"
"(kernel 6):"
"fourloopI983214: no tensor reduced results found. Starting reduction...\n"
"(kernel 1):"
"set 1 to 0, 4 to infinity.\n"
"(kernel 2):"
"set 1 to 0, 4 to infinity.\n"
"(kernel 3):"
"set 1 to 0, 4 to infinity.\n"
"(kernel 4):"
"set 1 to 0, 4 to infinity.\n"
"(kernel 5):"
"set 1 to 0, 4 to infinity.\n"
"(kernel 6):"
"set 1 to 0, 4 to infinity.\n"
"(kernel 1):"
"performing region expansion...\n"
"(kernel 2):"
"performing region expansion...\n"
"(kernel 3):"
"performing region expansion...\n"
"(kernel 4):"
"performing region expansion...\n"
"(kernel 5):"
"performing region expansion...\n"
"(kernel 6):"
"performing region expansion...\n"
"(kernel 1):"
"topology: {d2[1, 5], d2[2, 5], d2[3, 5], d2[1, 6], d2[2, 6], d2[3, 6], d2[1, \
7], d2[2, 7], d2[3, 7], d2[1, 8], d2[2, 8], d2[3, 8], d2[5, 6], d2[5, 7], \
d2[5, 8], d2[6, 7], d2[6, 8], d2[7, 8]} can be split into\n"
"(kernel 2):"
"topology: {d2[1, 5], d2[2, 5], d2[3, 5], d2[1, 6], d2[2, 6], d2[3, 6], d2[1, \
7], d2[2, 7], d2[3, 7], d2[1, 8], d2[2, 8], d2[3, 8], d2[5, 6], d2[5, 7], \
d2[5, 8], d2[6, 7], d2[6, 8], d2[7, 8]} can be split into\n"
"(kernel 3):"
"topology: {d2[1, 5], d2[2, 5], d2[3, 5], d2[1, 6], d2[2, 6], d2[3, 6], d2[1, \
7], d2[2, 7], d2[3, 7], d2[1, 8], d2[2, 8], d2[3, 8], d2[5, 6], d2[5, 7], \
d2[5, 8], d2[6, 7], d2[6, 8], d2[7, 8]} can be split into\n"
"(kernel 4):"
"topology: {d2[1, 5], d2[2, 5], d2[3, 5], d2[1, 6], d2[2, 6], d2[3, 6], d2[1, \
7], d2[2, 7], d2[3, 7], d2[1, 8], d2[2, 8], d2[3, 8], d2[5, 6], d2[5, 7], \
d2[5, 8], d2[6, 7], d2[6, 8], d2[7, 8]} can be split into\n"
"(kernel 5):"
"topology: {d2[1, 5], d2[2, 5], d2[3, 5], d2[1, 6], d2[2, 6], d2[3, 6], d2[1, \
7], d2[2, 7], d2[3, 7], d2[1, 8], d2[2, 8], d2[3, 8], d2[5, 6], d2[5, 7], \
d2[5, 8], d2[6, 7], d2[6, 8], d2[7, 8]} can be split into\n"
"(kernel 6):"
"topology: {d2[1, 5], d2[2, 5], d2[3, 5], d2[1, 6], d2[2, 6], d2[3, 6], d2[1, \
7], d2[2, 7], d2[3, 7], d2[1, 8], d2[2, 8], d2[3, 8], d2[5, 6], d2[5, 7], \
d2[5, 8], d2[6, 7], d2[6, 8], d2[7, 8]} can be split into\n"
"(kernel 1):"
"topo1: {d2[1, 5], d2[2, 5], d2[1, 6], d2[2, 6], d2[1, 7], d2[2, 7], d2[1, \
8], d2[2, 8], d2[5, 6], d2[5, 7], d2[5, 8], d2[6, 7], d2[6, 8], d2[7, 8]}\n"
"(kernel 2):"
"topo1: {d2[1, 5], d2[2, 5], d2[1, 6], d2[2, 6], d2[1, 7], d2[2, 7], d2[1, \
8], d2[2, 8], d2[5, 6], d2[5, 7], d2[5, 8], d2[6, 7], d2[6, 8], d2[7, 8]}\n"
"(kernel 3):"
"topo1: {d2[1, 5], d2[2, 5], d2[1, 6], d2[2, 6], d2[1, 7], d2[2, 7], d2[1, \
8], d2[2, 8], d2[5, 6], d2[5, 7], d2[5, 8], d2[6, 7], d2[6, 8], d2[7, 8]}\n"
"(kernel 4):"
"topo1: {d2[1, 5], d2[2, 5], d2[1, 6], d2[2, 6], d2[1, 7], d2[2, 7], d2[1, \
8], d2[2, 8], d2[5, 6], d2[5, 7], d2[5, 8], d2[6, 7], d2[6, 8], d2[7, 8]}\n"
"(kernel 5):"
"topo1: {d2[1, 5], d2[2, 5], d2[1, 6], d2[2, 6], d2[1, 7], d2[2, 7], d2[1, \
8], d2[2, 8], d2[5, 6], d2[5, 7], d2[5, 8], d2[6, 7], d2[6, 8], d2[7, 8]}\n"
"(kernel 6):"
"topo1: {d2[1, 5], d2[2, 5], d2[1, 6], d2[2, 6], d2[1, 7], d2[2, 7], d2[1, \
8], d2[2, 8], d2[5, 6], d2[5, 7], d2[5, 8], d2[6, 7], d2[6, 8], d2[7, 8]}\n"
"(kernel 1):"
"topo2: {d2[1, 5], d2[3, 5], d2[1, 6], d2[3, 6], d2[1, 7], d2[3, 7], d2[1, \
8], d2[3, 8], d2[5, 6], d2[5, 7], d2[5, 8], d2[6, 7], d2[6, 8], d2[7, 8]}\n"
"(kernel 2):"
"topo2: {d2[1, 5], d2[3, 5], d2[1, 6], d2[3, 6], d2[1, 7], d2[3, 7], d2[1, \
8], d2[3, 8], d2[5, 6], d2[5, 7], d2[5, 8], d2[6, 7], d2[6, 8], d2[7, 8]}\n"
"(kernel 3):"
"topo2: {d2[1, 5], d2[3, 5], d2[1, 6], d2[3, 6], d2[1, 7], d2[3, 7], d2[1, \
8], d2[3, 8], d2[5, 6], d2[5, 7], d2[5, 8], d2[6, 7], d2[6, 8], d2[7, 8]}\n"
"(kernel 4):"
"topo2: {d2[1, 5], d2[3, 5], d2[1, 6], d2[3, 6], d2[1, 7], d2[3, 7], d2[1, \
8], d2[3, 8], d2[5, 6], d2[5, 7], d2[5, 8], d2[6, 7], d2[6, 8], d2[7, 8]}\n"
"(kernel 5):"
"topo2: {d2[1, 5], d2[3, 5], d2[1, 6], d2[3, 6], d2[1, 7], d2[3, 7], d2[1, \
8], d2[3, 8], d2[5, 6], d2[5, 7], d2[5, 8], d2[6, 7], d2[6, 8], d2[7, 8]}\n"
"(kernel 6):"
"topo2: {d2[1, 5], d2[3, 5], d2[1, 6], d2[3, 6], d2[1, 7], d2[3, 7], d2[1, \
8], d2[3, 8], d2[5, 6], d2[5, 7], d2[5, 8], d2[6, 7], d2[6, 8], d2[7, 8]}\n"
"(kernel 1):"
"Loops: {Subscript[x, 5], Subscript[x, 6], Subscript[x, 7], Subscript[x, 8]}. \
There are totally 16 regions.\n"
"(kernel 2):"
"Loops: {Subscript[x, 5], Subscript[x, 6], Subscript[x, 7], Subscript[x, 8]}. \
There are totally 16 regions.\n"
"(kernel 3):"
"Loops: {Subscript[x, 5], Subscript[x, 6], Subscript[x, 7], Subscript[x, 8]}. \
There are totally 16 regions.\n"
"(kernel 4):"
"Loops: {Subscript[x, 5], Subscript[x, 6], Subscript[x, 7], Subscript[x, 8]}. \
There are totally 16 regions.\n"
"(kernel 5):"
"Loops: {Subscript[x, 5], Subscript[x, 6], Subscript[x, 7], Subscript[x, 8]}. \
There are totally 16 regions.\n"
"(kernel 6):"
"Loops: {Subscript[x, 5], Subscript[x, 6], Subscript[x, 7], Subscript[x, 8]}. \
There are totally 16 regions.\n"
"(kernel 1):"
"classifying topologies: \n"
"(kernel 2):"
"classifying topologies: \n"
"(kernel 3):"
"classifying topologies: \n"
"(kernel 4):"
"classifying topologies: \n"
"(kernel 5):"
"classifying topologies: \n"
"(kernel 6):"
"classifying topologies: \n"
"(kernel 1):"
"region 1: total terms 70\n"
"(kernel 2):"
"region 1: total terms 70\n"
"(kernel 3):"
"region 1: total terms 70\n"
"(kernel 4):"
"region 1: total terms 70\n"
"(kernel 5):"
"region 1: total terms 70\n"
"(kernel 6):"
"region 1: total terms 210\n"
"(kernel 1):"
"region 2: total terms 210\n"
"(kernel 2):"
"region 2: total terms 495\n"
"(kernel 3):"
"region 2: total terms 495\n"
"(kernel 4):"
"region 2: total terms 495\n"
"(kernel 5):"
"region 2: total terms 495\n"
"(kernel 6):"
"region 2: total terms 495\n"
"(kernel 1):"
"region 3: total terms 210\n"
"(kernel 1):"
"region 4: total terms 495\n"
"(kernel 4):"
"region 3: total terms 450\n"
"(kernel 5):"
"region 3: total terms 935\n"
"(kernel 3):"
"region 3: total terms 935\n"
"(kernel 2):"
"region 3: total terms 935\n"
"(kernel 6):"
"region 3: total terms 1001\n"
"(kernel 1):"
"region 5: total terms 1001\n"
"(kernel 4):"
"region 4: total terms 1729\n"
"(kernel 5):"
"region 4: total terms 2821\n"
"(kernel 3):"
"region 4: total terms 2821\n"
"(kernel 2):"
"region 4: total terms 2821\n"
"(kernel 6):"
"region 4: total terms 1729\n"
"(kernel 1):"
"region 6: total terms 1729\n"
"(kernel 4):"
"region 5: total terms 495\n"
"(kernel 4):"
"region 6: total terms 1729\n"
"(kernel 1):"
"region 7: total terms 495\n"
"(kernel 6):"
"region 5: total terms 935\n"
"(kernel 5):"
"region 5: total terms 210\n"
"(kernel 3):"
"region 5: total terms 210\n"
"(kernel 5):"
"region 6: total terms 1001\n"
"(kernel 1):"
"region 8: total terms 935\n"
"(kernel 2):"
"region 5: total terms 210\n"
"(kernel 3):"
"region 6: total terms 1001\n"
"(kernel 6):"
"region 6: total terms 1729\n"
"(kernel 2):"
"region 6: total terms 1001\n"
"(kernel 4):"
"region 7: total terms 495\n"
"(kernel 5):"
"region 7: total terms 495\n"
"(kernel 1):"
"region 9: total terms 935\n"
"(kernel 3):"
"region 7: total terms 495\n"
"(kernel 4):"
"region 8: total terms 1729\n"
"(kernel 5):"
"region 8: total terms 1729\n"
"(kernel 1):"
"region 10: total terms 495\n"
"(kernel 2):"
"region 7: total terms 495\n"
"(kernel 3):"
"region 8: total terms 1729\n"
"(kernel 6):"
"region 7: total terms 1001\n"
"(kernel 1):"
"region 11: total terms 495\n"
"(kernel 2):"
"region 8: total terms 1729\n"
"(kernel 4):"
"region 9: total terms 495\n"
"(kernel 1):"
"region 12: total terms 210\n"
"(kernel 6):"
"region 8: total terms 1729\n"
"(kernel 5):"
"region 9: total terms 495\n"
"(kernel 1):"
"region 13: total terms 1729\n"
"(kernel 4):"
"region 10: total terms 495\n"
"(kernel 5):"
"region 10: total terms 495\n"
"(kernel 3):"
"region 9: total terms 1001\n"
"(kernel 4):"
"region 11: total terms 495\n"
"(kernel 5):"
"region 11: total terms 1001\n"
"(kernel 2):"
"region 9: total terms 495\n"
"(kernel 4):"
"region 12: total terms 495\n"
"(kernel 6):"
"region 9: total terms 935\n"
"(kernel 1):"
"region 14: total terms 1001\n"
"(kernel 2):"
"region 10: total terms 495\n"
"(kernel 3):"
"region 10: total terms 1001\n"
"(kernel 4):"
"region 13: total terms 495\n"
"(kernel 5):"
"region 12: total terms 1001\n"
"(kernel 4):"
"region 14: total terms 495\n"
"(kernel 6):"
"region 10: total terms 495\n"
"(kernel 2):"
"region 11: total terms 1001\n"
"(kernel 1):"
"region 15: total terms 210\n"
"(kernel 4):"
"region 15: total terms 70\n"
"(kernel 1):"
"region 16: total terms 70\n"
"(kernel 3):"
"region 11: total terms 1729\n"
"(kernel 4):"
"region 16: total terms 70\n"
"(kernel 5):"
"region 13: total terms 210\n"
"(kernel 6):"
"region 11: total terms 1001\n"
"(kernel 5):"
"region 14: total terms 210\n"
"(kernel 5):"
"region 15: total terms 70\n"
"(kernel 5):"
"region 16: total terms 70\n"
"(kernel 2):"
"region 12: total terms 1001\n"
"(kernel 6):"
"region 12: total terms 495\n"
"(kernel 3):"
"region 12: total terms 1729\n"
"(kernel 2):"
"region 13: total terms 210\n"
"(kernel 5):"
"projecting the tensor structure and performing the contraction...\n"
"(kernel 6):"
"region 13: total terms 935\n"
"(kernel 5):"
"total length: 721 split into number of chunks: 1\n"
"(kernel 5):"
"--- ProjectTensor Chunk 1/1 (Terms 1-721) Time: 155.326375 ---\n"
"(kernel 2):"
"region 14: total terms 210\n"
"(kernel 1):"
"projecting the tensor structure and performing the contraction...\n"
"(kernel 2):"
"region 15: total terms 70\n"
"(kernel 1):"
"total length: 1330 split into number of chunks: 2\n"
"(kernel 1):"
"--- ProjectTensor Chunk 1/2 (Terms 1-1000) Time: 155.57011 ---\n"
"(kernel 2):"
"region 16: total terms 70\n"
"(kernel 6):"
"region 14: total terms 495\n"
"(kernel 6):"
"region 15: total terms 210\n"
"(kernel 3):"
"region 13: total terms 495\n"
"(kernel 6):"
"region 16: total terms 70\n"
"(kernel 2):"
"projecting the tensor structure and performing the contraction...\n"
"(kernel 2):"
"total length: 616 split into number of chunks: 1\n"
"(kernel 2):"
"--- ProjectTensor Chunk 1/1 (Terms 1-616) Time: 156.159484 ---\n"
"(kernel 3):"
"region 14: total terms 495\n"
"(kernel 3):"
"region 15: total terms 210\n"
"(kernel 1):"
"    Working on Term 100/1330\n"
"(kernel 3):"
"region 16: total terms 210\n"
"(kernel 4):"
"projecting the tensor structure and performing the contraction...\n"
"(kernel 4):"
"total length: 2461 split into number of chunks: 3\n"
"(kernel 4):"
"--- ProjectTensor Chunk 1/3 (Terms 1-1000) Time: 156.728408 ---\n"
"(kernel 2):"
"    Working on Term 100/616\n"
"(kernel 4):"
"    Working on Term 100/2461\n"
"(kernel 1):"
"    Working on Term 200/1330\n"
"(kernel 5):"
"    Working on Term 100/721\n"
"(kernel 6):"
"projecting the tensor structure and performing the contraction...\n"
"(kernel 6):"
"total length: 2220 split into number of chunks: 3\n"
"(kernel 6):"
"--- ProjectTensor Chunk 1/3 (Terms 1-1000) Time: 158.131093 ---\n"
"(kernel 3):"
"projecting the tensor structure and performing the contraction...\n"
"(kernel 3):"
"total length: 1936 split into number of chunks: 2\n"
"(kernel 3):"
"--- ProjectTensor Chunk 1/2 (Terms 1-1000) Time: 158.543609 ---\n"
"(kernel 5):"
"    Working on Term 200/721\n"
"(kernel 1):"
"    Working on Term 300/1330\n"
"(kernel 6):"
"    Working on Term 100/2220\n"
"(kernel 4):"
"    Working on Term 200/2461\n"
"(kernel 2):"
"    Working on Term 200/616\n"
"(kernel 6):"
"    Working on Term 200/2220\n"
"(kernel 3):"
"    Working on Term 100/1936\n"
"(kernel 4):"
"    Working on Term 300/2461\n"
"(kernel 2):"
"    Working on Term 300/616\n"
"(kernel 4):"
"    Working on Term 400/2461\n"
"(kernel 6):"
"    Working on Term 300/2220\n"
"(kernel 1):"
"    Working on Term 400/1330\n"
"(kernel 5):"
"    Working on Term 300/721\n"
"(kernel 3):"
"    Working on Term 200/1936\n"
"(kernel 1):"
"    Working on Term 500/1330\n"
"(kernel 6):"
"    Working on Term 400/2220\n"
"(kernel 3):"
"    Working on Term 300/1936\n"
"(kernel 6):"
"    Working on Term 500/2220\n"
"(kernel 5):"
"    Working on Term 400/721\n"
"(kernel 6):"
"    Working on Term 600/2220\n"
"(kernel 3):"
"    Working on Term 400/1936\n"
"(kernel 6):"
"    Working on Term 700/2220\n"
"(kernel 2):"
"    Working on Term 400/616\n"
"(kernel 6):"
"    Working on Term 800/2220\n"
"(kernel 4):"
"    Working on Term 500/2461\n"
"(kernel 3):"
"    Working on Term 500/1936\n"
"(kernel 5):"
"    Working on Term 500/721\n"
"(kernel 1):"
"    Working on Term 600/1330\n"
"(kernel 6):"
"    Working on Term 900/2220\n"
"(kernel 3):"
"    Working on Term 600/1936\n"
"(kernel 3):"
"    Working on Term 700/1936\n"
"(kernel 2):"
"    Working on Term 500/616\n"
"(kernel 5):"
"    Working on Term 600/721\n"
"(kernel 3):"
"    Working on Term 800/1936\n"
"(kernel 6):"
"    Working on Term 1000/2220\n"
"(kernel 1):"
"    Working on Term 700/1330\n"
"(kernel 5):"
"    Working on Term 700/721\n"
"(kernel 2):"
"    Working on Term 600/616\n"
"(kernel 3):"
"    Working on Term 900/1936\n"
"(kernel 1):"
"    Working on Term 800/1330\n"
"(kernel 6):"
"--- ProjectTensor Chunk 2/3 (Terms 1001-2000) Time: 178.014666 ---\n"
"(kernel 3):"
"    Working on Term 1000/1936\n"
"(kernel 1):"
"    Working on Term 900/1330\n"
"(kernel 6):"
"    Working on Term 1100/2220\n"
"(kernel 5):"
"fourloopI983124: tensor reduction finished!\n"
"(kernel 4):"
"    Working on Term 600/2461\n"
"(kernel 6):"
"    Working on Term 1200/2220\n"
"(kernel 1):"
"    Working on Term 1000/1330\n"
"(kernel 6):"
"    Working on Term 1300/2220\n"
"(kernel 3):"
"--- ProjectTensor Chunk 2/2 (Terms 1001-1936) Time: 183.245264 ---\n"
"(kernel 6):"
"    Working on Term 1400/2220\n"
"(kernel 3):"
"    Working on Term 1100/1936\n"
"(kernel 2):"
"fourloopI982134: tensor reduction finished!\n"
"(kernel 4):"
"    Working on Term 700/2461\n"
"(kernel 3):"
"    Working on Term 1200/1936\n"
"(kernel 4):"
"    Working on Term 800/2461\n"
"(kernel 3):"
"    Working on Term 1300/1936\n"
"(kernel 3):"
"    Working on Term 1400/1936\n"
"(kernel 4):"
"    Working on Term 900/2461\n"
"(kernel 6):"
"    Working on Term 1500/2220\n"
"(kernel 4):"
"    Working on Term 1000/2461\n"
"(kernel 6):"
"    Working on Term 1600/2220\n"
"(kernel 6):"
"    Working on Term 1700/2220\n"
"(kernel 3):"
"    Working on Term 1500/1936\n"
"(kernel 3):"
"    Working on Term 1600/1936\n"
"(kernel 6):"
"    Working on Term 1800/2220\n"
"(kernel 3):"
"    Working on Term 1700/1936\n"
"(kernel 3):"
"    Working on Term 1800/1936\n"
"(kernel 6):"
"    Working on Term 1900/2220\n"
"(kernel 4):"
"--- ProjectTensor Chunk 2/3 (Terms 1001-2000) Time: 196.124599 ---\n"
"(kernel 3):"
"    Working on Term 1900/1936\n"
"(kernel 4):"
"    Working on Term 1100/2461\n"
"(kernel 4):"
"    Working on Term 1200/2461\n"
"(kernel 6):"
"    Working on Term 2000/2220\n"
"(kernel 4):"
"    Working on Term 1300/2461\n"
"(kernel 4):"
"    Working on Term 1400/2461\n"
"(kernel 3):"
"fourloopI981324: tensor reduction finished!\n"
"(kernel 6):"
"--- ProjectTensor Chunk 3/3 (Terms 2001-2220) Time: 203.913762 ---\n"
"(kernel 6):"
"    Working on Term 2100/2220\n"
"(kernel 6):"
"    Working on Term 2200/2220\n"
"(kernel 1):"
"--- ProjectTensor Chunk 2/2 (Terms 1001-1330) Time: 205.754841 ---\n"
"(kernel 6):"
"fourloopI983214: tensor reduction finished!\n"
"(kernel 4):"
"    Working on Term 1500/2461\n"
"(kernel 4):"
"    Working on Term 1600/2461\n"
"(kernel 4):"
"    Working on Term 1700/2461\n"
"(kernel 1):"
"    Working on Term 1100/1330\n"
"(kernel 1):"
"    Working on Term 1200/1330\n"
"(kernel 1):"
"    Working on Term 1300/1330\n"
"(kernel 4):"
"    Working on Term 1800/2461\n"
"(kernel 4):"
"    Working on Term 1900/2461\n"
"(kernel 1):"
"fourloopI981234: tensor reduction finished!\n"
"(kernel 4):"
"    Working on Term 2000/2461\n"
"(kernel 4):"
"--- ProjectTensor Chunk 3/3 (Terms 2001-2461) Time: 225.338031 ---\n"
"(kernel 4):"
"    Working on Term 2100/2461\n"
"(kernel 4):"
"    Working on Term 2200/2461\n"
"(kernel 4):"
"    Working on Term 2300/2461\n"
"(kernel 4):"
"    Working on Term 2400/2461\n"
"(kernel 4):"
"fourloopI982314: tensor reduction finished!\n"
"basischange loaded!"
"reduced results loaded!"

FrontEndObject::notavail: 
   A front end is not available; certain operations require a front end.
"MIs: "{j[asym, 0, 1, 1, 0, 1, 1, 1, 1, 1, 0, 1, 1, 0, 0], 
   j[asym, 0, 0, 0, 1, 1, 1, 1, 1, 1, 1, 1, 0, 0, 0], 
   j[asym, 0, 0, 0, 1, 1, 0, 1, 1, 1, 1, 1, 1, 0, 0], 
   j[asym, 0, 1, 1, 0, 1, 1, 1, 1, 1, 0, 0, 0, 0, 0], 
   j[asym, 0, 1, 0, 1, 1, 0, 1, 1, 0, 1, 0, 1, 0, 0], 
   j[asym, 0, 1, 0, 1, 1, 0, 1, 0, 0, 0, 1, 1, 1, 0], 
   j[asym, 0, 1, 0, 1, 0, 1, 1, 0, 0, 0, 1, 0, 1, 1], 
   j[asym, 0, 0, 0, 1, 1, 0, 1, 1, 0, 1, 1, 1, 0, 0], 
   j[asym, 0, 0, 0, 0, 1, 1, 1, 1, 1, 0, 1, 1, 0, 0], 
   j[asym, 0, 1, 0, 1, 1, 0, 1, 0, 0, 0, 1, 1, 0, 0], 
   j[asym, 0, 0, 0, 1, 1, 0, 1, 1, 1, 1, 0, 0, 0, 0], 
   j[asym, 0, 0, 0, 1, 0, 1, 1, 0, 0, 1, 1, 0, 1, 0], 
   j[asym, 0, 0, 0, 0, 0, 1, 1, 0, 0, 1, 1, 1, 1, 0], 
   j[asym, 0, 0, 0, 0, 0, 1, 1, 0, 1, 0, 1, 1, 0, 0]}

FrontEndObject::notavail: 
   A front end is not available; certain operations require a front end.

General::stop: Further output of FrontEndObject::notavail
     will be suppressed during this calculation.
