Root: /Users/windfolgen/Documents/AntiGravity/svbwalkthrough
Run:  /Users/windfolgen/Documents/AntiGravity/svbwalkthrough/runs/threeloophard2/
Logging initialized. Writing to console and: /Users/windfolgen/Documents/AntiGravity/svbwalkthrough/logs/threeloophard2.log
Ansatz length: 43
basisSV length: 510
SVHPL in ansatz: 70 (of 510)
MPL in ansatz: 75 (of 82), basis: allsvlistmpl_threeloop
Conformal weight n = 2
Review agent loaded from /Users/windfolgen/Documents/AntiGravity/svbwalkthrough/audit_agent/audit_agent.wl
Audit: disabled (audit_agent.wl not found)

=== SKILL 2: Boundary Conditions ===
Boundary files already exist for 'threeloophard2' in '/Users/windfolgen/Documents/AntiGravity/svbwalkthrough/asym/boundary_agent'. Skipping computation.
[ReviewGate] boundary stage: PASS (PASS:6 WARN:0 FAIL:0)

=== Loading targetData ===
  targetData[[1]] loaded from threeloophard21234
  targetData[[2]] loaded from threeloophard22134
  targetData[[3]] loaded from threeloophard21324
  targetData[[4]] loaded from threeloophard22314
  targetData[[5]] loaded from threeloophard23124
  targetData[[6]] loaded from threeloophard23214

=== SKILL 1: Series Expansion ===
[ReviewGate] series stage: FAIL (PASS:0 WARN:0 FAIL:12)
[ReviewGate]  FAIL details: {<|Status -> FAIL, Check -> series-file-missing-svlist-e0uv, Message -> Missing: /Users/windfolgen/Documents/AntiGravity/svbwalkthrough/series_agent/threeloophard2_svliste0uv.m|>, <|Status -> FAIL, Check -> series-file-missing-svlistmpl-e0uv, Message -> Missing: /Users/windfolgen/Documents/AntiGravity/svbwalkthrough/series_agent/threeloophard2_svlistmple0uv.m|>, <|Status -> FAIL, Check -> series-file-missing-svlist-e0uvp, Message -> Missing: /Users/windfolgen/Documents/AntiGravity/svbwalkthrough/series_agent/threeloophard2_svliste0uvp.m|>, <|Status -> FAIL, Check -> series-file-missing-svlistmpl-e0uvp, Message -> Missing: /Users/windfolgen/Documents/AntiGravity/svbwalkthrough/series_agent/threeloophard2_svlistmple0uvp.m|>, <|Status -> FAIL, Check -> series-file-missing-svlist-einfuv, Message -> Missing: /Users/windfolgen/Documents/AntiGravity/svbwalkthrough/series_agent/threeloophard2_svlisteinfuv.m|>, <|Status -> FAIL, Check -> series-file-missing-svlistmpl-einfuv, Message -> Missing: /Users/windfolgen/Documents/AntiGravity/svbwalkthrough/series_agent/threeloophard2_svlistmpleinfuv.m|>, <|Status -> FAIL, Check -> series-file-missing-svlist-einfuvp, Message -> Missing: /Users/windfolgen/Documents/AntiGravity/svbwalkthrough/series_agent/threeloophard2_svlisteinfuvp.m|>, <|Status -> FAIL, Check -> series-file-missing-svlistmpl-einfuvp, Message -> Missing: /Users/windfolgen/Documents/AntiGravity/svbwalkthrough/series_agent/threeloophard2_svlistmpleinfuvp.m|>, <|Status -> FAIL, Check -> series-file-missing-svlist-e1uv, Message -> Missing: /Users/windfolgen/Documents/AntiGravity/svbwalkthrough/series_agent/threeloophard2_svliste1uv.m|>, <|Status -> FAIL, Check -> series-file-missing-svlistmpl-e1uv, Message -> Missing: /Users/windfolgen/Documents/AntiGravity/svbwalkthrough/series_agent/threeloophard2_svlistmple1uv.m|>, <|Status -> FAIL, Check -> series-file-missing-svlist-e1uvp, Message -> Missing: /Users/windfolgen/Documents/AntiGravity/svbwalkthrough/series_agent/threeloophard2_svliste1uvp.m|>, <|Status -> FAIL, Check -> series-file-missing-svlistmpl-e1uvp, Message -> Missing: /Users/windfolgen/Documents/AntiGravity/svbwalkthrough/series_agent/threeloophard2_svlistmple1uvp.m|>}

=== SKILL 3: Coefficient Solving ===
[Skill 3] $LEN=43 $Order=3 SV=70 MPL=75
[Skill 3] Y=InputForm[Y]

Import::nffil: File /Users/windfolgen/Documents/AntiGravity/svbwalkthrough/series_agent/threeloophard2_svliste0uv.m not found during Import.

Import::nffil: File /Users/windfolgen/Documents/AntiGravity/svbwalkthrough/series_agent/threeloophard2_svlistmple0uv.m not found during Import.
[DBG] After svrep, Y=InputForm[Y]
[Skill 3] Limit 1 (e0uv): equations=
  system size after limit 1: 2 vars: 28

Solve::svars: Equations may not give solutions for all "solve" variables.

Import::nffil: File /Users/windfolgen/Documents/AntiGravity/svbwalkthrough/series_agent/threeloophard2_svliste0uvp.m not found during Import.

General::stop: Further output of Import::nffil will be suppressed during this calculation.
[DBG] After svrep, Y=InputForm[Y]
[Skill 3] Limit 2 (e0uvp): equations=
  no new equations from limit 2
[DBG] After svrep, Y=InputForm[Y]
[Skill 3] Limit 3 (einfuv): equations=
  no new equations from limit 3
[DBG] After svrep, Y=InputForm[Y]
[Skill 3] Limit 4 (einfuvp): equations=
  no new equations from limit 4
[DBG] After svrep, Y=InputForm[Y]
[Skill 3] Limit 5 (e1uv): equations=
  no new equations from limit 5
[DBG] After svrep, Y=InputForm[Y]
[Skill 3] Limit 6 (e1uvp): equations=
  no new equations from limit 6
Solution written to /Users/windfolgen/Documents/AntiGravity/svbwalkthrough/solve_agent/threeloophard2_sol.m
Limit 1 mismatch: InputForm[(-25920 + 2*(12960 + 9072*Y + 6911*Y^2 + 5611*Y^3)*Log[u] - 6*(1296 + 1080*Y + 901*Y^2 + 773*Y^3)*Log[u]^2 + 12*(72 + 72*Y + 67*Y^2 + 62*Y^3)*Log[u]^3 - 2592*Y*(5 + 2*Zeta[3]) - Y^3*(5399 + 4464*Zeta[3]) - Y^2*(7883 + 4824*Zeta[3]))/1296]
Limit 2 mismatch: InputForm[(-25920 + 2*(12960 + 9072*Y + 6911*Y^2 + 5611*Y^3)*Log[u] - 6*(1296 + 1080*Y + 901*Y^2 + 773*Y^3)*Log[u]^2 + 12*(72 + 72*Y + 67*Y^2 + 62*Y^3)*Log[u]^3 - 2592*Y*(5 + 2*Zeta[3]) - Y^3*(5399 + 4464*Zeta[3]) - Y^2*(7883 + 4824*Zeta[3]))/1296]
Limit 3 mismatch: InputForm[(20 + (119*Y)/8 + (22957*Y^2)/1944 + (613685*Y^3)/62208)*Log[u] - ((20736 + 16848*Y + 14008*Y^2 + 12061*Y^3)*Log[u]^2)/5184 + ((1728 + 1512*Y + 1288*Y^2 + 1117*Y^3)*Log[u]^3)/5184 + 20*(-2 + Zeta[3]) + Y*(-215/8 + 14*Zeta[3]) + (Y^2*(-29339 + 17388*Zeta[3]))/1458 + (Y^3*(-6026015 + 3860352*Zeta[3]))/373248]
Limit 4 mismatch: InputForm[(20 + (137*Y)/8 + (14273*Y^2)/972 + (268025*Y^3)/20736)*Log[u] + (-4 - (15*Y)/4 - (539*Y^2)/162 - (5125*Y^3)/1728)*Log[u]^2 + (1/3 + (3*Y)/8 + (121*Y^2)/324 + (625*Y^3)/1728)*Log[u]^3 + 20*(-2 + Zeta[3]) + Y*(-265/8 + 18*Zeta[3]) + (Y^2*(-82735 + 52272*Zeta[3]))/2916 + (5*Y^3*(-624559 + 432000*Zeta[3]))/124416]
Limit 5 mismatch: InputForm[(20 + (119*Y)/8 + (22957*Y^2)/1944 + (613685*Y^3)/62208)*Log[u] - ((20736 + 16848*Y + 14008*Y^2 + 12061*Y^3)*Log[u]^2)/5184 + ((1728 + 1512*Y + 1288*Y^2 + 1117*Y^3)*Log[u]^3)/5184 + 20*(-2 + Zeta[3]) + Y*(-215/8 + 14*Zeta[3]) + (Y^2*(-29339 + 17388*Zeta[3]))/1458 + (Y^3*(-6026015 + 3860352*Zeta[3]))/373248]
Limit 6 mismatch: InputForm[(20 + (137*Y)/8 + (14273*Y^2)/972 + (268025*Y^3)/20736)*Log[u] + (-4 - (15*Y)/4 - (539*Y^2)/162 - (5125*Y^3)/1728)*Log[u]^2 + (1/3 + (3*Y)/8 + (121*Y^2)/324 + (625*Y^3)/1728)*Log[u]^3 + 20*(-2 + Zeta[3]) + Y*(-265/8 + 18*Zeta[3]) + (Y^2*(-82735 + 52272*Zeta[3]))/2916 + (5*Y^3*(-624559 + 432000*Zeta[3]))/124416]
[ReviewGate] solve stage: PASS (PASS:1 WARN:0 FAIL:0)

=== VERIFY ===
Solved 43 coefficients
Sample: {c[1] -> c$5138[1], c[2] -> c$5138[2], c[3] -> c$5138[3], c[4] -> c$5138[4], c[5] -> c$5138[5]}

=== SAVE RESULT ===
Result saved to /Users/windfolgen/Documents/AntiGravity/svbwalkthrough/runs/threeloophard2/result.m
Solved coefficients saved to /Users/windfolgen/Documents/AntiGravity/svbwalkthrough/solve_agent/threeloophard2_sol.m

Run complete.
