"=== Starting Unified Workflow Engine for: ""threeloophard2"" ==="
"Start Date and Time: ""Mon 8 Jun 2026 19:02:21"

FrontEndObject::notavail: 
   A front end is not available; certain operations require a front end.
"**************** "Style["LiteRed v2.025\[Beta]", 
   {Bold, RGBColor[1, 1/3, 1/3]}]" ********************\nAuthor: Roman N. \
Lee, Budker Institute of Nuclear Physics, Novosibirsk.\nRelease Date: \
????-??-??\nTimestamp: Tue 25 Feb 2025 15:30:30\nRead \
from:/Users/windfolgen/GitRepos/LiteRed2/Source/LiteRed2025.m \
(CRC32:2205507540,{2340977437, 3317197336, 1063727846})\n\nLiteRed stands for \
"Style["L", {RGBColor[1, 1/3, 1/3]}]"oop "Style["i", {RGBColor[1, 1/3, 1/3]}]
  "n"Style["te", {RGBColor[1, 1/3, 1/3]}]"grals "
  Style["Red", {RGBColor[1, 1/3, 1/3]}]
  "uction.\nThe package is designed for the search and application of the \
Integration-By-Part reduction rules. It also contains some other useful \
tools.\n\nSee ?LiteRed`* for a list of functions. "
"Review agent loaded from ""/Users/windfolgen/Documents/AntiGravity/svbwalkth\
rough/audit_agent/audit_agent.wl"
"[ReviewGate] ""preflight"" stage: ""PASS"" (PASS:"2" WARN:"0" FAIL:"0")"
"  Conformal weight n = "2
"  Checking for boundary target data..."
"[ReviewGate] ""preboundary"" stage: ""PASS"" (PASS:"10" WARN:"0" FAIL:"0")"
"[Boundary Cache Hit Warning] Matches pattern '""threeloophard2_comp1_"
  "', but some boundary files were missing on disk under "
  "/Users/windfolgen/Documents/AntiGravity/svbwalkthrough/asym/boundary_agent"
"Executing\n"HoldForm[sp[p, p] = u; ]
"IBP output redirected to: ""/Users/windfolgen/Documents/aether/svbwalkthroug\
h_ibp"
"=== Running Parallel Expansion for ""threeloophard2_comp1_"" with "6" \
permutations ==="
"Permutation "{1, 2, 3, 4}" -> chosen equivalent permutation "{1, 2, 3, 4}" ("
  145" terms)"
"Permutation "{2, 1, 3, 4}" -> chosen equivalent permutation "{2, 1, 3, 4}" ("
  145" terms)"
"Permutation "{1, 3, 2, 4}" -> chosen equivalent permutation "{2, 4, 1, 3}" ("
  125" terms)"
"Permutation "{2, 3, 1, 4}" -> chosen equivalent permutation "{4, 1, 3, 2}" ("
  110" terms)"
"Permutation "{3, 1, 2, 4}" -> chosen equivalent permutation "{4, 2, 1, 3}" ("
  125" terms)"
"Permutation "{3, 2, 1, 4}" -> chosen equivalent permutation "{1, 4, 3, 2}" ("
  110" terms)"
"(kernel 1):"
"threeloophard2_comp1_1234: no tensor reduced results found. Starting \
reduction...\n"
"(kernel 2):"
"threeloophard2_comp1_2134: no tensor reduced results found. Starting \
reduction...\n"
"(kernel 3):"
"threeloophard2_comp1_1324: no tensor reduced results found. Starting \
reduction...\n"
"(kernel 4):"
"threeloophard2_comp1_2314: no tensor reduced results found. Starting \
reduction...\n"
"(kernel 5):"
"threeloophard2_comp1_3124: no tensor reduced results found. Starting \
reduction...\n"
"(kernel 6):"
"threeloophard2_comp1_3214: no tensor reduced results found. Starting \
reduction...\n"
"(kernel 1):"
"set 1 to 0, 4 to infinity.\n"
"(kernel 2):"
"set 1 to 0, 4 to infinity.\n"
"(kernel 3):"
"set 1 to 0, 4 to infinity.\n"
"(kernel 4):"
"set 1 to 0, 4 to infinity.\n"
"(kernel 5):"
"set 1 to 0, 4 to infinity.\n"
"(kernel 6):"
"set 1 to 0, 4 to infinity.\n"
"(kernel 1):"
"performing region expansion...\n"
"(kernel 2):"
"performing region expansion...\n"
"(kernel 3):"
"performing region expansion...\n"
"(kernel 4):"
"performing region expansion...\n"
"(kernel 5):"
"performing region expansion...\n"
"(kernel 6):"
"performing region expansion...\n"
"(kernel 1):"
"topology: {d2[1, 5], d2[2, 5], d2[3, 5], d2[1, 6], d2[2, 6], d2[3, 6], d2[1, \
7], d2[2, 7], d2[3, 7], d2[5, 6], d2[5, 7], d2[6, 7]} can be split into\n"
"(kernel 2):"
"topology: {d2[1, 5], d2[2, 5], d2[3, 5], d2[1, 6], d2[2, 6], d2[3, 6], d2[1, \
7], d2[2, 7], d2[3, 7], d2[5, 6], d2[5, 7], d2[6, 7]} can be split into\n"
"(kernel 3):"
"topology: {d2[1, 5], d2[2, 5], d2[3, 5], d2[1, 6], d2[2, 6], d2[3, 6], d2[1, \
7], d2[2, 7], d2[3, 7], d2[5, 6], d2[5, 7], d2[6, 7]} can be split into\n"
"(kernel 4):"
"topology: {d2[1, 5], d2[2, 5], d2[3, 5], d2[1, 6], d2[2, 6], d2[3, 6], d2[1, \
7], d2[2, 7], d2[3, 7], d2[5, 6], d2[5, 7], d2[6, 7]} can be split into\n"
"(kernel 5):"
"topology: {d2[1, 5], d2[2, 5], d2[3, 5], d2[1, 6], d2[2, 6], d2[3, 6], d2[1, \
7], d2[2, 7], d2[3, 7], d2[5, 6], d2[5, 7], d2[6, 7]} can be split into\n"
"(kernel 6):"
"topology: {d2[1, 5], d2[2, 5], d2[3, 5], d2[1, 6], d2[2, 6], d2[3, 6], d2[1, \
7], d2[2, 7], d2[3, 7], d2[5, 6], d2[5, 7], d2[6, 7]} can be split into\n"
"(kernel 1):"
"topo1: {d2[1, 5], d2[2, 5], d2[1, 6], d2[2, 6], d2[1, 7], d2[2, 7], d2[5, \
6], d2[5, 7], d2[6, 7]}\n"
"(kernel 2):"
"topo1: {d2[1, 5], d2[2, 5], d2[1, 6], d2[2, 6], d2[1, 7], d2[2, 7], d2[5, \
6], d2[5, 7], d2[6, 7]}\n"
"(kernel 3):"
"topo1: {d2[1, 5], d2[2, 5], d2[1, 6], d2[2, 6], d2[1, 7], d2[2, 7], d2[5, \
6], d2[5, 7], d2[6, 7]}\n"
"(kernel 4):"
"topo1: {d2[1, 5], d2[2, 5], d2[1, 6], d2[2, 6], d2[1, 7], d2[2, 7], d2[5, \
6], d2[5, 7], d2[6, 7]}\n"
"(kernel 5):"
"topo1: {d2[1, 5], d2[2, 5], d2[1, 6], d2[2, 6], d2[1, 7], d2[2, 7], d2[5, \
6], d2[5, 7], d2[6, 7]}\n"
"(kernel 6):"
"topo1: {d2[1, 5], d2[2, 5], d2[1, 6], d2[2, 6], d2[1, 7], d2[2, 7], d2[5, \
6], d2[5, 7], d2[6, 7]}\n"
"(kernel 1):"
"topo2: {d2[1, 5], d2[3, 5], d2[1, 6], d2[3, 6], d2[1, 7], d2[3, 7], d2[5, \
6], d2[5, 7], d2[6, 7]}\n"
"(kernel 2):"
"topo2: {d2[1, 5], d2[3, 5], d2[1, 6], d2[3, 6], d2[1, 7], d2[3, 7], d2[5, \
6], d2[5, 7], d2[6, 7]}\n"
"(kernel 3):"
"topo2: {d2[1, 5], d2[3, 5], d2[1, 6], d2[3, 6], d2[1, 7], d2[3, 7], d2[5, \
6], d2[5, 7], d2[6, 7]}\n"
"(kernel 4):"
"topo2: {d2[1, 5], d2[3, 5], d2[1, 6], d2[3, 6], d2[1, 7], d2[3, 7], d2[5, \
6], d2[5, 7], d2[6, 7]}\n"
"(kernel 5):"
"topo2: {d2[1, 5], d2[3, 5], d2[1, 6], d2[3, 6], d2[1, 7], d2[3, 7], d2[5, \
6], d2[5, 7], d2[6, 7]}\n"
"(kernel 6):"
"topo2: {d2[1, 5], d2[3, 5], d2[1, 6], d2[3, 6], d2[1, 7], d2[3, 7], d2[5, \
6], d2[5, 7], d2[6, 7]}\n"
"(kernel 1):"
"Loops: {Subscript[x, 5], Subscript[x, 6], Subscript[x, 7]}. There are \
totally 8 regions.\n"
"(kernel 2):"
"Loops: {Subscript[x, 5], Subscript[x, 6], Subscript[x, 7]}. There are \
totally 8 regions.\n"
"(kernel 3):"
"Loops: {Subscript[x, 5], Subscript[x, 6], Subscript[x, 7]}. There are \
totally 8 regions.\n"
"(kernel 4):"
"Loops: {Subscript[x, 5], Subscript[x, 6], Subscript[x, 7]}. There are \
totally 8 regions.\n"
"(kernel 5):"
"Loops: {Subscript[x, 5], Subscript[x, 6], Subscript[x, 7]}. There are \
totally 8 regions.\n"
"(kernel 6):"
"Loops: {Subscript[x, 5], Subscript[x, 6], Subscript[x, 7]}. There are \
totally 8 regions.\n"
"(kernel 1):"
"classifying topologies: \n"
"(kernel 2):"
"classifying topologies: \n"
"(kernel 3):"
"classifying topologies: \n"
"(kernel 4):"
"classifying topologies: \n"
"(kernel 5):"
"classifying topologies: \n"
"(kernel 6):"
"classifying topologies: \n"
"(kernel 1):"
"region 1: total terms 35\n"
"(kernel 2):"
"region 1: total terms 35\n"
"(kernel 3):"
"region 1: total terms 35\n"
"(kernel 4):"
"region 1: total terms 35\n"
"(kernel 5):"
"region 1: total terms 35\n"
"(kernel 6):"
"region 1: total terms 35\n"
"(kernel 1):"
"region 2: total terms 84\n"
"(kernel 2):"
"region 2: total terms 84\n"
"(kernel 3):"
"region 2: total terms 84\n"
"(kernel 4):"
"region 2: total terms 165\n"
"(kernel 5):"
"region 2: total terms 84\n"
"(kernel 6):"
"region 2: total terms 165\n"
"(kernel 1):"
"region 3: total terms 165\n"
"(kernel 2):"
"region 3: total terms 165\n"
"(kernel 3):"
"region 3: total terms 84\n"
"(kernel 4):"
"region 3: total terms 165\n"
"(kernel 5):"
"region 3: total terms 84\n"
"(kernel 6):"
"region 3: total terms 165\n"
"(kernel 1):"
"region 4: total terms 84\n"
"(kernel 2):"
"region 4: total terms 84\n"
"(kernel 3):"
"region 4: total terms 35\n"
"(kernel 5):"
"region 4: total terms 35\n"
"(kernel 6):"
"region 4: total terms 165\n"
"(kernel 3):"
"region 5: total terms 165\n"
"(kernel 5):"
"region 5: total terms 165\n"
"(kernel 1):"
"region 5: total terms 84\n"
"(kernel 2):"
"region 5: total terms 84\n"
"(kernel 3):"
"region 6: total terms 84\n"
"(kernel 4):"
"region 4: total terms 165\n"
"(kernel 5):"
"region 6: total terms 84\n"
"(kernel 1):"
"region 6: total terms 35\n"
"(kernel 2):"
"region 6: total terms 35\n"
"(kernel 6):"
"region 5: total terms 35\n"
"(kernel 1):"
"region 7: total terms 275\n"
"(kernel 3):"
"region 7: total terms 275\n"
"(kernel 4):"
"region 5: total terms 35\n"
"(kernel 6):"
"region 6: total terms 35\n"
"(kernel 2):"
"region 7: total terms 275\n"
"(kernel 4):"
"region 6: total terms 35\n"
"(kernel 5):"
"region 7: total terms 275\n"
"(kernel 6):"
"region 7: total terms 165\n"
"(kernel 4):"
"region 7: total terms 165\n"
"(kernel 1):"
"region 8: total terms 35\n"
"(kernel 3):"
"region 8: total terms 35\n"
"(kernel 5):"
"region 8: total terms 35\n"
"(kernel 6):"
"region 8: total terms 35\n"
"(kernel 2):"
"region 8: total terms 35\n"
"(kernel 4):"
"region 8: total terms 35\n"
"(kernel 3):"
"projecting the tensor structure and performing the contraction...\n"
"(kernel 6):"
"projecting the tensor structure and performing the contraction...\n"
"(kernel 1):"
"projecting the tensor structure and performing the contraction...\n"
"(kernel 5):"
"projecting the tensor structure and performing the contraction...\n"
"(kernel 4):"
"projecting the tensor structure and performing the contraction...\n"
"(kernel 2):"
"projecting the tensor structure and performing the contraction...\n"
"(kernel 3):"
"total length: 125 split into number of chunks: 1\n"
"(kernel 1):"
"total length: 145 split into number of chunks: 1\n"
"(kernel 3):"
"--- ProjectTensor Chunk 1/1 (Terms 1-125) Time: 6.925067 ---\n"
"(kernel 6):"
"total length: 110 split into number of chunks: 1\n"
"(kernel 1):"
"--- ProjectTensor Chunk 1/1 (Terms 1-145) Time: 6.945325 ---\n"
"(kernel 5):"
"total length: 125 split into number of chunks: 1\n"
"(kernel 6):"
"--- ProjectTensor Chunk 1/1 (Terms 1-110) Time: 6.914613 ---\n"
"(kernel 2):"
"total length: 145 split into number of chunks: 1\n"
"(kernel 4):"
"total length: 110 split into number of chunks: 1\n"
"(kernel 5):"
"--- ProjectTensor Chunk 1/1 (Terms 1-125) Time: 6.928429 ---\n"
"(kernel 2):"
"--- ProjectTensor Chunk 1/1 (Terms 1-145) Time: 6.966246 ---\n"
"(kernel 4):"
"--- ProjectTensor Chunk 1/1 (Terms 1-110) Time: 6.949648 ---\n"
"(kernel 6):"
"    Working on Term 100/110\n"
"(kernel 4):"
"    Working on Term 100/110\n"
"(kernel 3):"
"    Working on Term 100/125\n"
"(kernel 5):"
"    Working on Term 100/125\n"
"(kernel 6):"
"threeloophard2_comp1_3214: tensor reduction finished!\n"
"(kernel 4):"
"threeloophard2_comp1_2314: tensor reduction finished!\n"
"(kernel 2):"
"    Working on Term 100/145\n"
"(kernel 1):"
"    Working on Term 100/145\n"
"(kernel 3):"
"threeloophard2_comp1_1324: tensor reduction finished!\n"
"(kernel 5):"
"threeloophard2_comp1_3124: tensor reduction finished!\n"
"(kernel 2):"
"threeloophard2_comp1_2134: tensor reduction finished!\n"
"(kernel 1):"
"threeloophard2_comp1_1234: tensor reduction finished!\n"
"basischange loaded!"
"reduced results loaded!"

FrontEndObject::notavail: 
   A front end is not available; certain operations require a front end.
"MIs: "{}

FrontEndObject::notavail: 
   A front end is not available; certain operations require a front end.

General::stop: Further output of FrontEndObject::notavail
     will be suppressed during this calculation.
"MIs: "{}
"MIs: "{}
"MIs: "{}
"target integrals reduced! time: "12.26979`7.239352127582497
"(kernel 2):"
"threeloophard2_comp1_2134: series expansion finished!\n"
"(kernel 1):"
"threeloophard2_comp1_1234: series expansion finished!\n"
"(kernel 4):"
"threeloophard2_comp1_2314: series expansion finished!\n"
"(kernel 6):"
"threeloophard2_comp1_3214: series expansion finished!\n"
"(kernel 3):"
"threeloophard2_comp1_1324: series expansion finished!\n"
"(kernel 5):"
"threeloophard2_comp1_3124: series expansion finished!\n"
"[Global Cache] Merged and updated cache with "10" records."
"=== Done Parallel Expansion! time: "34.531887`7.688735308915179" ==="
"  Moved boundary output: ""threeloophard2_comp1_""1234"
"  Moved boundary output: ""threeloophard2_comp1_""2134"
"  Moved boundary output: ""threeloophard2_comp1_""1324"
"  Moved boundary output: ""threeloophard2_comp1_""2314"
"  Moved boundary output: ""threeloophard2_comp1_""3124"
"  Moved boundary output: ""threeloophard2_comp1_""3214"
"[Boundary Agent] Added new computed integrand to association: '"
  "threeloophard2_comp1_""'"
"Boundary condition files saved."
"Cached temporary results in ""/Users/windfolgen/Documents/AntiGravity/svbwal\
kthrough/asym/tmp"" can be reused for subsequent bootstrap problems."
"[Boundary Cache Hit Warning] Matches pattern '""threeloophard2_comp2_"
  "', but some boundary files were missing on disk under "
  "/Users/windfolgen/Documents/AntiGravity/svbwalkthrough/asym/boundary_agent"
"Executing nothing. Everything was already set?"
"IBP output redirected to: ""/Users/windfolgen/Documents/aether/svbwalkthroug\
h_ibp"
"=== Running Parallel Expansion for ""threeloophard2_comp2_"" with "6" \
permutations ==="
"Permutation "{1, 2, 3, 4}" -> chosen equivalent permutation "{1, 2, 3, 4}" ("
  145" terms)"
"Permutation "{2, 1, 3, 4}" -> chosen equivalent permutation "{2, 1, 3, 4}" ("
  145" terms)"
"Permutation "{1, 3, 2, 4}" -> chosen equivalent permutation "{2, 4, 1, 3}" ("
  125" terms)"
"Permutation "{2, 3, 1, 4}" -> chosen equivalent permutation "{4, 1, 3, 2}" ("
  110" terms)"
"Permutation "{3, 1, 2, 4}" -> chosen equivalent permutation "{4, 2, 1, 3}" ("
  125" terms)"
"Permutation "{3, 2, 1, 4}" -> chosen equivalent permutation "{1, 4, 3, 2}" ("
  110" terms)"
"(kernel 7):"
"threeloophard2_comp2_1234: no tensor reduced results found. Starting \
reduction...\n"
"(kernel 8):"
"threeloophard2_comp2_2134: no tensor reduced results found. Starting \
reduction...\n"
"(kernel 9):"
"threeloophard2_comp2_1324: no tensor reduced results found. Starting \
reduction...\n"
"(kernel 10):"
"threeloophard2_comp2_2314: no tensor reduced results found. Starting \
reduction...\n"
"(kernel 11):"
"threeloophard2_comp2_3124: no tensor reduced results found. Starting \
reduction...\n"
"(kernel 12):"
"threeloophard2_comp2_3214: no tensor reduced results found. Starting \
reduction...\n"
"(kernel 7):"
"set 1 to 0, 4 to infinity.\n"
"(kernel 8):"
"set 1 to 0, 4 to infinity.\n"
"(kernel 9):"
"set 1 to 0, 4 to infinity.\n"
"(kernel 10):"
"set 1 to 0, 4 to infinity.\n"
"(kernel 11):"
"set 1 to 0, 4 to infinity.\n"
"(kernel 12):"
"set 1 to 0, 4 to infinity.\n"
"(kernel 7):"
"performing region expansion...\n"
"(kernel 8):"
"performing region expansion...\n"
"(kernel 9):"
"performing region expansion...\n"
"(kernel 10):"
"performing region expansion...\n"
"(kernel 11):"
"performing region expansion...\n"
"(kernel 12):"
"performing region expansion...\n"
"(kernel 7):"
"topology: {d2[1, 5], d2[2, 5], d2[3, 5], d2[1, 6], d2[2, 6], d2[3, 6], d2[1, \
7], d2[2, 7], d2[3, 7], d2[5, 6], d2[5, 7], d2[6, 7]} can be split into\n"
"(kernel 8):"
"topology: {d2[1, 5], d2[2, 5], d2[3, 5], d2[1, 6], d2[2, 6], d2[3, 6], d2[1, \
7], d2[2, 7], d2[3, 7], d2[5, 6], d2[5, 7], d2[6, 7]} can be split into\n"
"(kernel 9):"
"topology: {d2[1, 5], d2[2, 5], d2[3, 5], d2[1, 6], d2[2, 6], d2[3, 6], d2[1, \
7], d2[2, 7], d2[3, 7], d2[5, 6], d2[5, 7], d2[6, 7]} can be split into\n"
"(kernel 10):"
"topology: {d2[1, 5], d2[2, 5], d2[3, 5], d2[1, 6], d2[2, 6], d2[3, 6], d2[1, \
7], d2[2, 7], d2[3, 7], d2[5, 6], d2[5, 7], d2[6, 7]} can be split into\n"
"(kernel 11):"
"topology: {d2[1, 5], d2[2, 5], d2[3, 5], d2[1, 6], d2[2, 6], d2[3, 6], d2[1, \
7], d2[2, 7], d2[3, 7], d2[5, 6], d2[5, 7], d2[6, 7]} can be split into\n"
"(kernel 12):"
"topology: {d2[1, 5], d2[2, 5], d2[3, 5], d2[1, 6], d2[2, 6], d2[3, 6], d2[1, \
7], d2[2, 7], d2[3, 7], d2[5, 6], d2[5, 7], d2[6, 7]} can be split into\n"
"(kernel 7):"
"topo1: {d2[1, 5], d2[2, 5], d2[1, 6], d2[2, 6], d2[1, 7], d2[2, 7], d2[5, \
6], d2[5, 7], d2[6, 7]}\n"
"(kernel 8):"
"topo1: {d2[1, 5], d2[2, 5], d2[1, 6], d2[2, 6], d2[1, 7], d2[2, 7], d2[5, \
6], d2[5, 7], d2[6, 7]}\n"
"(kernel 9):"
"topo1: {d2[1, 5], d2[2, 5], d2[1, 6], d2[2, 6], d2[1, 7], d2[2, 7], d2[5, \
6], d2[5, 7], d2[6, 7]}\n"
"(kernel 10):"
"topo1: {d2[1, 5], d2[2, 5], d2[1, 6], d2[2, 6], d2[1, 7], d2[2, 7], d2[5, \
6], d2[5, 7], d2[6, 7]}\n"
"(kernel 11):"
"topo1: {d2[1, 5], d2[2, 5], d2[1, 6], d2[2, 6], d2[1, 7], d2[2, 7], d2[5, \
6], d2[5, 7], d2[6, 7]}\n"
"(kernel 12):"
"topo1: {d2[1, 5], d2[2, 5], d2[1, 6], d2[2, 6], d2[1, 7], d2[2, 7], d2[5, \
6], d2[5, 7], d2[6, 7]}\n"
"(kernel 7):"
"topo2: {d2[1, 5], d2[3, 5], d2[1, 6], d2[3, 6], d2[1, 7], d2[3, 7], d2[5, \
6], d2[5, 7], d2[6, 7]}\n"
"(kernel 8):"
"topo2: {d2[1, 5], d2[3, 5], d2[1, 6], d2[3, 6], d2[1, 7], d2[3, 7], d2[5, \
6], d2[5, 7], d2[6, 7]}\n"
"(kernel 9):"
"topo2: {d2[1, 5], d2[3, 5], d2[1, 6], d2[3, 6], d2[1, 7], d2[3, 7], d2[5, \
6], d2[5, 7], d2[6, 7]}\n"
"(kernel 10):"
"topo2: {d2[1, 5], d2[3, 5], d2[1, 6], d2[3, 6], d2[1, 7], d2[3, 7], d2[5, \
6], d2[5, 7], d2[6, 7]}\n"
"(kernel 11):"
"topo2: {d2[1, 5], d2[3, 5], d2[1, 6], d2[3, 6], d2[1, 7], d2[3, 7], d2[5, \
6], d2[5, 7], d2[6, 7]}\n"
"(kernel 12):"
"topo2: {d2[1, 5], d2[3, 5], d2[1, 6], d2[3, 6], d2[1, 7], d2[3, 7], d2[5, \
6], d2[5, 7], d2[6, 7]}\n"
"(kernel 7):"
"Loops: {Subscript[x, 5], Subscript[x, 6], Subscript[x, 7]}. There are \
totally 8 regions.\n"
"(kernel 8):"
"Loops: {Subscript[x, 5], Subscript[x, 6], Subscript[x, 7]}. There are \
totally 8 regions.\n"
"(kernel 9):"
"Loops: {Subscript[x, 5], Subscript[x, 6], Subscript[x, 7]}. There are \
totally 8 regions.\n"
"(kernel 10):"
"Loops: {Subscript[x, 5], Subscript[x, 6], Subscript[x, 7]}. There are \
totally 8 regions.\n"
"(kernel 11):"
"Loops: {Subscript[x, 5], Subscript[x, 6], Subscript[x, 7]}. There are \
totally 8 regions.\n"
"(kernel 12):"
"Loops: {Subscript[x, 5], Subscript[x, 6], Subscript[x, 7]}. There are \
totally 8 regions.\n"
"(kernel 7):"
"classifying topologies: \n"
"(kernel 8):"
"classifying topologies: \n"
"(kernel 9):"
"classifying topologies: \n"
"(kernel 10):"
"classifying topologies: \n"
"(kernel 11):"
"classifying topologies: \n"
"(kernel 12):"
"classifying topologies: \n"
"(kernel 7):"
"region 1: total terms 35\n"
"(kernel 8):"
"region 1: total terms 35\n"
"(kernel 9):"
"region 1: total terms 35\n"
"(kernel 10):"
"region 1: total terms 35\n"
"(kernel 11):"
"region 1: total terms 35\n"
"(kernel 12):"
"region 1: total terms 35\n"
"(kernel 7):"
"region 2: total terms 84\n"
"(kernel 8):"
"region 2: total terms 84\n"
"(kernel 9):"
"region 2: total terms 84\n"
"(kernel 10):"
"region 2: total terms 165\n"
"(kernel 11):"
"region 2: total terms 84\n"
"(kernel 12):"
"region 2: total terms 165\n"
"(kernel 7):"
"region 3: total terms 84\n"
"(kernel 8):"
"region 3: total terms 84\n"
"(kernel 9):"
"region 3: total terms 165\n"
"(kernel 10):"
"region 3: total terms 35\n"
"(kernel 11):"
"region 3: total terms 165\n"
"(kernel 12):"
"region 3: total terms 35\n"
"(kernel 7):"
"region 4: total terms 35\n"
"(kernel 8):"
"region 4: total terms 35\n"
"(kernel 10):"
"region 4: total terms 35\n"
"(kernel 11):"
"region 4: total terms 84\n"
"(kernel 12):"
"region 4: total terms 35\n"
"(kernel 7):"
"region 5: total terms 165\n"
"(kernel 8):"
"region 5: total terms 165\n"
"(kernel 9):"
"region 4: total terms 84\n"
"(kernel 10):"
"region 5: total terms 165\n"
"(kernel 12):"
"region 5: total terms 165\n"
"(kernel 10):"
"region 6: total terms 165\n"
"(kernel 11):"
"region 5: total terms 84\n"
"(kernel 8):"
"region 6: total terms 84\n"
"(kernel 9):"
"region 5: total terms 84\n"
"(kernel 7):"
"region 6: total terms 84\n"
"(kernel 11):"
"region 6: total terms 35\n"
"(kernel 12):"
"region 6: total terms 165\n"
"(kernel 9):"
"region 6: total terms 35\n"
"(kernel 8):"
"region 7: total terms 275\n"
"(kernel 10):"
"region 7: total terms 165\n"
"(kernel 11):"
"region 7: total terms 275\n"
"(kernel 7):"
"region 7: total terms 275\n"
"(kernel 9):"
"region 7: total terms 275\n"
"(kernel 12):"
"region 7: total terms 165\n"
"(kernel 10):"
"region 8: total terms 35\n"
"(kernel 12):"
"region 8: total terms 35\n"
"(kernel 8):"
"region 8: total terms 35\n"
"(kernel 11):"
"region 8: total terms 35\n"
"(kernel 7):"
"region 8: total terms 35\n"
"(kernel 9):"
"region 8: total terms 35\n"
"(kernel 10):"
"projecting the tensor structure and performing the contraction...\n"
"(kernel 12):"
"projecting the tensor structure and performing the contraction...\n"
"(kernel 10):"
"total length: 110 split into number of chunks: 1\n"
"(kernel 11):"
"projecting the tensor structure and performing the contraction...\n"
"(kernel 8):"
"projecting the tensor structure and performing the contraction...\n"
"(kernel 9):"
"projecting the tensor structure and performing the contraction...\n"
"(kernel 10):"
"--- ProjectTensor Chunk 1/1 (Terms 1-110) Time: 20.248705 ---\n"
"(kernel 12):"
"total length: 110 split into number of chunks: 1\n"
"(kernel 7):"
"projecting the tensor structure and performing the contraction...\n"
"(kernel 12):"
"--- ProjectTensor Chunk 1/1 (Terms 1-110) Time: 20.250132 ---\n"
"(kernel 11):"
"total length: 125 split into number of chunks: 1\n"
"(kernel 8):"
"total length: 145 split into number of chunks: 1\n"
"(kernel 9):"
"total length: 125 split into number of chunks: 1\n"
"(kernel 11):"
"--- ProjectTensor Chunk 1/1 (Terms 1-125) Time: 20.290903 ---\n"
"(kernel 8):"
"--- ProjectTensor Chunk 1/1 (Terms 1-145) Time: 20.335324 ---\n"
"(kernel 9):"
"--- ProjectTensor Chunk 1/1 (Terms 1-125) Time: 20.322424 ---\n"
"(kernel 7):"
"total length: 145 split into number of chunks: 1\n"
"(kernel 7):"
"--- ProjectTensor Chunk 1/1 (Terms 1-145) Time: 20.36565 ---\n"
"(kernel 10):"
"    Working on Term 100/110\n"
"(kernel 12):"
"    Working on Term 100/110\n"
"(kernel 11):"
"    Working on Term 100/125\n"
"(kernel 10):"
"threeloophard2_comp2_2314: tensor reduction finished!\n"
"(kernel 9):"
"    Working on Term 100/125\n"
"(kernel 12):"
"threeloophard2_comp2_3214: tensor reduction finished!\n"
"(kernel 8):"
"    Working on Term 100/145\n"
"(kernel 7):"
"    Working on Term 100/145\n"
"(kernel 11):"
"threeloophard2_comp2_3124: tensor reduction finished!\n"
"(kernel 9):"
"threeloophard2_comp2_1324: tensor reduction finished!\n"
"(kernel 8):"
"threeloophard2_comp2_2134: tensor reduction finished!\n"
"(kernel 7):"
"threeloophard2_comp2_1234: tensor reduction finished!\n"
"basischange loaded!"
"reduced results loaded!"
"MIs: "{}
"MIs: "{}
"MIs: "{}
"MIs: "{}
"target integrals reduced! time: "12.414103`7.24443034224419
"(kernel 8):"
"threeloophard2_comp2_2134: series expansion finished!\n"
"(kernel 7):"
"threeloophard2_comp2_1234: series expansion finished!\n"
"(kernel 10):"
"threeloophard2_comp2_2314: series expansion finished!\n"
"(kernel 12):"
"threeloophard2_comp2_3214: series expansion finished!\n"
"(kernel 11):"
"threeloophard2_comp2_3124: series expansion finished!\n"
"(kernel 9):"
"threeloophard2_comp2_1324: series expansion finished!\n"
"[Global Cache] Merged and updated cache with "10" records."
"=== Done Parallel Expansion! time: "35.042004`7.695103932692614" ==="
"  Moved boundary output: ""threeloophard2_comp2_""1234"
"  Moved boundary output: ""threeloophard2_comp2_""2134"
"  Moved boundary output: ""threeloophard2_comp2_""1324"
"  Moved boundary output: ""threeloophard2_comp2_""2314"
"  Moved boundary output: ""threeloophard2_comp2_""3124"
"  Moved boundary output: ""threeloophard2_comp2_""3214"
"[Boundary Agent] Added new computed integrand to association: '"
  "threeloophard2_comp2_""'"
"Boundary condition files saved."
"Cached temporary results in ""/Users/windfolgen/Documents/AntiGravity/svbwal\
kthrough/asym/tmp"" can be reused for subsequent bootstrap problems."
"[ReviewGate] ""boundary"" stage: ""PASS"" (PASS:"6" WARN:"0" FAIL:"0")"
"[Time Record] Stage 1 (Boundary Conditions) took: "88.145878`8.09571700586029
  " seconds."
"  Loading full SV basis..."
"  [Leading Singularity "1"/"1" (""simple"")]"
"  [MPL auto-detect] Found "75" MPL elements in basis: "
  "allsvlistmpl_threeloop"
"  Executing RunSeriesExpansion for ""threeloophard2""..."
"[ReviewGate] ""preseries"" stage: ""PASS"" (PASS:"16" WARN:"0" FAIL:"0")"
"[Skill 1] Starting 6 expansions, poleType=""simple"", n="2", k="1", SVHPL \
indices="70", MPL indices="75
"[Skill 1] Limit "1"/6: additional = "InputForm[Y^(-1)]

ParallelTable::nopar: 
   No parallel kernels available; proceeding with sequential evaluation.

ParallelTable::nopar: 
   No parallel kernels available; proceeding with sequential evaluation.
"[Skill 1] Limit "1"/6 (""e0uv""): done."
"[Skill 1] Limit "2"/6: additional = "InputForm[-Y^(-1)]

ParallelTable::nopar: 
   No parallel kernels available; proceeding with sequential evaluation.

General::stop: Further output of ParallelTable::nopar
     will be suppressed during this calculation.
"[Skill 1] Limit "2"/6 (""e0uvp""): done."
"[Skill 1] Limit "3"/6: additional = "InputForm[(-1 + u + Y)^(-1)]
"[Skill 1] Limit "3"/6 (""einfuv""): done."
"[Skill 1] Limit "4"/6: additional = "InputForm[(-1 + u)^(-1)]
"[Skill 1] Limit "4"/6 (""einfuvp""): done."
"[Skill 1] Limit "5"/6: additional = "InputForm[(1 - u - Y)^(-1)]
"[Skill 1] Limit "5"/6 (""e1uv""): done."
"[Skill 1] Limit "6"/6: additional = "InputForm[(1 - u)^(-1)]
"[Skill 1] Limit "6"/6 (""e1uvp""): done."
"Series expansion files written to "
  "/Users/windfolgen/Documents/AntiGravity/svbwalkthrough/series_agent"
"[ReviewGate] ""series"" stage: ""PASS"" (PASS:"12" WARN:"0" FAIL:"0")"
"[Time Record] Stage 2 (Series Expansion) took: "452.476517`8.505081046920372
  " seconds."
"[ReviewGate] ""presolve"" stage: ""PASS"" (PASS:"12" WARN:"0" FAIL:"0")"
"  Executing RunCoefficientSolving..."
"[Skill 3] Total Ansatz Elements=$LEN="43" $Order="3
"  system size after limit "1": "57" vars: "43
"Limit "2" (""e0uvp""): temp is empty, skipping."
"  system size after limit "3": "97" vars: "43
"Limit "4" (""einfuvp""): temp is empty, skipping."
"Limit "5" (""e1uv""): temp is empty, skipping."
"Limit "6" (""e1uvp""): temp is empty, skipping."
"Solution written to ""/Users/windfolgen/Documents/AntiGravity/svbwalkthrough\
/solve_agent/threeloophard2_sol.m"
"Final result.m and coeff_sol.m saved to runs/""threeloophard2""/"
"[ReviewGate] ""solve"" stage: ""PASS"" (PASS:"1" WARN:"0" FAIL:"0")"
"[Time Record] Stage 3 (Solving System) took: "19.295325`6.833907104494
  " seconds."
"[Time Record] Total workflow execution time: "559.917779`8.898639255644898
  " seconds."
"End Date and Time: ""Mon 8 Jun 2026 19:11:41"
"=== Workflow Engine Complete for: ""threeloophard2"" ==="
