"=== Starting Unified Workflow Engine for: ""fourloopI108"" ==="
"Start Date and Time: ""Thu 11 Jun 2026 23:17:19"

FrontEndObject::notavail: 
   A front end is not available; certain operations require a front end.
"**************** "Style["LiteRed v2.025\[Beta]", 
   {Bold, RGBColor[1, 1/3, 1/3]}]" ********************\nAuthor: Roman N. \
Lee, Budker Institute of Nuclear Physics, Novosibirsk.\nRelease Date: \
????-??-??\nTimestamp: Tue 25 Feb 2025 15:30:30\nRead \
from:/Users/windfolgen/GitRepos/LiteRed2/Source/LiteRed2025.m \
(CRC32:2205507540,{2340977437, 3317197336, 1063727846})\n\nLiteRed stands for \
"Style["L", {RGBColor[1, 1/3, 1/3]}]"oop "Style["i", {RGBColor[1, 1/3, 1/3]}]
  "n"Style["te", {RGBColor[1, 1/3, 1/3]}]"grals "
  Style["Red", {RGBColor[1, 1/3, 1/3]}]
  "uction.\nThe package is designed for the search and application of the \
Integration-By-Part reduction rules. It also contains some other useful \
tools.\n\nSee ?LiteRed`* for a list of functions. "
"Review agent loaded from ""/Users/windfolgen/Documents/AntiGravity/svbwalkth\
rough/audit_agent/audit_agent.wl"
"[ReviewGate] ""preflight"" stage: ""PASS"" (PASS:"2" WARN:"0" FAIL:"0")"
"  Conformal weight n = "1
"  Checking for boundary target data..."
"[ReviewGate] ""preboundary"" stage: ""PASS"" (PASS:"10" WARN:"0" FAIL:"0")"
"[ReviewGate] ""boundary"" stage: ""PASS"" (PASS:"6" WARN:"0" FAIL:"0")"
"[Time Record] Stage 1 (Boundary Conditions) took: "2.001645`6.451902053886374
  " seconds."
"  Loading full SV basis..."
"  [Leading Singularity "1"/"1" (""simple"")]"
"  [MPL auto-detect] Found 0 MPL elements."
"  Executing RunSeriesExpansion for ""fourloopI108""..."
"[ReviewGate] ""preseries"" stage: ""PASS"" (PASS:"7" WARN:"0" FAIL:"0")"
"[Skill 1] Starting 6 expansions, poleType=""simple"", n="1", k="1", SVHPL \
indices="282", MPL indices="0
"[Skill 1] Limit "1"/6: additional = "InputForm[1]
"[Skill 1] Limit "1"/6 (""e0uv""): done."
"[Skill 1] Limit "2"/6: additional = "InputForm[1]
"[Skill 1] Limit "2"/6 (""e0uvp""): done."
"[Skill 1] Limit "3"/6: additional = "InputForm[1]
"[Skill 1] Limit "3"/6 (""einfuv""): done."
"[Skill 1] Limit "4"/6: additional = "InputForm[1]
"[Skill 1] Limit "4"/6 (""einfuvp""): done."
"[Skill 1] Limit "5"/6: additional = "InputForm[1]
"[Skill 1] Limit "5"/6 (""e1uv""): done."
"[Skill 1] Limit "6"/6: additional = "InputForm[1]
"[Skill 1] Limit "6"/6 (""e1uvp""): done."
"Series expansion files written to "
  "/Users/windfolgen/Documents/AntiGravity/svbwalkthrough/series_agent"
"[ReviewGate] ""series"" stage: ""PASS"" (PASS:"12" WARN:"0" FAIL:"0")"
"[Time Record] Stage 2 (Series Expansion) took: "119.909427`7.928338329830186
  " seconds."
"[ReviewGate] ""presolve"" stage: ""PASS"" (PASS:"12" WARN:"0" FAIL:"0")"
"  Executing RunCoefficientSolving..."
"[Skill 3] Total Ansatz Elements=$LEN="135" $Order="4
"  system size after limit "1": "95" vars: "135
"Limit "2" (""e0uvp""): temp is empty, skipping."
"  system size after limit "3": "190" vars: "135
"Limit "4" (""einfuvp""): temp is empty, skipping."
"  system size after limit "5": "285" vars: "135
"[FATAL ERROR] Solve returned an empty set on Limit "5". System is \
inconsistent."

Part::partw: Part 1 of {} does not exist.

ReplaceAll::reps: 
   {{}[[1]]} is neither a list of replacement rules nor a valid dispatch
     table, and so cannot be used for replacing.

ReplaceAll::reps: 
   {{}[[1]]} is neither a list of replacement rules nor a valid dispatch
     table, and so cannot be used for replacing.

ReplaceAll::reps: 
   {{}[[1]]} is neither a list of replacement rules nor a valid dispatch
     table, and so cannot be used for replacing.

General::stop: Further output of ReplaceAll::reps
     will be suppressed during this calculation.
"  system size after limit "6": "286" vars: "135
"[FATAL ERROR] Solve returned an empty set on Limit "6". System is \
inconsistent."

Part::partw: Part 1 of {} does not exist.
"Limit "1" mismatch: "InputForm[(-4763*Y^2)/5184 - (257879*Y^3)/248832 - 
    (6063389773*Y^4)/6220800000 + 
    (c$64102[8]*(70 + (35*Y)/128 + (70*Y^2)/6561 + (35*Y^3)/32768 + 
          (14*Y^4)/78125 + (-35 - (35*Y)/128 - (35*Y^2)/2187 - 
             (35*Y^3)/16384 - (7*Y^4)/15625)*Log[u] + 
          (15/2 + (15*Y)/128 + (5*Y^2)/486 + (15*Y^3)/8192 + 
             (3*Y^4)/6250)*Log[u]^2 + 
          (-5/6 - (5*Y)/192 - (5*Y^2)/1458 - (5*Y^3)/6144 - Y^4/3750)*
           Log[u]^3 + (1/24 + Y/384 + Y^2/1944 + Y^3/6144 + Y^4/15000)*
           Log[u]^4) + c$64102[4]*
        (-42 - (21*Y)/128 - (14*Y^2)/2187 - (21*Y^3)/32768 - 
          (42*Y^4)/390625 + (21 + (21*Y)/128 + (7*Y^2)/729 + 
             (21*Y^3)/16384 + (21*Y^4)/78125)*Log[u] + 
          (-11/2 - (11*Y)/128 - (11*Y^2)/1458 - (11*Y^3)/8192 - 
             (11*Y^4)/31250)*Log[u]^2 + 
          (1 + Y/32 + Y^2/243 + Y^3/1024 + Y^4/3125)*Log[u]^3 + 
          (-1/8 - Y/128 - Y^2/648 - Y^3/2048 - Y^4/5000)*Log[u]^4 + 
          (1/120 + Y/960 + Y^2/3240 + Y^3/7680 + Y^4/15000)*Log[u]^5) + 
       c$64102[2]*(14 + (7*Y)/128 + (14*Y^2)/6561 + (7*Y^3)/32768 + 
          (14*Y^4)/390625 + (-7 - (7*Y)/128 - (7*Y^2)/2187 - 
             (7*Y^3)/16384 - (7*Y^4)/78125)*Log[u] + 
          (5/2 + (5*Y)/128 + (5*Y^2)/1458 + (5*Y^3)/8192 + Y^4/6250)*
           Log[u]^2 + (-2/3 - Y/48 - (2*Y^2)/729 - Y^3/1536 - 
             (2*Y^4)/9375)*Log[u]^3 + 
          (1/8 + Y/128 + Y^2/648 + Y^3/2048 + Y^4/5000)*Log[u]^4 + 
          (-1/60 - Y/480 - Y^2/1620 - Y^3/3840 - Y^4/7500)*Log[u]^5 + 
          ((3600 + 900*Y + 400*Y^2 + 225*Y^3 + 144*Y^4)*Log[u]^6)/2592000) \
+ (c$64102[1]*(-7*(167961600000000 + 656100000000*Y + 25600000000*Y^2 + 
               2562890625*Y^3 + 429981696*Y^4) + 
            210*(2799360000000 + 21870000000*Y + 1280000000*Y^2 + 
               170859375*Y^3 + 35831808*Y^4)*Log[u] - 
            6300*(46656000000 + 729000000*Y + 64000000*Y^2 + 
               11390625*Y^3 + 2985984*Y^4)*Log[u]^2 + 
            126000*(777600000 + 24300000*Y + 3200000*Y^2 + 759375*Y^3 + 
               248832*Y^4)*Log[u]^3 - 
            1890000*(12960000 + 810000*Y + 160000*Y^2 + 50625*Y^3 + 
               20736*Y^4)*Log[u]^4 + 
            22680000*(216000 + 27000*Y + 8000*Y^2 + 3375*Y^3 + 1728*Y^4)*
             Log[u]^5 - 226800000*
             (3600 + 900*Y + 400*Y^2 + 225*Y^3 + 144*Y^4)*Log[u]^6 + 
            1944000000*(60 + 30*Y + 20*Y^2 + 15*Y^3 + 12*Y^4)*Log[u]^7))/
        587865600000000 - (Y*c$64102[130]*
          (-13824 - 9072*Y - 6576*Y^2 - 5125*Y^3 + 
            4*(864 + 648*Y + 502*Y^2 + 407*Y^3)*Log[u])*Zeta[3])/6912 + 
       (c$64102[125]*Log[u]*(12960000 + 810000*Y + 160000*Y^2 + 
            50625*Y^3 + 20736*Y^4 - 
            30*(216000 + 27000*Y + 8000*Y^2 + 3375*Y^3 + 1728*Y^4)*
             Log[u] + 300*(3600 + 900*Y + 400*Y^2 + 225*Y^3 + 144*Y^4)*
             Log[u]^2)*Zeta[3])/6480000 + 
       (c$64102[124]*Log[u]*(-12960000 - 810000*Y - 160000*Y^2 - 
            50625*Y^3 - 20736*Y^4 + 
            30*(216000 + 27000*Y + 8000*Y^2 + 3375*Y^3 + 1728*Y^4)*
             Log[u] - 600*(3600 + 900*Y + 400*Y^2 + 225*Y^3 + 144*Y^4)*
             Log[u]^2 + 9000*(60 + 30*Y + 20*Y^2 + 15*Y^3 + 12*Y^4)*
             Log[u]^3)*Zeta[3])/12960000 + 
       (c$64102[121]*(-3600 - 900*Y - 400*Y^2 - 225*Y^3 - 144*Y^4 + 
            30*(60 + 30*Y + 20*Y^2 + 15*Y^3 + 12*Y^4)*Log[u])*Zeta[3]^2)/
        3600 - (Y*c$64102[135]*Zeta[3]*
          (72*Zeta[3] + 72*Y*Zeta[3] + Y^3*(2 + 60*Zeta[3]) + 
            Y^2*(1 + 66*Zeta[3])))/36 + 
       (Y*c$64102[133]*Zeta[3]*
          (-6*Y^2*(1 + 2*Y)*Log[u] + 144*Zeta[3] + 144*Y*Zeta[3] + 
            5*Y^3*(5 + 24*Zeta[3]) + 2*Y^2*(7 + 66*Zeta[3])))/144 - 
       (Y*c$64102[134]*Zeta[3]*
          (3456*Zeta[3] + 432*Y*(-1 + 8*Zeta[3]) + 
            24*Y^2*(-25 + 132*Zeta[3]) + Y^3*(-661 + 2880*Zeta[3])))/3456 - 
       (c$64102[132]*Zeta[3]*(10*Y^2*(12 + 13*Y + 12*Y^2) + 
            Log[u]*(1440*Zeta[3] + 720*Y*Zeta[3] + 
               40*Y^2*(-1 + 12*Zeta[3]) + 10*Y^3*(-5 + 36*Zeta[3]) + 
               3*Y^4*(-17 + 96*Zeta[3]))))/480 + 
       (c$64102[128]*Zeta[3]*(-10*Y*(1728 + 648*Y + 310*Y^2 + 175*Y^3) - 
            90*Y*(24 + 16*Y + 11*Y^2 + 8*Y^3)*Log[u]^2 + 
            3*Log[u]*(5760*Zeta[3] + 720*Y*(5 + 4*Zeta[3]) + 
               160*Y^2*(11 + 12*Zeta[3]) + 8*Y^4*(77 + 144*Zeta[3]) + 
               5*Y^3*(197 + 288*Zeta[3]))))/17280 - 
       (c$64102[129]*Zeta[3]*(-360*Y^2*(4 + 6*Y + 7*Y^2)*Log[u]^2 + 
            12*Log[u]*(1440*Zeta[3] + 720*Y*Zeta[3] + 
               40*Y^2*(11 + 12*Zeta[3]) + 30*Y^3*(19 + 12*Zeta[3]) + 
               Y^4*(599 + 288*Zeta[3])) + 
            5*Y*(3456*Zeta[3] + 432*Y*(-3 + 8*Zeta[3]) + 
               96*Y^2*(-16 + 33*Zeta[3]) + 5*Y^3*(-305 + 576*Zeta[3]))))/
        17280 + (c$64102[131]*Zeta[3]*
          (12*Log[u]*(2160*Zeta[3] + 1080*Y*Zeta[3] + 
               120*Y^2*(1 + 6*Zeta[3]) + 15*Y^3*(11 + 36*Zeta[3]) + 
               Y^4*(181 + 432*Zeta[3])) + 
            5*Y*(3456*Zeta[3] + 864*Y*(-1 + 4*Zeta[3]) + 
               12*Y^2*(-89 + 264*Zeta[3]) + Y^3*(-1093 + 2880*Zeta[3]))))/
        8640 + (c$64102[126]*Zeta[3]*
          (5*Y*(20736 + 11664*Y + 7816*Y^2 + 5825*Y^3) + 
            180*Y*(216 + 168*Y + 131*Y^2 + 106*Y^3)*Log[u]^2 - 
            720*Y*(12 + 12*Y + 11*Y^2 + 10*Y^3)*Log[u]^3 + 
            6*Log[u]*(17280*Zeta[3] + 2160*Y*(-7 + 4*Zeta[3]) + 
               240*Y^2*(-41 + 24*Zeta[3]) + 5*Y^3*(-1397 + 864*Zeta[3]) + 
               Y^4*(-5342 + 3456*Zeta[3]))))/103680 - 
       (c$64102[127]*Zeta[3]*(5*Y*
             (13824 + 9072*Y + 6576*Y^2 + 5125*Y^3) + 
            120*Y*(72 + 60*Y + 49*Y^2 + 41*Y^3)*Log[u]^2 + 
            4*Log[u]*(17280*Zeta[3] + 1920*Y^2*(-4 + 3*Zeta[3]) + 
               2160*Y*(-5 + 4*Zeta[3]) + 5*Y^3*(-1151 + 864*Zeta[3]) + 
               Y^4*(-4562 + 3456*Zeta[3]))))/34560 - 
       (Y*c$64102[123]*(-144 - 108*Y - 82*Y^2 - 65*Y^3 + 
            (72 + 72*Y + 66*Y^2 + 60*Y^3)*Log[u])*Zeta[5])/144 + 
       (c$64102[122]*Log[u]*(-3600 - 900*Y - 400*Y^2 - 225*Y^3 - 
            144*Y^4 + 30*(60 + 30*Y + 20*Y^2 + 15*Y^3 + 12*Y^4)*Log[u])*
          Zeta[5])/3600 - (c$64102[64]*
          (-(Y^4*(51481 + 193145*Zeta[3] + 138240*Zeta[3]^2 - 
                 1037880*Zeta[5])) - 
            2000*Y^2*(59*Zeta[3] + 192*Zeta[3]^2 - 650*Zeta[5]) - 
            6000*Y^3*(6 + 29*Zeta[3] + 36*Zeta[3]^2 - 198*Zeta[5]) - 
            864000*Y*(Zeta[3]^2 - Zeta[5]) - 
            1728000*(2*Zeta[3]^2 + 5*Zeta[5]) + 
            20*Log[u]*(Y^4*(607 + 215*Zeta[3] + 17280*Zeta[3]^2 - 
                  72360*Zeta[5]) + 
               200*Y^3*(2 - Zeta[3] + 108*Zeta[3]^2 - 378*Zeta[5]) + 
               600*Y^2*(-Zeta[3] + 48*Zeta[3]^2 - 122*Zeta[5]) + 
               43200*Y*(Zeta[3]^2 - Zeta[5]) + 
               43200*(2*Zeta[3]^2 + 5*Zeta[5]))))/864000 - 
       (c$64102[47]*(30*Log[u]*
             (4*Y^4*(-1499 - 7650*Zeta[3] + 43200*Zeta[3]^2 - 
                  23880*Zeta[5]) + 
               125*Y^3*(-37 - 240*Zeta[3] + 1728*Zeta[3]^2 - 
                  1416*Zeta[5]) + 36000*Y*(12*Zeta[3]^2 - 25*Zeta[5]) + 
               24000*Y^2*(-Zeta[3] + 12*Zeta[3]^2 - 15*Zeta[5]) + 
               432000*(2*Zeta[3]^2 - 9*Zeta[5])) - 
            625*Y^3*(-407 - 2160*Zeta[3] + 5184*Zeta[3]^2 - 
               3480*Zeta[5]) - 
            120000*Y^2*(-10*Zeta[3] + 48*Zeta[3]^2 - 57*Zeta[5]) - 
            1080000*Y*(12*Zeta[3]^2 - 25*Zeta[5]) - 
            25920000*(2*Zeta[3]^2 - 9*Zeta[5]) + 
            Y^4*(303202 + 1291200*Zeta[3] - 2073600*Zeta[3]^2 + 
               636240*Zeta[5]) + 
            900*Log[u]^2*(21600*Zeta[5] + 10800*Y*Zeta[5] + 
               7200*Y^2*Zeta[5] + 36*Y^4*(1 + 120*Zeta[5]) + 
               25*Y^3*(1 + 216*Zeta[5]))))/8640000 + 
       (c$64102[26]*(1800*Log[u]^3*
             (43200*Zeta[3] + 32400*Y*Zeta[3] + 
               800*Y^2*(1 + 33*Zeta[3]) + 225*Y^3*(3 + 100*Zeta[3]) + 
               72*Y^4*(7 + 274*Zeta[3])) - 
            30*Log[u]*(36*Y^4*
                (-13349 - 172262*Zeta[3] + 172800*Zeta[3]^2 - 
                  34560*Zeta[5]) + 
               1125*Y^3*(-735 - 7700*Zeta[3] + 6912*Zeta[3]^2 - 
                  1728*Zeta[5]) + 
               8000*Y^2*(-175 - 1725*Zeta[3] + 1296*Zeta[3]^2 - 
                  432*Zeta[5]) + 
               1944000*Y*(-15*Zeta[3] + 8*Zeta[3]^2 - 4*Zeta[5]) + 
               31104000*(-5*Zeta[3] + Zeta[3]^2 - Zeta[5])) + 
            18*Y^4*(-887251 - 8790538*Zeta[3] + 4147200*Zeta[3]^2 - 
               829440*Zeta[5]) + 
            5625*Y^3*(-5277 - 39484*Zeta[3] + 20736*Zeta[3]^2 - 
               5184*Zeta[5]) + 
            40000*Y^2*(-1429 - 9087*Zeta[3] + 5184*Zeta[3]^2 - 
               1728*Zeta[5]) + 
            58320000*Y*(-15*Zeta[3] + 8*Zeta[3]^2 - 4*Zeta[5]) + 
            1866240000*(-5*Zeta[3] + Zeta[3]^2 - Zeta[5]) - 
            360*Log[u]^2*(1296000*(2*Zeta[3] + Zeta[5]) + 
               324000*Y*(3*Zeta[3] + 2*Zeta[5]) + 
               2000*Y^2*(17 + 291*Zeta[3] + 216*Zeta[5]) + 
               1125*Y^3*(21 + 364*Zeta[3] + 288*Zeta[5]) + 
               18*Y^4*(851 + 17402*Zeta[3] + 14400*Zeta[5]))))/466560000 + 
       (c$64102[74]*(-378000*Y*(2*Zeta[3]^2 + 3*Zeta[5]) - 
            432000*(7*Zeta[3]^2 + 10*Zeta[5]) - 
            750*Y^3*(339*Zeta[3] + 252*Zeta[3]^2 + 629*Zeta[5]) - 
            1000*Y^2*(200*Zeta[3] + 336*Zeta[3]^2 + 655*Zeta[5]) - 
            Y^4*(1008 + 270005*Zeta[3] + 120960*Zeta[3]^2 + 
               372810*Zeta[5]) + 
            30*Log[u]*(12600*Y*(2*Zeta[3]^2 + 3*Zeta[5]) + 
               7200*(7*Zeta[3]^2 + 10*Zeta[5]) + 
               200*Y^2*(14*Zeta[3] + 84*Zeta[3]^2 + 139*Zeta[5]) + 
               150*Y^3*(27*Zeta[3] + 84*Zeta[3]^2 + 151*Zeta[5]) + 
               Y^4*(9 + 4690*Zeta[3] + 10080*Zeta[3]^2 + 19380*Zeta[5]))))/
        216000 + (c$64102[69]*
          (Y^4*(8501 + 432360*Zeta[3] - 622080*Zeta[3]^2 - 
               349680*Zeta[5]) - 2592000*(6*Zeta[3]^2 + 5*Zeta[5]) - 
            108000*Y*(-18*Zeta[3] + 36*Zeta[3]^2 + 19*Zeta[5]) - 
            24000*Y^2*(-42*Zeta[3] + 72*Zeta[3]^2 + 35*Zeta[5]) - 
            250*Y^3*(-25 - 2487*Zeta[3] + 3888*Zeta[3]^2 + 
               1986*Zeta[5]) + 
            30*Log[u]*(43200*(6*Zeta[3]^2 + 5*Zeta[5]) + 
               4800*Y^2*(-3*Zeta[3] + 18*Zeta[3]^2 + 8*Zeta[5]) + 
               3600*Y*(-6*Zeta[3] + 36*Zeta[3]^2 + 19*Zeta[5]) + 
               50*Y^3*(-1 - 207*Zeta[3] + 1296*Zeta[3]^2 + 534*Zeta[5]) + 
               Y^4*(-73 - 7980*Zeta[3] + 51840*Zeta[3]^2 + 20640*Zeta[5]))\
))/432000 + (c$64102[44]*(10*Log[u]*
             (Y^4*(-53491 - 534200*Zeta[3] + 345600*Zeta[3]^2 - 
                  241920*Zeta[5]) + 
               125*Y^3*(-625 - 5588*Zeta[3] + 3456*Zeta[3]^2 - 
                  3024*Zeta[5]) + 
               12000*Y^2*(-9 - 82*Zeta[3] + 48*Zeta[3]^2 - 56*Zeta[5]) + 
               864000*(2*Zeta[3]^2 - 7*Zeta[5]) + 
               216000*Y*(-7*Zeta[3] + 4*Zeta[3]^2 - 7*Zeta[5])) - 
            625*Y^3*(-3049 - 24884*Zeta[3] + 3456*Zeta[3]^2 - 
               3024*Zeta[5]) - 17280000*(2*Zeta[3]^2 - 7*Zeta[5]) - 
            2160000*Y*(-15*Zeta[3] + 4*Zeta[3]^2 - 7*Zeta[5]) + 
            4*Y^4*(307741 + 3048825*Zeta[3] - 345600*Zeta[3]^2 + 
               241920*Zeta[5]) - 
            40000*Y^2*(-533*Zeta[3] + 96*Zeta[3]^2 - 
               8*(9 + 14*Zeta[5])) + 
            300*Log[u]^2*(129600*Zeta[5] + 7200*Y*(Zeta[3] + 9*Zeta[5]) + 
               400*Y^2*(1 + 12*Zeta[3] + 108*Zeta[5]) + 
               25*Y^3*(13 + 132*Zeta[3] + 1296*Zeta[5]) + 
               Y^4*(241 + 2400*Zeta[3] + 25920*Zeta[5]))))/17280000 - 
       (c$64102[83]*(-2160000*(Zeta[3]^2 + 4*Zeta[5]) - 
            270000*Y*(2*Zeta[3]^2 + 7*Zeta[5]) - 
            2250*Y^3*(7*Zeta[3] + 60*Zeta[3]^2 + 305*Zeta[5]) - 
            1000*Y^2*(22*Zeta[3] + 240*Zeta[3]^2 + 995*Zeta[5]) - 
            Y^4*(-199 + 8700*Zeta[3] + 86400*Zeta[3]^2 + 
               530370*Zeta[5]) + 
            30*Log[u]*(36000*(Zeta[3]^2 + 4*Zeta[5]) + 
               9000*Y*(2*Zeta[3]^2 + 7*Zeta[5]) + 
               200*Y^2*(Zeta[3] + 60*Zeta[3]^2 + 215*Zeta[5]) + 
               150*Y^3*(Zeta[3] + 60*Zeta[3]^2 + 225*Zeta[5]) + 
               Y^4*(-2 + 75*Zeta[3] + 7200*Zeta[3]^2 + 28260*Zeta[5]))))/
        216000 + (c$64102[53]*
          (12960000*(Zeta[3]^2 + Zeta[5]) + 
            540000*Y*(6*Zeta[3]^2 + 7*Zeta[5]) + 
            30000*Y^2*(47*Zeta[3] + 48*Zeta[3]^2 + 76*Zeta[5]) + 
            7500*Y^3*(225*Zeta[3] + 108*Zeta[3]^2 + 223*Zeta[5]) + 
            Y^4*(15739 + 1716325*Zeta[3] + 518400*Zeta[3]^2 + 
               1333680*Zeta[5]) + 
            1800*Log[u]^2*(600*Zeta[5] + 300*Y*Zeta[5] + 
               150*Y^3*(Zeta[3] + Zeta[5]) + 
               100*Y^2*(Zeta[3] + 2*Zeta[5]) + 
               Y^4*(1 + 175*Zeta[3] + 120*Zeta[5])) - 
            60*Log[u]*(108000*(Zeta[3]^2 + Zeta[5]) + 
               9000*Y*(6*Zeta[3]^2 + 7*Zeta[5]) + 
               3000*Y^2*(5*Zeta[3] + 12*Zeta[3]^2 + 16*Zeta[5]) + 
               750*Y^3*(27*Zeta[3] + 36*Zeta[3]^2 + 53*Zeta[5]) + 
               Y^4*(161 + 22175*Zeta[3] + 21600*Zeta[3]^2 + 34320*Zeta[5])\
)))/2160000 + (c$64102[39]*(30*Log[u]*
             (8*Y^4*(-20287 - 760354*Zeta[3] + 864000*Zeta[3]^2 - 
                  216000*Zeta[5]) + 
               625*Y^3*(-381 - 13324*Zeta[3] + 13824*Zeta[3]^2 - 
                  4320*Zeta[5]) + 
               160000*Y^2*(-2 - 81*Zeta[3] + 72*Zeta[3]^2 - 
                  30*Zeta[5]) + 
               1080000*Y*(-25*Zeta[3] + 16*Zeta[3]^2 - 10*Zeta[5]) + 
               8640000*(-18*Zeta[3] + 4*Zeta[3]^2 - 5*Zeta[5])) - 
            9375*Y^3*(-1621 - 33644*Zeta[3] + 13824*Zeta[3]^2 - 
               4320*Zeta[5]) - 
            200000*Y^2*(-113 - 2457*Zeta[3] + 1152*Zeta[3]^2 - 
               480*Zeta[5]) - 
            32400000*Y*(-33*Zeta[3] + 16*Zeta[3]^2 - 10*Zeta[5]) - 
            518400000*(-18*Zeta[3] + 4*Zeta[3]^2 - 5*Zeta[5]) + 
            18*Y^4*(539239 + 12855638*Zeta[3] - 4608000*Zeta[3]^2 + 
               1152000*Zeta[5]) + 
            300*Log[u]^2*(432000*(6*Zeta[3] + 5*Zeta[5]) + 
               108000*Y*(7*Zeta[3] + 10*Zeta[5]) + 
               4000*Y^2*(1 + 105*Zeta[3] + 180*Zeta[5]) + 
               375*Y^3*(9 + 764*Zeta[3] + 1440*Zeta[5]) + 
               12*Y^4*(209 + 17978*Zeta[3] + 36000*Zeta[5]))))/259200000 + 
       (c$64102[50]*(4320000*(2*Zeta[3]^2 + 23*Zeta[5]) + 
            540000*Y*(-6*Zeta[3] + 4*Zeta[3]^2 + 23*Zeta[5]) + 
            160000*Y^2*(Zeta[3] + 6*Zeta[3]^2 + 23*Zeta[5]) + 
            625*Y^3*(-169 + 1366*Zeta[3] + 864*Zeta[3]^2 + 
               2484*Zeta[5]) + 
            Y^4*(-118101 + 959800*Zeta[3] + 345600*Zeta[3]^2 + 
               794880*Zeta[5]) + 
            300*Log[u]^2*(39600*Zeta[5] + 
               1800*Y*(2*Zeta[3] + 11*Zeta[5]) + 
               1200*Y^2*(4*Zeta[3] + 11*Zeta[5]) + 
               25*Y^3*(-1 + 210*Zeta[3] + 396*Zeta[5]) + 
               Y^4*(-34 + 5400*Zeta[3] + 7920*Zeta[5])) - 
            10*Log[u]*(216000*(2*Zeta[3]^2 + 23*Zeta[5]) + 
               54000*Y*(2*Zeta[3] + 4*Zeta[3]^2 + 23*Zeta[5]) + 
               24000*Y^2*(10*Zeta[3] + 6*Zeta[3]^2 + 23*Zeta[5]) + 
               125*Y^3*(-41 + 2142*Zeta[3] + 864*Zeta[3]^2 + 
                  2484*Zeta[5]) + 
               4*Y^4*(-1561 + 66300*Zeta[3] + 21600*Zeta[3]^2 + 
                  49680*Zeta[5]))))/4320000 - 
       (c$64102[34]*(-51840000*(2*Zeta[3]^2 + 17*Zeta[5]) - 
            6480000*Y*(-3*Zeta[3] + 4*Zeta[3]^2 + 41*Zeta[5]) - 
            120000*Y^2*(257 - 74*Zeta[3] + 96*Zeta[3]^2 + 1352*Zeta[5]) - 
            1875*Y^3*(14003 - 2596*Zeta[3] + 3456*Zeta[3]^2 + 
               63792*Zeta[5]) - 
            8*Y^4*(2563219 - 379050*Zeta[3] + 518400*Zeta[3]^2 + 
               11951280*Zeta[5]) + 
            300*Log[u]^2*(43200*Zeta[5] + 21600*Y*(Zeta[3] + Zeta[5]) + 
               4800*Y^2*(-1 + 3*Zeta[3] + 3*Zeta[5]) + 
               225*Y^3*(-21 + 44*Zeta[3] + 48*Zeta[5]) + 
               Y^4*(-4028 + 7200*Zeta[3] + 8640*Zeta[5])) + 
            90*Log[u]*(288000*(2*Zeta[3]^2 + 17*Zeta[5]) + 
               72000*Y*(-3*Zeta[3] + 4*Zeta[3]^2 + 41*Zeta[5]) + 
               8000*Y^2*(17 - 14*Zeta[3] + 24*Zeta[3]^2 + 284*Zeta[5]) + 
               125*Y^3*(985 - 524*Zeta[3] + 1152*Zeta[3]^2 + 
                  15120*Zeta[5]) + 
               16*Y^4*(6227 - 2650*Zeta[3] + 7200*Zeta[3]^2 + 
                  102240*Zeta[5]))))/51840000 - 
       (c$64102[12]*(54000*Log[u]^4*
             (5760*Zeta[3] + 720*Y*(1 + 4*Zeta[3]) + 
               320*Y^2*(1 + 6*Zeta[3]) + 96*Y^4*(1 + 12*Zeta[3]) + 
               15*Y^3*(11 + 96*Zeta[3])) - 
            3600*Log[u]^3*(345600*Zeta[3] + 21600*Y*(5 + 4*Zeta[3]) + 
               3200*Y^2*(11 + 12*Zeta[3]) + 96*Y^4*(77 + 144*Zeta[3]) + 
               75*Y^3*(197 + 288*Zeta[3])) - 
            14929920000*(5*Zeta[3] + Zeta[5]) - 
            116640000*Y*(-35 + 20*Zeta[3] + 16*Zeta[5]) - 
            320000*Y^2*(-2549 + 960*Zeta[3] + 1728*Zeta[5]) - 
            1875*Y^3*(-143761 + 38880*Zeta[3] + 124416*Zeta[5]) - 
            48*Y^4*(-2458547 + 497664*Zeta[3] + 2488320*Zeta[5]) - 
            180*Log[u]^2*(20736000*(Zeta[3] + Zeta[5]) + 
               648000*Y*(-15 + 4*Zeta[3] + 16*Zeta[5]) + 
               32000*Y^2*(-77 + 24*Zeta[3] + 216*Zeta[5]) + 
               375*Y^3*(-2381 + 864*Zeta[3] + 13824*Zeta[5]) + 
               96*Y^4*(-4231 + 1728*Zeta[3] + 43200*Zeta[5])) + 
            30*Log[u]*(248832000*(5*Zeta[3] + Zeta[5]) + 
               3888000*Y*(-35 + 20*Zeta[3] + 16*Zeta[5]) + 
               64000*Y^2*(-455 + 240*Zeta[3] + 432*Zeta[5]) + 
               375*Y^3*(-26075 + 12960*Zeta[3] + 41472*Zeta[5]) + 
               96*Y^4*(-44653 + 20736*Zeta[3] + 103680*Zeta[5]))))/
        7464960000 - (c$64102[37]*
          (600*Log[u]^2*(Y^4*(-273 + 8200*Zeta[3] - 5760*Zeta[5]) + 
               50*Y^3*(-7 + 196*Zeta[3] - 144*Zeta[5]) + 
               400*Y^2*(-1 + 30*Zeta[3] - 24*Zeta[5]) + 
               14400*Y*(Zeta[3] - Zeta[5]) - 28800*Zeta[5]) - 
            207360000*(2*Zeta[3]^2 + Zeta[5]) - 
            25920000*Y*(-5*Zeta[3] + 4*Zeta[3]^2 + Zeta[5]) - 
            40000*Y^2*(113 - 1806*Zeta[3] + 1152*Zeta[3]^2 + 
               192*Zeta[5]) - 
            2500*Y^3*(1283 - 18932*Zeta[3] + 10368*Zeta[3]^2 + 
               1296*Zeta[5]) - 
            Y^4*(2195749 - 34498600*Zeta[3] + 16588800*Zeta[3]^2 + 
               1658880*Zeta[5]) + 
            40*Log[u]*(2592000*(2*Zeta[3]^2 + Zeta[5]) + 
               216000*Y*(-7*Zeta[3] + 12*Zeta[3]^2 + 3*Zeta[5]) + 
               48000*Y^2*(1 - 21*Zeta[3] + 36*Zeta[3]^2 + 6*Zeta[5]) + 
               125*Y^3*(299 - 5780*Zeta[3] + 10368*Zeta[3]^2 + 
                  1296*Zeta[5]) + 
               Y^4*(27039 - 554600*Zeta[3] + 1036800*Zeta[3]^2 + 
                  103680*Zeta[5]))))/17280000 + 
       (c$64102[19]*(1800*Log[u]^3*
             (345600*Zeta[3] + 21600*Y*(-1 + 4*Zeta[3]) + 
               1600*Y^2*(-5 + 24*Zeta[3]) + 75*Y^3*(-49 + 288*Zeta[3]) + 
               48*Y^4*(-41 + 288*Zeta[3])) - 
            14929920000*(5*Zeta[3] + Zeta[5]) - 
            116640000*Y*(-35 + 20*Zeta[3] + 16*Zeta[5]) - 
            320000*Y^2*(-2549 + 960*Zeta[3] + 1728*Zeta[5]) - 
            1875*Y^3*(-143761 + 38880*Zeta[3] + 124416*Zeta[5]) - 
            48*Y^4*(-2458547 + 497664*Zeta[3] + 2488320*Zeta[5]) - 
            720*Log[u]^2*(5184000*(2*Zeta[3] + Zeta[5]) + 
               648000*Y*(-1 + 2*Zeta[3] + 4*Zeta[5]) + 
               4000*Y^2*(-47 + 96*Zeta[3] + 432*Zeta[5]) + 
               375*Y^3*(-199 + 432*Zeta[3] + 3456*Zeta[5]) + 
               12*Y^4*(-3019 + 6912*Zeta[3] + 86400*Zeta[5])) + 
            30*Log[u]*(248832000*(5*Zeta[3] + Zeta[5]) + 
               3888000*Y*(-19 + 20*Zeta[3] + 16*Zeta[5]) + 
               16000*Y^2*(-1091 + 960*Zeta[3] + 1728*Zeta[5]) + 
               3375*Y^3*(-1843 + 1440*Zeta[3] + 4608*Zeta[5]) + 
               72*Y^4*(-39329 + 27648*Zeta[3] + 138240*Zeta[5]))))/
        1866240000 - (c$64102[61]*
          (-27648000*(2*Zeta[3]^2 + 5*Zeta[5]) - 
            3456000*Y*(4*Zeta[3]^2 + 5*Zeta[5]) - 
            6000*Y^3*(-35 + 496*Zeta[3] + 576*Zeta[3]^2 + 360*Zeta[5]) - 
            8000*Y^2*(-31 + 326*Zeta[3] + 768*Zeta[3]^2 + 640*Zeta[5]) - 
            Y^4*(-160079 + 2856520*Zeta[3] + 2211840*Zeta[3]^2 + 
               1105920*Zeta[5]) + 
            20*Log[u]*(691200*(2*Zeta[3]^2 + 5*Zeta[5]) + 
               172800*Y*(4*Zeta[3]^2 + 5*Zeta[5]) + 
               2400*Y^2*(-1 + 14*Zeta[3] + 192*Zeta[3]^2 + 160*Zeta[5]) + 
               200*Y^3*(-11 + 208*Zeta[3] + 1728*Zeta[3]^2 + 
                  1080*Zeta[5]) + 
               Y^4*(-1763 + 42040*Zeta[3] + 276480*Zeta[3]^2 + 
                  138240*Zeta[5]))))/3456000 - 
       (c$64102[28]*(9000*Y*Log[u]^3*
             (240*Zeta[3] + 240*Y*Zeta[3] + 8*Y^3*(1 + 25*Zeta[3]) + 
               5*Y^2*(1 + 44*Zeta[3])) - 
            45000*Y*Log[u]^2*(288*Zeta[3] + 216*Y*Zeta[3] + 
               10*Y^3*(1 + 13*Zeta[3]) + Y^2*(7 + 164*Zeta[3])) + 
            207360000*(Zeta[3]^2 + Zeta[5]) + 
            6480000*Y*(-5*Zeta[3] + 8*Zeta[3]^2 + 8*Zeta[5]) + 
            60000*Y^2*(-197*Zeta[3] + 384*Zeta[3]^2 + 488*Zeta[5]) + 
            625*Y^3*(-1759 - 9428*Zeta[3] + 20736*Zeta[3]^2 + 
               33408*Zeta[5]) + 
            2*Y^4*(-687713 - 1853525*Zeta[3] + 4147200*Zeta[3]^2 + 
               8209440*Zeta[5]) - 
            30*Log[u]*(3456000*(Zeta[3]^2 + Zeta[5]) + 
               216000*Y*(-5*Zeta[3] + 8*Zeta[3]^2 + 8*Zeta[5]) + 
               12000*Y^2*(-47*Zeta[3] + 96*Zeta[3]^2 + 104*Zeta[5]) + 
               125*Y^3*(-245 - 2716*Zeta[3] + 6912*Zeta[3]^2 + 
                  8064*Zeta[5]) + 
               4*Y^4*(-10087 - 57475*Zeta[3] + 172800*Zeta[3]^2 + 
                  214560*Zeta[5]))))/25920000 - 
       (c$64102[24]*(9000*Log[u]^3*
             (43200*Zeta[3] + 25200*Y*Zeta[3] + 
               400*Y^2*(-1 + 48*Zeta[3]) + 75*Y^3*(-5 + 212*Zeta[3]) + 
               6*Y^4*(-51 + 2288*Zeta[3])) - 
            900*Log[u]^2*(2592000*Zeta[3] + 972000*Y*Zeta[3] + 
               8000*Y^2*(-4 + 75*Zeta[3]) + 
               375*Y^3*(-69 + 1156*Zeta[3]) + 
               12*Y^4*(-1591 + 28228*Zeta[3])) + 
            1555200000*(-12*Zeta[3] + 6*Zeta[3]^2 + Zeta[5]) + 
            194400000*Y*(-16*Zeta[3] + 12*Zeta[3]^2 + Zeta[5]) + 
            200000*Y^2*(545 - 7134*Zeta[3] + 5184*Zeta[3]^2 + 
               288*Zeta[5]) + 
            37500*Y^3*(1997 - 23312*Zeta[3] + 15552*Zeta[3]^2 + 
               648*Zeta[5]) + 
            3*Y^4*(16817517 - 204807656*Zeta[3] + 124416000*Zeta[3]^2 + 
               4147200*Zeta[5]) - 
            30*Log[u]*(25920000*(-12*Zeta[3] + 6*Zeta[3]^2 + Zeta[5]) + 
               6480000*Y*(-12*Zeta[3] + 12*Zeta[3]^2 + Zeta[5]) + 
               20000*Y^2*(151 - 2028*Zeta[3] + 2592*Zeta[3]^2 + 
                  144*Zeta[5]) + 
               7500*Y^3*(293 - 3544*Zeta[3] + 5184*Zeta[3]^2 + 
                  216*Zeta[5]) + 
               3*Y^4*(507241 - 6491888*Zeta[3] + 10368000*Zeta[3]^2 + 
                  345600*Zeta[5]))))/777600000 + 
       (c$64102[31]*(22394880000*Zeta[5] + 
            116640000*Y*(-35 + 24*Zeta[5]) + 
            1080000*Y^2*(-1439 + 768*Zeta[5]) + 
            625*Y^3*(-1276427 + 559872*Zeta[5]) + 
            Y^4*(-482181533 + 179159040*Zeta[5]) + 
            900*Log[u]^2*(2073600*Zeta[5] + 129600*Y*(-1 + 8*Zeta[5]) + 
               3600*Y^2*(-17 + 192*Zeta[5]) + 
               25*Y^3*(-1393 + 20736*Zeta[5]) + 
               Y^4*(-22369 + 414720*Zeta[5])) - 
            30*Log[u]*(373248000*Zeta[5] + 3888000*Y*(-11 + 24*Zeta[5]) + 
               216000*Y^2*(-83 + 192*Zeta[5]) + 
               125*Y^3*(-76945 + 186624*Zeta[5]) + 
               32*Y^4*(-186337 + 466560*Zeta[5]))))/933120000 - 
       (c$64102[41]*(300*Log[u]^2*
             (2*Y^4*(57 + 1625*Zeta[3] - 2160*Zeta[5]) + 
               25*Y^3*(3 + 164*Zeta[3] - 216*Zeta[5]) + 
               1800*Y^2*(3*Zeta[3] - 4*Zeta[5]) + 
               3600*Y*(2*Zeta[3] - 3*Zeta[5]) - 21600*Zeta[5]) - 
            17280000*(4*Zeta[3]^2 + 7*Zeta[5]) - 
            1080000*Y*(-12*Zeta[3] + 16*Zeta[3]^2 + 25*Zeta[5]) - 
            10000*Y^2*(-547*Zeta[3] + 768*Zeta[3]^2 + 1438*Zeta[5]) - 
            625*Y^3*(-507 - 5000*Zeta[3] + 6912*Zeta[3]^2 + 
               15960*Zeta[5]) - 
            3*Y^4*(-139337 - 722575*Zeta[3] + 921600*Zeta[3]^2 + 
               2577560*Zeta[5]) + 
            10*Log[u]*(864000*(4*Zeta[3]^2 + 7*Zeta[5]) + 
               108000*Y*(-8*Zeta[3] + 16*Zeta[3]^2 + 25*Zeta[5]) + 
               12000*Y^2*(-38*Zeta[3] + 96*Zeta[3]^2 + 155*Zeta[5]) + 
               125*Y^3*(-123 - 2224*Zeta[3] + 6912*Zeta[3]^2 + 
                  11736*Zeta[5]) + 
               2*Y^4*(-10767 - 95450*Zeta[3] + 345600*Zeta[3]^2 + 
                  615960*Zeta[5]))))/4320000 + 
       (c$64102[58]*(-124416000*(2*Zeta[3]^2 + 5*Zeta[5]) - 
            15552000*Y*(-3*Zeta[3] + 4*Zeta[3]^2 + 9*Zeta[5]) - 
            72000*Y^2*(113 - 296*Zeta[3] + 384*Zeta[3]^2 + 
               1040*Zeta[5]) - 
            1500*Y^3*(5057 - 7788*Zeta[3] + 10368*Zeta[3]^2 + 
               34704*Zeta[5]) - 
            Y^4*(6244907 - 7277760*Zeta[3] + 9953280*Zeta[3]^2 + 
               40400640*Zeta[5]) + 
            30*Log[u]*(2073600*(2*Zeta[3]^2 + 5*Zeta[5]) + 
               518400*Y*(-Zeta[3] + 4*Zeta[3]^2 + 9*Zeta[5]) + 
               7200*Y^2*(7 - 40*Zeta[3] + 192*Zeta[3]^2 + 448*Zeta[5]) + 
               300*Y^3*(167 - 588*Zeta[3] + 3456*Zeta[3]^2 + 
                  8496*Zeta[5]) + 
               Y^4*(42911 - 118080*Zeta[3] + 829440*Zeta[3]^2 + 
                  2142720*Zeta[5]))))/31104000 + 
       (c$64102[10]*(54000*Log[u]^4*
             (5760*Zeta[3] + 720*Y*(-1 + 4*Zeta[3]) + 
               80*Y^2*(-5 + 24*Zeta[3]) + 5*Y^3*(-49 + 288*Zeta[3]) + 
               4*Y^4*(-41 + 288*Zeta[3])) + 
            540*Log[u]^2*(20736000*Zeta[3] + 
               216000*Y*(-23 + 12*Zeta[3]) + 
               8000*Y^2*(-245 + 96*Zeta[3]) + 
               108*Y^4*(-5567 + 1536*Zeta[3]) + 
               125*Y^3*(-8021 + 2592*Zeta[3])) - 
            7200*Log[u]^3*(345600*Zeta[3] + 21600*Y*(-3 + 4*Zeta[3]) + 
               800*Y^2*(-37 + 48*Zeta[3]) + 
               25*Y^3*(-649 + 864*Zeta[3]) + 4*Y^4*(-2527 + 3456*Zeta[3])\
) + 14929920000*(5*Zeta[3] + 4*Zeta[5]) + 
            116640000*Y*(-105 + 20*Zeta[3] + 64*Zeta[5]) + 
            80000*Y^2*(-49049 + 3840*Zeta[3] + 27648*Zeta[5]) + 
            625*Y^3*(-2984137 + 116640*Zeta[3] + 1492992*Zeta[5]) + 
            2*Y^4*(-541186661 + 11943936*Zeta[3] + 238878720*Zeta[5]) - 
            30*Log[u]*(248832000*(5*Zeta[3] + 4*Zeta[5]) + 
               3888000*Y*(-73 + 20*Zeta[3] + 64*Zeta[5]) + 
               128000*Y^2*(-781 + 120*Zeta[3] + 864*Zeta[5]) + 
               125*Y^3*(-391651 + 38880*Zeta[3] + 497664*Zeta[5]) + 
               16*Y^4*(-1797641 + 124416*Zeta[3] + 2488320*Zeta[5]))))/
        3732480000 + (c$64102[14]*
          (54000*Log[u]^4*(720*Zeta[3] + 360*Y*Zeta[3] + 
               45*Y^3*(1 + 4*Zeta[3]) + 40*Y^2*(1 + 6*Zeta[3]) + 
               6*Y^4*(7 + 24*Zeta[3])) - 
            7200*Log[u]^3*(43200*Zeta[3] + 10800*Y*Zeta[3] + 
               225*Y^3*(11 + 12*Zeta[3]) + 200*Y^2*(13 + 24*Zeta[3]) + 
               3*Y^4*(683 + 576*Zeta[3])) - 
            540*Log[u]^2*(-2592000*Zeta[3] - 108000*Y*Zeta[3] + 
               4000*Y^2*(-37 + 12*Zeta[3]) + 
               375*Y^3*(-331 + 156*Zeta[3]) + 
               Y^4*(-94658 + 51264*Zeta[3])) + 
            1866240000*(5*Zeta[3] + Zeta[3]^2 + 4*Zeta[5]) + 
            58320000*Y*(-Zeta[3] + 8*Zeta[3]^2 + 24*Zeta[5]) + 
            40000*Y^2*(5407 - 3036*Zeta[3] + 5184*Zeta[3]^2 + 
               16632*Zeta[5]) + 
            5625*Y^3*(27461 - 13956*Zeta[3] + 20736*Zeta[3]^2 + 
               77184*Zeta[5]) + 
            3*Y^4*(36109397 - 17199072*Zeta[3] + 24883200*Zeta[3]^2 + 
               108466560*Zeta[5]) - 
            30*Log[u]*(31104000*(5*Zeta[3] + Zeta[3]^2 + 4*Zeta[5]) + 
               1944000*Y*(-Zeta[3] + 8*Zeta[3]^2 + 24*Zeta[5]) + 
               8000*Y^2*(805 - 516*Zeta[3] + 1296*Zeta[3]^2 + 
                  3672*Zeta[5]) + 
               1125*Y^3*(4375 - 2604*Zeta[3] + 6912*Zeta[3]^2 + 
                  19584*Zeta[5]) + 
               6*Y^4*(593803 - 340128*Zeta[3] + 1036800*Zeta[3]^2 + 
                  2989440*Zeta[5]))))/933120000 - 
       (c$64102[17]*(-67500*Y*(6912 + 3024*Y + 1644*Y^2 + 1025*Y^3)*
             Log[u]^2 + 9000*Y*(4320 + 2160*Y + 1255*Y^2 + 814*Y^3)*
             Log[u]^3 + 22394880000*Zeta[5] + 
            116640000*Y*(-35 + 24*Zeta[5]) + 
            1080000*Y^2*(-1439 + 768*Zeta[5]) + 
            625*Y^3*(-1276427 + 559872*Zeta[5]) + 
            Y^4*(-482181533 + 179159040*Zeta[5]) - 
            90*Log[u]*(124416000*Zeta[5] + 1296000*Y*(-19 + 24*Zeta[5]) + 
               72000*Y^2*(-137 + 192*Zeta[5]) + 
               125*Y^3*(-41315 + 62208*Zeta[5]) + 
               Y^4*(-3154678 + 4976640*Zeta[5]))))/933120000 + 
       (c$64102[21]*(9000*Log[u]^3*
             (43200*Zeta[3] + 10800*Y*Zeta[3] + 
               800*Y^2*(1 + 6*Zeta[3]) + 75*Y^3*(11 + 36*Zeta[3]) + 
               4*Y^4*(181 + 432*Zeta[3])) + 
            900*Log[u]^2*(-2592000*Zeta[3] - 108000*Y*Zeta[3] + 
               4000*Y^2*(-19 + 12*Zeta[3]) + 
               375*Y^3*(-187 + 156*Zeta[3]) + 
               Y^4*(-57158 + 51264*Zeta[3])) - 
            1555200000*(12*Zeta[3] + 2*Zeta[3]^2 + 11*Zeta[5]) - 
            194400000*Y*(4*Zeta[3]^2 + 19*Zeta[5]) - 
            200000*Y^2*(2107 - 948*Zeta[3] + 1728*Zeta[3]^2 + 
               9648*Zeta[5]) - 
            37500*Y^3*(9095 - 3408*Zeta[3] + 5184*Zeta[3]^2 + 
               35352*Zeta[5]) - 
            Y^4*(257406359 - 85000032*Zeta[3] + 124416000*Zeta[3]^2 + 
               1022457600*Zeta[5]) + 
            60*Log[u]*(12960000*(12*Zeta[3] + 2*Zeta[3]^2 + 11*Zeta[5]) + 
               3240000*Y*(4*Zeta[3]^2 + 19*Zeta[5]) + 
               20000*Y^2*(223 - 156*Zeta[3] + 432*Zeta[3]^2 + 
                  2088*Zeta[5]) + 
               3750*Y^3*(1015 - 624*Zeta[3] + 1728*Zeta[3]^2 + 
                  8712*Zeta[5]) + 
               3*Y^4*(986347 - 553056*Zeta[3] + 1728000*Zeta[3]^2 + 
                  9100800*Zeta[5]))))/777600000 - 
       (c$64102[6]*(-1350000*Y*(144 + 72*Y + 41*Y^2 + 26*Y^3)*Log[u]^4 + 
            810000*Y*(24 + 16*Y + 11*Y^2 + 8*Y^3)*Log[u]^5 - 
            4500*Log[u]^3*(345600*Zeta[3] + 21600*Y*(-11 + 4*Zeta[3]) + 
               1600*Y^2*(-59 + 24*Zeta[3]) + 
               25*Y^3*(-1889 + 864*Zeta[3]) + 
               8*Y^4*(-3451 + 1728*Zeta[3])) + 
            450*Log[u]^2*(20736000*Zeta[3] + 
               648000*Y*(-13 + 4*Zeta[3]) + 
               8000*Y^2*(-353 + 96*Zeta[3]) + 
               125*Y^3*(-10501 + 2592*Zeta[3]) + 
               4*Y^4*(-185309 + 41472*Zeta[3])) + 
            37324800000*(2*Zeta[3] + Zeta[5]) + 
            1166400000*Y*(-7 + 2*Zeta[3] + 4*Zeta[5]) + 
            200000*Y^2*(-11849 + 1536*Zeta[3] + 6912*Zeta[5]) + 
            6250*Y^3*(-170771 + 11664*Zeta[3] + 93312*Zeta[5]) + 
            Y^4*(-600191789 + 23887872*Zeta[3] + 298598400*Zeta[5]) - 
            60*Log[u]*(311040000*(2*Zeta[3] + Zeta[5]) + 
               19440000*Y*(-7 + 2*Zeta[3] + 4*Zeta[5]) + 
               20000*Y^2*(-2051 + 384*Zeta[3] + 1728*Zeta[5]) + 
               625*Y^3*(-29617 + 3888*Zeta[3] + 31104*Zeta[5]) + 
               Y^4*(-10376611 + 995328*Zeta[3] + 12441600*Zeta[5]))))/
        9331200000 + (Y^3*c$64102[95]*
          (6231*Zeta[3] + 8*(-40 + 1809*Zeta[5] - 3402*Zeta[7])))/7776 - 
       (c$64102[71]*(20*Log[u]*
             (103680*Zeta[3]^2 + 51840*Y*Zeta[3]*(1 + Zeta[3]) + 
               1440*Y^2*Zeta[3]*(31 + 24*Zeta[3]) + 
               40*Y^3*(4 + 951*Zeta[3] + 648*Zeta[3]^2) + 
               Y^4*(227 + 33108*Zeta[3] + 20736*Zeta[3]^2)) - 
            Y^4*(19021 + 1369884*Zeta[3] + 165888*Zeta[3]^2 - 
               3093120*Zeta[7]) - 
            1200*Y^3*(12 + 1415*Zeta[3] + 216*Zeta[3]^2 - 3222*Zeta[7]) - 
            4800*Y^2*(463*Zeta[3] + 96*Zeta[3]^2 - 1074*Zeta[7]) - 
            43200*Y*(72*Zeta[3] + 24*Zeta[3]^2 - 179*Zeta[7]) - 
            86400*(48*Zeta[3]^2 - 179*Zeta[7])))/691200 - 
       (c$64102[40]*(600*Y^3*(8 + 13*Y)*Log[u]^2 - 
            40*Log[u]*(103680*Zeta[3]^2 + 51840*Y*Zeta[3]^2 + 
               2880*Y^2*Zeta[3]*(-1 + 12*Zeta[3]) + 
               20*Y^3*(41 - 180*Zeta[3] + 1296*Zeta[3]^2) + 
               Y^4*(1247 - 3672*Zeta[3] + 20736*Zeta[3]^2)) + 
            Y^4*(98177 - 206592*Zeta[3] + 331776*Zeta[3]^2 + 
               2164800*Zeta[5] - 4527360*Zeta[7]) + 
            400*Y^3*(169 - 540*Zeta[3] + 1296*Zeta[3]^2 + 6468*Zeta[5] - 
               14148*Zeta[7]) + 
            19200*Y^2*(-10*Zeta[3] + 48*Zeta[3]^2 + 165*Zeta[5] - 
               393*Zeta[7]) + 172800*(48*Zeta[3]^2 - 131*Zeta[7]) + 
            86400*Y*(24*Zeta[3]^2 + 44*Zeta[5] - 131*Zeta[7])))/691200 + 
       (c$64102[27]*(9000*Y*Log[u]^3*
             (720*Zeta[3] + 720*Y*Zeta[3] + 10*Y^2*(-1 + 66*Zeta[3]) + 
               Y^3*(-17 + 600*Zeta[3])) - 
            45*Log[u]*(Y^4*(63361 - 169800*Zeta[3] + 518400*Zeta[3]^2 - 
                  103680*Zeta[5]) + 
               750*Y^3*(59 - 284*Zeta[3] + 864*Zeta[3]^2 - 
                  216*Zeta[5]) + 
               216000*Y*(-2*Zeta[3] + 6*Zeta[3]^2 - 3*Zeta[5]) + 
               2592000*(Zeta[3]^2 - Zeta[5]) + 
               288000*Y^2*(-Zeta[3] + 3*Zeta[3]^2 - Zeta[5])) - 
            900*Log[u]^2*(64800*Zeta[5] + 
               10800*Y*(2*Zeta[3] + 3*Zeta[5]) + 
               5400*Y^2*(3*Zeta[3] + 4*Zeta[5]) + 
               25*Y^3*(-29 + 492*Zeta[3] + 648*Zeta[5]) + 
               Y^4*(-1117 + 9750*Zeta[3] + 12960*Zeta[5])) + 
            Y^4*(3411748 + 2577975*Zeta[3] + 9331200*Zeta[3]^2 + 
               42413760*Zeta[5] - 105948000*Zeta[7]) + 
            625*Y^3*(4025 + 6996*Zeta[3] + 23328*Zeta[3]^2 + 
               78840*Zeta[5] - 211896*Zeta[7]) + 
            270000*Y^2*(31*Zeta[3] + 96*Zeta[3]^2 + 208*Zeta[5] - 
               654*Zeta[7]) + 
            4860000*(48*Zeta[3]^2 - 48*Zeta[5] - 109*Zeta[7]) + 
            2430000*Y*(8*Zeta[3] + 24*Zeta[3]^2 + 20*Zeta[5] - 
               109*Zeta[7])))/38880000 + 
       (c$64102[35]*(600*Log[u]^2*
             (Y^4*(-111 + 830*Zeta[3] - 720*Zeta[5]) + 
               10*Y^3*(-6 + 85*Zeta[3] - 90*Zeta[5]) + 
               120*Y^2*(7*Zeta[3] - 10*Zeta[5]) + 
               360*Y*(2*Zeta[3] - 5*Zeta[5]) - 3600*Zeta[5]) + 
            20*Log[u]*(43200*(2*Zeta[3]^2 + 5*Zeta[5]) + 
               10800*Y*(-10*Zeta[3] + 4*Zeta[3]^2 + 23*Zeta[5]) + 
               2400*Y^2*(-43*Zeta[3] + 12*Zeta[3]^2 + 91*Zeta[5]) + 
               50*Y^3*(294 - 1835*Zeta[3] + 432*Zeta[3]^2 + 
                  3834*Zeta[5]) + 
               Y^4*(26007 - 81560*Zeta[3] + 17280*Zeta[3]^2 + 
                  170640*Zeta[5])) - 
            3*Y^4*(412977 - 707810*Zeta[3] + 46080*Zeta[3]^2 - 
               1254960*Zeta[5] - 1756800*Zeta[7]) - 
            1500*Y^3*(482 - 1693*Zeta[3] + 144*Zeta[3]^2 - 
               1602*Zeta[5] - 4392*Zeta[7]) - 
            4000*Y^2*(-785*Zeta[3] + 96*Zeta[3]^2 + 26*Zeta[5] - 
               2196*Zeta[7]) - 
            432000*(8*Zeta[3]^2 + 20*Zeta[5] - 61*Zeta[7]) - 
            216000*Y*(-18*Zeta[3] + 4*Zeta[3]^2 + 23*Zeta[5] - 61*Zeta[7])\
))/1728000 + (c$64102[23]*(18000*Y*Log[u]^3*
             (2880*Zeta[3] + 240*Y*(1 + 12*Zeta[3]) + 
               20*Y^2*(13 + 132*Zeta[3]) + Y^3*(241 + 2400*Zeta[3])) - 
            900*Log[u]^2*(Y^4*(34487 + 127200*Zeta[3] - 34560*Zeta[5]) + 
               100*Y^3*(397 + 1572*Zeta[3] - 432*Zeta[5]) + 
               2400*Y^2*(17 + 84*Zeta[3] - 24*Zeta[5]) + 
               86400*Y*(3*Zeta[3] - Zeta[5]) - 172800*Zeta[5]) - 
            360*Log[u]*(864000*(2*Zeta[3]^2 + Zeta[5]) + 
               216000*Y*(-3*Zeta[3] + 4*Zeta[3]^2 + Zeta[5]) + 
               4000*Y^2*(-89 - 84*Zeta[3] + 144*Zeta[3]^2 + 
                  24*Zeta[5]) + 
               125*Y^3*(-2557 - 1572*Zeta[3] + 3456*Zeta[3]^2 + 
                  432*Zeta[5]) + 
               Y^4*(-265987 - 127200*Zeta[3] + 345600*Zeta[3]^2 + 
                  34560*Zeta[5])) + 
            Y^4*(-123772003 + 232039200*Zeta[3] + 49766400*Zeta[3]^2 + 
               4976640*Zeta[5] - 746496000*Zeta[7]) + 
            2500*Y^3*(-61421 + 110364*Zeta[3] + 31104*Zeta[3]^2 + 
               3888*Zeta[5] - 373248*Zeta[7]) + 
            240000*Y^2*(-761 + 1392*Zeta[3] + 576*Zeta[3]^2 + 
               96*Zeta[5] - 5184*Zeta[7]) + 
            77760000*Y*(5*Zeta[3] + 4*Zeta[3]^2 + Zeta[5] - 24*Zeta[7]) + 
            622080000*(2*Zeta[3]^2 + Zeta[5] - 6*Zeta[7])))/622080000 - 
       (c$64102[25]*(36000*Y^3*(5 + 9*Y)*Log[u]^3 - 
            60*Log[u]*(Y^4*(-116921 + 217200*Zeta[3] + 
                  518400*Zeta[3]^2 - 335520*Zeta[5]) + 
               125*Y^3*(-601 + 1584*Zeta[3] + 5184*Zeta[3]^2 - 
                  3528*Zeta[5]) + 108000*Y*(12*Zeta[3]^2 - 11*Zeta[5]) + 
               72000*Y^2*(2*Zeta[3] + 12*Zeta[3]^2 - 9*Zeta[5]) + 
               1296000*(2*Zeta[3]^2 - 3*Zeta[5])) - 
            1800*Log[u]^2*(64800*Zeta[5] + 32400*Y*Zeta[5] + 
               21600*Y^2*Zeta[5] + 25*Y^3*(31 + 648*Zeta[5]) + 
               Y^4*(1283 + 12960*Zeta[5])) + 
            3*Y^4*(-2938493 + 10195600*Zeta[3] + 4147200*Zeta[3]^2 - 
               3704160*Zeta[5] - 4320000*Zeta[7]) + 
            1250*Y^3*(-4739 + 23472*Zeta[3] + 15552*Zeta[3]^2 - 
               12888*Zeta[5] - 12960*Zeta[7]) + 
            720000*Y^2*(32*Zeta[3] + 48*Zeta[3]^2 - 39*Zeta[5] - 
               30*Zeta[7]) + 12960000*
             (24*Zeta[3]^2 - 36*Zeta[5] - 5*Zeta[7]) + 
            6480000*Y*(12*Zeta[3]^2 - 11*Zeta[5] - 5*Zeta[7])))/51840000 - 
       (c$64102[52]*(1800*Log[u]^2*
             (2400*Zeta[5] + 1200*Y*Zeta[5] + 
               160*Y^2*(Zeta[3] + 5*Zeta[5]) + 
               120*Y^3*(2*Zeta[3] + 5*Zeta[5]) + 
               Y^4*(-1 + 280*Zeta[3] + 480*Zeta[5])) - 
            240*Log[u]*(36000*(Zeta[3]^2 + Zeta[5]) + 
               9000*Y*(2*Zeta[3]^2 + Zeta[5]) + 
               450*Y^3*(11*Zeta[3] + 20*Zeta[3]^2 + 5*Zeta[5]) + 
               200*Y^2*(19*Zeta[3] + 60*Zeta[3]^2 + 20*Zeta[5]) + 
               Y^4*(-38 + 5225*Zeta[3] + 7200*Zeta[3]^2 + 1440*Zeta[5])) \
+ Y^4*(-13723 + 1525000*Zeta[3] + 691200*Zeta[3]^2 + 2106240*Zeta[5] - 
               1382400*Zeta[7]) + 
            6000*Y^3*(245*Zeta[3] + 180*Zeta[3]^2 + 437*Zeta[5] - 
               288*Zeta[7]) + 
            32000*Y^2*(37*Zeta[3] + 60*Zeta[3]^2 + 110*Zeta[5] - 
               72*Zeta[7]) + 432000*Y*
             (10*Zeta[3]^2 + 13*Zeta[5] - 8*Zeta[7]) + 
            3456000*(5*Zeta[3]^2 + 5*Zeta[5] - 2*Zeta[7])))/1728000 - 
       (c$64102[93]*(Y^4*(-6417839 + 12884544*Zeta[3] + 
               17003520*Zeta[5] - 83607552*Zeta[7]) + 
            960*Y^3*(-6383 + 16716*Zeta[3] + 21168*Zeta[5] - 
               108864*Zeta[7]) + 
            155520*Y^2*(-31 + 136*Zeta[3] + 160*Zeta[5] - 896*Zeta[7]) + 
            29859840*Y*(Zeta[3] + Zeta[5] - 7*Zeta[7]) - 418037760*Zeta[7]\
))/29859840 + (Y^4*c$64102[94]*
          (389741 + 4294848*Zeta[3] + 11335680*Zeta[5] - 41803776*Zeta[7])\
)/4976640 - (c$64102[97]*(Y^4*
             (14153 + 764904*Zeta[3] + 1298880*Zeta[5] - 3483648*Zeta[7]) \
+ 160*Y^3*(52 + 5547*Zeta[3] + 9702*Zeta[5] - 27216*Zeta[7]) + 
            17280*Y^2*(61*Zeta[3] + 110*Zeta[5] - 336*Zeta[7]) + 
            207360*Y*(6*Zeta[3] + 11*Zeta[5] - 42*Zeta[7]) - 
            17418240*Zeta[7]))/414720 + 
       (Y^4*c$64102[95]*(-93205 + 878928*Zeta[3] + 2142720*Zeta[5] - 
            3483648*Zeta[7]))/1244160 + 
       (c$64102[100]*(Y^4*(-1049 + 19004*Zeta[3] + 177120*Zeta[5] - 
               387072*Zeta[7]) + 
            160*Y^3*(-4 + 114*Zeta[3] + 1323*Zeta[5] - 3024*Zeta[7]) + 
            2880*Y^2*(5*Zeta[3] + 90*Zeta[5] - 224*Zeta[7]) + 
            34560*Y*(9*Zeta[5] - 28*Zeta[7]) - 1935360*Zeta[7]))/69120 + 
       (c$64102[102]*(Y^4*(69 + 13054*Zeta[3] + 8760*Zeta[5] - 
               208656*Zeta[7]) + 
            60*Y^3*(184*Zeta[3] + 430*Zeta[5] - 4347*Zeta[7]) + 
            720*Y^2*(10*Zeta[3] + 74*Zeta[5] - 483*Zeta[7]) + 
            1080*Y*(88*Zeta[5] - 483*Zeta[7]) - 1043280*Zeta[7]))/17280 - 
       (c$64102[103]*(Y^4*(-29 + 864*Zeta[3] + 29520*Zeta[5] - 
               54432*Zeta[7]) + 
            120*Y^3*(4*Zeta[3] + 294*Zeta[5] - 567*Zeta[7]) + 
            6480*Y*(8*Zeta[5] - 21*Zeta[7]) + 
            4320*Y^2*(10*Zeta[5] - 21*Zeta[7]) - 272160*Zeta[7]))/11520 - 
       (c$64102[109]*(Y^4*(-1 + 12300*Zeta[5] - 31752*Zeta[7]) + 
            540*Y*(40*Zeta[5] - 147*Zeta[7]) + 
            360*Y^2*(50*Zeta[5] - 147*Zeta[7]) + 
            1470*Y^3*(10*Zeta[5] - 27*Zeta[7]) - 158760*Zeta[7]))/2880 + 
       (Y^3*c$64102[94]*(319 + 4179*Zeta[3] + 10584*Zeta[5] - 
            40824*Zeta[7]))/3888 - 
       (c$64102[110]*(Y^4*(74*Zeta[3] + 605*Zeta[5] - 3024*Zeta[7]) + 
            5*Y^3*(8*Zeta[3] + 173*Zeta[5] - 756*Zeta[7]) + 
            360*Y*(5*Zeta[5] - 21*Zeta[7]) + 
            1260*Y^2*(Zeta[5] - 4*Zeta[7]) - 15120*Zeta[7]))/360 - 
       (c$64102[113]*(Y^4*(91*Zeta[3] + 2050*Zeta[5] - 2016*Zeta[7]) + 
            10*Y^3*(5*Zeta[3] + 245*Zeta[5] - 252*Zeta[7]) + 
            120*Y^2*(25*Zeta[5] - 28*Zeta[7]) + 
            720*Y*(5*Zeta[5] - 7*Zeta[7]) - 10080*Zeta[7]))/360 + 
       (c$64102[105]*(Y^4*(43*Zeta[3] + 100*Zeta[5] - 1008*Zeta[7]) + 
            5*Y^3*(4*Zeta[3] + 31*Zeta[5] - 252*Zeta[7]) + 
            360*Y*(Zeta[5] - 7*Zeta[7]) + 240*Y^2*(Zeta[5] - 7*Zeta[7]) - 
            5040*Zeta[7]))/360 + 
       (Y^2*c$64102[94]*(7 + 136*Zeta[3] + 320*Zeta[5] - 1344*Zeta[7]))/
        96 + (Y^2*c$64102[95]*(11*Zeta[3] + 24*Zeta[5] - 56*Zeta[7]))/12 + 
       Y*c$64102[94]*(2*Zeta[3] + 4*Zeta[5] - 21*Zeta[7]) + 
       c$64102[55]*(-1/2985984*
           (Y*(1492992 + 1010880*Y + 759184*Y^2 + 607493*Y^3)*Log[u]) + 
          Y*(7/2 - 6*Zeta[7]) + Y^2*(1291/576 - 4*Zeta[7]) + 
          Y^3*(611951/373248 - 3*Zeta[7]) + 
          Y^4*(12853429/9953280 - (12*Zeta[7])/5) - 12*Zeta[7]) + 
       Y*c$64102[95]*(Zeta[3] + 2*Zeta[5] - 7*Zeta[7]) - 
       42*c$64102[94]*Zeta[7] - 14*c$64102[95]*Zeta[7] + 
       (c$64102[76]*(60*Y*Log[u]*
             (82944*(Zeta[3] + Zeta[5]) + 
               1728*Y*(1 + 36*Zeta[3] + 48*Zeta[5]) + 
               16*Y^2*(97 + 3012*Zeta[3] + 4752*Zeta[5]) + 
               Y^3*(1301 + 39072*Zeta[3] + 69120*Zeta[5])) - 
            Y^4*(710137 + 6442272*Zeta[3] + 2833920*Zeta[5] - 
               15925248*Zeta[7]) - 
            480*Y^3*(1789 + 16716*Zeta[3] + 7056*Zeta[5] - 
               41472*Zeta[7]) - 
            17280*Y^2*(55 + 612*Zeta[3] + 240*Zeta[5] - 1536*Zeta[7]) - 
            4976640*Y*(3*Zeta[3] + Zeta[5] - 8*Zeta[7]) + 79626240*Zeta[7]\
))/9953280 + c$64102[96]*(-5*Y*(2*Zeta[5] - 7*Zeta[7]) + 70*Zeta[7] + 
          Y^4*(3325/165888 - (205*Zeta[5])/36 + 14*Zeta[7]) + 
          Y^3*(19/864 - (245*Zeta[5])/36 + (35*Zeta[7])/2) + 
          Y^2*(1/48 - (25*Zeta[5])/3 + (70*Zeta[7])/3)) + 
       (c$64102[120]*(840*Zeta[7] + 420*Y*Zeta[7] + 
            30*Y^3*(Zeta[5] + 7*Zeta[7]) + 
            20*Y^2*(Zeta[5] + 14*Zeta[7]) + 7*Y^4*(5*Zeta[5] + 24*Zeta[7])\
))/12 - (c$64102[92]*(120*Zeta[7] + 60*Y*Zeta[7] + 
            30*Y^3*(Zeta[5] + Zeta[7]) + 20*Y^2*(Zeta[5] + 2*Zeta[7]) + 
            Y^4*(Zeta[3] + 35*Zeta[5] + 24*Zeta[7])))/60 + 
       (c$64102[114]*(420*Zeta[7] + 210*Y*Zeta[7] + 
            20*Y^2*(2*Zeta[5] + 7*Zeta[7]) + 
            15*Y^3*(4*Zeta[5] + 7*Zeta[7]) + 
            Y^4*(Zeta[3] + 70*Zeta[5] + 84*Zeta[7])))/30 + 
       (c$64102[118]*(Y^4*(19*Zeta[3] - 385*Zeta[5] - 1344*Zeta[7]) + 
            10*Y^3*(Zeta[3] - 33*Zeta[5] - 168*Zeta[7]) - 6720*Zeta[7] - 
            3360*Y*Zeta[7] - 20*Y^2*(11*Zeta[5] + 112*Zeta[7])))/120 - 
       (c$64102[107]*(Y^4*(-8 + 2151*Zeta[3] - 20010*Zeta[5] - 
               20412*Zeta[7]) + 
            15*Y^3*(104*Zeta[3] - 1282*Zeta[5] - 1701*Zeta[7]) + 
            180*Y^2*(4*Zeta[3] - 94*Zeta[5] - 189*Zeta[7]) - 
            102060*Zeta[7] - 270*Y*(40*Zeta[5] + 189*Zeta[7])))/4320 - 
       (c$64102[89]*(180*Log[u]*
             (5760*Zeta[3]^2 + 480*Y*(6*Zeta[3]^2 + Zeta[5]) + 
               160*Y^2*(-Zeta[3] + 12*Zeta[3]^2 + 3*Zeta[5]) + 
               40*Y^3*(-7*Zeta[3] + 36*Zeta[3]^2 + 11*Zeta[5]) + 
               Y^4*(-1 - 364*Zeta[3] + 1152*Zeta[3]^2 + 400*Zeta[5])) + 
            Y^4*(1077 + 195148*Zeta[3] - 82944*Zeta[3]^2 - 
               49200*Zeta[5] - 276480*Zeta[7]) - 
            691200*(3*Zeta[3]^2 + 2*Zeta[7]) - 
            86400*Y*(6*Zeta[3]^2 + Zeta[5] + 8*Zeta[7]) - 
            4800*Y^2*(-25*Zeta[3] + 48*Zeta[3]^2 + 15*Zeta[5] + 
               96*Zeta[7]) - 1200*Y^3*
             (-143*Zeta[3] + 108*Zeta[3]^2 + 49*Zeta[5] + 288*Zeta[7])))/
        345600 + (c$64102[117]*
          (-20*Y^2*(Zeta[5] - 28*Zeta[7]) + 1680*Zeta[7] + 
            840*Y*Zeta[7] + 5*Y^3*(Zeta[3] - 6*Zeta[5] + 84*Zeta[7]) + 
            Y^4*(9*Zeta[3] - 35*Zeta[5] + 336*Zeta[7])))/120 - 
       (c$64102[119]*(2520*Zeta[7] + 1260*Y*Zeta[7] + 
            120*Y^2*(Zeta[5] + 7*Zeta[7]) + 
            90*Y^3*(2*Zeta[5] + 7*Zeta[7]) + 
            Y^4*(Zeta[3] + 210*Zeta[5] + 504*Zeta[7])))/60 + 
       (c$64102[91]*(30*Y*Log[u]*
             (24*Zeta[5] + 24*Y*Zeta[5] + 2*Y^3*(Zeta[3] + 10*Zeta[5]) + 
               Y^2*(Zeta[3] + 22*Zeta[5])) - 2880*Zeta[7] - 
            360*Y*(Zeta[5] + 4*Zeta[7]) - 
            60*Y^2*(5*Zeta[5] + 16*Zeta[7]) - 
            5*Y^3*(7*Zeta[3] + 49*Zeta[5] + 144*Zeta[7]) - 
            Y^4*(64*Zeta[3] + 205*Zeta[5] + 576*Zeta[7])))/360 - 
       (c$64102[90]*(6*Y*Log[u]*
             (60*Zeta[5] + 60*Y*Zeta[5] + 2*Y^3*(Zeta[3] + 25*Zeta[5]) + 
               Y^2*(Zeta[3] + 55*Zeta[5])) - 2880*Zeta[7] - 
            360*Y*(Zeta[5] + 4*Zeta[7]) - 
            60*Y^2*(5*Zeta[5] + 16*Zeta[7]) - 
            Y^4*(31*Zeta[3] + 205*Zeta[5] + 576*Zeta[7]) - 
            Y^3*(17*Zeta[3] + 245*Zeta[5] + 720*Zeta[7])))/144 + 
       (c$64102[87]*(15*Log[u]*
             (8640*Zeta[3]^2 + 1440*Y*(3*Zeta[3]^2 + Zeta[5]) + 
               240*Y^2*(-Zeta[3] + 12*Zeta[3]^2 + 6*Zeta[5]) + 
               60*Y^3*(-5*Zeta[3] + 36*Zeta[3]^2 + 22*Zeta[5]) + 
               Y^4*(1 - 306*Zeta[3] + 1728*Zeta[3]^2 + 1200*Zeta[5])) + 
            Y^4*(-61 + 2361*Zeta[3] - 10368*Zeta[3]^2 + 24600*Zeta[5] - 
               62100*Zeta[7]) - 2700*(96*Zeta[3]^2 + 115*Zeta[7]) - 
            1350*Y*(48*Zeta[3]^2 - 32*Zeta[5] + 115*Zeta[7]) - 
            300*Y^2*(-8*Zeta[3] + 96*Zeta[3]^2 - 120*Zeta[5] + 
               345*Zeta[7]) - 
            75*Y^3*(-34*Zeta[3] + 216*Zeta[3]^2 - 392*Zeta[5] + 
               1035*Zeta[7])))/21600 + 
       (c$64102[54]*(30*Y*Log[u]*
             (12*Zeta[5] + 12*Y*Zeta[5] + 2*Y^3*(Zeta[3] + 5*Zeta[5]) + 
               Y^2*(Zeta[3] + 11*Zeta[5])) - 
            360*Y*(Zeta[5] - 6*Zeta[7]) + 4320*Zeta[7] + 
            180*Y^2*(Zeta[5] + 8*Zeta[7]) + 
            Y^4*(-89*Zeta[3] + 635*Zeta[5] + 864*Zeta[7]) + 
            Y^3*(-55*Zeta[3] + 475*Zeta[5] + 1080*Zeta[7])))/720 - 
       (c$64102[75]*(30*Y*Log[u]*
             (24*Zeta[5] + 24*Y*Zeta[5] + 2*Y^3*(Zeta[3] + 10*Zeta[5]) + 
               Y^2*(Zeta[3] + 22*Zeta[5])) - 
            360*Y*(2*Zeta[5] - 11*Zeta[7]) + 7920*Zeta[7] + 
            60*Y^2*(Zeta[5] + 44*Zeta[7]) + 
            Y^4*(-89*Zeta[3] + 745*Zeta[5] + 1584*Zeta[7]) + 
            Y^3*(-55*Zeta[3] + 500*Zeta[5] + 1980*Zeta[7])))/360 - 
       (c$64102[112]*(-60*Y^2*(59*Zeta[5] - 56*Zeta[7]) - 
            720*Y*(5*Zeta[5] - 7*Zeta[7]) + 10080*Zeta[7] + 
            20*Y^3*(2*Zeta[3] - 163*Zeta[5] + 126*Zeta[7]) + 
            Y^4*(74*Zeta[3] - 2995*Zeta[5] + 2016*Zeta[7])))/360 + 
       (c$64102[108]*(-180*Y*(40*Zeta[5] - 63*Zeta[7]) + 22680*Zeta[7] + 
            120*Y^2*(4*Zeta[3] - 50*Zeta[5] + 63*Zeta[7]) + 
            70*Y^3*(8*Zeta[3] - 70*Zeta[5] + 81*Zeta[7]) + 
            Y^4*(1 + 546*Zeta[3] - 4100*Zeta[5] + 4536*Zeta[7])))/960 + 
       (c$64102[67]*(10*Log[u]*
             (38880*Zeta[3]^2 + 
               Y^4*(-73 + 3258*Zeta[3] + 7776*Zeta[3]^2 - 
                  9900*Zeta[5]) + 
               45*Y^3*(-1 + 66*Zeta[3] + 216*Zeta[3]^2 - 242*Zeta[5]) + 
               1080*Y^2*(2*Zeta[3] + 12*Zeta[3]^2 - 11*Zeta[5]) + 
               1080*Y*(18*Zeta[3]^2 - 11*Zeta[5])) + 
            Y^4*(2887 - 100222*Zeta[3] - 31104*Zeta[3]^2 + 
               67650*Zeta[5] - 314280*Zeta[7]) - 
            16200*(48*Zeta[3]^2 + 97*Zeta[7]) - 
            1800*Y^2*(42*Zeta[3] + 48*Zeta[3]^2 - 55*Zeta[5] + 
               291*Zeta[7]) - 
            2700*Y*(72*Zeta[3]^2 - 44*Zeta[5] + 291*Zeta[7]) - 
            75*Y^3*(-25 + 1282*Zeta[3] + 648*Zeta[3]^2 - 1078*Zeta[5] + 
               5238*Zeta[7])))/43200 + 
       (c$64102[84]*(30*Y*Log[u]*
             (60*Zeta[5] + 60*Y*Zeta[5] + 2*Y^3*(Zeta[3] + 25*Zeta[5]) + 
               Y^2*(Zeta[3] + 55*Zeta[5])) - 
            60*Y^2*(7*Zeta[5] - 136*Zeta[7]) - 
            360*Y*(5*Zeta[5] - 34*Zeta[7]) + 24480*Zeta[7] + 
            Y^4*(-101*Zeta[3] + 865*Zeta[5] + 4896*Zeta[7]) + 
            Y^3*(-55*Zeta[3] + 395*Zeta[5] + 6120*Zeta[7])))/720 - 
       (c$64102[45]*(120*Y^3*(3 + 5*Y)*Log[u]^2 + 
            20*Y*Log[u]*(864*Zeta[5] + 864*Y*Zeta[5] + 
               3*Y^2*(-37 + 264*Zeta[5]) + Y^3*(-173 + 720*Zeta[5])) - 
            10*Y^3*(-407 + 1824*Zeta[3] + 1176*Zeta[5] - 864*Zeta[7]) - 
            2880*Y^2*(5*Zeta[3] + 5*Zeta[5] - 4*Zeta[7]) - 
            17280*Y*(Zeta[5] - Zeta[7]) + 34560*Zeta[7] + 
            Y^4*(6049 - 19004*Zeta[3] - 9840*Zeta[5] + 6912*Zeta[7])))/
        69120 - (c$64102[68]*(30*Y^3*(2 + 3*Y)*Log[u] - 
            17280*Y*(Zeta[5] - Zeta[7]) + 34560*Zeta[7] + 
            2880*Y^2*(Zeta[3] - 5*Zeta[5] + 4*Zeta[7]) + 
            10*Y^3*(-25 + 336*Zeta[3] - 1176*Zeta[5] + 864*Zeta[7]) + 
            Y^4*(-351 + 3276*Zeta[3] - 9840*Zeta[5] + 6912*Zeta[7])))/8640 \
+ (c$64102[79]*(180*Log[u]*(1440*Zeta[3]^2 + 
               120*Y*(6*Zeta[3]^2 + 5*Zeta[5]) + 
               40*Y^2*(-Zeta[3] + 12*Zeta[3]^2 + 15*Zeta[5]) + 
               10*Y^3*(-5*Zeta[3] + 36*Zeta[3]^2 + 55*Zeta[5]) + 
               Y^4*(1 - 51*Zeta[3] + 288*Zeta[3]^2 + 500*Zeta[5])) - 
            300*Y^3*(-45*Zeta[3] + 108*Zeta[3]^2 + 173*Zeta[5] - 
               36*Zeta[7]) - 1200*Y^2*
             (-10*Zeta[3] + 48*Zeta[3]^2 + 63*Zeta[5] - 12*Zeta[7]) - 
            43200*(12*Zeta[3]^2 - Zeta[7]) - 
            21600*Y*(6*Zeta[3]^2 + 5*Zeta[5] - Zeta[7]) + 
            Y^4*(-607 + 12912*Zeta[3] - 20736*Zeta[3]^2 - 36300*Zeta[5] + 
               8640*Zeta[7])))/86400 + 
       (c$64102[33]*(600*Log[u]^2*
             (Y^4*(1547 + 9840*Zeta[3] - 34560*Zeta[5]) + 
               60*Y^3*(27 + 196*Zeta[3] - 720*Zeta[5]) + 
               1440*Y^2*(1 + 10*Zeta[3] - 40*Zeta[5]) + 
               17280*Y*(Zeta[3] - 5*Zeta[5]) - 172800*Zeta[5]) + 
            240*Log[u]*(172800*(2*Zeta[3]^2 + 5*Zeta[5]) + 
               43200*Y*(-5*Zeta[3] + 4*Zeta[3]^2 + 5*Zeta[5]) + 
               2400*Y^2*(-13 - 64*Zeta[3] + 48*Zeta[3]^2 + 40*Zeta[5]) + 
               25*Y^3*(-1323 - 4604*Zeta[3] + 3456*Zeta[3]^2 + 
                  2160*Zeta[5]) + 
               Y^4*(-30497 - 91240*Zeta[3] + 69120*Zeta[3]^2 + 
                  34560*Zeta[5])) + 
            Y^4*(17628487 + 31694640*Zeta[3] - 6635520*Zeta[3]^2 - 
               74165760*Zeta[5] - 24883200*Zeta[7]) - 
            41472000*(4*Zeta[3]^2 + 10*Zeta[5] + 3*Zeta[7]) - 
            10368000*Y*(-9*Zeta[3] + 4*Zeta[3]^2 + 17*Zeta[5] + 
               6*Zeta[7]) - 48000*Y^2*
             (-401 - 1214*Zeta[3] + 384*Zeta[3]^2 + 2480*Zeta[5] + 
               864*Zeta[7]) - 
            3000*Y^3*(-6523 - 13740*Zeta[3] + 3456*Zeta[3]^2 + 
               30384*Zeta[5] + 10368*Zeta[7])))/20736000 - 
       (c$64102[38]*(600*Log[u]^2*
             (Y^4*(26 + 615*Zeta[3] - 1080*Zeta[5]) + 
               15*Y^3*(1 + 49*Zeta[3] - 90*Zeta[5]) + 
               540*Y*(2*Zeta[3] - 5*Zeta[5]) + 
               900*Y^2*(Zeta[3] - 2*Zeta[5]) - 5400*Zeta[5]) + 
            20*Log[u]*(2*Y^4*
                (-2641 - 23355*Zeta[3] + 51840*Zeta[3]^2 - 
                  11520*Zeta[5]) + 
               75*Y^3*(-43 - 887*Zeta[3] + 1728*Zeta[3]^2 - 
                  258*Zeta[5]) + 
               7200*Y^2*(-14*Zeta[3] + 24*Zeta[3]^2 - Zeta[5]) + 
               64800*(8*Zeta[3]^2 + 5*Zeta[5]) + 
               5400*Y*(-30*Zeta[3] + 48*Zeta[3]^2 + 7*Zeta[5])) + 
            Y^4*(961355*Zeta[3] - 829440*Zeta[3]^2 + 
               6*(36501 + 64720*Zeta[5] - 565200*Zeta[7])) - 
            54000*Y*(-108*Zeta[3] + 96*Zeta[3]^2 + 14*Zeta[5] + 
               157*Zeta[7]) - 
            108000*(192*Zeta[3]^2 + 120*Zeta[5] + 157*Zeta[7]) - 
            6000*Y^2*(-479*Zeta[3] + 384*Zeta[3]^2 - 40*Zeta[5] + 
               942*Zeta[7]) - 
            250*Y^3*(-557 - 6393*Zeta[3] + 5184*Zeta[3]^2 - 
               1542*Zeta[5] + 16956*Zeta[7])))/864000 - 
       (c$64102[65]*(120*Log[u]*
             (2160*Zeta[3]^2 + 
               Y^4*(-6 + 241*Zeta[3] + 432*Zeta[3]^2 - 150*Zeta[5]) + 
               15*Y^3*(13*Zeta[3] + 36*Zeta[3]^2 - 11*Zeta[5]) + 
               60*Y^2*(2*Zeta[3] + 12*Zeta[3]^2 - 3*Zeta[5]) + 
               180*Y*(6*Zeta[3]^2 - Zeta[5])) - 
            300*Y^3*(185*Zeta[3] + 108*Zeta[3]^2 - 697*Zeta[5] - 
               90*Zeta[7]) - 1200*Y^2*
             (32*Zeta[3] + 48*Zeta[3]^2 - 123*Zeta[5] - 30*Zeta[7]) - 
            21600*(24*Zeta[3]^2 - 5*Zeta[7]) - 
            10800*Y*(12*Zeta[3]^2 - 2*Zeta[5] - 5*Zeta[7]) + 
            Y^4*(3093 - 63098*Zeta[3] - 20736*Zeta[3]^2 + 
               239100*Zeta[5] + 21600*Zeta[7])))/86400 + 
       (c$64102[111]*(136080*Zeta[7] + 68040*Y*Zeta[7] + 
            2160*Y^2*(5*Zeta[3] + 21*Zeta[7]) + 
            180*Y^3*(76*Zeta[3] + 189*Zeta[7]) + 
            Y^4*(7 + 14253*Zeta[3] + 27216*Zeta[7])))/17280 - 
       (c$64102[49]*(300*Log[u]^2*
             (Y^4*(59 + 4980*Zeta[3] - 4320*Zeta[5]) + 
               20*Y^3*(2 + 255*Zeta[3] - 270*Zeta[5]) + 
               720*Y^2*(7*Zeta[3] - 10*Zeta[5]) + 
               2160*Y*(2*Zeta[3] - 5*Zeta[5]) - 21600*Zeta[5]) + 
            30*Log[u]*(86400*(2*Zeta[3]^2 + 5*Zeta[5]) + 
               21600*Y*(-14*Zeta[3] + 4*Zeta[3]^2 + 5*Zeta[5]) + 
               2400*Y^2*(-113*Zeta[3] + 24*Zeta[3]^2 + 20*Zeta[5]) + 
               100*Y^3*(-22 - 2337*Zeta[3] + 432*Zeta[3]^2 + 
                  270*Zeta[5]) + 
               3*Y^4*(-987 - 67940*Zeta[3] + 11520*Zeta[3]^2 + 
                  5760*Zeta[5])) + 
            Y^4*(122657 + 8300340*Zeta[3] - 414720*Zeta[3]^2 - 
               207360*Zeta[5] - 15811200*Zeta[7]) - 
            648000*Y*(-30*Zeta[3] + 4*Zeta[3]^2 + 5*Zeta[5] + 
               61*Zeta[7]) - 1296000*
             (8*Zeta[3]^2 + 20*Zeta[5] + 61*Zeta[7]) - 
            24000*Y^2*(-577*Zeta[3] + 48*Zeta[3]^2 + 40*Zeta[5] + 
               1098*Zeta[7]) - 
            500*Y^3*(-194 - 20859*Zeta[3] + 1296*Zeta[3]^2 + 
               810*Zeta[5] + 39528*Zeta[7])))/5184000 - 
       (c$64102[32]*(1800*Log[u]^2*
             (Y^4*(-5821 + 7380*Zeta[3] - 25920*Zeta[5]) + 
               45*Y^3*(-123 + 196*Zeta[3] - 720*Zeta[5]) + 
               2160*Y^2*(-2 + 5*Zeta[3] - 20*Zeta[5]) + 
               12960*Y*(Zeta[3] - 5*Zeta[5]) - 129600*Zeta[5]) + 
            60*Log[u]*(Y^4*(1577027 - 821160*Zeta[3] + 
                  622080*Zeta[3]^2 - 2280960*Zeta[5]) + 
               225*Y^3*(6837 - 4604*Zeta[3] + 3456*Zeta[3]^2 - 
                  10512*Zeta[5]) + 
               43200*Y^2*(29 - 32*Zeta[3] + 24*Zeta[3]^2 - 52*Zeta[5]) + 
               388800*Y*(-5*Zeta[3] + 4*Zeta[3]^2 - 3*Zeta[5]) + 
               1555200*(2*Zeta[3]^2 + 5*Zeta[5])) + 
            Y^4*(-258226723 + 71312940*Zeta[3] - 14929920*Zeta[3]^2 + 
               98807040*Zeta[5] - 671846400*Zeta[7]) - 
            186624000*(2*Zeta[3]^2 + 5*Zeta[5] + 18*Zeta[7]) - 
            23328000*Y*(-9*Zeta[3] + 4*Zeta[3]^2 - 3*Zeta[5] + 
               72*Zeta[7]) - 216000*Y^2*
             (997 - 607*Zeta[3] + 192*Zeta[3]^2 - 560*Zeta[5] + 
               5184*Zeta[7]) - 
            20250*Y^3*(12663 - 4580*Zeta[3] + 1152*Zeta[3]^2 - 
               5552*Zeta[5] + 41472*Zeta[7])))/93312000 - 
       (c$64102[101]*(-17280*Y*(3*Zeta[5] - 7*Zeta[7]) + 241920*Zeta[7] + 
            1440*Y^2*(Zeta[3] - 30*Zeta[5] + 56*Zeta[7]) + 
            20*Y^3*(1 + 84*Zeta[3] - 1764*Zeta[5] + 3024*Zeta[7]) + 
            Y^4*(31 + 1638*Zeta[3] - 29520*Zeta[5] + 48384*Zeta[7])))/4320 \
+ (c$64102[85]*(15*Log[u]*(311040*Zeta[3]^2 + 
               51840*Y*(-Zeta[3] + 3*Zeta[3]^2 + 3*Zeta[5]) + 
               4320*Y^2*(-11*Zeta[3] + 24*Zeta[3]^2 + 36*Zeta[5]) + 
               40*Y^3*(-4 - 1023*Zeta[3] + 1944*Zeta[3]^2 + 
                  3564*Zeta[5]) + 
               Y^4*(-209 - 35436*Zeta[3] + 62208*Zeta[3]^2 + 
                  129600*Zeta[5])) + 
            Y^4*(32554 + 1910091*Zeta[3] - 373248*Zeta[3]^2 - 
               1328400*Zeta[5] - 4237920*Zeta[7]) - 
            194400*(48*Zeta[3]^2 + 109*Zeta[7]) - 
            97200*Y*(-40*Zeta[3] + 24*Zeta[3]^2 + 24*Zeta[5] + 
               109*Zeta[7]) - 
            10800*Y^2*(-275*Zeta[3] + 96*Zeta[3]^2 + 180*Zeta[5] + 
               654*Zeta[7]) - 
            100*Y^3*(-236 - 23325*Zeta[3] + 5832*Zeta[3]^2 + 
               15876*Zeta[5] + 52974*Zeta[7])))/1555200 - 
       (c$64102[73]*(15*Log[u]*
             (17280*Zeta[3]^2 + 8640*Y*Zeta[3]^2 + 
               360*Y^3*Zeta[3]*(1 + 12*Zeta[3]) + 
               240*Y^2*Zeta[3]*(1 + 24*Zeta[3]) + 
               Y^4*(-3 + 418*Zeta[3] + 3456*Zeta[3]^2)) - 
            75*Y^3*(268*Zeta[3] + 432*Zeta[3]^2 + 1078*Zeta[5] - 
               1035*Zeta[7]) - 
            300*Y^2*(44*Zeta[3] + 192*Zeta[3]^2 + 330*Zeta[5] - 
               345*Zeta[7]) - 
            1350*Y*(96*Zeta[3]^2 + 88*Zeta[5] - 115*Zeta[7]) + 
            2700*(-192*Zeta[3]^2 + 115*Zeta[7]) + 
            Y^4*(168 - 23473*Zeta[3] - 20736*Zeta[3]^2 - 67650*Zeta[5] + 
               62100*Zeta[7])))/21600 + 
       (c$64102[82]*(30*Log[u]*
             (8640*Zeta[3]^2 + 2160*Y*(2*Zeta[3]^2 + Zeta[5]) + 
               240*Y^2*(-Zeta[3] + 12*Zeta[3]^2 + 9*Zeta[5]) + 
               60*Y^3*(-5*Zeta[3] + 36*Zeta[3]^2 + 33*Zeta[5]) + 
               Y^4*(1 - 306*Zeta[3] + 1728*Zeta[3]^2 + 1800*Zeta[5])) - 
            1200*Y^2*(-10*Zeta[3] + 48*Zeta[3]^2 + 135*Zeta[5] - 
               102*Zeta[7]) - 
            2700*Y^3*(-5*Zeta[3] + 12*Zeta[3]^2 + 49*Zeta[5] - 
               34*Zeta[7]) - 21600*(24*Zeta[3]^2 - 17*Zeta[7]) - 
            10800*Y*(12*Zeta[3]^2 + 18*Zeta[5] - 17*Zeta[7]) + 
            Y^4*(-107 + 12912*Zeta[3] - 20736*Zeta[3]^2 - 
               110700*Zeta[5] + 73440*Zeta[7])))/28800 - 
       (c$64102[104]*(-11880*Y*(8*Zeta[5] - 21*Zeta[7]) + 
            498960*Zeta[7] + 720*Y^2*
             (14*Zeta[3] - 110*Zeta[5] + 231*Zeta[7]) + 
            420*Y^3*(32*Zeta[3] - 154*Zeta[5] + 297*Zeta[7]) + 
            Y^4*(-27 + 14554*Zeta[3] - 54120*Zeta[5] + 99792*Zeta[7])))/
        17280 - (c$64102[13]*(540000*Log[u]^4*
             (1440*Zeta[3] + 720*Y*Zeta[3] + 40*Y^2*(-1 + 12*Zeta[3]) + 
               10*Y^3*(-5 + 36*Zeta[3]) + 3*Y^4*(-17 + 96*Zeta[3])) - 
            72000*Log[u]^3*(43200*Zeta[3] + 10800*Y*Zeta[3] + 
               400*Y^2*(-7 + 12*Zeta[3]) + 75*Y^3*(-41 + 36*Zeta[3]) + 
               4*Y^4*(-719 + 432*Zeta[3])) + 
            1800*Log[u]^2*(Y^4*
                (-448249 + 533472*Zeta[3] - 172800*Zeta[5]) + 
               250*Y^3*(-2029 + 2676*Zeta[3] - 864*Zeta[5]) + 
               4000*Y^2*(-127 + 228*Zeta[3] - 72*Zeta[5]) + 
               216000*Y*(7*Zeta[3] - 2*Zeta[5]) + 
               864000*(6*Zeta[3] - Zeta[5])) + 
            120*Log[u]*(25920000*(-6*Zeta[3] + 4*Zeta[3]^2 + Zeta[5]) + 
               3240000*Y*(-23*Zeta[3] + 16*Zeta[3]^2 + 2*Zeta[5]) + 
               80000*Y^2*(239 - 600*Zeta[3] + 432*Zeta[3]^2 + 
                  36*Zeta[5]) + 
               625*Y^3*(28583 - 56220*Zeta[3] + 41472*Zeta[3]^2 + 
                  2592*Zeta[5]) + 
               3*Y^4*(5083373 - 9206944*Zeta[3] + 6912000*Zeta[3]^2 + 
                  345600*Zeta[5])) + 
            Y^4*(-1950942587 + 4766139936*Zeta[3] - 
               995328000*Zeta[3]^2 + 3492633600*Zeta[5] - 
               9953280000*Zeta[7]) - 
            6220800000*(-6*Zeta[3] + 4*Zeta[3]^2 + Zeta[5] + 8*Zeta[7]) - 
            388800000*Y*(-39*Zeta[3] + 16*Zeta[3]^2 - 14*Zeta[5] + 
               64*Zeta[7]) - 400000*Y^2*
             (6497 - 22236*Zeta[3] + 6912*Zeta[3]^2 - 12384*Zeta[5] + 
               41472*Zeta[7]) - 
            112500*Y^3*(20701 - 55284*Zeta[3] + 13824*Zeta[3]^2 - 
               36768*Zeta[5] + 110592*Zeta[7])))/6220800000 + 
       (c$64102[72]*(60*Log[u]*
             (6480*Zeta[3]^2 + 
               Y^4*(2 + 543*Zeta[3] + 1296*Zeta[3]^2 - 1350*Zeta[5]) + 
               45*Y^3*(11*Zeta[3] + 36*Zeta[3]^2 - 33*Zeta[5]) + 
               180*Y^2*(2*Zeta[3] + 12*Zeta[3]^2 - 9*Zeta[5]) + 
               1620*Y*(2*Zeta[3]^2 - Zeta[5])) - 
            32400*(24*Zeta[3]^2 + 25*Zeta[7]) - 
            16200*Y*(12*Zeta[3]^2 - 6*Zeta[5] + 25*Zeta[7]) - 
            1800*Y^2*(32*Zeta[3] + 48*Zeta[3]^2 - 45*Zeta[5] + 
               150*Zeta[7]) - 
            450*Y^3*(155*Zeta[3] + 108*Zeta[3]^2 - 147*Zeta[5] + 
               450*Zeta[7]) - 
            Y^4*(443 + 69987*Zeta[3] + 31104*Zeta[3]^2 - 55350*Zeta[5] + 
               162000*Zeta[7])))/43200 + 
       (c$64102[70]*(60*Log[u]*
             (4320*Zeta[3]^2 + 
               Y^4*(3 + 362*Zeta[3] + 864*Zeta[3]^2 - 600*Zeta[5]) + 
               30*Y^3*(11*Zeta[3] + 36*Zeta[3]^2 - 22*Zeta[5]) + 
               240*Y^2*(Zeta[3] + 6*Zeta[3]^2 - 3*Zeta[5]) + 
               720*Y*(3*Zeta[3]^2 - Zeta[5])) - 
            5400*(96*Zeta[3]^2 + 157*Zeta[7]) - 
            2700*Y*(48*Zeta[3]^2 - 16*Zeta[5] + 157*Zeta[7]) - 
            600*Y^2*(64*Zeta[3] + 96*Zeta[3]^2 - 12*Zeta[5] + 
               471*Zeta[7]) - 
            150*Y^3*(294*Zeta[3] + 216*Zeta[3]^2 + 92*Zeta[5] + 
               1413*Zeta[7]) - 
            Y^4*(687 + 42098*Zeta[3] + 20736*Zeta[3]^2 + 25800*Zeta[5] + 
               169560*Zeta[7])))/43200 + 
       (c$64102[43]*(900*Log[u]^2*
             (Y^4*(1219 + 19680*Zeta[3] - 69120*Zeta[5]) + 
               40*Y^3*(35 + 588*Zeta[3] - 2160*Zeta[5]) + 
               1440*Y^2*(1 + 20*Zeta[3] - 80*Zeta[5]) + 
               34560*Y*(Zeta[3] - 5*Zeta[5]) - 345600*Zeta[5]) + 
            60*Log[u]*(2073600*(2*Zeta[3]^2 + 5*Zeta[5]) + 
               518400*Y*(-5*Zeta[3] + 4*Zeta[3]^2 + 5*Zeta[5]) + 
               28800*Y^2*(-5 - 64*Zeta[3] + 48*Zeta[3]^2 + 40*Zeta[5]) + 
               100*Y^3*(-1285 - 13812*Zeta[3] + 10368*Zeta[3]^2 + 
                  6480*Zeta[5]) + 
               Y^4*(-106889 - 1094880*Zeta[3] + 829440*Zeta[3]^2 + 
                  414720*Zeta[5])) + 
            Y^4*(10444861 + 41398320*Zeta[3] - 19906560*Zeta[3]^2 - 
               9953280*Zeta[5] - 149299200*Zeta[7]) - 
            248832000*(2*Zeta[3]^2 + 5*Zeta[5] + 3*Zeta[7]) - 
            31104000*Y*(-5*Zeta[3] + 4*Zeta[3]^2 + 5*Zeta[5] + 
               12*Zeta[7]) - 144000*Y^2*
             (-103 - 602*Zeta[3] + 384*Zeta[3]^2 + 320*Zeta[5] + 
               1728*Zeta[7]) - 
            1000*Y^3*(-12671 - 56796*Zeta[3] + 31104*Zeta[3]^2 + 
               19440*Zeta[5] + 186624*Zeta[7])))/124416000 + 
       (c$64102[116]*(952560*Zeta[7] + 476280*Y*Zeta[7] + 
            2160*Y^2*(5*Zeta[3] + 147*Zeta[7]) + 
            180*Y^3*(88*Zeta[3] + 1323*Zeta[7]) + 
            Y^4*(4 + 18141*Zeta[3] + 190512*Zeta[7])))/17280 + 
       (c$64102[86]*(40*Log[u]*
             (6480*Zeta[3]^2 + 
               Y^4*(2 + 543*Zeta[3] + 1296*Zeta[3]^2 - 2250*Zeta[5]) + 
               45*Y^3*(11*Zeta[3] + 36*Zeta[3]^2 - 55*Zeta[5]) + 
               180*Y^2*(2*Zeta[3] + 12*Zeta[3]^2 - 15*Zeta[5]) + 
               540*Y*(6*Zeta[3]^2 - 5*Zeta[5])) - 
            21600*(24*Zeta[3]^2 + 61*Zeta[7]) - 
            10800*Y*(12*Zeta[3]^2 - 10*Zeta[5] + 61*Zeta[7]) - 
            1200*Y^2*(47*Zeta[3] + 48*Zeta[3]^2 - 75*Zeta[5] + 
               366*Zeta[7]) - 
            300*Y^3*(239*Zeta[3] + 108*Zeta[3]^2 - 245*Zeta[5] + 
               1098*Zeta[7]) - 
            Y^4*(272 + 74733*Zeta[3] + 20736*Zeta[3]^2 - 61500*Zeta[5] + 
               263520*Zeta[7])))/86400 - 
       (c$64102[63]*(30*Log[u]*
             (8640*Y*(-1 + Zeta[3])*Zeta[3] + 17280*Zeta[3]^2 + 
               240*Y^2*Zeta[3]*(-29 + 24*Zeta[3]) + 
               20*Y^3*(4 - 281*Zeta[3] + 216*Zeta[3]^2) + 
               Y^4*(127 - 4682*Zeta[3] + 3456*Zeta[3]^2)) - 
            300*Y^3*(-1483*Zeta[3] + 216*Zeta[3]^2 + 
               18*(2 + 98*Zeta[5] - 67*Zeta[7])) - 
            1200*Y^2*(-479*Zeta[3] + 96*Zeta[3]^2 + 540*Zeta[5] - 
               402*Zeta[7]) - 21600*(48*Zeta[3]^2 - 67*Zeta[7]) - 
            10800*Y*(-72*Zeta[3] + 24*Zeta[3]^2 + 72*Zeta[5] - 
               67*Zeta[7]) + Y^4*
             (-16279 + 361359*Zeta[3] - 41472*Zeta[3]^2 - 
               442800*Zeta[5] + 289440*Zeta[7])))/172800 - 
       (c$64102[115]*(1496880*Zeta[7] + 748440*Y*Zeta[7] + 
            2160*Y^2*(5*Zeta[3] + 16*Zeta[5] + 231*Zeta[7]) + 
            1620*Y^3*(8*Zeta[3] + 32*Zeta[5] + 231*Zeta[7]) + 
            Y^4*(-38 + 12813*Zeta[3] + 60480*Zeta[5] + 299376*Zeta[7])))/
        51840 - (c$64102[81]*(30*Log[u]*
             (25920*Zeta[3]^2 + 12960*Y*Zeta[3]^2 + 
               540*Y^3*Zeta[3]*(1 + 12*Zeta[3]) + 
               360*Y^2*Zeta[3]*(1 + 24*Zeta[3]) + 
               Y^4*(-2 + 627*Zeta[3] + 5184*Zeta[3]^2)) - 
            8100*Y*(48*Zeta[3]^2 + 97*Zeta[7]) - 
            16200*(96*Zeta[3]^2 + 97*Zeta[7]) - 
            1800*Y^2*(22*Zeta[3] + 96*Zeta[3]^2 + 291*Zeta[7]) - 
            450*Y^3*(118*Zeta[3] + 216*Zeta[3]^2 + 873*Zeta[7]) - 
            Y^4*(-199 + 57099*Zeta[3] + 62208*Zeta[3]^2 + 314280*Zeta[7]))\
)/43200 + (c$64102[60]*(20*Y^2*(576 + 576*Y + 511*Y^2)*Log[u] - 
            1658880*Zeta[7] - 829440*Y*Zeta[7] - 
            1920*Y^3*(29 + 216*Zeta[7]) - 1920*Y^2*(31 + 288*Zeta[7]) - 
            Y^4*(47563 + 331776*Zeta[7])))/276480 + 
       (c$64102[106]*(-103680*Y*(5*Zeta[5] - 14*Zeta[7]) + 
            2903040*Zeta[7] + 
            8640*Y^2*(7*Zeta[3] - 50*Zeta[5] + 112*Zeta[7]) + 
            360*Y^3*(-1 + 208*Zeta[3] - 980*Zeta[5] + 2016*Zeta[7]) + 
            Y^4*(-587 + 76668*Zeta[3] - 295200*Zeta[5] + 580608*Zeta[7])))/
        103680 - (c$64102[62]*
          (60*Log[u]*(17280*Zeta[3]^2 + 
               3*Y^4*(34 + 1161*Zeta[3] + 1152*Zeta[3]^2 - 
                  1800*Zeta[5]) + 
               10*Y^3*(6 + 383*Zeta[3] + 432*Zeta[3]^2 - 594*Zeta[5]) + 
               120*Y^2*(35*Zeta[3] + 48*Zeta[3]^2 - 54*Zeta[5]) + 
               2160*Y*(2*Zeta[3] + 4*Zeta[3]^2 - 3*Zeta[5])) - 
            129600*(16*Zeta[3]^2 + 25*Zeta[7]) - 
            64800*Y*(12*Zeta[3] + 8*Zeta[3]^2 - 6*Zeta[5] + 25*Zeta[7]) - 
            1200*Y^2*(587*Zeta[3] + 192*Zeta[3]^2 - 270*Zeta[5] + 
               900*Zeta[7]) - 
            100*Y^3*(166 + 6135*Zeta[3] + 1296*Zeta[3]^2 - 
               2646*Zeta[5] + 8100*Zeta[7]) - 
            Y^4*(27043 + 539447*Zeta[3] + 82944*Zeta[3]^2 - 
               221400*Zeta[5] + 648000*Zeta[7])))/172800 + 
       (c$64102[7]*(6480000*Y^2*(4 + 6*Y + 7*Y^2)*Log[u]^5 - 
            540000*Log[u]^4*(1440*Zeta[3] + 720*Y*Zeta[3] + 
               40*Y^2*(11 + 12*Zeta[3]) + 30*Y^3*(19 + 12*Zeta[3]) + 
               Y^4*(599 + 288*Zeta[3])) - 
            36000*Log[u]^3*(-86400*Zeta[3] + 21600*Y*Zeta[3] + 
               400*Y^2*(-85 + 84*Zeta[3]) + 
               150*Y^3*(-265 + 228*Zeta[3]) + 
               Y^4*(-39133 + 32544*Zeta[3])) + 
            1800*Log[u]^2*(Y^4*
                (-2388971 + 1866528*Zeta[3] - 2073600*Zeta[5]) + 
               750*Y^3*(-3355 + 3036*Zeta[3] - 3456*Zeta[5]) + 
               4000*Y^2*(-575 + 708*Zeta[3] - 864*Zeta[5]) + 
               648000*Y*(5*Zeta[3] - 8*Zeta[5]) - 
               5184000*(Zeta[3] + 2*Zeta[5])) + 
            60*Log[u]*(19440000*Y*Zeta[3]*(-13 + 8*Zeta[3]) + 
               Y^4*(143448277 - 95658336*Zeta[3] + 62208000*Zeta[3]^2 - 
                  104716800*Zeta[5]) + 
               3750*Y^3*(41041 - 33204*Zeta[3] + 20736*Zeta[3]^2 - 
                  27648*Zeta[5]) + 
               40000*Y^2*(3661 - 4332*Zeta[3] + 2592*Zeta[3]^2 - 
                  2160*Zeta[5]) + 
               311040000*(Zeta[3] + Zeta[3]^2 + 2*Zeta[5])) + 
            Y^4*(-8590930523 + 5106140064*Zeta[3] - 
               1492992000*Zeta[3]^2 + 4716403200*Zeta[5] - 
               22394880000*Zeta[7]) - 
            37324800000*(Zeta[3] + Zeta[3]^2 + 2*Zeta[5] + 3*Zeta[7]) - 
            1166400000*Y*(-13*Zeta[3] + 8*Zeta[3]^2 + 48*Zeta[7]) - 
            400000*Y^2*(22663 - 24132*Zeta[3] + 10368*Zeta[3]^2 - 
               12528*Zeta[5] + 93312*Zeta[7]) - 
            37500*Y^3*(248051 - 179484*Zeta[3] + 62208*Zeta[3]^2 - 
               138240*Zeta[5] + 746496*Zeta[7])))/18662400000 - 
       (c$64102[66]*(3*Y*Log[u]*
             (82944*Zeta[3] + 1728*Y*(-1 + 36*Zeta[3]) + 
               16*Y^2*(-101 + 3012*Zeta[3]) + Y^3*(-1381 + 39072*Zeta[3])\
) - 8*Y^3*(-3187 + 83580*Zeta[3] - 155520*Zeta[7]) - 
            1728*Y^2*(-17 + 510*Zeta[3] - 960*Zeta[7]) - 
            1244160*Y*(Zeta[3] - 2*Zeta[7]) + 4976640*Zeta[7] + 
            Y^4*(20725 - 536856*Zeta[3] + 995328*Zeta[7])))/248832 - 
       (c$64102[30]*(-4*Y*(8211456 + 5396544*Y + 3989144*Y^2 + 
               3161245*Y^3)*Log[u] + 
            24*Y*(124416 + 85536*Y + 64408*Y^2 + 51575*Y^3)*Log[u]^2 + 
            Y^4*(38560287 - 71663616*Zeta[7]) - 358318080*Zeta[7] - 
            14929920*Y*(-7 + 12*Zeta[7]) - 
            51840*Y^2*(-1291 + 2304*Zeta[7]) - 
            80*Y^3*(-611951 + 1119744*Zeta[7])))/11943936 + 
       (c$64102[98]*(5806080*Zeta[7] + 
            207360*Y*(6*Zeta[3] - 11*Zeta[5] + 14*Zeta[7]) + 
            17280*Y^2*(55*Zeta[3] - 110*Zeta[5] + 112*Zeta[7]) + 
            160*Y^3*(-32 + 4683*Zeta[3] - 9702*Zeta[5] + 9072*Zeta[7]) + 
            Y^4*(-8227 + 615480*Zeta[3] - 1298880*Zeta[5] + 
               1161216*Zeta[7])))/414720 + 
       (c$64102[51]*(-20*Log[u]*
             (Y^4*(157 + 14415*Zeta[3] + 17280*Zeta[3]^2 - 
                  18360*Zeta[5]) + 
               600*Y^2*(17*Zeta[3] + 48*Zeta[3]^2 - 14*Zeta[5]) + 
               2700*Y^3*(5*Zeta[3] + 8*Zeta[3]^2 - 6*Zeta[5]) + 
               21600*Y*(2*Zeta[3]^2 + Zeta[5]) + 
               43200*(2*Zeta[3]^2 + 5*Zeta[5])) + 
            600*Log[u]^2*(3600*Zeta[5] + 1800*Y*Zeta[5] + 
               90*Y^3*(Zeta[3] + 10*Zeta[5]) + 
               60*Y^2*(Zeta[3] + 20*Zeta[5]) + 
               Y^4*(1 + 105*Zeta[3] + 720*Zeta[5])) + 
            27000*Y*(32*Zeta[3]^2 + 16*Zeta[5] + 109*Zeta[7]) + 
            54000*(64*Zeta[3]^2 + 160*Zeta[5] + 109*Zeta[7]) + 
            4500*Y^3*(96*Zeta[3] + 48*Zeta[3]^2 - 68*Zeta[5] + 
               327*Zeta[7]) + 
            2000*Y^2*(185*Zeta[3] + 192*Zeta[3]^2 - 110*Zeta[5] + 
               981*Zeta[7]) + 
            Y^4*(4981 + 423195*Zeta[3] + 138240*Zeta[3]^2 - 
               299880*Zeta[5] + 1177200*Zeta[7])))/432000 - 
       (c$64102[77]*(60*Log[u]*
             (51840*Zeta[3]^2 + 25920*Y*Zeta[3]^2 + 
               720*Y^2*Zeta[3]*(1 + 24*Zeta[3]) + 
               45*Y^3*(1 + 24*Zeta[3] + 288*Zeta[3]^2) + 
               Y^4*(71 + 1254*Zeta[3] + 10368*Zeta[3]^2)) - 
            64800*Y*(24*Zeta[3]^2 + 61*Zeta[7]) - 
            129600*(48*Zeta[3]^2 + 61*Zeta[7]) - 
            14400*Y^2*(11*Zeta[3] + 48*Zeta[3]^2 + 183*Zeta[7]) - 
            450*Y^3*(23 + 472*Zeta[3] + 864*Zeta[3]^2 + 4392*Zeta[7]) - 
            Y^4*(15329 + 228396*Zeta[3] + 248832*Zeta[3]^2 + 
               1581120*Zeta[7])))/518400 + 
       (c$64102[42]*(-60*Log[u]*
             (Y^4*(197 + 4790*Zeta[3] + 2880*Zeta[3]^2 - 
                  15060*Zeta[5]) + 
               200*Y^2*(22*Zeta[3] + 24*Zeta[3]^2 - 79*Zeta[5]) + 
               300*Y^3*(17*Zeta[3] + 12*Zeta[3]^2 - 53*Zeta[5]) + 
               3600*Y*(2*Zeta[3]^2 - 3*Zeta[5]) + 
               7200*(2*Zeta[3]^2 + 5*Zeta[5])) + 
            1800*Log[u]^2*(600*Zeta[5] + 300*Y*Zeta[5] + 
               40*Y^2*(Zeta[3] + 5*Zeta[5]) + 
               30*Y^3*(2*Zeta[3] + 5*Zeta[5]) + 
               Y^4*(1 + 70*Zeta[3] + 120*Zeta[5])) + 
            27000*Y*(16*Zeta[3]^2 - 24*Zeta[5] + 221*Zeta[7]) + 
            54000*(32*Zeta[3]^2 + 80*Zeta[5] + 221*Zeta[7]) + 
            2000*Y^2*(178*Zeta[3] + 96*Zeta[3]^2 - 19*Zeta[5] + 
               1989*Zeta[7]) + 
            1500*Y^3*(230*Zeta[3] + 72*Zeta[3]^2 + 298*Zeta[5] + 
               1989*Zeta[7]) + 
            Y^4*(23803 + 280210*Zeta[3] + 69120*Zeta[3]^2 + 
               744060*Zeta[5] + 2386800*Zeta[7])))/432000 - 
       (c$64102[48]*(-60*Log[u]*
             (Y^4*(-167 + 5990*Zeta[3] + 2880*Zeta[3]^2 - 
                  21240*Zeta[5]) + 
               300*Y^3*(19*Zeta[3] + 12*Zeta[3]^2 - 69*Zeta[5]) + 
               400*Y^2*(11*Zeta[3] + 12*Zeta[3]^2 - 41*Zeta[5]) + 
               3600*Y*(2*Zeta[3]^2 + Zeta[5]) + 
               14400*(Zeta[3]^2 + 10*Zeta[5])) + 
            1800*Log[u]^2*(2400*Zeta[5] + 1200*Y*Zeta[5] + 
               60*Y^3*(Zeta[3] + 10*Zeta[5]) + 
               40*Y^2*(Zeta[3] + 20*Zeta[5]) + 
               Y^4*(-1 + 70*Zeta[3] + 480*Zeta[5])) + 
            108000*Y*(4*Zeta[3]^2 + 2*Zeta[5] + 61*Zeta[7]) + 
            216000*(8*Zeta[3]^2 + 80*Zeta[5] + 61*Zeta[7]) + 
            27000*Y^3*(17*Zeta[3] + 4*Zeta[3]^2 - 47*Zeta[5] + 
               122*Zeta[7]) + 
            4000*Y^2*(89*Zeta[3] + 48*Zeta[3]^2 - 281*Zeta[5] + 
               1098*Zeta[7]) + 
            Y^4*(-16933 + 490210*Zeta[3] + 69120*Zeta[3]^2 - 
               1220760*Zeta[5] + 2635200*Zeta[7])))/864000 - 
       (c$64102[80]*(20*Log[u]*
             (207360*Zeta[3]^2 + 
               25920*Y*(-2*Zeta[3] + 4*Zeta[3]^2 + 3*Zeta[5]) + 
               1440*Y^2*(-31*Zeta[3] + 48*Zeta[3]^2 + 54*Zeta[5]) + 
               40*Y^3*(2 - 933*Zeta[3] + 1296*Zeta[3]^2 + 
                  1782*Zeta[5]) + 
               Y^4*(109 - 31764*Zeta[3] + 41472*Zeta[3]^2 + 
                  64800*Zeta[5])) - 172800*(48*Zeta[3]^2 + 131*Zeta[7]) - 
            86400*Y*(-36*Zeta[3] + 24*Zeta[3]^2 + 18*Zeta[5] + 
               131*Zeta[7]) - 
            4800*Y^2*(-499*Zeta[3] + 192*Zeta[3]^2 + 270*Zeta[5] + 
               1572*Zeta[7]) - 
            400*Y^3*(22 - 4719*Zeta[3] + 1296*Zeta[3]^2 + 2646*Zeta[5] + 
               14148*Zeta[7]) - 
            Y^4*(11467 - 1548732*Zeta[3] + 331776*Zeta[3]^2 + 
               885600*Zeta[5] + 4527360*Zeta[7])))/691200 - 
       (c$64102[9]*(-36000*Y*(60480 + 41040*Y + 30370*Y^2 + 23997*Y^3)*
             Log[u]^3 + 180000*Y*(864 + 648*Y + 502*Y^2 + 407*Y^3)*
             Log[u]^4 - 3600*Log[u]^2*
             (6220800*Zeta[5] + 129600*Y*(-31 + 24*Zeta[5]) + 
               43200*Y^2*(-59 + 48*Zeta[5]) + 
               25*Y^3*(-73519 + 62208*Zeta[5]) + 
               Y^4*(-1433357 + 1244160*Zeta[5])) + 
            40*Log[u]*(1119744000*Zeta[5] + 
               34992000*Y*(-37 + 8*Zeta[5]) + 
               648000*Y^2*(-1211 + 192*Zeta[5]) + 
               125*Y^3*(-4457591 + 559872*Zeta[5]) + 
               Y^4*(-431283977 + 44789760*Zeta[5])) + 
            Y^4*(26028905507 - 716636160*Zeta[5] - 44789760000*Zeta[7]) - 
            44789760000*(2*Zeta[5] + 5*Zeta[7]) - 
            466560000*Y*(-175 + 24*Zeta[5] + 240*Zeta[7]) - 
            2160000*Y^2*(-22243 + 1536*Zeta[5] + 34560*Zeta[7]) - 
            7500*Y^3*(-4505149 + 186624*Zeta[5] + 7464960*Zeta[7])))/
        7464960000 + (c$64102[46]*
          (600*Log[u]^2*(Y^4*(-31 + 2460*Zeta[3] - 4320*Zeta[5]) + 
               20*Y^3*(-1 + 147*Zeta[3] - 270*Zeta[5]) + 
               2160*Y*(2*Zeta[3] - 5*Zeta[5]) + 
               3600*Y^2*(Zeta[3] - 2*Zeta[5]) - 21600*Zeta[5]) + 
            40*Log[u]*(129600*(4*Zeta[3]^2 + 5*Zeta[5]) + 
               32400*Y*(-10*Zeta[3] + 8*Zeta[3]^2 + 5*Zeta[5]) + 
               14400*Y^2*(-16*Zeta[3] + 12*Zeta[3]^2 + 5*Zeta[5]) + 
               50*Y^3*(35 - 3453*Zeta[3] + 2592*Zeta[3]^2 + 
                  810*Zeta[5]) + 
               Y^4*(2501 - 136860*Zeta[3] + 103680*Zeta[3]^2 + 
                  25920*Zeta[5])) - 
            216000*Y*(-108*Zeta[3] + 48*Zeta[3]^2 + 38*Zeta[5] + 
               179*Zeta[7]) - 
            432000*(96*Zeta[3]^2 + 120*Zeta[5] + 179*Zeta[7]) - 
            24000*Y^2*(-631*Zeta[3] + 192*Zeta[3]^2 + 140*Zeta[5] + 
               1074*Zeta[7]) - 
            1000*Y^3*(119 - 10977*Zeta[3] + 2592*Zeta[3]^2 + 
               1986*Zeta[5] + 19332*Zeta[7]) - 
            Y^4*(160891 - 8578860*Zeta[3] + 1658880*Zeta[3]^2 + 
               1398720*Zeta[5] + 15465600*Zeta[7])))/3456000 - 
       (c$64102[56]*(240*Y*Log[u]*
             (15552*(Zeta[3] + Zeta[5]) + 
               1296*Y*(-4 + 9*Zeta[3] + 12*Zeta[5]) + 
               9*Y^2*(-729 + 1004*Zeta[3] + 1584*Zeta[5]) + 
               Y^3*(-6859 + 7326*Zeta[3] + 12960*Zeta[5])) - 
            360*Y^3*(-24767 + 16716*Zeta[3] + 7056*Zeta[5] - 
               103680*Zeta[7]) - 
            25920*Y^2*(-281 + 306*Zeta[3] + 120*Zeta[5] - 1920*Zeta[7]) - 
            3732480*Y*(3*Zeta[3] + Zeta[5] - 20*Zeta[7]) + 
            149299200*Zeta[7] + 
            Y^4*(9139513 - 4831704*Zeta[3] - 2125440*Zeta[5] + 
               29859840*Zeta[7])))/7464960 + 
       (c$64102[29]*(36000*Y^4*Log[u]^3 + 
            60*Log[u]*(Y^4*(12019 + 143700*Zeta[3] + 86400*Zeta[3]^2 - 
                  342720*Zeta[5]) + 
               9000*Y^3*(17*Zeta[3] + 12*Zeta[3]^2 - 41*Zeta[5]) + 
               12000*Y^2*(11*Zeta[3] + 12*Zeta[3]^2 - 32*Zeta[5]) + 
               108000*Y*(2*Zeta[3]^2 - 3*Zeta[5]) + 
               432000*(Zeta[3]^2 + Zeta[5])) - 
            1800*Log[u]^2*(7200*Zeta[5] + 3600*Y*Zeta[5] + 
               1800*Y^3*(Zeta[3] + Zeta[5]) + 
               1200*Y^2*(Zeta[3] + 2*Zeta[5]) + 
               Y^4*(137 + 2100*Zeta[3] + 1440*Zeta[5])) - 
            51840000*(Zeta[3]^2 + Zeta[5] + 5*Zeta[7]) - 
            6480000*Y*(2*Zeta[3]^2 - 3*Zeta[5] + 20*Zeta[7]) - 
            120000*Y^2*(89*Zeta[3] + 48*Zeta[3]^2 - 20*Zeta[5] + 
               720*Zeta[7]) - 
            90000*Y^3*(115*Zeta[3] + 36*Zeta[3]^2 + 101*Zeta[5] + 
               720*Zeta[7]) - 
            Y^4*(876581 + 8406300*Zeta[3] + 2073600*Zeta[3]^2 + 
               15894720*Zeta[5] + 51840000*Zeta[7])))/25920000 - 
       (c$64102[36]*(300*Log[u]^2*
             (Y^4*(-1331 + 19680*Zeta[3] - 69120*Zeta[5]) + 
               40*Y^3*(-37 + 588*Zeta[3] - 2160*Zeta[5]) + 
               1440*Y^2*(-1 + 20*Zeta[3] - 80*Zeta[5]) + 
               34560*Y*(Zeta[3] - 5*Zeta[5]) - 345600*Zeta[5]) + 
            30*Log[u]*(1382400*(2*Zeta[3]^2 + 5*Zeta[5]) + 
               345600*Y*(-7*Zeta[3] + 4*Zeta[3]^2 + 5*Zeta[5]) + 
               4800*Y^2*(23 - 364*Zeta[3] + 192*Zeta[3]^2 + 
                  160*Zeta[5]) + 
               200*Y^3*(527 - 6612*Zeta[3] + 3456*Zeta[3]^2 + 
                  2160*Zeta[5]) + 
               Y^4*(90949 - 1055520*Zeta[3] + 552960*Zeta[3]^2 + 
                  276480*Zeta[5])) - 
            82944000*(2*Zeta[3]^2 + 5*Zeta[5] + 9*Zeta[7]) - 
            10368000*Y*(-15*Zeta[3] + 4*Zeta[3]^2 + 5*Zeta[5] + 
               36*Zeta[7]) - 96000*Y^2*
             (77 - 1066*Zeta[3] + 192*Zeta[3]^2 + 160*Zeta[5] + 
               2592*Zeta[7]) - 
            1000*Y^3*(6733 - 74652*Zeta[3] + 10368*Zeta[3]^2 + 
               6480*Zeta[5] + 186624*Zeta[7]) - 
            Y^4*(5677613 - 58537440*Zeta[3] + 6635520*Zeta[3]^2 + 
               3317760*Zeta[5] + 149299200*Zeta[7])))/20736000 + 
       (c$64102[20]*(9000*Y^2*(240 + 280*Y + 273*Y^2)*Log[u]^3 + 
            900*Log[u]^2*(3*Y^4*
                (-7921 + 16400*Zeta[3] - 11520*Zeta[5]) + 
               100*Y^3*(-257 + 588*Zeta[3] - 432*Zeta[5]) + 
               4800*Y^2*(-5 + 15*Zeta[3] - 12*Zeta[5]) + 
               86400*Y*(Zeta[3] - Zeta[5]) - 172800*Zeta[5]) + 
            45*Log[u]*(6912000*(2*Zeta[3]^2 + Zeta[5]) + 
               1728000*Y*(-5*Zeta[3] + 4*Zeta[3]^2 + Zeta[5]) + 
               8000*Y^2*(247 - 768*Zeta[3] + 576*Zeta[3]^2 + 
                  96*Zeta[5]) + 
               1000*Y^3*(1989 - 4604*Zeta[3] + 3456*Zeta[3]^2 + 
                  432*Zeta[5]) + 
               Y^4*(1776229 - 3649600*Zeta[3] + 2764800*Zeta[3]^2 + 
                  276480*Zeta[5])) - 
            622080000*(2*Zeta[3]^2 + Zeta[5] + 5*Zeta[7]) - 
            77760000*Y*(-9*Zeta[3] + 4*Zeta[3]^2 - 7*Zeta[5] + 
               20*Zeta[7]) - 120000*Y^2*
             (1223 - 3642*Zeta[3] + 1152*Zeta[3]^2 - 4128*Zeta[5] + 
               8640*Zeta[7]) - 
            2500*Y^3*(56453 - 123660*Zeta[3] + 31104*Zeta[3]^2 - 
               165456*Zeta[5] + 311040*Zeta[7]) - 
            3*Y^4*(41039249 - 79236600*Zeta[3] + 16588800*Zeta[3]^2 - 
               116421120*Zeta[5] + 207360000*Zeta[7])))/155520000 - 
       (c$64102[22]*(36000*Y*Log[u]^3*
             (240*Zeta[3] + 240*Y*Zeta[3] + 10*Y^2*(1 + 22*Zeta[3]) + 
               Y^3*(19 + 200*Zeta[3])) - 
            1800*Log[u]^2*(Y^4*(3293 + 2200*Zeta[3] - 15840*Zeta[5]) + 
               50*Y^3*(37 + 118*Zeta[3] - 396*Zeta[5]) + 
               2400*Y^2*(5*Zeta[3] - 11*Zeta[5]) + 
               3600*Y*(6*Zeta[3] - 11*Zeta[5]) - 79200*Zeta[5]) - 
            60*Log[u]*(Y^4*(-365191 + 184600*Zeta[3] + 
                  691200*Zeta[3]^2 - 1789920*Zeta[5]) + 
               250*Y^3*(-859 - 58*Zeta[3] + 3456*Zeta[3]^2 - 
                  7524*Zeta[5]) + 
               24000*Y^2*(-19*Zeta[3] + 48*Zeta[3]^2 - 77*Zeta[5]) + 
               108000*Y*(-14*Zeta[3] + 16*Zeta[3]^2 - 11*Zeta[5]) + 
               432000*(8*Zeta[3]^2 + 11*Zeta[5])) + 
            3240000*Y*(-28*Zeta[3] + 32*Zeta[3]^2 - 22*Zeta[5] + 
               221*Zeta[7]) + 
            6480000*(64*Zeta[3]^2 + 88*Zeta[5] + 221*Zeta[7]) + 
            240000*Y^2*(-49*Zeta[3] + 192*Zeta[3]^2 - 119*Zeta[5] + 
               1989*Zeta[7]) + 
            2500*Y^3*(-8081 + 4690*Zeta[3] + 10368*Zeta[3]^2 + 
               6228*Zeta[5] + 143208*Zeta[7]) + 
            Y^4*(-33285209 + 19735400*Zeta[3] + 16588800*Zeta[3]^2 + 
               44341920*Zeta[5] + 286416000*Zeta[7])))/51840000 - 
       (c$64102[15]*(270000*Y^3*(1 + 2*Y)*Log[u]^4 - 
            18000*Y*Log[u]^3*(720*Zeta[3] + 720*Y*Zeta[3] + 
               5*Y^2*(25 + 132*Zeta[3]) + Y^3*(226 + 600*Zeta[3])) + 
            900*Log[u]^2*(2*Y^4*(8731 + 3300*Zeta[3] - 17280*Zeta[5]) + 
               25*Y^3*(415 + 708*Zeta[3] - 1728*Zeta[5]) + 
               7200*Y^2*(5*Zeta[3] - 8*Zeta[5]) + 
               21600*Y*(3*Zeta[3] - 4*Zeta[5]) - 172800*Zeta[5]) + 
            30*Log[u]*(2*Y^4*
                (-586397 + 276900*Zeta[3] + 1036800*Zeta[3]^2 - 
                  1952640*Zeta[5]) + 
               125*Y^3*(-5845 - 348*Zeta[3] + 20736*Zeta[3]^2 - 
                  32832*Zeta[5]) + 
               72000*Y^2*(-19*Zeta[3] + 48*Zeta[3]^2 - 56*Zeta[5]) + 
               648000*Y*(-7*Zeta[3] + 8*Zeta[3]^2 - 4*Zeta[5]) + 
               10368000*(Zeta[3]^2 + Zeta[5])) - 
            311040000*(2*Zeta[3]^2 + 2*Zeta[5] + 5*Zeta[7]) - 
            19440000*Y*(-7*Zeta[3] + 8*Zeta[3]^2 - 4*Zeta[5] + 
               40*Zeta[7]) - 360000*Y^2*
             (-49*Zeta[3] + 192*Zeta[3]^2 - 152*Zeta[5] + 1440*Zeta[7]) - 
            625*Y^3*(-38015 + 28140*Zeta[3] + 62208*Zeta[3]^2 - 
               29376*Zeta[5] + 622080*Zeta[7]) - 
            Y^4*(-37050403 + 29603100*Zeta[3] + 24883200*Zeta[3]^2 + 
               7136640*Zeta[5] + 311040000*Zeta[7])))/155520000 - 
       (c$64102[5]*(1080000*Y*(72 + 60*Y + 49*Y^2 + 41*Y^3)*Log[u]^5 + 
            90000*Log[u]^4*(17280*Zeta[3] + 1920*Y^2*(-4 + 3*Zeta[3]) + 
               2160*Y*(-5 + 4*Zeta[3]) + 5*Y^3*(-1151 + 864*Zeta[3]) + 
               Y^4*(-4562 + 3456*Zeta[3])) - 
            18000*Log[u]^3*(345600*Zeta[3] + 21600*Y*(-17 + 4*Zeta[3]) + 
               675*Y^3*(-249 + 32*Zeta[3]) + 
               400*Y^2*(-587 + 96*Zeta[3]) + 
               Y^4*(-130093 + 13824*Zeta[3])) + 
            300*Log[u]^2*(62208000*(Zeta[3] + 2*Zeta[5]) + 
               1944000*Y*(-49 + 4*Zeta[3] + 32*Zeta[5]) + 
               24000*Y^2*(-2369 + 96*Zeta[3] + 1728*Zeta[5]) + 
               125*Y^3*(-318139 + 7776*Zeta[3] + 248832*Zeta[5]) + 
               64*Y^4*(-476107 + 7776*Zeta[3] + 388800*Zeta[5])) - 
            10*Log[u]*(3732480000*(Zeta[3] + 2*Zeta[5]) + 
               58320000*Y*(-129 + 4*Zeta[3] + 32*Zeta[5]) + 
               120000*Y^2*(-35801 + 384*Zeta[3] + 6912*Zeta[5]) + 
               625*Y^3*(-4750337 + 23328*Zeta[3] + 746496*Zeta[5]) + 
               Y^4*(-2264065801 + 5971968*Zeta[3] + 298598400*Zeta[5])) + 
            74649600000*(Zeta[3] + 2*Zeta[5] + 3*Zeta[7]) + 
            583200000*Y*(-161 + 4*Zeta[3] + 32*Zeta[5] + 192*Zeta[7]) + 
            800000*Y^2*(-64961 + 384*Zeta[3] + 6912*Zeta[5] + 
               93312*Zeta[7]) + 
            3125*Y^3*(-11409185 + 23328*Zeta[3] + 746496*Zeta[5] + 
               17915904*Zeta[7]) + 
            3*Y^4*(-9037092943 + 7962624*Zeta[3] + 398131200*Zeta[5] + 
               14929920000*Zeta[7])))/18662400000 - 
       (c$64102[16]*(9000*Y*(51840 + 36720*Y + 27860*Y^2 + 22369*Y^3)*
             Log[u]^3 + 1800*Log[u]^2*
             (6220800*Zeta[5] + 388800*Y*(-9 + 8*Zeta[5]) + 
               10800*Y^2*(-215 + 192*Zeta[5]) + 
               25*Y^3*(-68587 + 62208*Zeta[5]) + 
               2*Y^4*(-678241 + 622080*Zeta[5])) - 
            30*Log[u]*(746496000*Zeta[5] + 
               23328000*Y*(-49 + 8*Zeta[5]) + 
               216000*Y^2*(-3355 + 384*Zeta[5]) + 
               250*Y^3*(-2103721 + 186624*Zeta[5]) + 
               Y^4*(-412238693 + 29859840*Zeta[5])) + 
            44789760000*(Zeta[5] + 5*Zeta[7]) + 
            699840000*Y*(-105 + 8*Zeta[5] + 160*Zeta[7]) + 
            8640000*Y^2*(-5201 + 192*Zeta[5] + 8640*Zeta[7]) + 
            1250*Y^3*(-25754467 + 559872*Zeta[5] + 44789760*Zeta[7]) + 
            Y^4*(-25064542441 + 358318080*Zeta[5] + 44789760000*Zeta[7])))/
        5598720000 - (c$64102[3]*
          (-3240000*Y*(216 + 168*Y + 131*Y^2 + 106*Y^3)*Log[u]^5 + 
            6480000*Y*(12 + 12*Y + 11*Y^2 + 10*Y^3)*Log[u]^6 - 
            270000*Log[u]^4*(17280*Zeta[3] + 2160*Y*(-7 + 4*Zeta[3]) + 
               240*Y^2*(-41 + 24*Zeta[3]) + 
               5*Y^3*(-1397 + 864*Zeta[3]) + Y^4*(-5342 + 3456*Zeta[3])) \
+ 18000*Log[u]^3*(1036800*Zeta[3] + 64800*Y*(-15 + 4*Zeta[3]) + 
               2400*Y^2*(-235 + 48*Zeta[3]) + 
               25*Y^3*(-15335 + 2592*Zeta[3]) + 
               Y^4*(-287794 + 41472*Zeta[3])) - 
            900*Log[u]^2*(62208000*(Zeta[3] + Zeta[5]) + 
               1944000*Y*(-31 + 4*Zeta[3] + 16*Zeta[5]) + 
               24000*Y^2*(-1361 + 96*Zeta[3] + 864*Zeta[5]) + 
               125*Y^3*(-174821 + 7776*Zeta[3] + 124416*Zeta[5]) + 
               2*Y^4*(-8173639 + 248832*Zeta[3] + 6220800*Zeta[5])) + 
            30*Log[u]*(3732480000*(Zeta[3] + Zeta[5]) + 
               58320000*Y*(-63 + 4*Zeta[3] + 16*Zeta[5]) + 
               240000*Y^2*(-7987 + 192*Zeta[3] + 1728*Zeta[5]) + 
               625*Y^3*(-2042831 + 23328*Zeta[3] + 373248*Zeta[5]) + 
               2*Y^4*(-477766793 + 2985984*Zeta[3] + 74649600*Zeta[5])) - 
            223948800000*(Zeta[3] + Zeta[5] + Zeta[7]) - 
            1749600000*Y*(-63 + 4*Zeta[3] + 16*Zeta[5] + 64*Zeta[7]) - 
            1200000*Y^2*(-47257 + 768*Zeta[3] + 6912*Zeta[5] + 
               62208*Zeta[7]) - 
            3125*Y^3*(-12092269 + 69984*Zeta[3] + 1119744*Zeta[5] + 
               17915904*Zeta[7]) - 
            Y^4*(-28311662407 + 71663616*Zeta[3] + 1791590400*Zeta[5] + 
               44789760000*Zeta[7])))/111974400000 + 
       (c$64102[57]*(60*Y*Log[u]*
             (20736*Zeta[3] + 1728*Y*(1 + 9*Zeta[3]) + 
               12*Y^2*(159 + 1004*Zeta[3]) + Y^3*(1805 + 9768*Zeta[3])) - 
            120*Y^3*(4921 + 16716*Zeta[3] - 28224*Zeta[5] - 
               20736*Zeta[7]) - 
            8640*Y^2*(65 + 306*Zeta[3] - 480*Zeta[5] - 384*Zeta[7]) + 
            9953280*Zeta[7] + 
            Y^4*(-543241 - 1610568*Zeta[3] + 2833920*Zeta[5] + 
               1990656*Zeta[7]) - 
            1244160*Y*(3*Zeta[3] - 4*(Zeta[5] + Zeta[7]))))/1244160 + 
       (c$64102[11]*(540000*Log[u]^4*
             (2160*Zeta[3] + 1080*Y*Zeta[3] + 120*Y^2*(1 + 6*Zeta[3]) + 
               15*Y^3*(11 + 36*Zeta[3]) + Y^4*(181 + 432*Zeta[3])) + 
            36000*Log[u]^3*(-129600*Zeta[3] + 10800*Y*Zeta[3] + 
               1200*Y^2*(-17 + 24*Zeta[3]) + 
               75*Y^3*(-341 + 420*Zeta[3]) + Y^4*(-26407 + 30816*Zeta[3])\
) - 5400*Log[u]^2*(Y^4*(-875703 + 615264*Zeta[3] - 950400*Zeta[5]) + 
               125*Y^3*(-7043 + 5964*Zeta[3] - 9504*Zeta[5]) + 
               4000*Y^2*(-187 + 228*Zeta[3] - 396*Zeta[5]) + 
               108000*Y*(9*Zeta[3] - 22*Zeta[5]) - 
               432000*(6*Zeta[3] + 11*Zeta[5])) - 
            60*Log[u]*(Y^4*(223404683 - 95409504*Zeta[3] + 
                  62208000*Zeta[3]^2 - 224985600*Zeta[5]) + 
               1875*Y^3*(122537 - 66084*Zeta[3] + 41472*Zeta[3]^2 - 
                  123552*Zeta[5]) + 
               120000*Y^2*(1697 - 1428*Zeta[3] + 864*Zeta[3]^2 - 
                  1800*Zeta[5]) + 
               9720000*Y*(-25*Zeta[3] + 16*Zeta[3]^2 - 10*Zeta[5]) + 
               77760000*(6*Zeta[3] + 4*Zeta[3]^2 + 11*Zeta[5])) + 
            583200000*Y*(-25*Zeta[3] + 16*Zeta[3]^2 - 10*Zeta[5] + 
               176*Zeta[7]) + 
            1200000*Y^2*(13835 - 7980*Zeta[3] + 3456*Zeta[3]^2 - 
               9792*Zeta[5] + 57024*Zeta[7]) + 
            18750*Y^3*(971563 - 357996*Zeta[3] + 124416*Zeta[3]^2 - 
               591840*Zeta[5] + 2737152*Zeta[7]) + 
            Y^4*(17467630517 - 5100168096*Zeta[3] + 
               1492992000*Zeta[3]^2 - 9806054400*Zeta[5] + 
               41057280000*Zeta[7]) + 
            9331200000*(6*Zeta[3] + 4*Zeta[3]^2 + 
               11*(Zeta[5] + 2*Zeta[7]))))/9331200000 + 
       (c$64102[88]*(Y^4*(37*Zeta[3] - 630*Zeta[5] - 2592*Zeta[7]) - 
            12960*Zeta[7] - 6480*Y*Zeta[7] - 
            360*Y^2*(Zeta[5] + 12*Zeta[7]) + 
            20*Y^3*(Zeta[3] - 27*(Zeta[5] + 6*Zeta[7]))))/360 - 
       (c$64102[99]*(240*Y^3*(92*Zeta[3] - 40*Zeta[5] - 1701*Zeta[7]) + 
            2880*Y^2*(5*Zeta[3] + 16*Zeta[5] - 189*Zeta[7]) + 
            4320*Y*(32*Zeta[5] - 189*Zeta[7]) - 1632960*Zeta[7] + 
            Y^4*(26108*Zeta[3] - 42240*Zeta[5] - 567*(1 + 576*Zeta[7]))))/
        69120 - (c$64102[18]*(36000*Y*Log[u]^3*
             (2160*Zeta[3] + 720*Y*(-1 + 3*Zeta[3]) + 
               45*Y^2*(-21 + 44*Zeta[3]) + Y^3*(-1007 + 1800*Zeta[3])) - 
            5400*Log[u]^2*(Y^4*
                (-69973 + 31800*Zeta[3] - 77760*Zeta[5]) + 
               75*Y^3*(-909 + 524*Zeta[3] - 1296*Zeta[5]) + 
               2400*Y^2*(-23 + 21*Zeta[3] - 54*Zeta[5]) + 
               64800*Y*(Zeta[3] - 3*Zeta[5]) - 388800*Zeta[5]) - 
            180*Log[u]*(Y^4*(9244051 - 1602600*Zeta[3] + 
                  1036800*Zeta[3]^2 - 12026880*Zeta[5]) + 
               375*Y^3*(24615 - 5588*Zeta[3] + 3456*Zeta[3]^2 - 
                  34128*Zeta[5]) + 
               24000*Y^2*(325 - 123*Zeta[3] + 72*Zeta[3]^2 - 
                  540*Zeta[5]) + 
               648000*Y*(-7*Zeta[3] + 4*Zeta[3]^2 - 15*Zeta[5]) + 
               2592000*(2*Zeta[3]^2 + 9*Zeta[5])) + 
            933120000*(2*Zeta[3]^2 + 9*Zeta[5] + 34*Zeta[7]) + 
            116640000*Y*(-7*Zeta[3] + 4*Zeta[3]^2 - 15*Zeta[5] + 
               136*Zeta[7]) + 
            720000*Y^2*(3649 - 681*Zeta[3] + 288*Zeta[3]^2 - 
               2808*Zeta[5] + 14688*Zeta[7]) + 
            Y^4*(2969729047 - 255904200*Zeta[3] + 74649600*Zeta[3]^2 - 
               1526895360*Zeta[5] + 6345216000*Zeta[7]) + 
            11250*Y^3*(-30076*Zeta[3] + 10368*Zeta[3]^2 + 
               27*(9927 - 5840*Zeta[5] + 26112*Zeta[7]))))/933120000 + 
       (c$64102[78]*(15*Log[u]*
             (51840*Zeta[3]^2 + 
               1440*Y^2*(-Zeta[3] + 12*Zeta[3]^2 + 11*Zeta[5]) + 
               1440*Y*(18*Zeta[3]^2 + 11*Zeta[5]) + 
               20*Y^3*(-1 - 90*Zeta[3] + 648*Zeta[3]^2 + 726*Zeta[5]) + 
               Y^4*(-29 - 1836*Zeta[3] + 10368*Zeta[3]^2 + 13200*Zeta[5])\
) - 2*(5400*(144*Zeta[3]^2 + 67*Zeta[7]) + 
               2700*Y*(72*Zeta[3]^2 + 52*Zeta[5] + 67*Zeta[7]) + 
               1800*Y^2*(-10*Zeta[3] + 48*Zeta[3]^2 + 65*Zeta[5] + 
                  67*Zeta[7]) + 
               25*Y^3*(-25 - 810*Zeta[3] + 1944*Zeta[3]^2 + 
                  3822*Zeta[5] + 3618*Zeta[7]) + 
               2*Y^4*(-421 - 9684*Zeta[3] + 15552*Zeta[3]^2 + 
                  39975*Zeta[5] + 36180*Zeta[7]))))/86400 + 
       (c$64102[59]*(60*Log[u]*
             (25920*Zeta[3]^2 + 
               Y^4*(-657 + 4207*Zeta[3] + 5184*Zeta[3]^2 - 
                  10800*Zeta[5]) + 
               10*Y^3*(-36 + 449*Zeta[3] + 648*Zeta[3]^2 - 
                  1188*Zeta[5]) + 
               360*Y^2*(13*Zeta[3] + 24*Zeta[3]^2 - 36*Zeta[5]) + 
               4320*Y*(Zeta[3] + 3*Zeta[3]^2 - 3*Zeta[5])) - 
            64800*(48*Zeta[3]^2 + 109*Zeta[7]) - 
            32400*Y*(24*Zeta[3] + 24*Zeta[3]^2 - 24*Zeta[5] + 
               109*Zeta[7]) - 3600*Y^2*
             (217*Zeta[3] + 96*Zeta[3]^2 + 12*Zeta[5] + 654*Zeta[7]) - 
            100*Y^3*(-1100 + 7113*Zeta[3] + 1944*Zeta[3]^2 + 
               5076*Zeta[5] + 17658*Zeta[7]) - 
            Y^4*(641403*Zeta[3] + 124416*Zeta[3]^2 + 
               8*(-24271 + 95850*Zeta[5] + 176580*Zeta[7]))))/518400 /. 
      {}[[1]]) - 36*Zeta[3] + (65*Y*Zeta[3])/8 + (71*Y^2*Zeta[3])/8 + 
    (155545*Y^3*Zeta[3])/20736 + (202981127*Y^4*Zeta[3])/32400000 + 
    18*Log[u]*Zeta[3] + (31*Y*Log[u]*Zeta[3])/8 + 6*Zeta[3]^2 + 
    (3*Y*Zeta[3]^2)/2 + (2*Y^2*Zeta[3]^2)/3 + (3*Y^3*Zeta[3]^2)/8 + 
    (6*Y^4*Zeta[3]^2)/25 + (Y^2*Log[u]*(167 + 1224*Zeta[3]))/864 + 
    (Y^3*Log[u]*(9293 + 26556*Zeta[3]))/41472 + 
    (Y^4*Log[u]*(66331331 + 99605952*Zeta[3]))/311040000 - 
    (Log[u]^2*(31104000*Zeta[3] + 11664000*Y*Zeta[3] + 
         12000*Y^2*(13 + 528*Zeta[3]) + 4500*Y^3*(43 + 900*Zeta[3]) + 
         Y^4*(193121 + 2840832*Zeta[3])))/10368000 + 20*Zeta[5] + 
    (5*Y*Zeta[5])/4 + (125*Y^2*Zeta[5])/108 + (45*Y^3*Zeta[5])/32 + 
    (1817*Y^4*Zeta[5])/1200 - (441*Zeta[7])/8 - (441*Y*Zeta[7])/16 - 
    (147*Y^2*Zeta[7])/8 - (441*Y^3*Zeta[7])/32 - (441*Y^4*Zeta[7])/40]
