"=== Running Workflow Engine Audits ==="
"  Mathematica version: ""14.0.0 for Mac OS X ARM (64-bit) (December 13, \
2023)"
"**************** "Style["LiteRed v2.025\[Beta]", 
   {Bold, RGBColor[1, 1/3, 1/3]}]" ********************\nAuthor: Roman N. \
Lee, Budker Institute of Nuclear Physics, Novosibirsk.\nRelease Date: \
????-??-??\nTimestamp: Tue 25 Feb 2025 15:30:30\nRead \
from:/Users/windfolgen/GitRepos/LiteRed2/Source/LiteRed2025.m \
(CRC32:2205507540,{2340977437, 3317197336, 1063727846})\n\nLiteRed stands for \
"Style["L", {RGBColor[1, 1/3, 1/3]}]"oop "Style["i", {RGBColor[1, 1/3, 1/3]}]
  "n"Style["te", {RGBColor[1, 1/3, 1/3]}]"grals "
  Style["Red", {RGBColor[1, 1/3, 1/3]}]
  "uction.\nThe package is designed for the search and application of the \
Integration-By-Part reduction rules. It also contains some other useful \
tools.\n\nSee ?LiteRed`* for a list of functions. "
"  LiteRed2 package loaded successfully."
"  FiniteFlow package loaded successfully."
"=== Starting Unified Workflow Engine for: ""threeloopI5"" ==="
"Start Date and Time: ""Mon 22 Jun 2026 21:28:41"
"Review agent loaded from ""/Users/windfolgen/Documents/AntiGravity/svbwalkth\
rough/audit_agent/audit_agent.wl"
"[ReviewGate] ""preflight"" stage: ""PASS"" (PASS:"2" WARN:"0" FAIL:"0")"
"  Conformal weight n = "2
"  Checking for boundary target data..."
"[ReviewGate] ""preboundary"" stage: ""PASS"" (PASS:"10" WARN:"0" FAIL:"0")"
"[ReviewGate] ""boundary"" stage: ""PASS"" (PASS:"6" WARN:"0" FAIL:"0")"
"[Time Record] Stage 1 (Boundary Conditions) took: "2.10389`6.473538027210151
  " seconds."
"  Loading full SV basis..."
"  [Leading Singularity "1"/"1" (""simple"")]"
"  [MPL auto-detect] Found 0 MPL elements."
"  Executing RunSeriesExpansion for ""threeloopI5""..."
"[ReviewGate] ""preseries"" stage: ""PASS"" (PASS:"7" WARN:"0" FAIL:"0")"
"[Skill 1] All "12" series expansion files already exist. Skipping expansion!"
"[ReviewGate] ""series"" stage: ""PASS"" (PASS:"12" WARN:"0" FAIL:"0")"
"[Time Record] Stage 2 (Series Expansion) took: "0.103692`4.865230253350902
  " seconds."
"[ReviewGate] ""presolve"" stage: ""PASS"" (PASS:"12" WARN:"0" FAIL:"0")"
"  Executing RunCoefficientSolving..."
"[Skill 3] Total Ansatz Elements=$LEN="30" $Order="3
"  system size after limit "1": "50" vars: "30
"Limit "2" (""e0uvp""): temp is empty. Verified that no new conditions are \
given under the current solution."
"  system size after limit "3": "90" vars: "30
"Limit "4" (""einfuvp""): temp is empty. Verified that no new conditions are \
given under the current solution."
"Limit "5" (""e1uv""): temp is empty. Verified that no new conditions are \
given under the current solution."
"Limit "6" (""e1uvp""): temp is empty. Verified that no new conditions are \
given under the current solution."
"Solution written to ""/Users/windfolgen/Documents/AntiGravity/svbwalkthrough\
/solve_agent/threeloopI5_sol.m"
"Final result.m and coeff_sol.m saved to runs/""threeloopI5""/"
"[ReviewGate] ""solve"" stage: ""PASS"" (PASS:"2" WARN:"0" FAIL:"0")"
"[Time Record] Stage 3 (Solving System) took: "0.261905`4.96659879607734
  " seconds."
"[Time Record] Total workflow execution time: "2.469535`6.5431301835023294
  " seconds."
"End Date and Time: ""Mon 22 Jun 2026 21:28:42"
"=== Workflow Engine Complete for: ""threeloopI5"" ==="
