"Logging initialized. Writing to console and: "
  "/Users/windfolgen/Documents/AntiGravity/svbwalkthrough/logs/fourloopI42.lo\
g"
"Ansatz length: "75
"basisSV length: "510
"SVHPL in ansatz: "285" (of "510")"
"MPL in ansatz: "119" (of "280"), basis: ""allsvlistmpl_fourloop_invzz"
"Conformal weight n = "-1
"Review agent loaded from ""/Users/windfolgen/Documents/AntiGravity/svbwalkth\
rough/audit_agent/audit_agent.wl"
""
"=== PRE-FLIGHT CHECKS ==="
"[ReviewGate] ""preflight"" stage: ""PASS"" (PASS:"3" WARN:"0" FAIL:"0")"
"PASS"": PASS "3", WARN "0", FAIL "0
"=== PRE-BOUNDARY CHECKS ==="

Table::iterb: Iterator {/Users/windfolgen/Documents/AntiGravity/svbwalkthrough
      /asym/asym_new.wl} does not have appropriate bounds.

Table::iterb: Iterator {/Users/windfolgen/Documents/AntiGravity/svbwalkthrough
      /asym/asym_new.wl} does not have appropriate bounds.
"[ReviewGate] ""preboundary"" stage: ""PASS"" (PASS:"6" WARN:"0" FAIL:"0")"
"PASS"": PASS "6", WARN "0", FAIL "0
""
"=== SKILL 2: Boundary Conditions ==="
"[Skill 2] Component-based boundary condition calculation started."
"  integrandlist length = "2", coeff length = "2
"  [Cache Miss] Component "1" not cached. Computing under prefix: "
  "fourloopI42p1"

FrontEndObject::notavail: 
   A front end is not available; certain operations require a front end.

j::shdw: Symbol j appears in multiple contexts {LiteRed`, Global`}
    ; definitions in context LiteRed`
     may shadow or be shadowed by other definitions.
"**************** "Style["LiteRed v2.025\[Beta]", 
   {Bold, RGBColor[1, 1/3, 1/3]}]" ********************\nAuthor: Roman N. \
Lee, Budker Institute of Nuclear Physics, Novosibirsk.\nRelease Date: \
????-??-??\nTimestamp: Tue 25 Feb 2025 15:30:30\nRead \
from:/Users/windfolgen/GitRepos/LiteRed2/Source/LiteRed2025.m \
(CRC32:2205507540,{2340977437, 3317197336, 1063727846})\n\nLiteRed stands for \
"Style["L", {RGBColor[1, 1/3, 1/3]}]"oop "Style["i", {RGBColor[1, 1/3, 1/3]}]
  "n"Style["te", {RGBColor[1, 1/3, 1/3]}]"grals "
  Style["Red", {RGBColor[1, 1/3, 1/3]}]
  "uction.\nThe package is designed for the search and application of the \
Integration-By-Part reduction rules. It also contains some other useful \
tools.\n\nSee ?LiteRed`* for a list of functions. "

CheckDefinitions::warn: 
   Some external definitions used in 'asym
    ' basis are missing. Probably, you should run ExecuteDefinitions[asym].

CheckDefinitions::warn: 
   Some external definitions used in 'asym3L
    ' basis are missing. Probably, you should run ExecuteDefinitions[asym3L].

CheckDefinitions::warn: 
   Some external definitions used in 'asym2L
    ' basis are missing. Probably, you should run ExecuteDefinitions[asym2L].

General::stop: Further output of CheckDefinitions::warn
     will be suppressed during this calculation.

j$::shdw: Symbol j$ appears in multiple contexts {LiteRed`, Global`}
    ; definitions in context LiteRed`
     may shadow or be shadowed by other definitions.
"=== Running Parallel Expansion for ""fourloopI42p1"" with "6" permutations \
==="
"(kernel 1):"
"fourloopI42p11234: no tensor reduced results found. Starting reduction...\n"
"(kernel 2):"
"fourloopI42p12134: no tensor reduced results found. Starting reduction...\n"
"(kernel 3):"
"fourloopI42p11324: no tensor reduced results found. Starting reduction...\n"
"(kernel 4):"
"fourloopI42p12314: no tensor reduced results found. Starting reduction...\n"
"(kernel 5):"
"fourloopI42p13124: no tensor reduced results found. Starting reduction...\n"
"(kernel 6):"
"fourloopI42p13214: no tensor reduced results found. Starting reduction...\n"
"(kernel 1):"
"set 1 to 0, 4 to infinity.\n"
"(kernel 2):"
"set 1 to 0, 4 to infinity.\n"
"(kernel 3):"
"set 1 to 0, 4 to infinity.\n"
"(kernel 4):"
"set 1 to 0, 4 to infinity.\n"
"(kernel 5):"
"set 1 to 0, 4 to infinity.\n"
"(kernel 6):"
"set 1 to 0, 4 to infinity.\n"
"(kernel 1):"
"performing region expansion...\n"
"(kernel 2):"
"performing region expansion...\n"
"(kernel 3):"
"performing region expansion...\n"
"(kernel 4):"
"performing region expansion...\n"
"(kernel 5):"
"performing region expansion...\n"
"(kernel 6):"
"performing region expansion...\n"
"(kernel 1):"
"topology: {d2[1, 5], d2[2, 5], d2[3, 5], d2[1, 6], d2[2, 6], d2[3, 6], d2[1, \
7], d2[2, 7], d2[3, 7], d2[1, 8], d2[2, 8], d2[3, 8], d2[5, 6], d2[5, 7], \
d2[5, 8], d2[6, 7], d2[6, 8], d2[7, 8]} can be split into\n"
"(kernel 2):"
"topology: {d2[1, 5], d2[2, 5], d2[3, 5], d2[1, 6], d2[2, 6], d2[3, 6], d2[1, \
7], d2[2, 7], d2[3, 7], d2[1, 8], d2[2, 8], d2[3, 8], d2[5, 6], d2[5, 7], \
d2[5, 8], d2[6, 7], d2[6, 8], d2[7, 8]} can be split into\n"
"(kernel 3):"
"topology: {d2[1, 5], d2[2, 5], d2[3, 5], d2[1, 6], d2[2, 6], d2[3, 6], d2[1, \
7], d2[2, 7], d2[3, 7], d2[1, 8], d2[2, 8], d2[3, 8], d2[5, 6], d2[5, 7], \
d2[5, 8], d2[6, 7], d2[6, 8], d2[7, 8]} can be split into\n"
"(kernel 4):"
"topology: {d2[1, 5], d2[2, 5], d2[3, 5], d2[1, 6], d2[2, 6], d2[3, 6], d2[1, \
7], d2[2, 7], d2[3, 7], d2[1, 8], d2[2, 8], d2[3, 8], d2[5, 6], d2[5, 7], \
d2[5, 8], d2[6, 7], d2[6, 8], d2[7, 8]} can be split into\n"
"(kernel 5):"
"topology: {d2[1, 5], d2[2, 5], d2[3, 5], d2[1, 6], d2[2, 6], d2[3, 6], d2[1, \
7], d2[2, 7], d2[3, 7], d2[1, 8], d2[2, 8], d2[3, 8], d2[5, 6], d2[5, 7], \
d2[5, 8], d2[6, 7], d2[6, 8], d2[7, 8]} can be split into\n"
"(kernel 6):"
"topology: {d2[1, 5], d2[2, 5], d2[3, 5], d2[1, 6], d2[2, 6], d2[3, 6], d2[1, \
7], d2[2, 7], d2[3, 7], d2[1, 8], d2[2, 8], d2[3, 8], d2[5, 6], d2[5, 7], \
d2[5, 8], d2[6, 7], d2[6, 8], d2[7, 8]} can be split into\n"
"(kernel 1):"
"topo1: {d2[1, 5], d2[2, 5], d2[1, 6], d2[2, 6], d2[1, 7], d2[2, 7], d2[1, \
8], d2[2, 8], d2[5, 6], d2[5, 7], d2[5, 8], d2[6, 7], d2[6, 8], d2[7, 8]}\n"
"(kernel 2):"
"topo1: {d2[1, 5], d2[2, 5], d2[1, 6], d2[2, 6], d2[1, 7], d2[2, 7], d2[1, \
8], d2[2, 8], d2[5, 6], d2[5, 7], d2[5, 8], d2[6, 7], d2[6, 8], d2[7, 8]}\n"
"(kernel 3):"
"topo1: {d2[1, 5], d2[2, 5], d2[1, 6], d2[2, 6], d2[1, 7], d2[2, 7], d2[1, \
8], d2[2, 8], d2[5, 6], d2[5, 7], d2[5, 8], d2[6, 7], d2[6, 8], d2[7, 8]}\n"
"(kernel 4):"
"topo1: {d2[1, 5], d2[2, 5], d2[1, 6], d2[2, 6], d2[1, 7], d2[2, 7], d2[1, \
8], d2[2, 8], d2[5, 6], d2[5, 7], d2[5, 8], d2[6, 7], d2[6, 8], d2[7, 8]}\n"
"(kernel 5):"
"topo1: {d2[1, 5], d2[2, 5], d2[1, 6], d2[2, 6], d2[1, 7], d2[2, 7], d2[1, \
8], d2[2, 8], d2[5, 6], d2[5, 7], d2[5, 8], d2[6, 7], d2[6, 8], d2[7, 8]}\n"
"(kernel 6):"
"topo1: {d2[1, 5], d2[2, 5], d2[1, 6], d2[2, 6], d2[1, 7], d2[2, 7], d2[1, \
8], d2[2, 8], d2[5, 6], d2[5, 7], d2[5, 8], d2[6, 7], d2[6, 8], d2[7, 8]}\n"
"(kernel 1):"
"topo2: {d2[1, 5], d2[3, 5], d2[1, 6], d2[3, 6], d2[1, 7], d2[3, 7], d2[1, \
8], d2[3, 8], d2[5, 6], d2[5, 7], d2[5, 8], d2[6, 7], d2[6, 8], d2[7, 8]}\n"
"(kernel 2):"
"topo2: {d2[1, 5], d2[3, 5], d2[1, 6], d2[3, 6], d2[1, 7], d2[3, 7], d2[1, \
8], d2[3, 8], d2[5, 6], d2[5, 7], d2[5, 8], d2[6, 7], d2[6, 8], d2[7, 8]}\n"
"(kernel 3):"
"topo2: {d2[1, 5], d2[3, 5], d2[1, 6], d2[3, 6], d2[1, 7], d2[3, 7], d2[1, \
8], d2[3, 8], d2[5, 6], d2[5, 7], d2[5, 8], d2[6, 7], d2[6, 8], d2[7, 8]}\n"
"(kernel 4):"
"topo2: {d2[1, 5], d2[3, 5], d2[1, 6], d2[3, 6], d2[1, 7], d2[3, 7], d2[1, \
8], d2[3, 8], d2[5, 6], d2[5, 7], d2[5, 8], d2[6, 7], d2[6, 8], d2[7, 8]}\n"
"(kernel 5):"
"topo2: {d2[1, 5], d2[3, 5], d2[1, 6], d2[3, 6], d2[1, 7], d2[3, 7], d2[1, \
8], d2[3, 8], d2[5, 6], d2[5, 7], d2[5, 8], d2[6, 7], d2[6, 8], d2[7, 8]}\n"
"(kernel 6):"
"topo2: {d2[1, 5], d2[3, 5], d2[1, 6], d2[3, 6], d2[1, 7], d2[3, 7], d2[1, \
8], d2[3, 8], d2[5, 6], d2[5, 7], d2[5, 8], d2[6, 7], d2[6, 8], d2[7, 8]}\n"
"(kernel 1):"
"Loops: {Subscript[x, 5], Subscript[x, 6], Subscript[x, 7], Subscript[x, 8]}. \
There are totally 16 regions.\n"
"(kernel 2):"
"Loops: {Subscript[x, 5], Subscript[x, 6], Subscript[x, 7], Subscript[x, 8]}. \
There are totally 16 regions.\n"
"(kernel 3):"
"Loops: {Subscript[x, 5], Subscript[x, 6], Subscript[x, 7], Subscript[x, 8]}. \
There are totally 16 regions.\n"
"(kernel 4):"
"Loops: {Subscript[x, 5], Subscript[x, 6], Subscript[x, 7], Subscript[x, 8]}. \
There are totally 16 regions.\n"
"(kernel 5):"
"Loops: {Subscript[x, 5], Subscript[x, 6], Subscript[x, 7], Subscript[x, 8]}. \
There are totally 16 regions.\n"
"(kernel 6):"
"Loops: {Subscript[x, 5], Subscript[x, 6], Subscript[x, 7], Subscript[x, 8]}. \
There are totally 16 regions.\n"
"(kernel 1):"
"classifying topologies: \n"
"(kernel 2):"
"classifying topologies: \n"
"(kernel 3):"
"classifying topologies: \n"
"(kernel 4):"
"classifying topologies: \n"
"(kernel 5):"
"classifying topologies: \n"
"(kernel 6):"
"classifying topologies: \n"
"(kernel 1):"
"region 1: total terms 70\n"
"(kernel 2):"
"region 1: total terms 70\n"
"(kernel 3):"
"region 1: total terms 70\n"
"(kernel 4):"
"region 1: total terms 70\n"
"(kernel 5):"
"region 1: total terms 70\n"
"(kernel 6):"
"region 1: total terms 70\n"
"(kernel 1):"
"region 2: total terms 935\n"
"(kernel 2):"
"region 2: total terms 935\n"
"(kernel 4):"
"region 2: total terms 935\n"
"(kernel 5):"
"region 2: total terms 935\n"
"(kernel 3):"
"region 2: total terms 935\n"
"(kernel 6):"
"region 2: total terms 935\n"
"(kernel 2):"
"region 3: total terms 495\n"
"(kernel 1):"
"region 3: total terms 1001\n"
"(kernel 4):"
"region 3: total terms 495\n"
"(kernel 3):"
"region 3: total terms 1001\n"
"(kernel 5):"
"region 3: total terms 1729\n"
"(kernel 6):"
"region 3: total terms 1729\n"
"(kernel 2):"
"region 4: total terms 935\n"
"(kernel 4):"
"region 4: total terms 935\n"
"(kernel 1):"
"region 4: total terms 1729\n"
"(kernel 3):"
"region 4: total terms 1729\n"
"(kernel 2):"
"region 5: total terms 495\n"
"(kernel 5):"
"region 4: total terms 2730\n"
"(kernel 4):"
"region 5: total terms 1001\n"
"(kernel 6):"
"region 4: total terms 2730\n"
"(kernel 2):"
"region 6: total terms 1001\n"
"(kernel 1):"
"region 5: total terms 210\n"
"(kernel 3):"
"region 5: total terms 1001\n"
"(kernel 4):"
"region 6: total terms 1729\n"
"(kernel 1):"
"region 6: total terms 495\n"
"(kernel 1):"
"region 7: total terms 495\n"
"(kernel 2):"
"region 7: total terms 495\n"
"(kernel 3):"
"region 6: total terms 1729\n"
"(kernel 1):"
"region 8: total terms 210\n"
"(kernel 2):"
"region 8: total terms 210\n"
"(kernel 6):"
"region 5: total terms 210\n"
"(kernel 5):"
"region 5: total terms 495\n"
"(kernel 1):"
"region 9: total terms 1001\n"
"(kernel 6):"
"region 6: total terms 495\n"
"(kernel 2):"
"region 9: total terms 1001\n"
"(kernel 4):"
"region 7: total terms 1001\n"
"(kernel 5):"
"region 6: total terms 1001\n"
"(kernel 6):"
"region 7: total terms 1001\n"
"(kernel 1):"
"region 10: total terms 1729\n"
"(kernel 3):"
"region 7: total terms 1729\n"
"(kernel 2):"
"region 10: total terms 1729\n"
"(kernel 4):"
"region 8: total terms 495\n"
"(kernel 5):"
"region 7: total terms 1729\n"
"(kernel 6):"
"region 8: total terms 495\n"
"(kernel 4):"
"region 9: total terms 495\n"
"(kernel 6):"
"region 9: total terms 495\n"
"(kernel 4):"
"region 10: total terms 1001\n"
"(kernel 1):"
"region 11: total terms 1729\n"
"(kernel 2):"
"region 11: total terms 1001\n"
"(kernel 3):"
"region 8: total terms 1001\n"
"(kernel 6):"
"region 10: total terms 1001\n"
"(kernel 5):"
"region 8: total terms 1001\n"
"(kernel 4):"
"region 11: total terms 495\n"
"(kernel 3):"
"region 9: total terms 210\n"
"(kernel 2):"
"region 12: total terms 495\n"
"(kernel 3):"
"region 10: total terms 495\n"
"(kernel 4):"
"region 12: total terms 210\n"
"(kernel 6):"
"region 11: total terms 1729\n"
"(kernel 5):"
"region 9: total terms 210\n"
"(kernel 1):"
"region 12: total terms 1001\n"
"(kernel 5):"
"region 10: total terms 495\n"
"(kernel 2):"
"region 13: total terms 2730\n"
"(kernel 4):"
"region 13: total terms 2730\n"
"(kernel 3):"
"region 11: total terms 495\n"
"(kernel 1):"
"region 13: total terms 1729\n"
"(kernel 3):"
"region 12: total terms 210\n"
"(kernel 5):"
"region 11: total terms 1001\n"
"(kernel 3):"
"region 13: total terms 1729\n"
"(kernel 6):"
"region 12: total terms 1001\n"
"(kernel 5):"
"region 12: total terms 495\n"
"(kernel 1):"
"region 14: total terms 1001\n"
"(kernel 2):"
"region 14: total terms 1729\n"
"(kernel 4):"
"region 14: total terms 1729\n"
"(kernel 6):"
"region 13: total terms 935\n"
"(kernel 5):"
"region 13: total terms 935\n"
"(kernel 3):"
"region 14: total terms 1001\n"
"(kernel 6):"
"region 14: total terms 495\n"
"(kernel 1):"
"region 15: total terms 935\n"
"(kernel 5):"
"region 14: total terms 495\n"
"(kernel 3):"
"region 15: total terms 935\n"
"(kernel 4):"
"region 15: total terms 935\n"
"(kernel 6):"
"region 15: total terms 935\n"
"(kernel 2):"
"region 15: total terms 935\n"
"(kernel 1):"
"region 16: total terms 70\n"
"(kernel 5):"
"region 15: total terms 935\n"
"(kernel 3):"
"region 16: total terms 70\n"
"(kernel 4):"
"region 16: total terms 70\n"
"(kernel 6):"
"region 16: total terms 70\n"
"(kernel 2):"
"region 16: total terms 70\n"
"(kernel 5):"
"region 16: total terms 70\n"
"(kernel 1):"
"projecting the tensor structure and performing the contraction...\n"
"(kernel 1):"
"total length: 4892 split into number of chunks: 5\n"
"(kernel 1):"
"--- ProjectTensor Chunk 1/5 (Terms 1-1000) Time: 11.700476 ---\n"
"(kernel 1):"
"    [Disk Cache Miss] Generating tensor projection of length: {1}\n"
"(kernel 1):"
"dimensions: 1\n"
"(kernel 1):"
"indexlist: {{m[1]}}\n"
"(kernel 1):"
"time consuming: 0.001085`3.1859447360165425\n"
"(kernel 1):"
"    [Disk Cache Hit] Loaded tensor projection of length: {2}\n"
"(kernel 1):"
"    [Disk Cache Miss] Generating tensor projection of length: {3}\n"
"(kernel 1):"
"dimensions: 2\n"
"(kernel 1):"
"indexlist: {{m[1], m[2], m[3]}}\n"
"(kernel 1):"
"time consuming: 0.001202`3.230419465498714\n"
"(kernel 1):"
"    [Disk Cache Miss] Generating tensor projection of length: {1, 1}\n"
"(kernel 1):"
"dimensions: 2\n"
"(kernel 1):"
"indexlist: {{m[1]}, {m[2]}}\n"
"(kernel 1):"
"time consuming: 0.000568`2.9048633335430125\n"
"(kernel 1):"
"    [Disk Cache Miss] Generating tensor projection of length: {2, 1}\n"
"(kernel 1):"
"dimensions: 3\n"
"(kernel 1):"
"indexlist: {{m[1], m[2]}, {m[3]}}\n"
"(kernel 1):"
"time consuming: 0.00179`3.403368028811887\n"
"(kernel 1):"
"    [Disk Cache Miss] Generating tensor projection of length: {1, 2}\n"
"(kernel 1):"
"dimensions: 3\n"
"(kernel 1):"
"indexlist: {{m[1]}, {m[2], m[3]}}\n"
"(kernel 1):"
"time consuming: 0.001475`3.319307018146176\n"
"(kernel 1):"
"    [Disk Cache Miss] Generating tensor projection of length: {4}\n"
"(kernel 3):"
"projecting the tensor structure and performing the contraction...\n"
"(kernel 1):"
"dimensions: 3\n"
"(kernel 3):"
"total length: 4892 split into number of chunks: 5\n"
"(kernel 1):"
"indexlist: {{m[1], m[2], m[3], m[4]}}\n"
"(kernel 3):"
"--- ProjectTensor Chunk 1/5 (Terms 1-1000) Time: 11.99471 ---\n"
"(kernel 1):"
"time consuming: 0.007396`4.019511900319129\n"
"(kernel 3):"
"    [Disk Cache Hit] Loaded tensor projection of length: {1}\n"
"(kernel 1):"
"    [Disk Cache Miss] Generating tensor projection of length: {3, 1}\n"
"(kernel 3):"
"    [Disk Cache Hit] Loaded tensor projection of length: {2}\n"
"(kernel 1):"
"dimensions: 4\n"
"(kernel 3):"
"    [Disk Cache Hit] Loaded tensor projection of length: {3}\n"
"(kernel 1):"
"indexlist: {{m[1], m[2], m[3]}, {m[4]}}\n"
"(kernel 3):"
"    [Disk Cache Hit] Loaded tensor projection of length: {1, 1}\n"
"(kernel 1):"
"time consuming: 0.00987`4.144832150501631\n"
"(kernel 3):"
"    [Disk Cache Hit] Loaded tensor projection of length: {2, 1}\n"
"(kernel 3):"
"    [Disk Cache Hit] Loaded tensor projection of length: {1, 2}\n"
"(kernel 1):"
"    [Disk Cache Miss] Generating tensor projection of length: {2, 2}\n"
"(kernel 1):"
"dimensions: 6\n"
"(kernel 3):"
"    [Disk Cache Hit] Loaded tensor projection of length: {4}\n"
"(kernel 1):"
"indexlist: {{m[1], m[2]}, {m[3], m[4]}}\n"
"(kernel 1):"
"time consuming: 0.013441`4.2789465789252406\n"
"(kernel 3):"
"    [Disk Cache Hit] Loaded tensor projection of length: {3, 1}\n"
"(kernel 3):"
"    [Disk Cache Hit] Loaded tensor projection of length: {2, 2}\n"
"(kernel 1):"
"    [Disk Cache Miss] Generating tensor projection of length: {1, 3}\n"
"(kernel 1):"
"dimensions: 4\n"
"(kernel 1):"
"indexlist: {{m[1]}, {m[2], m[3], m[4]}}\n"
"(kernel 1):"
"time consuming: 0.008305`4.069854634619407\n"
"(kernel 3):"
"    [Disk Cache Hit] Loaded tensor projection of length: {1, 3}\n"
"(kernel 4):"
"projecting the tensor structure and performing the contraction...\n"
"(kernel 4):"
"total length: 6805 split into number of chunks: 7\n"
"(kernel 4):"
"--- ProjectTensor Chunk 1/7 (Terms 1-1000) Time: 13.028011 ---\n"
"(kernel 4):"
"    [Disk Cache Hit] Loaded tensor projection of length: {1}\n"
"(kernel 4):"
"    [Disk Cache Hit] Loaded tensor projection of length: {2}\n"
"(kernel 4):"
"    [Disk Cache Hit] Loaded tensor projection of length: {3}\n"
"(kernel 4):"
"    [Disk Cache Hit] Loaded tensor projection of length: {1, 1}\n"
"(kernel 4):"
"    [Disk Cache Hit] Loaded tensor projection of length: {2, 1}\n"
"(kernel 2):"
"projecting the tensor structure and performing the contraction...\n"
"(kernel 2):"
"total length: 6805 split into number of chunks: 7\n"
"(kernel 2):"
"--- ProjectTensor Chunk 1/7 (Terms 1-1000) Time: 13.136725 ---\n"
"(kernel 4):"
"    [Disk Cache Hit] Loaded tensor projection of length: {1, 2}\n"
"(kernel 2):"
"    [Disk Cache Hit] Loaded tensor projection of length: {1}\n"
"(kernel 2):"
"    [Disk Cache Hit] Loaded tensor projection of length: {2}\n"
"(kernel 2):"
"    [Disk Cache Hit] Loaded tensor projection of length: {3}\n"
"(kernel 2):"
"    [Disk Cache Hit] Loaded tensor projection of length: {1, 1}\n"
"(kernel 2):"
"    [Disk Cache Hit] Loaded tensor projection of length: {2, 1}\n"
"(kernel 4):"
"    [Disk Cache Hit] Loaded tensor projection of length: {4}\n"
"(kernel 2):"
"    [Disk Cache Hit] Loaded tensor projection of length: {1, 2}\n"
"(kernel 2):"
"    [Disk Cache Hit] Loaded tensor projection of length: {4}\n"
"(kernel 4):"
"    [Disk Cache Hit] Loaded tensor projection of length: {3, 1}\n"
"(kernel 1):"
"    [Disk Cache Miss] Generating tensor projection of length: {1, 1, 1}\n"
"(kernel 1):"
"dimensions: 4\n"
"(kernel 1):"
"indexlist: {{m[1]}, {m[3]}, {m[5]}}\n"
"(kernel 1):"
"time consuming: 0.002961`3.621953405221293\n"
"(kernel 2):"
"    [Disk Cache Hit] Loaded tensor projection of length: {3, 1}\n"
"(kernel 1):"
"    Working on Term 100/4892\n"
"(kernel 4):"
"    [Disk Cache Hit] Loaded tensor projection of length: {2, 2}\n"
"(kernel 2):"
"    [Disk Cache Hit] Loaded tensor projection of length: {2, 2}\n"
"(kernel 3):"
"    [Disk Cache Hit] Loaded tensor projection of length: {1, 1, 1}\n"
"(kernel 3):"
"    Working on Term 100/4892\n"
"(kernel 4):"
"    [Disk Cache Hit] Loaded tensor projection of length: {1, 3}\n"
"(kernel 2):"
"    [Disk Cache Hit] Loaded tensor projection of length: {1, 3}\n"
"(kernel 4):"
"    [Disk Cache Hit] Loaded tensor projection of length: {1, 1, 1}\n"
"(kernel 2):"
"    [Disk Cache Hit] Loaded tensor projection of length: {1, 1, 1}\n"
"(kernel 4):"
"    Working on Term 100/6805\n"
"(kernel 2):"
"    Working on Term 100/6805\n"
