"Logging initialized. Writing to console and: "
  "/Users/windfolgen/Documents/AntiGravity/svbwalkthrough/logs/threeloophard2\
.log"
"Ansatz length: "43
"basisSV length: "510
"SVHPL in ansatz: "70" (of "510")"
"MPL in ansatz: "75" (of "82"), basis: ""allsvlistmpl_threeloop"
"Conformal weight n = "2
"Review agent loaded from ""/Users/windfolgen/Documents/AntiGravity/svbwalkth\
rough/audit_agent/audit_agent.wl"
"Audit: ""disabled (audit_agent.wl not found)"
""
"=== SKILL 2: Boundary Conditions ==="
"Boundary files already exist for '""threeloophard2""' in '"
  "/Users/windfolgen/Documents/AntiGravity/svbwalkthrough/asym/boundary_agent"
  "'. Skipping computation."
"[ReviewGate] ""boundary"" stage: ""PASS"" (PASS:"6" WARN:"0" FAIL:"0")"
""
"=== Loading targetData ==="
"  targetData[["1"]] loaded from ""threeloophard2""1234"
"  targetData[["2"]] loaded from ""threeloophard2""2134"
"  targetData[["3"]] loaded from ""threeloophard2""1324"
"  targetData[["4"]] loaded from ""threeloophard2""2314"
"  targetData[["5"]] loaded from ""threeloophard2""3124"
"  targetData[["6"]] loaded from ""threeloophard2""3214"
""
"=== SKILL 1: Series Expansion ==="
"[Skill 1] Reduced SVHPL to "70" elements from ansatz indices"
"[Skill 1] Starting 6 expansions, poleType=""simple"", n="2", k="1", \
SVHPL="70", MP[Skill"[Skill 1] Limit "1"/6: additional = "InputForm[(1 -[Skill 1] "[Skill 1] Limit "1"/6 ([Skill 1] Limit 2/"[Skill 1] Limit "2"/6: additional = "Inp[Skill 1] Limit 2/6 (e"[Skill 1] Li[Skill 1] Limit 3/6: additiona"[Skill 1] Limit "3"/6: addi[Skill 1] Limit 3/6 (einfuv): done"[[Skill 1] Limit 4/6: additional = InputFor"[Skill 1] Limit [Skill 1] Limit 4/6 (einfuvp): done.
[Skill 1] Limit 5/6: additional = InputForm[(-u + v)^("[Ski[Skill 1] Limit 5/6 (e1uv): done.
[Skill 1] Limit 6/6: additional = InputForm[(1 - u)^(-1)]
[Skill 1] Limit 6/6 (e1uvp): done.
Series expansion files written to /Users/windfolgen/Documents/AntiGravity/svbw"Series expansion files [ReviewGate] series stage: PASS (PASS:12 WARN:0 FAIL:0)

=== SKILL 3: Coefficient Solving ===
[Skill 3] $LEN=43 $Order=3 SV=70 MPL=75
[Skill 3] Y=InputForm[Y]
[DBG] After svrep, Y=InputForm[Y]
[Skill 3] Limit 1 (e0uv): equations=
  system size after limit 1: 57 vars: 43

Solve::svars: Equations may not give solutions for all "solve" variables.
[DBG] After svrep, Y=InputForm[Y]
[Skill 3] Limit 2 (e0uvp): equations=
Limit 2 (e0uvp): temp is empty, skipping.
[DBG] After svrep, Y=InputForm[Y]
[Skill 3] Limit 3 (einfuv): equations=
  system size after limit 3: 97 vars: 43
[DBG] After svrep, Y=InputForm[Y]
[Skill 3] Limit 4 (einfuvp): equations=
Limit 4 (einfuvp): temp is empty, skipping.
[DBG] After svrep, Y=InputForm[Y]
[Skill 3] Limit 5 (e1uv): equations=
Limit 5 (e1uv): temp is empty, skipping.
[DBG] After svrep, Y=InputForm[Y]
[Skill 3] Limit 6 (e1uvp): equations=
Limit 6 (e1uvp): temp is empty, skipping.
Solution written to /Users/windfolgen/Documents/AntiGravity/svbwalkthrough/solve_agent/threeloophard2_sol.m
Limit 1 verified.
Limit 2 verified.
Limit 3 verified.
Limit 4 verified.
Limit 5 verified.
Limit 6 verified.
[ReviewGate] solve stage: PASS (PASS:1 WARN:0 FAIL:0)

=== VERIFY ===
Solved 43 coefficients
Sample: {c[1] -> 0, c[2] -> 0, c[3] -> 0, c[4] -> 0, c[5] -> 8}

=== SAVE RESULT ===
Result saved to /Users/windfolgen/Documents/AntiGravity/svbwalkthrough/runs/threeloophard2/result.m
Solved coefficients saved to /Users/windfolgen/Documents/AntiGravity/svbwalkthrough/solve_agent/threeloophard2_sol.m

Run complete.
c[4] -> 0, c[5] -> 8}
""
"=== SAVE RESULT ==="
"Result saved to ""/Users/windfolgen/Documents/AntiGravity/svbwalkthrough/run\
s/threeloophard2/result.m"
"Solved coefficients saved to ""/Users/windfolgen/Documents/AntiGravity/svbwa\
lkthrough/solve_agent/threeloophard2_sol.m"
""
"Run complete."
