"=== Starting Unified Workflow Engine for: ""fourloopI182"" ==="
"Start Date and Time: ""Fri 12 Jun 2026 13:02:05"

FrontEndObject::notavail: 
   A front end is not available; certain operations require a front end.
"**************** "Style["LiteRed v2.025\[Beta]", 
   {Bold, RGBColor[1, 1/3, 1/3]}]" ********************\nAuthor: Roman N. \
Lee, Budker Institute of Nuclear Physics, Novosibirsk.\nRelease Date: \
????-??-??\nTimestamp: Tue 25 Feb 2025 15:30:30\nRead \
from:/Users/windfolgen/GitRepos/LiteRed2/Source/LiteRed2025.m \
(CRC32:2205507540,{2340977437, 3317197336, 1063727846})\n\nLiteRed stands for \
"Style["L", {RGBColor[1, 1/3, 1/3]}]"oop "Style["i", {RGBColor[1, 1/3, 1/3]}]
  "n"Style["te", {RGBColor[1, 1/3, 1/3]}]"grals "
  Style["Red", {RGBColor[1, 1/3, 1/3]}]
  "uction.\nThe package is designed for the search and application of the \
Integration-By-Part reduction rules. It also contains some other useful \
tools.\n\nSee ?LiteRed`* for a list of functions. "
"Review agent loaded from ""/Users/windfolgen/Documents/AntiGravity/svbwalkth\
rough/audit_agent/audit_agent.wl"
"[ReviewGate] ""preflight"" stage: ""PASS"" (PASS:"2" WARN:"0" FAIL:"0")"
"  Conformal weight n = "1
"  Checking for boundary target data..."
"[ReviewGate] ""preboundary"" stage: ""PASS"" (PASS:"10" WARN:"0" FAIL:"0")"
"Executing\n"HoldForm[sp[p, p] = u; ]
"IBP output redirected to: ""/Users/windfolgen/Documents/aether/svbwalkthroug\
h_ibp"
"=== Running Parallel Expansion for ""fourloopI182"" with "6" permutations \
==="
"Permutation "{1, 2, 3, 4}" -> chosen equivalent permutation "{2, 1, 4, 3}" ("
  1860" terms)"
"Permutation "{2, 1, 3, 4}" -> chosen equivalent permutation "{4, 3, 1, 2}" ("
  2867" terms)"
"Permutation "{1, 3, 2, 4}" -> chosen equivalent permutation "{2, 4, 1, 3}" ("
  1860" terms)"
"Permutation "{2, 3, 1, 4}" -> chosen equivalent permutation "{4, 1, 3, 2}" ("
  2867" terms)"
"Permutation "{3, 1, 2, 4}" -> chosen equivalent permutation "{3, 1, 2, 4}" ("
  5440" terms)"
"Permutation "{3, 2, 1, 4}" -> chosen equivalent permutation "{3, 2, 1, 4}" ("
  5440" terms)"
"(kernel 1):"
"fourloopI1821234: no tensor reduced results found. Starting reduction...\n"
"(kernel 2):"
"fourloopI1822134: no tensor reduced results found. Starting reduction...\n"
"(kernel 3):"
"fourloopI1821324: no tensor reduced results found. Starting reduction...\n"
"(kernel 4):"
"fourloopI1822314: no tensor reduced results found. Starting reduction...\n"
"(kernel 5):"
"fourloopI1823124: no tensor reduced results found. Starting reduction...\n"
"(kernel 6):"
"fourloopI1823214: no tensor reduced results found. Starting reduction...\n"
"(kernel 1):"
"set 1 to 0, 4 to infinity.\n"
"(kernel 2):"
"set 1 to 0, 4 to infinity.\n"
"(kernel 3):"
"set 1 to 0, 4 to infinity.\n"
"(kernel 4):"
"set 1 to 0, 4 to infinity.\n"
"(kernel 5):"
"set 1 to 0, 4 to infinity.\n"
"(kernel 6):"
"set 1 to 0, 4 to infinity.\n"
"(kernel 1):"
"performing region expansion...\n"
"(kernel 2):"
"performing region expansion...\n"
"(kernel 3):"
"performing region expansion...\n"
"(kernel 4):"
"performing region expansion...\n"
"(kernel 5):"
"performing region expansion...\n"
"(kernel 6):"
"performing region expansion...\n"
"(kernel 1):"
"topology: {d2[1, 5], d2[2, 5], d2[3, 5], d2[1, 6], d2[2, 6], d2[3, 6], d2[1, \
7], d2[2, 7], d2[3, 7], d2[1, 8], d2[2, 8], d2[3, 8], d2[5, 6], d2[5, 7], \
d2[5, 8], d2[6, 7], d2[6, 8], d2[7, 8]} can be split into\n"
"(kernel 2):"
"topology: {d2[1, 5], d2[2, 5], d2[3, 5], d2[1, 6], d2[2, 6], d2[3, 6], d2[1, \
7], d2[2, 7], d2[3, 7], d2[1, 8], d2[2, 8], d2[3, 8], d2[5, 6], d2[5, 7], \
d2[5, 8], d2[6, 7], d2[6, 8], d2[7, 8]} can be split into\n"
"(kernel 3):"
"topology: {d2[1, 5], d2[2, 5], d2[3, 5], d2[1, 6], d2[2, 6], d2[3, 6], d2[1, \
7], d2[2, 7], d2[3, 7], d2[1, 8], d2[2, 8], d2[3, 8], d2[5, 6], d2[5, 7], \
d2[5, 8], d2[6, 7], d2[6, 8], d2[7, 8]} can be split into\n"
"(kernel 4):"
"topology: {d2[1, 5], d2[2, 5], d2[3, 5], d2[1, 6], d2[2, 6], d2[3, 6], d2[1, \
7], d2[2, 7], d2[3, 7], d2[1, 8], d2[2, 8], d2[3, 8], d2[5, 6], d2[5, 7], \
d2[5, 8], d2[6, 7], d2[6, 8], d2[7, 8]} can be split into\n"
"(kernel 5):"
"topology: {d2[1, 5], d2[2, 5], d2[3, 5], d2[1, 6], d2[2, 6], d2[3, 6], d2[1, \
7], d2[2, 7], d2[3, 7], d2[1, 8], d2[2, 8], d2[3, 8], d2[5, 6], d2[5, 7], \
d2[5, 8], d2[6, 7], d2[6, 8], d2[7, 8]} can be split into\n"
"(kernel 6):"
"topology: {d2[1, 5], d2[2, 5], d2[3, 5], d2[1, 6], d2[2, 6], d2[3, 6], d2[1, \
7], d2[2, 7], d2[3, 7], d2[1, 8], d2[2, 8], d2[3, 8], d2[5, 6], d2[5, 7], \
d2[5, 8], d2[6, 7], d2[6, 8], d2[7, 8]} can be split into\n"
"(kernel 1):"
"topo1: {d2[1, 5], d2[2, 5], d2[1, 6], d2[2, 6], d2[1, 7], d2[2, 7], d2[1, \
8], d2[2, 8], d2[5, 6], d2[5, 7], d2[5, 8], d2[6, 7], d2[6, 8], d2[7, 8]}\n"
"(kernel 2):"
"topo1: {d2[1, 5], d2[2, 5], d2[1, 6], d2[2, 6], d2[1, 7], d2[2, 7], d2[1, \
8], d2[2, 8], d2[5, 6], d2[5, 7], d2[5, 8], d2[6, 7], d2[6, 8], d2[7, 8]}\n"
"(kernel 3):"
"topo1: {d2[1, 5], d2[2, 5], d2[1, 6], d2[2, 6], d2[1, 7], d2[2, 7], d2[1, \
8], d2[2, 8], d2[5, 6], d2[5, 7], d2[5, 8], d2[6, 7], d2[6, 8], d2[7, 8]}\n"
"(kernel 4):"
"topo1: {d2[1, 5], d2[2, 5], d2[1, 6], d2[2, 6], d2[1, 7], d2[2, 7], d2[1, \
8], d2[2, 8], d2[5, 6], d2[5, 7], d2[5, 8], d2[6, 7], d2[6, 8], d2[7, 8]}\n"
"(kernel 5):"
"topo1: {d2[1, 5], d2[2, 5], d2[1, 6], d2[2, 6], d2[1, 7], d2[2, 7], d2[1, \
8], d2[2, 8], d2[5, 6], d2[5, 7], d2[5, 8], d2[6, 7], d2[6, 8], d2[7, 8]}\n"
"(kernel 6):"
"topo1: {d2[1, 5], d2[2, 5], d2[1, 6], d2[2, 6], d2[1, 7], d2[2, 7], d2[1, \
8], d2[2, 8], d2[5, 6], d2[5, 7], d2[5, 8], d2[6, 7], d2[6, 8], d2[7, 8]}\n"
"(kernel 1):"
"topo2: {d2[1, 5], d2[3, 5], d2[1, 6], d2[3, 6], d2[1, 7], d2[3, 7], d2[1, \
8], d2[3, 8], d2[5, 6], d2[5, 7], d2[5, 8], d2[6, 7], d2[6, 8], d2[7, 8]}\n"
"(kernel 2):"
"topo2: {d2[1, 5], d2[3, 5], d2[1, 6], d2[3, 6], d2[1, 7], d2[3, 7], d2[1, \
8], d2[3, 8], d2[5, 6], d2[5, 7], d2[5, 8], d2[6, 7], d2[6, 8], d2[7, 8]}\n"
"(kernel 3):"
"topo2: {d2[1, 5], d2[3, 5], d2[1, 6], d2[3, 6], d2[1, 7], d2[3, 7], d2[1, \
8], d2[3, 8], d2[5, 6], d2[5, 7], d2[5, 8], d2[6, 7], d2[6, 8], d2[7, 8]}\n"
"(kernel 4):"
"topo2: {d2[1, 5], d2[3, 5], d2[1, 6], d2[3, 6], d2[1, 7], d2[3, 7], d2[1, \
8], d2[3, 8], d2[5, 6], d2[5, 7], d2[5, 8], d2[6, 7], d2[6, 8], d2[7, 8]}\n"
"(kernel 5):"
"topo2: {d2[1, 5], d2[3, 5], d2[1, 6], d2[3, 6], d2[1, 7], d2[3, 7], d2[1, \
8], d2[3, 8], d2[5, 6], d2[5, 7], d2[5, 8], d2[6, 7], d2[6, 8], d2[7, 8]}\n"
"(kernel 6):"
"topo2: {d2[1, 5], d2[3, 5], d2[1, 6], d2[3, 6], d2[1, 7], d2[3, 7], d2[1, \
8], d2[3, 8], d2[5, 6], d2[5, 7], d2[5, 8], d2[6, 7], d2[6, 8], d2[7, 8]}\n"
"(kernel 1):"
"Loops: {Subscript[x, 5], Subscript[x, 6], Subscript[x, 7], Subscript[x, 8]}. \
There are totally 16 regions.\n"
"(kernel 2):"
"Loops: {Subscript[x, 5], Subscript[x, 6], Subscript[x, 7], Subscript[x, 8]}. \
There are totally 16 regions.\n"
"(kernel 3):"
"Loops: {Subscript[x, 5], Subscript[x, 6], Subscript[x, 7], Subscript[x, 8]}. \
There are totally 16 regions.\n"
"(kernel 4):"
"Loops: {Subscript[x, 5], Subscript[x, 6], Subscript[x, 7], Subscript[x, 8]}. \
There are totally 16 regions.\n"
"(kernel 5):"
"Loops: {Subscript[x, 5], Subscript[x, 6], Subscript[x, 7], Subscript[x, 8]}. \
There are totally 16 regions.\n"
"(kernel 6):"
"Loops: {Subscript[x, 5], Subscript[x, 6], Subscript[x, 7], Subscript[x, 8]}. \
There are totally 16 regions.\n"
"(kernel 1):"
"classifying topologies: \n"
"(kernel 2):"
"classifying topologies: \n"
"(kernel 3):"
"classifying topologies: \n"
"(kernel 4):"
"classifying topologies: \n"
"(kernel 5):"
"classifying topologies: \n"
"(kernel 6):"
"classifying topologies: \n"
"(kernel 1):"
"region 1: total terms 70\n"
"(kernel 2):"
"region 1: total terms 70\n"
"(kernel 3):"
"region 1: total terms 70\n"
"(kernel 4):"
"region 1: total terms 70\n"
"(kernel 5):"
"region 1: total terms 70\n"
"(kernel 6):"
"region 1: total terms 70\n"
"(kernel 2):"
"region 2: total terms 210\n"
"(kernel 4):"
"region 2: total terms 495\n"
"(kernel 5):"
"region 2: total terms 210\n"
"(kernel 6):"
"region 2: total terms 495\n"
"(kernel 1):"
"region 2: total terms 935\n"
"(kernel 3):"
"region 2: total terms 935\n"
"(kernel 2):"
"region 3: total terms 495\n"
"(kernel 5):"
"region 3: total terms 495\n"
"(kernel 4):"
"region 3: total terms 210\n"
"(kernel 6):"
"region 3: total terms 210\n"
"(kernel 2):"
"region 4: total terms 935\n"
"(kernel 4):"
"region 4: total terms 935\n"
"(kernel 5):"
"region 4: total terms 935\n"
"(kernel 6):"
"region 4: total terms 935\n"
"(kernel 3):"
"region 3: total terms 935\n"
"(kernel 1):"
"region 3: total terms 935\n"
"(kernel 2):"
"region 5: total terms 1729\n"
"(kernel 4):"
"region 5: total terms 1001\n"
"(kernel 3):"
"region 4: total terms 4165\n"
"(kernel 6):"
"region 5: total terms 935\n"
"(kernel 5):"
"region 5: total terms 1729\n"
"(kernel 1):"
"region 4: total terms 4165\n"
"(kernel 4):"
"region 6: total terms 1001\n"
"(kernel 6):"
"region 6: total terms 1001\n"
"(kernel 2):"
"region 6: total terms 1001\n"
"(kernel 5):"
"region 6: total terms 1001\n"
"(kernel 4):"
"region 7: total terms 495\n"
"(kernel 6):"
"region 7: total terms 495\n"
"(kernel 2):"
"region 7: total terms 1729\n"
"(kernel 4):"
"region 8: total terms 495\n"
"(kernel 6):"
"region 8: total terms 495\n"
"(kernel 5):"
"region 7: total terms 1729\n"
"(kernel 4):"
"region 9: total terms 1729\n"
"(kernel 3):"
"region 5: total terms 495\n"
"(kernel 6):"
"region 9: total terms 1729\n"
"(kernel 1):"
"region 5: total terms 495\n"
"(kernel 2):"
"region 8: total terms 1001\n"
"(kernel 3):"
"region 6: total terms 1001\n"
"(kernel 1):"
"region 6: total terms 1001\n"
"(kernel 4):"
"region 10: total terms 1729\n"
"(kernel 5):"
"region 8: total terms 935\n"
"(kernel 6):"
"region 10: total terms 1729\n"
"(kernel 2):"
"region 9: total terms 1001\n"
"(kernel 3):"
"region 7: total terms 1001\n"
"(kernel 1):"
"region 7: total terms 1001\n"
"(kernel 5):"
"region 9: total terms 935\n"
"(kernel 2):"
"region 10: total terms 495\n"
"(kernel 3):"
"region 8: total terms 1729\n"
"(kernel 4):"
"region 11: total terms 1001\n"
"(kernel 5):"
"region 10: total terms 495\n"
"(kernel 1):"
"region 8: total terms 1729\n"
"(kernel 2):"
"region 11: total terms 1001\n"
"(kernel 6):"
"region 11: total terms 1001\n"
"(kernel 5):"
"region 11: total terms 1001\n"
"(kernel 4):"
"region 12: total terms 1001\n"
"(kernel 2):"
"region 12: total terms 495\n"
"(kernel 3):"
"region 9: total terms 495\n"
"(kernel 6):"
"region 12: total terms 935\n"
"(kernel 1):"
"region 9: total terms 495\n"
"(kernel 5):"
"region 12: total terms 495\n"
"(kernel 3):"
"region 10: total terms 1001\n"
"(kernel 2):"
"region 13: total terms 2730\n"
"(kernel 4):"
"region 13: total terms 2730\n"
"(kernel 1):"
"region 10: total terms 1001\n"
"(kernel 6):"
"region 13: total terms 2730\n"
"(kernel 5):"
"region 13: total terms 2730\n"
"(kernel 3):"
"region 11: total terms 1001\n"
"(kernel 1):"
"region 11: total terms 1001\n"
"(kernel 3):"
"region 12: total terms 1729\n"
"(kernel 1):"
"region 12: total terms 1729\n"
"(kernel 2):"
"region 14: total terms 450\n"
"(kernel 4):"
"region 14: total terms 935\n"
"(kernel 5):"
"region 14: total terms 495\n"
"(kernel 6):"
"region 14: total terms 1001\n"
"(kernel 2):"
"region 15: total terms 935\n"
"(kernel 4):"
"region 15: total terms 450\n"
"(kernel 5):"
"region 15: total terms 1001\n"
"(kernel 3):"
"region 13: total terms 450\n"
"(kernel 1):"
"region 13: total terms 450\n"
"(kernel 4):"
"region 16: total terms 70\n"
"(kernel 6):"
"region 15: total terms 495\n"
"(kernel 2):"
"region 16: total terms 70\n"
"(kernel 3):"
"region 14: total terms 210\n"
"(kernel 1):"
"region 14: total terms 210\n"
"(kernel 3):"
"region 15: total terms 210\n"
"(kernel 6):"
"region 16: total terms 70\n"
"(kernel 1):"
"region 15: total terms 210\n"
"(kernel 3):"
"region 16: total terms 70\n"
"(kernel 5):"
"region 16: total terms 70\n"
"(kernel 1):"
"region 16: total terms 70\n"
"(kernel 3):"
"projecting the tensor structure and performing the contraction...\n"
"(kernel 3):"
"total length: 1860 split into number of chunks: 2\n"
"(kernel 3):"
"--- ProjectTensor Chunk 1/2 (Terms 1-1000) Time: 220.007379 ---\n"
"(kernel 1):"
"projecting the tensor structure and performing the contraction...\n"
"(kernel 1):"
"total length: 1860 split into number of chunks: 2\n"
"(kernel 1):"
"--- ProjectTensor Chunk 1/2 (Terms 1-1000) Time: 220.077108 ---\n"
"(kernel 4):"
"projecting the tensor structure and performing the contraction...\n"
"(kernel 2):"
"projecting the tensor structure and performing the contraction...\n"
"(kernel 4):"
"total length: 2867 split into number of chunks: 3\n"
"(kernel 4):"
"--- ProjectTensor Chunk 1/3 (Terms 1-1000) Time: 220.64777 ---\n"
"(kernel 2):"
"total length: 2867 split into number of chunks: 3\n"
"(kernel 2):"
"--- ProjectTensor Chunk 1/3 (Terms 1-1000) Time: 220.679688 ---\n"
"(kernel 1):"
"    Working on Term 100/1860\n"
"(kernel 3):"
"    Working on Term 100/1860\n"
"(kernel 1):"
"    Working on Term 200/1860\n"
"(kernel 6):"
"projecting the tensor structure and performing the contraction...\n"
"(kernel 6):"
"total length: 5440 split into number of chunks: 6\n"
"(kernel 6):"
"--- ProjectTensor Chunk 1/6 (Terms 1-1000) Time: 223.431325 ---\n"
"(kernel 5):"
"projecting the tensor structure and performing the contraction...\n"
"(kernel 5):"
"total length: 5440 split into number of chunks: 6\n"
"(kernel 5):"
"--- ProjectTensor Chunk 1/6 (Terms 1-1000) Time: 223.617307 ---\n"
"(kernel 4):"
"    Working on Term 100/2867\n"
"(kernel 2):"
"    Working on Term 100/2867\n"
"(kernel 6):"
"    Working on Term 100/5440\n"
"(kernel 4):"
"    Working on Term 200/2867\n"
"(kernel 2):"
"    Working on Term 200/2867\n"
"(kernel 5):"
"    Working on Term 100/5440\n"
"(kernel 6):"
"    Working on Term 200/5440\n"
"(kernel 3):"
"    Working on Term 200/1860\n"
"(kernel 6):"
"    Working on Term 300/5440\n"
"(kernel 5):"
"    Working on Term 200/5440\n"
"(kernel 5):"
"    Working on Term 300/5440\n"
"(kernel 6):"
"    Working on Term 400/5440\n"
"(kernel 1):"
"    Working on Term 300/1860\n"
"(kernel 5):"
"    Working on Term 400/5440\n"
"(kernel 3):"
"    Working on Term 300/1860\n"
"(kernel 6):"
"    Working on Term 500/5440\n"
"(kernel 3):"
"    Working on Term 400/1860\n"
"(kernel 1):"
"    Working on Term 400/1860\n"
"(kernel 3):"
"    Working on Term 500/1860\n"
"(kernel 5):"
"    Working on Term 500/5440\n"
"(kernel 1):"
"    Working on Term 500/1860\n"
"(kernel 3):"
"    Working on Term 600/1860\n"
"(kernel 6):"
"    Working on Term 600/5440\n"
"(kernel 4):"
"    Working on Term 300/2867\n"
"(kernel 2):"
"    Working on Term 300/2867\n"
"(kernel 1):"
"    Working on Term 600/1860\n"
"(kernel 5):"
"    Working on Term 600/5440\n"
"(kernel 3):"
"    Working on Term 700/1860\n"
"(kernel 6):"
"    Working on Term 700/5440\n"
"(kernel 5):"
"    Working on Term 700/5440\n"
"(kernel 6):"
"    Working on Term 800/5440\n"
"(kernel 5):"
"    Working on Term 800/5440\n"
"(kernel 4):"
"    Working on Term 400/2867\n"
"(kernel 2):"
"    Working on Term 400/2867\n"
"(kernel 1):"
"    Working on Term 700/1860\n"
"(kernel 4):"
"    Working on Term 500/2867\n"
"(kernel 2):"
"    Working on Term 500/2867\n"
"(kernel 6):"
"    Working on Term 900/5440\n"
"(kernel 3):"
"    Working on Term 800/1860\n"
"(kernel 6):"
"    Working on Term 1000/5440\n"
"(kernel 3):"
"    Working on Term 900/1860\n"
"(kernel 2):"
"    Working on Term 600/2867\n"
"(kernel 3):"
"    Working on Term 1000/1860\n"
"(kernel 4):"
"    Working on Term 600/2867\n"
"(kernel 1):"
"    Working on Term 800/1860\n"
"(kernel 2):"
"    Working on Term 700/2867\n"
"(kernel 5):"
"    Working on Term 900/5440\n"
"(kernel 4):"
"    Working on Term 700/2867\n"
"(kernel 2):"
"    Working on Term 800/2867\n"
"(kernel 4):"
"    Working on Term 800/2867\n"
"(kernel 5):"
"    Working on Term 1000/5440\n"
"(kernel 1):"
"    Working on Term 900/1860\n"
"(kernel 1):"
"    Working on Term 1000/1860\n"
"(kernel 2):"
"    Working on Term 900/2867\n"
"(kernel 3):"
"--- ProjectTensor Chunk 2/2 (Terms 1001-1860) Time: 257.620462 ---\n"
"(kernel 3):"
"    Working on Term 1100/1860\n"
"(kernel 2):"
"    Working on Term 1000/2867\n"
"(kernel 4):"
"    Working on Term 900/2867\n"
"(kernel 6):"
"--- ProjectTensor Chunk 2/6 (Terms 1001-2000) Time: 263.303152 ---\n"
"(kernel 3):"
"    Working on Term 1200/1860\n"
"(kernel 6):"
"    Working on Term 1100/5440\n"
"(kernel 1):"
"--- ProjectTensor Chunk 2/2 (Terms 1001-1860) Time: 269.873247 ---\n"
"(kernel 5):"
"--- ProjectTensor Chunk 2/6 (Terms 1001-2000) Time: 270.418973 ---\n"
"(kernel 6):"
"    Working on Term 1200/5440\n"
"(kernel 5):"
"    Working on Term 1100/5440\n"
"(kernel 6):"
"    Working on Term 1300/5440\n"
"(kernel 3):"
"    Working on Term 1300/1860\n"
"(kernel 5):"
"    Working on Term 1200/5440\n"
"(kernel 3):"
"    Working on Term 1400/1860\n"
"(kernel 4):"
"    Working on Term 1000/2867\n"
"(kernel 6):"
"    Working on Term 1400/5440\n"
"(kernel 1):"
"    Working on Term 1100/1860\n"
"(kernel 5):"
"    Working on Term 1300/5440\n"
"(kernel 2):"
"--- ProjectTensor Chunk 2/3 (Terms 1001-2000) Time: 283.247157 ---\n"
"(kernel 5):"
"    Working on Term 1400/5440\n"
"(kernel 2):"
"    Working on Term 1100/2867\n"
"(kernel 3):"
"    Working on Term 1500/1860\n"
"(kernel 1):"
"    Working on Term 1200/1860\n"
"(kernel 2):"
"    Working on Term 1200/2867\n"
"(kernel 1):"
"    Working on Term 1300/1860\n"
"(kernel 5):"
"    Working on Term 1500/5440\n"
"(kernel 2):"
"    Working on Term 1300/2867\n"
"(kernel 6):"
"    Working on Term 1500/5440\n"
"(kernel 5):"
"    Working on Term 1600/5440\n"
"(kernel 2):"
"    Working on Term 1400/2867\n"
"(kernel 6):"
"    Working on Term 1600/5440\n"
"(kernel 5):"
"    Working on Term 1700/5440\n"
"(kernel 2):"
"    Working on Term 1500/2867\n"
"(kernel 5):"
"    Working on Term 1800/5440\n"
"(kernel 3):"
"    Working on Term 1600/1860\n"
"(kernel 3):"
"    Working on Term 1700/1860\n"
"(kernel 1):"
"    Working on Term 1400/1860\n"
"(kernel 2):"
"    Working on Term 1600/2867\n"
"(kernel 3):"
"    Working on Term 1800/1860\n"
"(kernel 6):"
"    Working on Term 1700/5440\n"
"(kernel 1):"
"    Working on Term 1500/1860\n"
"(kernel 1):"
"    Working on Term 1600/1860\n"
"(kernel 1):"
"    Working on Term 1700/1860\n"
"(kernel 5):"
"    Working on Term 1900/5440\n"
"(kernel 2):"
"    Working on Term 1700/2867\n"
"(kernel 1):"
"    Working on Term 1800/1860\n"
"(kernel 5):"
"    Working on Term 2000/5440\n"
"(kernel 4):"
"--- ProjectTensor Chunk 2/3 (Terms 1001-2000) Time: 316.423814 ---\n"
"(kernel 6):"
"    Working on Term 1800/5440\n"
"(kernel 5):"
"--- ProjectTensor Chunk 3/6 (Terms 2001-3000) Time: 318.057244 ---\n"
"(kernel 4):"
"    Working on Term 1100/2867\n"
"(kernel 4):"
"    Working on Term 1200/2867\n"
"(kernel 6):"
"    Working on Term 1900/5440\n"
"(kernel 2):"
"    Working on Term 1800/2867\n"
"(kernel 2):"
"    Working on Term 1900/2867\n"
"(kernel 5):"
"    Working on Term 2100/5440\n"
"(kernel 6):"
"    Working on Term 2000/5440\n"
"(kernel 2):"
"    Working on Term 2000/2867\n"
"(kernel 5):"
"    Working on Term 2200/5440\n"
"(kernel 1):"
"fourloopI1821234: tensor reduction finished!\n"
"(kernel 3):"
"fourloopI1821324: tensor reduction finished!\n"
"(kernel 4):"
"    Working on Term 1300/2867\n"
"(kernel 5):"
"    Working on Term 2300/5440\n"
"(kernel 6):"
"--- ProjectTensor Chunk 3/6 (Terms 2001-3000) Time: 340.120259 ---\n"
"(kernel 4):"
"    Working on Term 1400/2867\n"
"(kernel 2):"
"--- ProjectTensor Chunk 3/3 (Terms 2001-2867) Time: 340.885756 ---\n"
"(kernel 6):"
"    Working on Term 2100/5440\n"
"(kernel 4):"
"    Working on Term 1500/2867\n"
"(kernel 4):"
"    Working on Term 1600/2867\n"
"(kernel 4):"
"    Working on Term 1700/2867\n"
"(kernel 6):"
"    Working on Term 2200/5440\n"
"(kernel 4):"
"    Working on Term 1800/2867\n"
"(kernel 5):"
"    Working on Term 2400/5440\n"
"(kernel 2):"
"    Working on Term 2100/2867\n"
"(kernel 2):"
"    Working on Term 2200/2867\n"
"(kernel 5):"
"    Working on Term 2500/5440\n"
"(kernel 2):"
"    Working on Term 2300/2867\n"
"(kernel 6):"
"    Working on Term 2300/5440\n"
"(kernel 5):"
"    Working on Term 2600/5440\n"
"(kernel 6):"
"    Working on Term 2400/5440\n"
"(kernel 4):"
"    Working on Term 1900/2867\n"
"(kernel 6):"
"    Working on Term 2500/5440\n"
"(kernel 4):"
"    Working on Term 2000/2867\n"
"(kernel 2):"
"    Working on Term 2400/2867\n"
"(kernel 6):"
"    Working on Term 2600/5440\n"
"(kernel 2):"
"    Working on Term 2500/2867\n"
"(kernel 6):"
"    Working on Term 2700/5440\n"
"(kernel 2):"
"    Working on Term 2600/2867\n"
"(kernel 5):"
"    Working on Term 2700/5440\n"
"(kernel 5):"
"    Working on Term 2800/5440\n"
"(kernel 6):"
"    Working on Term 2800/5440\n"
"(kernel 2):"
"    Working on Term 2700/2867\n"
"(kernel 5):"
"    Working on Term 2900/5440\n"
"(kernel 5):"
"    Working on Term 3000/5440\n"
"(kernel 2):"
"    Working on Term 2800/2867\n"
"(kernel 4):"
"--- ProjectTensor Chunk 3/3 (Terms 2001-2867) Time: 392.066687 ---\n"
"(kernel 6):"
"    Working on Term 2900/5440\n"
"(kernel 4):"
"    Working on Term 2100/2867\n"
"(kernel 5):"
"--- ProjectTensor Chunk 4/6 (Terms 3001-4000) Time: 395.525334 ---\n"
"(kernel 5):"
"    Working on Term 3100/5440\n"
"(kernel 4):"
"    Working on Term 2200/2867\n"
"(kernel 4):"
"    Working on Term 2300/2867\n"
"(kernel 4):"
"    Working on Term 2400/2867\n"
"(kernel 6):"
"    Working on Term 3000/5440\n"
"(kernel 4):"
"    Working on Term 2500/2867\n"
"(kernel 5):"
"    Working on Term 3200/5440\n"
"(kernel 5):"
"    Working on Term 3300/5440\n"
"(kernel 4):"
"    Working on Term 2600/2867\n"
"(kernel 4):"
"    Working on Term 2700/2867\n"
"(kernel 4):"
"    Working on Term 2800/2867\n"
"(kernel 5):"
"    Working on Term 3400/5440\n"
"(kernel 5):"
"    Working on Term 3500/5440\n"
"(kernel 5):"
"    Working on Term 3600/5440\n"
"(kernel 5):"
"    Working on Term 3700/5440\n"
"(kernel 5):"
"    Working on Term 3800/5440\n"
"(kernel 4):"
"fourloopI1822314: tensor reduction finished!\n"
"(kernel 5):"
"    Working on Term 3900/5440\n"
"(kernel 2):"
"fourloopI1822134: tensor reduction finished!\n"
"(kernel 5):"
"    Working on Term 4000/5440\n"
"(kernel 6):"
"--- ProjectTensor Chunk 4/6 (Terms 3001-4000) Time: 424.474069 ---\n"
"(kernel 6):"
"    Working on Term 3100/5440\n"
"(kernel 5):"
"--- ProjectTensor Chunk 5/6 (Terms 4001-5000) Time: 431.802246 ---\n"
"(kernel 5):"
"    Working on Term 4100/5440\n"
"(kernel 6):"
"    Working on Term 3200/5440\n"
"(kernel 6):"
"    Working on Term 3300/5440\n"
"(kernel 6):"
"    Working on Term 3400/5440\n"
"(kernel 5):"
"    Working on Term 4200/5440\n"
"(kernel 6):"
"    Working on Term 3500/5440\n"
"(kernel 6):"
"    Working on Term 3600/5440\n"
"(kernel 6):"
"    Working on Term 3700/5440\n"
"(kernel 6):"
"    Working on Term 3800/5440\n"
"(kernel 6):"
"    Working on Term 3900/5440\n"
"(kernel 6):"
"    Working on Term 4000/5440\n"
"(kernel 5):"
"    Working on Term 4300/5440\n"
"(kernel 6):"
"--- ProjectTensor Chunk 5/6 (Terms 4001-5000) Time: 454.528602 ---\n"
"(kernel 6):"
"    Working on Term 4100/5440\n"
"(kernel 6):"
"    Working on Term 4200/5440\n"
"(kernel 5):"
"    Working on Term 4400/5440\n"
"(kernel 5):"
"    Working on Term 4500/5440\n"
"(kernel 5):"
"    Working on Term 4600/5440\n"
"(kernel 6):"
"    Working on Term 4300/5440\n"
"(kernel 6):"
"    Working on Term 4400/5440\n"
"(kernel 6):"
"    Working on Term 4500/5440\n"
"(kernel 5):"
"    Working on Term 4700/5440\n"
"(kernel 6):"
"    Working on Term 4600/5440\n"
"(kernel 5):"
"    Working on Term 4800/5440\n"
"(kernel 6):"
"    Working on Term 4700/5440\n"
"(kernel 5):"
"    Working on Term 4900/5440\n"
"(kernel 5):"
"    Working on Term 5000/5440\n"
"(kernel 6):"
"    Working on Term 4800/5440\n"
"(kernel 6):"
"    Working on Term 4900/5440\n"
"(kernel 6):"
"    Working on Term 5000/5440\n"
"(kernel 5):"
"--- ProjectTensor Chunk 6/6 (Terms 5001-5440) Time: 486.217876 ---\n"
"(kernel 5):"
"    Working on Term 5100/5440\n"
"(kernel 5):"
"    Working on Term 5200/5440\n"
"(kernel 6):"
"--- ProjectTensor Chunk 6/6 (Terms 5001-5440) Time: 495.083609 ---\n"
"(kernel 5):"
"    Working on Term 5300/5440\n"
"(kernel 6):"
"    Working on Term 5100/5440\n"
"(kernel 6):"
"    Working on Term 5200/5440\n"
"(kernel 6):"
"    Working on Term 5300/5440\n"
"(kernel 5):"
"    Working on Term 5400/5440\n"
"(kernel 6):"
"    Working on Term 5400/5440\n"
"(kernel 6):"
"fourloopI1823214: tensor reduction finished!\n"
"(kernel 5):"
"fourloopI1823124: tensor reduction finished!\n"
"basischange loaded!"
"reduced results loaded!"

FrontEndObject::notavail: 
   A front end is not available; certain operations require a front end.
"MIs: "{j[asym, 0, 1, 0, 1, 1, 0, 1, 0, 1, 0, 1, 1, 0, 1], 
   j[asym, 0, 2, 0, 1, 1, 0, 1, 0, 0, 1, 1, 1, 1, 0], 
   j[asym, 0, 1, 0, 1, 1, 0, 1, 0, 0, 1, 1, 1, 1, 0], 
   j[asym, 0, 0, 0, 1, 1, 1, 1, 1, 1, 1, 1, 0, 0, 0], 
   j[asym, 0, 0, 0, 1, 1, 0, 1, 1, 1, 1, 1, 1, 0, 0], 
   j[asym, 0, 0, 0, 0, 1, 1, 1, 1, 0, 1, 1, 1, 1, 0], 
   j[asym, 0, 1, 0, 1, 1, 0, 1, 1, 0, 1, 0, 1, 0, 0], 
   j[asym, 0, 1, 0, 1, 1, 0, 1, 0, 0, 0, 1, 1, 1, 0], 
   j[asym, 0, 1, 0, 1, 0, 1, 1, 0, 0, 0, 1, 0, 1, 1], 
   j[asym, 0, 0, 0, 1, 1, 0, 1, 1, 0, 1, 1, 1, 0, 0], 
   j[asym, 0, 0, 0, 1, 0, 1, 1, 0, 1, 1, 0, 0, 1, 1], 
   j[asym, 0, 0, 0, 0, 1, 1, 1, 1, 1, 0, 1, 1, 0, 0], 
   j[asym, 0, 1, 0, 1, 1, 0, 1, 0, 0, 0, 1, 1, 0, 0], 
   j[asym, 0, 0, 0, 1, 1, 0, 1, 1, 1, 1, 0, 0, 0, 0], 
   j[asym, 0, 0, 0, 1, 0, 1, 1, 0, 0, 1, 1, 0, 1, 0], 
   j[asym, 0, 0, 0, 0, 0, 1, 1, 0, 0, 1, 1, 1, 1, 0], 
   j[asym, 0, 0, 0, 0, 0, 1, 1, 0, 1, 0, 1, 1, 0, 0]}

FrontEndObject::notavail: 
   A front end is not available; certain operations require a front end.

General::stop: Further output of FrontEndObject::notavail
     will be suppressed during this calculation.
