"=== Running Workflow Engine Audits ==="
"  Mathematica version: ""14.0.0 for Mac OS X ARM (64-bit) (December 13, \
2023)"
"**************** "Style["LiteRed v2.025\[Beta]", 
   {Bold, RGBColor[1, 1/3, 1/3]}]" ********************\nAuthor: Roman N. \
Lee, Budker Institute of Nuclear Physics, Novosibirsk.\nRelease Date: \
????-??-??\nTimestamp: Tue 25 Feb 2025 15:30:30\nRead \
from:/Users/windfolgen/GitRepos/LiteRed2/Source/LiteRed2025.m \
(CRC32:2205507540,{2340977437, 3317197336, 1063727846})\n\nLiteRed stands for \
"Style["L", {RGBColor[1, 1/3, 1/3]}]"oop "Style["i", {RGBColor[1, 1/3, 1/3]}]
  "n"Style["te", {RGBColor[1, 1/3, 1/3]}]"grals "
  Style["Red", {RGBColor[1, 1/3, 1/3]}]
  "uction.\nThe package is designed for the search and application of the \
Integration-By-Part reduction rules. It also contains some other useful \
tools.\n\nSee ?LiteRed`* for a list of functions. "
"  LiteRed2 package loaded successfully."
"  FiniteFlow package loaded successfully."
"=== Starting Unified Workflow Engine for: ""fourloopI173"" ==="
"Start Date and Time: ""Sat 11 Jul 2026 18:16:36"
"Review agent loaded from ""/Users/windfolgen/Documents/AntiGravity/svbwalkth\
rough/audit_agent/audit_agent.wl"
"[ReviewGate] ""preflight"" stage: ""PASS"" (PASS:"2" WARN:"0" FAIL:"0")"
"  Conformal weight n = "1
"  Checking for boundary target data..."
"[ReviewGate] ""preboundary"" stage: ""PASS"" (PASS:"10" WARN:"0" FAIL:"0")"
"[ReviewGate] ""boundary"" stage: ""PASS"" (PASS:"6" WARN:"0" FAIL:"0")"
"[Time Record] Stage 1 (Boundary Conditions) took: "4.48288`6.802072111438951
  " seconds."
"  Loading full SV basis..."
"  [Leading Singularity "1"/"2" (""simple"")]"
"  [MPL auto-detect] Found 0 MPL elements."
"  Executing RunSeriesExpansion for ""fourloopI173""..."
"[ReviewGate] ""preseries"" stage: ""PASS"" (PASS:"7" WARN:"0" FAIL:"0")"
"[Skill 1] All "12" series expansion files already exist. Skipping expansion!"
"[ReviewGate] ""series"" stage: ""PASS"" (PASS:"12" WARN:"0" FAIL:"0")"
"  [Leading Singularity "2"/"2" (""double"")]"
"  [MPL auto-detect] Found 0 MPL elements."
"  Executing RunSeriesExpansion for ""fourloopI173""..."
"[ReviewGate] ""preseries"" stage: ""PASS"" (PASS:"7" WARN:"0" FAIL:"0")"
"[Skill 1] All "12" series expansion files already exist. Skipping expansion!"
"[ReviewGate] ""series"" stage: ""PASS"" (PASS:"12" WARN:"0" FAIL:"0")"
"[Time Record] Stage 2 (Series Expansion) took: "0.881972`5.794939799954574
  " seconds."
"[ReviewGate] ""presolve"" stage: ""PASS"" (PASS:"18" WARN:"0" FAIL:"0")"
"  Executing RunCoefficientSolving..."
"[Skill 3] Total Ansatz Elements=$LEN="304" $Order="4
"  system size after limit "1": "127" vars: "299
"Limit "2" (""e0uvp""): temp is empty. Verified that no new conditions are \
given under the current solution."
"  system size after limit "3": "228" vars: "304
"Limit "4" (""einfuvp""): temp is empty. Verified that no new conditions are \
given under the current solution."
"  system size after limit "5": "329" vars: "304
"Limit "6" (""e1uvp""): temp is empty. Verified that no new conditions are \
given under the current solution."
"Solution written to ""/Users/windfolgen/Documents/AntiGravity/svbwalkthrough\
/solve_agent/fourloopI173_sol.m"
"Equation system written to ""/Users/windfolgen/Documents/AntiGravity/svbwalk\
through/solve_agent/fourloopI173_partialsys.m"
"[WARNING] Coefficients are not totally solved! "83" free parameters \
remaining: "{c$17183[4], c$17183[5], c$17183[10], c$17183[14], c$17183[17], 
   c$17183[21], c$17183[24], c$17183[28], c$17183[31], c$17183[34], 
   c$17183[37], c$17183[41], c$17183[44], c$17183[47], c$17183[50], 
   c$17183[53], c$17183[58], c$17183[61], c$17183[64], c$17183[69], 
   c$17183[74], c$17183[8], c$17183[9], c$17183[11], c$17183[12], 
   c$17183[13], c$17183[15], c$17183[16], c$17183[18], c$17183[19], 
   c$17183[20], c$17183[22], c$17183[23], c$17183[25], c$17183[26], 
   c$17183[27], c$17183[29], c$17183[30], c$17183[32], c$17183[33], 
   c$17183[35], c$17183[36], c$17183[38], c$17183[39], c$17183[40], 
   c$17183[42], c$17183[43], c$17183[45], c$17183[46], c$17183[48], 
   c$17183[49], c$17183[51], c$17183[52], c$17183[54], c$17183[55], 
   c$17183[56], c$17183[57], c$17183[59], c$17183[60], c$17183[62], 
   c$17183[63], c$17183[65], c$17183[66], c$17183[67], c$17183[68], 
   c$17183[70], c$17183[71], c$17183[72], c$17183[73], c$17183[75], 
   c$17183[76], c$17183[77], c$17183[78], c$17183[79], c$17183[80], 
   c$17183[81], c$17183[82], c$17183[86], c$17183[87], c$17183[89], 
   c$17183[93], c$17183[94], c$17183[96]}
"[WARNING] Skipping export of result.m and coeff_sol.m due to unsolved \
parameters."
"[ReviewGate] ""solve"" stage: ""WARN"" (PASS:"1" WARN:"2" FAIL:"0")"
"[Time Record] Stage 3 (Solving System) took: "92.088067`7.512658363391273
  " seconds."
""
"[Engine] Stage 4: Mirror Solve \[LongDash] "83" free parameters remaining \
after standard solve."
"[Skill 3 Mirror Direct] Total Ansatz Elements=$LEN="304" $Order="4
"[Skill 3 Mirror Direct] $MirrorMultiplyLSFactor = False \[LongDash] skipping \
LS factor multiplication."
"[Skill 3 Mirror Direct] addInZZ"1" = "InputForm[1]
"[Skill 3 Mirror Direct] addInZZ"2" = "InputForm[1]
"[Skill 3 Mirror Direct] nLS="2", LS lengths="{135, 169}
"[Skill 3 Mirror Direct] Loaded "329" equations from _partialsys.m."
"[Skill 3 Mirror Direct] Solving mirror limits: "{1, 6, 2, 3, 4, 5}
"[Skill 3 Mirror Direct] Limit "1" (""e0uv""): Y assumption: "Y > 0
"  zrep=zrep0 (mirrored): z -> "
  InputForm[(u + Y)/2 - Sqrt[-4*u + (u + Y)^2]/2]
"  zrep=zrep0 (mirrored): zz -> "
  InputForm[(u + Y)/2 + Sqrt[-4*u + (u + Y)^2]/2]
"[Skill 3 Mirror Direct] Limit "1" loading "2" files for ext=\"""e0""\"..."
"  LS"1": c["1".."135"] matched with ""svansatzw8_e0_1.txt"" elements ["1".."
  135"]"
"  LS"2": c["136".."304"] matched with ""svansatzw8_e0_2.txt"" elements \
["136".."304"]"
"[Skill 3 Mirror Direct] Limit "1" expanded "304" elements."
"[Skill 3 Mirror Direct] Limit "1" done: "337" new equations (mirrorSys \
total: "337")."
"[Skill 3 Mirror Direct] Sample equations from limit "1":"
"  Eq"1": "InputForm[(-37*c[136])/840 == 0]
"  Eq"2": "InputForm[(209*c[136])/336 == 0]
"  Eq"3": "InputForm[(-39*c[136])/32 == 0]
"  Eq"4": "InputForm[(167*c[136])/240 == 0]
"  Eq"5": "InputForm[(-349*c[136])/2240 == 0]
"[Skill 3 Mirror Direct] Limit "2" (""e0uvp""): Y assumption: "Y < 0
"  zrep=zrep0P (mirrored): z -> "
  InputForm[Sqrt[-4*u*(1 - Y) + (u - Y)^2]/(2*(-1 + Y)) - 
    (u - Y)/(2*(-1 + Y))]
"  zrep=zrep0P (mirrored): zz -> "
  InputForm[-1/2*Sqrt[-4*u*(1 - Y) + (u - Y)^2]/(-1 + Y) - 
    (u - Y)/(2*(-1 + Y))]
"[Skill 3 Mirror Direct] Limit "2" loading "2" files for ext=\"""e0""\"..."
"  LS"1": c["1".."135"] matched with ""svansatzw8_e0_1.txt"" elements ["1".."
  135"]"
"  LS"2": c["136".."304"] matched with ""svansatzw8_e0_2.txt"" elements \
["136".."304"]"
"[Skill 3 Mirror Direct] Limit "2" expanded "304" elements."
"[Skill 3 Mirror Direct] Limit "2" done: "337" new equations (mirrorSys \
total: "674")."
"[Skill 3 Mirror Direct] Sample equations from limit "2":"
"  Eq"1": "InputForm[(-37*c[136])/840 == 0]
"  Eq"2": "InputForm[(1591*c[136])/1680 == 0]
"  Eq"3": "InputForm[(-27001*c[136])/6720 == 0]
"  Eq"4": "InputForm[(73223*c[136])/10080 == 0]
"  Eq"5": "InputForm[(379*c[136])/2240 == 0]
"[Skill 3 Mirror Direct] Limit "3" (""einfuv""): Y assumption: "Y > 0
"  zrep=zrepInf (mirrored): z -> "
  InputForm[Sqrt[-4*u + (-u - Y)^2]/(2*u) + (u + Y)/(2*u)]
"  zrep=zrepInf (mirrored): zz -> "
  InputForm[-1/2*Sqrt[-4*u + (-u - Y)^2]/u + (u + Y)/(2*u)]
"[Skill 3 Mirror Direct] Limit "3" loading "2" files for ext=\"""einf""\"..."
"  LS"1": c["1".."135"] matched with ""svansatzw8_einf_1.txt"" elements \
["1".."135"]"
"  LS"2": c["136".."304"] matched with ""svansatzw8_einf_2.txt"" elements ["
  136".."304"]"
"[Skill 3 Mirror Direct] Limit "3" expanded "304" elements."
"[Skill 3 Mirror Direct] Limit "3" done: "253" new equations (mirrorSys \
total: "927")."
"[Skill 3 Mirror Direct] Sample equations from limit "3":"
"  Eq"1": "InputForm[(289*c[136])/6720 + (289*c[137])/6720 + 
     (289*c[138])/6720 + (289*c[139])/6720 + (289*c[140])/6720 + 
     (289*c[141])/6720 + (289*c[142])/6720 + (289*c[143])/6720 + 
     (289*c[144])/6720 + (289*c[145])/6720 + (289*c[146])/6720 + 
     (289*c[147])/6720 + (289*c[148])/6720 + (289*c[149])/6720 + 
     (289*c[150])/6720 + (289*c[151])/6720 + (289*c[152])/6720 + 
     (289*c[153])/6720 + (289*c[154])/6720 + (289*c[155])/6720 + 
     (289*c[156])/6720 + (289*c[157])/6720 + (289*c[158])/6720 + 
     (289*c[159])/6720 + (289*c[160])/6720 + (289*c[161])/6720 + 
     (289*c[162])/6720 + (289*c[163])/6720 + (289*c[164])/6720 + 
     (289*c[165])/6720 + (289*c[166])/6720 + (289*c[167])/6720 + 
     (289*c[168])/6720 + (289*c[169])/6720 + (289*c[170])/6720 + 
     (289*c[171])/6720 + (289*c[172])/6720 + (289*c[173])/6720 + 
     (289*c[174])/6720 + (289*c[175])/6720 + (289*c[176])/6720 + 
     (289*c[177])/6720 + (289*c[178])/6720 + (289*c[179])/6720 + 
     (289*c[180])/6720 + (289*c[181])/6720 + (289*c[182])/6720 + 
     (289*c[183])/6720 + (289*c[184])/6720 + (289*c[185])/6720 + 
     (289*c[186])/6720 + (289*c[187])/6720 + (289*c[188])/6720 + 
     (289*c[189])/6720 + (289*c[190])/6720 + (289*c[191])/6720 + 
     (289*c[192])/6720 + (289*c[193])/6720 + (289*c[194])/6720 + 
     (289*c[195])/6720 + (289*c[196])/6720 + (289*c[197])/6720 + 
     (289*c[198])/6720 + (289*c[199])/6720 + (289*c[200])/6720 + 
     (289*c[201])/6720 + (289*c[202])/6720 + (289*c[203])/6720 + 
     (289*c[204])/6720 + (289*c[205])/6720 + (289*c[206])/6720 + 
     (289*c[207])/6720 + (289*c[208])/6720 + (289*c[209])/6720 + 
     (289*c[210])/6720 + (289*c[211])/6720 + (289*c[212])/6720 + 
     (289*c[213])/6720 + (289*c[214])/6720 + (289*c[215])/6720 + 
     (289*c[216])/6720 + (289*c[217])/6720 + (289*c[218])/6720 + 
     (289*c[219])/6720 + (289*c[220])/6720 + (289*c[221])/6720 + 
     (289*c[222])/6720 + (289*c[223])/6720 + (289*c[224])/6720 + 
     (289*c[225])/6720 + (289*c[226])/6720 + (289*c[227])/6720 + 
     (289*c[228])/6720 + (289*c[229])/6720 + (289*c[230])/6720 + 
     (289*c[231])/6720 + (289*c[232])/6720 + (289*c[233])/6720 + 
     (289*c[234])/6720 + (289*c[235])/6720 + (289*c[236])/6720 + 
     (289*c[237])/6720 + (289*c[238])/6720 + (289*c[239])/6720 + 
     (289*c[240])/6720 + (289*c[241])/6720 + (289*c[242])/6720 + 
     (289*c[243])/6720 + (289*c[244])/6720 + (289*c[245])/6720 + 
     (289*c[246])/6720 + (289*c[247])/6720 + (289*c[248])/6720 + 
     (289*c[249])/6720 + (289*c[250])/6720 + (289*c[251])/6720 + 
     (289*c[252])/6720 + (289*c[253])/6720 + (289*c[254])/6720 + 
     (289*c[255])/6720 + (289*c[256])/6720 + (289*c[257])/6720 + 
     (289*c[258])/6720 + (289*c[259])/6720 + (289*c[260])/6720 + 
     (289*c[261])/6720 + (289*c[262])/6720 + (289*c[263])/6720 + 
     (289*c[264])/6720 + (289*c[265])/6720 + (289*c[266])/6720 + 
     (289*c[267])/6720 + (289*c[268])/6720 + (289*c[269])/6720 + 
     (289*c[270])/6720 + (289*c[271])/6720 == 0]
"  Eq"2": "InputForm[(-43*c[136])/504 - (43*c[137])/504 - (43*c[138])/504 - 
     (43*c[139])/504 - (43*c[140])/504 - (43*c[141])/504 - (43*c[142])/504 - 
     (43*c[143])/504 - (43*c[144])/504 - (43*c[145])/504 - (43*c[146])/504 - 
     (43*c[147])/504 - (43*c[148])/504 - (43*c[149])/504 - (43*c[150])/504 - 
     (43*c[151])/504 - (43*c[152])/504 - (43*c[153])/504 - (43*c[154])/504 - 
     (43*c[155])/504 - (43*c[156])/504 - (43*c[157])/504 - (43*c[158])/504 - 
     (43*c[159])/504 - (43*c[160])/504 - (43*c[161])/504 - (43*c[162])/504 - 
     (43*c[163])/504 - (43*c[164])/504 - (43*c[165])/504 - (43*c[166])/504 - 
     (43*c[167])/504 - (43*c[168])/504 - (43*c[169])/504 - (43*c[170])/504 - 
     (43*c[171])/504 - (43*c[172])/504 - (43*c[173])/504 - (43*c[174])/504 - 
     (43*c[175])/504 - (43*c[176])/504 - (43*c[177])/504 - (43*c[178])/504 - 
     (43*c[179])/504 - (43*c[180])/504 - (43*c[181])/504 - (43*c[182])/504 - 
     (43*c[183])/504 - (43*c[184])/504 - (43*c[185])/504 - (43*c[186])/504 - 
     (43*c[187])/504 - (43*c[188])/504 - (43*c[189])/504 - (43*c[190])/504 - 
     (43*c[191])/504 - (43*c[192])/504 - (43*c[193])/504 - (43*c[194])/504 - 
     (43*c[195])/504 - (43*c[196])/504 - (43*c[197])/504 - (43*c[198])/504 - 
     (43*c[199])/504 - (43*c[200])/504 - (43*c[201])/504 - (43*c[202])/504 - 
     (43*c[203])/504 - (43*c[204])/504 - (43*c[205])/504 - (43*c[206])/504 - 
     (43*c[207])/504 - (43*c[208])/504 - (43*c[209])/504 - (43*c[210])/504 - 
     (43*c[211])/504 - (43*c[212])/504 - (43*c[213])/504 - (43*c[214])/504 - 
     (43*c[215])/504 - (43*c[216])/504 - (43*c[217])/504 - (43*c[218])/504 - 
     (43*c[219])/504 - (43*c[220])/504 - (43*c[221])/504 - (43*c[222])/504 - 
     (43*c[223])/504 - (43*c[224])/504 - (43*c[225])/504 - (43*c[226])/504 - 
     (43*c[227])/504 - (43*c[228])/504 - (43*c[229])/504 - (43*c[230])/504 - 
     (43*c[231])/504 - (43*c[232])/504 - (43*c[233])/504 - (43*c[234])/504 - 
     (43*c[235])/504 - (43*c[236])/504 - (43*c[237])/504 - (43*c[238])/504 - 
     (43*c[239])/504 - (43*c[240])/504 - (43*c[241])/504 - (43*c[242])/504 - 
     (43*c[243])/504 - (43*c[244])/504 - (43*c[245])/504 - (43*c[246])/504 - 
     (43*c[247])/504 - (43*c[248])/504 - (43*c[249])/504 - (43*c[250])/504 - 
     (43*c[251])/504 - (43*c[252])/504 - (43*c[253])/504 - (43*c[254])/504 - 
     (43*c[255])/504 - (43*c[256])/504 - (43*c[257])/504 - (43*c[258])/504 - 
     (43*c[259])/504 - (43*c[260])/504 - (43*c[261])/504 - (43*c[262])/504 - 
     (43*c[263])/504 - (43*c[264])/504 - (43*c[265])/504 - (43*c[266])/504 - 
     (43*c[267])/504 - (43*c[268])/504 - (43*c[269])/504 - (43*c[270])/504 - 
     (43*c[271])/504 == 0]
"  Eq"3": "InputForm[(41*c[136])/1440 + (41*c[137])/1440 + 
     (41*c[138])/1440 + (41*c[139])/1440 + (41*c[140])/1440 + 
     (41*c[141])/1440 + (41*c[142])/1440 + (41*c[143])/1440 + 
     (41*c[144])/1440 + (41*c[145])/1440 + (41*c[146])/1440 + 
     (41*c[147])/1440 + (41*c[148])/1440 + (41*c[149])/1440 + 
     (41*c[150])/1440 + (41*c[151])/1440 + (41*c[152])/1440 + 
     (41*c[153])/1440 + (41*c[154])/1440 + (41*c[155])/1440 + 
     (41*c[156])/1440 + (41*c[157])/1440 + (41*c[158])/1440 + 
     (41*c[159])/1440 + (41*c[160])/1440 + (41*c[161])/1440 + 
     (41*c[162])/1440 + (41*c[163])/1440 + (41*c[164])/1440 + 
     (41*c[165])/1440 + (41*c[166])/1440 + (41*c[167])/1440 + 
     (41*c[168])/1440 + (41*c[169])/1440 + (41*c[170])/1440 + 
     (41*c[171])/1440 + (41*c[172])/1440 + (41*c[173])/1440 + 
     (41*c[174])/1440 + (41*c[175])/1440 + (41*c[176])/1440 + 
     (41*c[177])/1440 + (41*c[178])/1440 + (41*c[179])/1440 + 
     (41*c[180])/1440 + (41*c[181])/1440 + (41*c[182])/1440 + 
     (41*c[183])/1440 + (41*c[184])/1440 + (41*c[185])/1440 + 
     (41*c[186])/1440 + (41*c[187])/1440 + (41*c[188])/1440 + 
     (41*c[189])/1440 + (41*c[190])/1440 + (41*c[191])/1440 + 
     (41*c[192])/1440 + (41*c[193])/1440 + (41*c[194])/1440 + 
     (41*c[195])/1440 + (41*c[196])/1440 + (41*c[197])/1440 + 
     (41*c[198])/1440 + (41*c[199])/1440 + (41*c[200])/1440 + 
     (41*c[201])/1440 + (41*c[202])/1440 + (41*c[203])/1440 + 
     (41*c[204])/1440 + (41*c[205])/1440 + (41*c[206])/1440 + 
     (41*c[207])/1440 + (41*c[208])/1440 + (41*c[209])/1440 + 
     (41*c[210])/1440 + (41*c[211])/1440 + (41*c[212])/1440 + 
     (41*c[213])/1440 + (41*c[214])/1440 + (41*c[215])/1440 + 
     (41*c[216])/1440 + (41*c[217])/1440 + (41*c[218])/1440 + 
     (41*c[219])/1440 + (41*c[220])/1440 + (41*c[221])/1440 + 
     (41*c[222])/1440 + (41*c[223])/1440 + (41*c[224])/1440 + 
     (41*c[225])/1440 + (41*c[226])/1440 + (41*c[227])/1440 + 
     (41*c[228])/1440 + (41*c[229])/1440 + (41*c[230])/1440 + 
     (41*c[231])/1440 + (41*c[232])/1440 + (41*c[233])/1440 + 
     (41*c[234])/1440 + (41*c[235])/1440 + (41*c[236])/1440 + 
     (41*c[237])/1440 + (41*c[238])/1440 + (41*c[239])/1440 + 
     (41*c[240])/1440 + (41*c[241])/1440 + (41*c[242])/1440 + 
     (41*c[243])/1440 + (41*c[244])/1440 + (41*c[245])/1440 + 
     (41*c[246])/1440 + (41*c[247])/1440 + (41*c[248])/1440 + 
     (41*c[249])/1440 + (41*c[250])/1440 + (41*c[251])/1440 + 
     (41*c[252])/1440 + (41*c[253])/1440 + (41*c[254])/1440 + 
     (41*c[255])/1440 + (41*c[256])/1440 + (41*c[257])/1440 + 
     (41*c[258])/1440 + (41*c[259])/1440 + (41*c[260])/1440 + 
     (41*c[261])/1440 + (41*c[262])/1440 + (41*c[263])/1440 + 
     (41*c[264])/1440 + (41*c[265])/1440 + (41*c[266])/1440 + 
     (41*c[267])/1440 + (41*c[268])/1440 + (41*c[269])/1440 + 
     (41*c[270])/1440 + (41*c[271])/1440 == 0]
"  Eq"4": "InputForm[(-97*c[136])/10080 - (97*c[137])/10080 - 
     (97*c[138])/10080 - (97*c[139])/10080 - (97*c[140])/10080 - 
     (97*c[141])/10080 - (97*c[142])/10080 - (97*c[143])/10080 - 
     (97*c[144])/10080 - (97*c[145])/10080 - (97*c[146])/10080 - 
     (97*c[147])/10080 - (97*c[148])/10080 - (97*c[149])/10080 - 
     (97*c[150])/10080 - (97*c[151])/10080 - (97*c[152])/10080 - 
     (97*c[153])/10080 - (97*c[154])/10080 - (97*c[155])/10080 - 
     (97*c[156])/10080 - (97*c[157])/10080 - (97*c[158])/10080 - 
     (97*c[159])/10080 - (97*c[160])/10080 - (97*c[161])/10080 - 
     (97*c[162])/10080 - (97*c[163])/10080 - (97*c[164])/10080 - 
     (97*c[165])/10080 - (97*c[166])/10080 - (97*c[167])/10080 - 
     (97*c[168])/10080 - (97*c[169])/10080 - (97*c[170])/10080 - 
     (97*c[171])/10080 - (97*c[172])/10080 - (97*c[173])/10080 - 
     (97*c[174])/10080 - (97*c[175])/10080 - (97*c[176])/10080 - 
     (97*c[177])/10080 - (97*c[178])/10080 - (97*c[179])/10080 - 
     (97*c[180])/10080 - (97*c[181])/10080 - (97*c[182])/10080 - 
     (97*c[183])/10080 - (97*c[184])/10080 - (97*c[185])/10080 - 
     (97*c[186])/10080 - (97*c[187])/10080 - (97*c[188])/10080 - 
     (97*c[189])/10080 - (97*c[190])/10080 - (97*c[191])/10080 - 
     (97*c[192])/10080 - (97*c[193])/10080 - (97*c[194])/10080 - 
     (97*c[195])/10080 - (97*c[196])/10080 - (97*c[197])/10080 - 
     (97*c[198])/10080 - (97*c[199])/10080 - (97*c[200])/10080 - 
     (97*c[201])/10080 - (97*c[202])/10080 - (97*c[203])/10080 - 
     (97*c[204])/10080 - (97*c[205])/10080 - (97*c[206])/10080 - 
     (97*c[207])/10080 - (97*c[208])/10080 - (97*c[209])/10080 - 
     (97*c[210])/10080 - (97*c[211])/10080 - (97*c[212])/10080 - 
     (97*c[213])/10080 - (97*c[214])/10080 - (97*c[215])/10080 - 
     (97*c[216])/10080 - (97*c[217])/10080 - (97*c[218])/10080 - 
     (97*c[219])/10080 - (97*c[220])/10080 - (97*c[221])/10080 - 
     (97*c[222])/10080 - (97*c[223])/10080 - (97*c[224])/10080 - 
     (97*c[225])/10080 - (97*c[226])/10080 - (97*c[227])/10080 - 
     (97*c[228])/10080 - (97*c[229])/10080 - (97*c[230])/10080 - 
     (97*c[231])/10080 - (97*c[232])/10080 - (97*c[233])/10080 - 
     (97*c[234])/10080 - (97*c[235])/10080 - (97*c[236])/10080 - 
     (97*c[237])/10080 - (97*c[238])/10080 - (97*c[239])/10080 - 
     (97*c[240])/10080 - (97*c[241])/10080 - (97*c[242])/10080 - 
     (97*c[243])/10080 - (97*c[244])/10080 - (97*c[245])/10080 - 
     (97*c[246])/10080 - (97*c[247])/10080 - (97*c[248])/10080 - 
     (97*c[249])/10080 - (97*c[250])/10080 - (97*c[251])/10080 - 
     (97*c[252])/10080 - (97*c[253])/10080 - (97*c[254])/10080 - 
     (97*c[255])/10080 - (97*c[256])/10080 - (97*c[257])/10080 - 
     (97*c[258])/10080 - (97*c[259])/10080 - (97*c[260])/10080 - 
     (97*c[261])/10080 - (97*c[262])/10080 - (97*c[263])/10080 - 
     (97*c[264])/10080 - (97*c[265])/10080 - (97*c[266])/10080 - 
     (97*c[267])/10080 - (97*c[268])/10080 - (97*c[269])/10080 - 
     (97*c[270])/10080 - (97*c[271])/10080 == 0]
"  Eq"5": "InputForm[(739*c[136])/10080 + (739*c[137])/10080 + 
     (739*c[138])/10080 + (739*c[139])/10080 + (739*c[140])/10080 + 
     (739*c[141])/10080 + (739*c[142])/10080 + (739*c[143])/10080 + 
     (739*c[144])/10080 + (739*c[145])/10080 + (739*c[146])/10080 + 
     (739*c[147])/10080 + (739*c[148])/10080 + (739*c[149])/10080 + 
     (739*c[150])/10080 + (739*c[151])/10080 + (739*c[152])/10080 + 
     (739*c[153])/10080 + (739*c[154])/10080 + (739*c[155])/10080 + 
     (739*c[156])/10080 + (739*c[157])/10080 + (739*c[158])/10080 + 
     (739*c[159])/10080 + (739*c[160])/10080 + (739*c[161])/10080 + 
     (739*c[162])/10080 + (739*c[163])/10080 + (739*c[164])/10080 + 
     (739*c[165])/10080 + (739*c[166])/10080 + (739*c[167])/10080 + 
     (739*c[168])/10080 + (739*c[169])/10080 + (739*c[170])/10080 + 
     (739*c[171])/10080 + (739*c[172])/10080 + (739*c[173])/10080 + 
     (739*c[174])/10080 + (739*c[175])/10080 + (739*c[176])/10080 + 
     (739*c[177])/10080 + (739*c[178])/10080 + (739*c[179])/10080 + 
     (739*c[180])/10080 + (739*c[181])/10080 + (739*c[182])/10080 + 
     (739*c[183])/10080 + (739*c[184])/10080 + (739*c[185])/10080 + 
     (739*c[186])/10080 + (739*c[187])/10080 + (739*c[188])/10080 + 
     (739*c[189])/10080 + (739*c[190])/10080 + (739*c[191])/10080 + 
     (739*c[192])/10080 + (739*c[193])/10080 + (739*c[194])/10080 + 
     (739*c[195])/10080 + (739*c[196])/10080 + (739*c[197])/10080 + 
     (739*c[198])/10080 + (739*c[199])/10080 + (739*c[200])/10080 + 
     (739*c[201])/10080 + (739*c[202])/10080 + (739*c[203])/10080 + 
     (739*c[204])/10080 + (739*c[205])/10080 + (739*c[206])/10080 + 
     (739*c[207])/10080 + (739*c[208])/10080 + (739*c[209])/10080 + 
     (739*c[210])/10080 + (739*c[211])/10080 + (739*c[212])/10080 + 
     (739*c[213])/10080 + (739*c[214])/10080 + (739*c[215])/10080 + 
     (739*c[216])/10080 + (739*c[217])/10080 + (739*c[218])/10080 + 
     (739*c[219])/10080 + (739*c[220])/10080 + (739*c[221])/10080 + 
     (739*c[222])/10080 + (739*c[223])/10080 + (739*c[224])/10080 + 
     (739*c[225])/10080 + (739*c[226])/10080 + (739*c[227])/10080 + 
     (739*c[228])/10080 + (739*c[229])/10080 + (739*c[230])/10080 + 
     (739*c[231])/10080 + (739*c[232])/10080 + (739*c[233])/10080 + 
     (739*c[234])/10080 + (739*c[235])/10080 + (739*c[236])/10080 + 
     (739*c[237])/10080 + (739*c[238])/10080 + (739*c[239])/10080 + 
     (739*c[240])/10080 + (739*c[241])/10080 + (739*c[242])/10080 + 
     (739*c[243])/10080 + (739*c[244])/10080 + (739*c[245])/10080 + 
     (739*c[246])/10080 + (739*c[247])/10080 + (739*c[248])/10080 + 
     (739*c[249])/10080 + (739*c[250])/10080 + (739*c[251])/10080 + 
     (739*c[252])/10080 + (739*c[253])/10080 + (739*c[254])/10080 + 
     (739*c[255])/10080 + (739*c[256])/10080 + (739*c[257])/10080 + 
     (739*c[258])/10080 + (739*c[259])/10080 + (739*c[260])/10080 + 
     (739*c[261])/10080 + (739*c[262])/10080 + (739*c[263])/10080 + 
     (739*c[264])/10080 + (739*c[265])/10080 + (739*c[266])/10080 + 
     (739*c[267])/10080 + (739*c[268])/10080 + (739*c[269])/10080 + 
     (739*c[270])/10080 + (739*c[271])/10080 == 0]
"[Skill 3 Mirror Direct] Limit "4" (""einfuvp""): Y assumption: "Y < 0
"  zrep=zrepInfP (mirrored): z -> "
  InputForm[Sqrt[-4*u*(1 - Y) + (u - Y)^2]/(2*u) + (u - Y)/(2*u)]
"  zrep=zrepInfP (mirrored): zz -> "
  InputForm[-1/2*Sqrt[-4*u*(1 - Y) + (u - Y)^2]/u + (u - Y)/(2*u)]
"[Skill 3 Mirror Direct] Limit "4" loading "2" files for ext=\"""einf""\"..."
"  LS"1": c["1".."135"] matched with ""svansatzw8_einf_1.txt"" elements \
["1".."135"]"
"  LS"2": c["136".."304"] matched with ""svansatzw8_einf_2.txt"" elements ["
  136".."304"]"
"[Skill 3 Mirror Direct] Limit "4" expanded "304" elements."
"[Skill 3 Mirror Direct] Limit "4" done: "253" new equations (mirrorSys \
total: "1180")."
"[Skill 3 Mirror Direct] Sample equations from limit "4":"
"  Eq"1": "InputForm[(251*c[136])/4032 + (251*c[137])/4032 + 
     (251*c[138])/4032 + (251*c[139])/4032 + (251*c[140])/4032 + 
     (251*c[141])/4032 + (251*c[142])/4032 + (251*c[143])/4032 + 
     (251*c[144])/4032 + (251*c[145])/4032 + (251*c[146])/4032 + 
     (251*c[147])/4032 + (251*c[148])/4032 + (251*c[149])/4032 + 
     (251*c[150])/4032 + (251*c[151])/4032 + (251*c[152])/4032 + 
     (251*c[153])/4032 + (251*c[154])/4032 + (251*c[155])/4032 + 
     (251*c[156])/4032 + (251*c[157])/4032 + (251*c[158])/4032 + 
     (251*c[159])/4032 + (251*c[160])/4032 + (251*c[161])/4032 + 
     (251*c[162])/4032 + (251*c[163])/4032 + (251*c[164])/4032 + 
     (251*c[165])/4032 + (251*c[166])/4032 + (251*c[167])/4032 + 
     (251*c[168])/4032 + (251*c[169])/4032 + (251*c[170])/4032 + 
     (251*c[171])/4032 + (251*c[172])/4032 + (251*c[173])/4032 + 
     (251*c[174])/4032 + (251*c[175])/4032 + (251*c[176])/4032 + 
     (251*c[177])/4032 + (251*c[178])/4032 + (251*c[179])/4032 + 
     (251*c[180])/4032 + (251*c[181])/4032 + (251*c[182])/4032 + 
     (251*c[183])/4032 + (251*c[184])/4032 + (251*c[185])/4032 + 
     (251*c[186])/4032 + (251*c[187])/4032 + (251*c[188])/4032 + 
     (251*c[189])/4032 + (251*c[190])/4032 + (251*c[191])/4032 + 
     (251*c[192])/4032 + (251*c[193])/4032 + (251*c[194])/4032 + 
     (251*c[195])/4032 + (251*c[196])/4032 + (251*c[197])/4032 + 
     (251*c[198])/4032 + (251*c[199])/4032 + (251*c[200])/4032 + 
     (251*c[201])/4032 + (251*c[202])/4032 + (251*c[203])/4032 + 
     (251*c[204])/4032 + (251*c[205])/4032 + (251*c[206])/4032 + 
     (251*c[207])/4032 + (251*c[208])/4032 + (251*c[209])/4032 + 
     (251*c[210])/4032 + (251*c[211])/4032 + (251*c[212])/4032 + 
     (251*c[213])/4032 + (251*c[214])/4032 + (251*c[215])/4032 + 
     (251*c[216])/4032 + (251*c[217])/4032 + (251*c[218])/4032 + 
     (251*c[219])/4032 + (251*c[220])/4032 + (251*c[221])/4032 + 
     (251*c[222])/4032 + (251*c[223])/4032 + (251*c[224])/4032 + 
     (251*c[225])/4032 + (251*c[226])/4032 + (251*c[227])/4032 + 
     (251*c[228])/4032 + (251*c[229])/4032 + (251*c[230])/4032 + 
     (251*c[231])/4032 + (251*c[232])/4032 + (251*c[233])/4032 + 
     (251*c[234])/4032 + (251*c[235])/4032 + (251*c[236])/4032 + 
     (251*c[237])/4032 + (251*c[238])/4032 + (251*c[239])/4032 + 
     (251*c[240])/4032 + (251*c[241])/4032 + (251*c[242])/4032 + 
     (251*c[243])/4032 + (251*c[244])/4032 + (251*c[245])/4032 + 
     (251*c[246])/4032 + (251*c[247])/4032 + (251*c[248])/4032 + 
     (251*c[249])/4032 + (251*c[250])/4032 + (251*c[251])/4032 + 
     (251*c[252])/4032 + (251*c[253])/4032 + (251*c[254])/4032 + 
     (251*c[255])/4032 + (251*c[256])/4032 + (251*c[257])/4032 + 
     (251*c[258])/4032 + (251*c[259])/4032 + (251*c[260])/4032 + 
     (251*c[261])/4032 + (251*c[262])/4032 + (251*c[263])/4032 + 
     (251*c[264])/4032 + (251*c[265])/4032 + (251*c[266])/4032 + 
     (251*c[267])/4032 + (251*c[268])/4032 + (251*c[269])/4032 + 
     (251*c[270])/4032 + (251*c[271])/4032 == 0]
"  Eq"2": "InputForm[(-1537*c[136])/4032 - (1537*c[137])/4032 - 
     (1537*c[138])/4032 - (1537*c[139])/4032 - (1537*c[140])/4032 - 
     (1537*c[141])/4032 - (1537*c[142])/4032 - (1537*c[143])/4032 - 
     (1537*c[144])/4032 - (1537*c[145])/4032 - (1537*c[146])/4032 - 
     (1537*c[147])/4032 - (1537*c[148])/4032 - (1537*c[149])/4032 - 
     (1537*c[150])/4032 - (1537*c[151])/4032 - (1537*c[152])/4032 - 
     (1537*c[153])/4032 - (1537*c[154])/4032 - (1537*c[155])/4032 - 
     (1537*c[156])/4032 - (1537*c[157])/4032 - (1537*c[158])/4032 - 
     (1537*c[159])/4032 - (1537*c[160])/4032 - (1537*c[161])/4032 - 
     (1537*c[162])/4032 - (1537*c[163])/4032 - (1537*c[164])/4032 - 
     (1537*c[165])/4032 - (1537*c[166])/4032 - (1537*c[167])/4032 - 
     (1537*c[168])/4032 - (1537*c[169])/4032 - (1537*c[170])/4032 - 
     (1537*c[171])/4032 - (1537*c[172])/4032 - (1537*c[173])/4032 - 
     (1537*c[174])/4032 - (1537*c[175])/4032 - (1537*c[176])/4032 - 
     (1537*c[177])/4032 - (1537*c[178])/4032 - (1537*c[179])/4032 - 
     (1537*c[180])/4032 - (1537*c[181])/4032 - (1537*c[182])/4032 - 
     (1537*c[183])/4032 - (1537*c[184])/4032 - (1537*c[185])/4032 - 
     (1537*c[186])/4032 - (1537*c[187])/4032 - (1537*c[188])/4032 - 
     (1537*c[189])/4032 - (1537*c[190])/4032 - (1537*c[191])/4032 - 
     (1537*c[192])/4032 - (1537*c[193])/4032 - (1537*c[194])/4032 - 
     (1537*c[195])/4032 - (1537*c[196])/4032 - (1537*c[197])/4032 - 
     (1537*c[198])/4032 - (1537*c[199])/4032 - (1537*c[200])/4032 - 
     (1537*c[201])/4032 - (1537*c[202])/4032 - (1537*c[203])/4032 - 
     (1537*c[204])/4032 - (1537*c[205])/4032 - (1537*c[206])/4032 - 
     (1537*c[207])/4032 - (1537*c[208])/4032 - (1537*c[209])/4032 - 
     (1537*c[210])/4032 - (1537*c[211])/4032 - (1537*c[212])/4032 - 
     (1537*c[213])/4032 - (1537*c[214])/4032 - (1537*c[215])/4032 - 
     (1537*c[216])/4032 - (1537*c[217])/4032 - (1537*c[218])/4032 - 
     (1537*c[219])/4032 - (1537*c[220])/4032 - (1537*c[221])/4032 - 
     (1537*c[222])/4032 - (1537*c[223])/4032 - (1537*c[224])/4032 - 
     (1537*c[225])/4032 - (1537*c[226])/4032 - (1537*c[227])/4032 - 
     (1537*c[228])/4032 - (1537*c[229])/4032 - (1537*c[230])/4032 - 
     (1537*c[231])/4032 - (1537*c[232])/4032 - (1537*c[233])/4032 - 
     (1537*c[234])/4032 - (1537*c[235])/4032 - (1537*c[236])/4032 - 
     (1537*c[237])/4032 - (1537*c[238])/4032 - (1537*c[239])/4032 - 
     (1537*c[240])/4032 - (1537*c[241])/4032 - (1537*c[242])/4032 - 
     (1537*c[243])/4032 - (1537*c[244])/4032 - (1537*c[245])/4032 - 
     (1537*c[246])/4032 - (1537*c[247])/4032 - (1537*c[248])/4032 - 
     (1537*c[249])/4032 - (1537*c[250])/4032 - (1537*c[251])/4032 - 
     (1537*c[252])/4032 - (1537*c[253])/4032 - (1537*c[254])/4032 - 
     (1537*c[255])/4032 - (1537*c[256])/4032 - (1537*c[257])/4032 - 
     (1537*c[258])/4032 - (1537*c[259])/4032 - (1537*c[260])/4032 - 
     (1537*c[261])/4032 - (1537*c[262])/4032 - (1537*c[263])/4032 - 
     (1537*c[264])/4032 - (1537*c[265])/4032 - (1537*c[266])/4032 - 
     (1537*c[267])/4032 - (1537*c[268])/4032 - (1537*c[269])/4032 - 
     (1537*c[270])/4032 - (1537*c[271])/4032 == 0]
"  Eq"3": "InputForm[(1699*c[136])/2240 + (1699*c[137])/2240 + 
     (1699*c[138])/2240 + (1699*c[139])/2240 + (1699*c[140])/2240 + 
     (1699*c[141])/2240 + (1699*c[142])/2240 + (1699*c[143])/2240 + 
     (1699*c[144])/2240 + (1699*c[145])/2240 + (1699*c[146])/2240 + 
     (1699*c[147])/2240 + (1699*c[148])/2240 + (1699*c[149])/2240 + 
     (1699*c[150])/2240 + (1699*c[151])/2240 + (1699*c[152])/2240 + 
     (1699*c[153])/2240 + (1699*c[154])/2240 + (1699*c[155])/2240 + 
     (1699*c[156])/2240 + (1699*c[157])/2240 + (1699*c[158])/2240 + 
     (1699*c[159])/2240 + (1699*c[160])/2240 + (1699*c[161])/2240 + 
     (1699*c[162])/2240 + (1699*c[163])/2240 + (1699*c[164])/2240 + 
     (1699*c[165])/2240 + (1699*c[166])/2240 + (1699*c[167])/2240 + 
     (1699*c[168])/2240 + (1699*c[169])/2240 + (1699*c[170])/2240 + 
     (1699*c[171])/2240 + (1699*c[172])/2240 + (1699*c[173])/2240 + 
     (1699*c[174])/2240 + (1699*c[175])/2240 + (1699*c[176])/2240 + 
     (1699*c[177])/2240 + (1699*c[178])/2240 + (1699*c[179])/2240 + 
     (1699*c[180])/2240 + (1699*c[181])/2240 + (1699*c[182])/2240 + 
     (1699*c[183])/2240 + (1699*c[184])/2240 + (1699*c[185])/2240 + 
     (1699*c[186])/2240 + (1699*c[187])/2240 + (1699*c[188])/2240 + 
     (1699*c[189])/2240 + (1699*c[190])/2240 + (1699*c[191])/2240 + 
     (1699*c[192])/2240 + (1699*c[193])/2240 + (1699*c[194])/2240 + 
     (1699*c[195])/2240 + (1699*c[196])/2240 + (1699*c[197])/2240 + 
     (1699*c[198])/2240 + (1699*c[199])/2240 + (1699*c[200])/2240 + 
     (1699*c[201])/2240 + (1699*c[202])/2240 + (1699*c[203])/2240 + 
     (1699*c[204])/2240 + (1699*c[205])/2240 + (1699*c[206])/2240 + 
     (1699*c[207])/2240 + (1699*c[208])/2240 + (1699*c[209])/2240 + 
     (1699*c[210])/2240 + (1699*c[211])/2240 + (1699*c[212])/2240 + 
     (1699*c[213])/2240 + (1699*c[214])/2240 + (1699*c[215])/2240 + 
     (1699*c[216])/2240 + (1699*c[217])/2240 + (1699*c[218])/2240 + 
     (1699*c[219])/2240 + (1699*c[220])/2240 + (1699*c[221])/2240 + 
     (1699*c[222])/2240 + (1699*c[223])/2240 + (1699*c[224])/2240 + 
     (1699*c[225])/2240 + (1699*c[226])/2240 + (1699*c[227])/2240 + 
     (1699*c[228])/2240 + (1699*c[229])/2240 + (1699*c[230])/2240 + 
     (1699*c[231])/2240 + (1699*c[232])/2240 + (1699*c[233])/2240 + 
     (1699*c[234])/2240 + (1699*c[235])/2240 + (1699*c[236])/2240 + 
     (1699*c[237])/2240 + (1699*c[238])/2240 + (1699*c[239])/2240 + 
     (1699*c[240])/2240 + (1699*c[241])/2240 + (1699*c[242])/2240 + 
     (1699*c[243])/2240 + (1699*c[244])/2240 + (1699*c[245])/2240 + 
     (1699*c[246])/2240 + (1699*c[247])/2240 + (1699*c[248])/2240 + 
     (1699*c[249])/2240 + (1699*c[250])/2240 + (1699*c[251])/2240 + 
     (1699*c[252])/2240 + (1699*c[253])/2240 + (1699*c[254])/2240 + 
     (1699*c[255])/2240 + (1699*c[256])/2240 + (1699*c[257])/2240 + 
     (1699*c[258])/2240 + (1699*c[259])/2240 + (1699*c[260])/2240 + 
     (1699*c[261])/2240 + (1699*c[262])/2240 + (1699*c[263])/2240 + 
     (1699*c[264])/2240 + (1699*c[265])/2240 + (1699*c[266])/2240 + 
     (1699*c[267])/2240 + (1699*c[268])/2240 + (1699*c[269])/2240 + 
     (1699*c[270])/2240 + (1699*c[271])/2240 == 0]
"  Eq"4": "InputForm[(97*c[136])/10080 + (97*c[137])/10080 + 
     (97*c[138])/10080 + (97*c[139])/10080 + (97*c[140])/10080 + 
     (97*c[141])/10080 + (97*c[142])/10080 + (97*c[143])/10080 + 
     (97*c[144])/10080 + (97*c[145])/10080 + (97*c[146])/10080 + 
     (97*c[147])/10080 + (97*c[148])/10080 + (97*c[149])/10080 + 
     (97*c[150])/10080 + (97*c[151])/10080 + (97*c[152])/10080 + 
     (97*c[153])/10080 + (97*c[154])/10080 + (97*c[155])/10080 + 
     (97*c[156])/10080 + (97*c[157])/10080 + (97*c[158])/10080 + 
     (97*c[159])/10080 + (97*c[160])/10080 + (97*c[161])/10080 + 
     (97*c[162])/10080 + (97*c[163])/10080 + (97*c[164])/10080 + 
     (97*c[165])/10080 + (97*c[166])/10080 + (97*c[167])/10080 + 
     (97*c[168])/10080 + (97*c[169])/10080 + (97*c[170])/10080 + 
     (97*c[171])/10080 + (97*c[172])/10080 + (97*c[173])/10080 + 
     (97*c[174])/10080 + (97*c[175])/10080 + (97*c[176])/10080 + 
     (97*c[177])/10080 + (97*c[178])/10080 + (97*c[179])/10080 + 
     (97*c[180])/10080 + (97*c[181])/10080 + (97*c[182])/10080 + 
     (97*c[183])/10080 + (97*c[184])/10080 + (97*c[185])/10080 + 
     (97*c[186])/10080 + (97*c[187])/10080 + (97*c[188])/10080 + 
     (97*c[189])/10080 + (97*c[190])/10080 + (97*c[191])/10080 + 
     (97*c[192])/10080 + (97*c[193])/10080 + (97*c[194])/10080 + 
     (97*c[195])/10080 + (97*c[196])/10080 + (97*c[197])/10080 + 
     (97*c[198])/10080 + (97*c[199])/10080 + (97*c[200])/10080 + 
     (97*c[201])/10080 + (97*c[202])/10080 + (97*c[203])/10080 + 
     (97*c[204])/10080 + (97*c[205])/10080 + (97*c[206])/10080 + 
     (97*c[207])/10080 + (97*c[208])/10080 + (97*c[209])/10080 + 
     (97*c[210])/10080 + (97*c[211])/10080 + (97*c[212])/10080 + 
     (97*c[213])/10080 + (97*c[214])/10080 + (97*c[215])/10080 + 
     (97*c[216])/10080 + (97*c[217])/10080 + (97*c[218])/10080 + 
     (97*c[219])/10080 + (97*c[220])/10080 + (97*c[221])/10080 + 
     (97*c[222])/10080 + (97*c[223])/10080 + (97*c[224])/10080 + 
     (97*c[225])/10080 + (97*c[226])/10080 + (97*c[227])/10080 + 
     (97*c[228])/10080 + (97*c[229])/10080 + (97*c[230])/10080 + 
     (97*c[231])/10080 + (97*c[232])/10080 + (97*c[233])/10080 + 
     (97*c[234])/10080 + (97*c[235])/10080 + (97*c[236])/10080 + 
     (97*c[237])/10080 + (97*c[238])/10080 + (97*c[239])/10080 + 
     (97*c[240])/10080 + (97*c[241])/10080 + (97*c[242])/10080 + 
     (97*c[243])/10080 + (97*c[244])/10080 + (97*c[245])/10080 + 
     (97*c[246])/10080 + (97*c[247])/10080 + (97*c[248])/10080 + 
     (97*c[249])/10080 + (97*c[250])/10080 + (97*c[251])/10080 + 
     (97*c[252])/10080 + (97*c[253])/10080 + (97*c[254])/10080 + 
     (97*c[255])/10080 + (97*c[256])/10080 + (97*c[257])/10080 + 
     (97*c[258])/10080 + (97*c[259])/10080 + (97*c[260])/10080 + 
     (97*c[261])/10080 + (97*c[262])/10080 + (97*c[263])/10080 + 
     (97*c[264])/10080 + (97*c[265])/10080 + (97*c[266])/10080 + 
     (97*c[267])/10080 + (97*c[268])/10080 + (97*c[269])/10080 + 
     (97*c[270])/10080 + (97*c[271])/10080 == 0]
"  Eq"5": "InputForm[(-503*c[136])/4032 - (503*c[137])/4032 - 
     (503*c[138])/4032 - (503*c[139])/4032 - (503*c[140])/4032 - 
     (503*c[141])/4032 - (503*c[142])/4032 - (503*c[143])/4032 - 
     (503*c[144])/4032 - (503*c[145])/4032 - (503*c[146])/4032 - 
     (503*c[147])/4032 - (503*c[148])/4032 - (503*c[149])/4032 - 
     (503*c[150])/4032 - (503*c[151])/4032 - (503*c[152])/4032 - 
     (503*c[153])/4032 - (503*c[154])/4032 - (503*c[155])/4032 - 
     (503*c[156])/4032 - (503*c[157])/4032 - (503*c[158])/4032 - 
     (503*c[159])/4032 - (503*c[160])/4032 - (503*c[161])/4032 - 
     (503*c[162])/4032 - (503*c[163])/4032 - (503*c[164])/4032 - 
     (503*c[165])/4032 - (503*c[166])/4032 - (503*c[167])/4032 - 
     (503*c[168])/4032 - (503*c[169])/4032 - (503*c[170])/4032 - 
     (503*c[171])/4032 - (503*c[172])/4032 - (503*c[173])/4032 - 
     (503*c[174])/4032 - (503*c[175])/4032 - (503*c[176])/4032 - 
     (503*c[177])/4032 - (503*c[178])/4032 - (503*c[179])/4032 - 
     (503*c[180])/4032 - (503*c[181])/4032 - (503*c[182])/4032 - 
     (503*c[183])/4032 - (503*c[184])/4032 - (503*c[185])/4032 - 
     (503*c[186])/4032 - (503*c[187])/4032 - (503*c[188])/4032 - 
     (503*c[189])/4032 - (503*c[190])/4032 - (503*c[191])/4032 - 
     (503*c[192])/4032 - (503*c[193])/4032 - (503*c[194])/4032 - 
     (503*c[195])/4032 - (503*c[196])/4032 - (503*c[197])/4032 - 
     (503*c[198])/4032 - (503*c[199])/4032 - (503*c[200])/4032 - 
     (503*c[201])/4032 - (503*c[202])/4032 - (503*c[203])/4032 - 
     (503*c[204])/4032 - (503*c[205])/4032 - (503*c[206])/4032 - 
     (503*c[207])/4032 - (503*c[208])/4032 - (503*c[209])/4032 - 
     (503*c[210])/4032 - (503*c[211])/4032 - (503*c[212])/4032 - 
     (503*c[213])/4032 - (503*c[214])/4032 - (503*c[215])/4032 - 
     (503*c[216])/4032 - (503*c[217])/4032 - (503*c[218])/4032 - 
     (503*c[219])/4032 - (503*c[220])/4032 - (503*c[221])/4032 - 
     (503*c[222])/4032 - (503*c[223])/4032 - (503*c[224])/4032 - 
     (503*c[225])/4032 - (503*c[226])/4032 - (503*c[227])/4032 - 
     (503*c[228])/4032 - (503*c[229])/4032 - (503*c[230])/4032 - 
     (503*c[231])/4032 - (503*c[232])/4032 - (503*c[233])/4032 - 
     (503*c[234])/4032 - (503*c[235])/4032 - (503*c[236])/4032 - 
     (503*c[237])/4032 - (503*c[238])/4032 - (503*c[239])/4032 - 
     (503*c[240])/4032 - (503*c[241])/4032 - (503*c[242])/4032 - 
     (503*c[243])/4032 - (503*c[244])/4032 - (503*c[245])/4032 - 
     (503*c[246])/4032 - (503*c[247])/4032 - (503*c[248])/4032 - 
     (503*c[249])/4032 - (503*c[250])/4032 - (503*c[251])/4032 - 
     (503*c[252])/4032 - (503*c[253])/4032 - (503*c[254])/4032 - 
     (503*c[255])/4032 - (503*c[256])/4032 - (503*c[257])/4032 - 
     (503*c[258])/4032 - (503*c[259])/4032 - (503*c[260])/4032 - 
     (503*c[261])/4032 - (503*c[262])/4032 - (503*c[263])/4032 - 
     (503*c[264])/4032 - (503*c[265])/4032 - (503*c[266])/4032 - 
     (503*c[267])/4032 - (503*c[268])/4032 - (503*c[269])/4032 - 
     (503*c[270])/4032 - (503*c[271])/4032 == 0]
"[Skill 3 Mirror Direct] Limit "5" (""e1uv""): Y assumption: "Y > 0
"  zrep=zrep1 (mirrored): z -> "
  InputForm[(-2 + u + Y)/(2*(-1 + Y)) + 
    Sqrt[-4*(1 - Y) + (-2 + u + Y)^2]/(2*(-1 + Y))]
"  zrep=zrep1 (mirrored): zz -> "
  InputForm[(-2 + u + Y)/(2*(-1 + Y)) - 
    Sqrt[-4*(1 - Y) + (-2 + u + Y)^2]/(2*(-1 + Y))]
"  zrep=zrep1 (mirrored): z1 -> "
  InputForm[(u - Y)/(2*(-1 + Y)) + 
    Sqrt[-4*(1 - Y) + (-2 + u + Y)^2]/(2*(-1 + Y))]
"  zrep=zrep1 (mirrored): zz1 -> "
  InputForm[(u - Y)/(2*(-1 + Y)) - 
    Sqrt[-4*(1 - Y) + (-2 + u + Y)^2]/(2*(-1 + Y))]
"[Skill 3 Mirror Direct] Limit "5" loading "2" files for ext=\"""e1""\"..."
"  LS"1": c["1".."135"] matched with ""svansatzw8_e1_1.txt"" elements ["1".."
  135"]"
"  LS"2": c["136".."304"] matched with ""svansatzw8_e1_2.txt"" elements \
["136".."304"]"
"[Skill 3 Mirror Direct] Limit "5" expanded "304" elements."
"[Skill 3 Mirror Direct] Limit "5" done: "253" new equations (mirrorSys \
total: "1433")."
"[Skill 3 Mirror Direct] Sample equations from limit "5":"
"  Eq"1": "InputForm[(677*c[271])/3360 == 0]
"  Eq"2": "InputForm[(-37561*c[271])/20160 == 0]
"  Eq"3": "InputForm[(28849*c[271])/5040 == 0]
"  Eq"4": "InputForm[(137*c[271])/6720 == 0]
"  Eq"5": "InputForm[(-501*c[271])/1120 == 0]
"[Skill 3 Mirror Direct] Limit "6" (""e1uvp""): Y assumption: "Y < 0
"  zrep=zrep1P (mirrored): z -> "
  InputForm[-1/2*Sqrt[-4*(1 - Y) + (2 - u - Y)^2] + (2 - u - Y)/2]
"  zrep=zrep1P (mirrored): zz -> "
  InputForm[Sqrt[-4*(1 - Y) + (2 - u - Y)^2]/2 + (2 - u - Y)/2]
"  zrep=zrep1P (mirrored): z1 -> "
  InputForm[-1/2*Sqrt[-4*(1 - Y) + (2 - u - Y)^2] + (-u - Y)/2]
"  zrep=zrep1P (mirrored): zz1 -> "
  InputForm[Sqrt[-4*(1 - Y) + (2 - u - Y)^2]/2 + (-u - Y)/2]
"[Skill 3 Mirror Direct] Limit "6" loading "2" files for ext=\"""e1""\"..."
"  LS"1": c["1".."135"] matched with ""svansatzw8_e1_1.txt"" elements ["1".."
  135"]"
"  LS"2": c["136".."304"] matched with ""svansatzw8_e1_2.txt"" elements \
["136".."304"]"
"[Skill 3 Mirror Direct] Limit "6" expanded "304" elements."
"[Skill 3 Mirror Direct] Limit "6" done: "225" new equations (mirrorSys \
total: "1658")."
"[Skill 3 Mirror Direct] Sample equations from limit "6":"
"  Eq"1": "InputForm[(9*c[271])/56 == 0]
"  Eq"2": "InputForm[(-205*c[271])/288 == 0]
"  Eq"3": "InputForm[(7*c[271])/10 == 0]
"  Eq"4": "InputForm[(-137*c[271])/6720 == 0]
"  Eq"5": "InputForm[(9*c[271])/28 == 0]
"[Skill 3 Mirror Direct] Mirror equations saved to "
  "/Users/windfolgen/Documents/AntiGravity/svbwalkthrough/test/fourloopI173_m\
irrorSys.m"
"[Audit] ""Mirror system (before merge)"": PASS \[LongDash] "1658" equations, \
all linear in c[_] with rational coefficients."
"[Skill 3 Mirror Direct] Merged system: "329" (partial) + "1658" (mirror) = "
  1987" equations."
"[Audit] ""Full system (partial + mirror)"": PASS \[LongDash] "1987" \
equations, all linear in c[_] with rational coefficients."
"[Skill 3 Mirror Direct] Variables to solve: "304"/"304
"[Skill 3 Mirror Direct] Solving partial system alone..."
"[Skill 3 Mirror Direct] Partial system alone: solved "221"/"304" \
(free="83")."
"[Skill 3 Mirror Direct] Solving full system (partial + mirror)..."
"[Skill 3 Mirror Direct] Full system: solved "304"/"304" (free="0")."
"[Skill 3 Mirror Direct] Mirror equations solved "83" additional variables."
"[Skill 3 Mirror Direct] RESULT: Mirror equations ADD new constraints."
"[Skill 3 Mirror Direct] Final: free="0"/"304" \[LongDash] FULLY SOLVED!"
"[Skill 3 Mirror Direct] Exported runs/""fourloopI173"
  "/result.m and coeff_sol.m"
"[Time Record] Stage 4 (Mirror Solve) took: "1544.611571`8.43624429474304
  " seconds."
"[Time Record] Total workflow execution time: "1642.064595`9.365905235085737
  " seconds."
"End Date and Time: ""Sat 11 Jul 2026 18:43:56"
"=== Workflow Engine Complete for: ""fourloopI173"" ==="
