"=== Starting Unified Workflow Engine for: ""threeloophard1"" ==="
"Start Date and Time: ""Mon 8 Jun 2026 18:33:11"

FrontEndObject::notavail: 
   A front end is not available; certain operations require a front end.
"**************** "Style["LiteRed v2.025\[Beta]", 
   {Bold, RGBColor[1, 1/3, 1/3]}]" ********************\nAuthor: Roman N. \
Lee, Budker Institute of Nuclear Physics, Novosibirsk.\nRelease Date: \
????-??-??\nTimestamp: Tue 25 Feb 2025 15:30:30\nRead \
from:/Users/windfolgen/GitRepos/LiteRed2/Source/LiteRed2025.m \
(CRC32:2205507540,{2340977437, 3317197336, 1063727846})\n\nLiteRed stands for \
"Style["L", {RGBColor[1, 1/3, 1/3]}]"oop "Style["i", {RGBColor[1, 1/3, 1/3]}]
  "n"Style["te", {RGBColor[1, 1/3, 1/3]}]"grals "
  Style["Red", {RGBColor[1, 1/3, 1/3]}]
  "uction.\nThe package is designed for the search and application of the \
Integration-By-Part reduction rules. It also contains some other useful \
tools.\n\nSee ?LiteRed`* for a list of functions. "
"Review agent loaded from ""/Users/windfolgen/Documents/AntiGravity/svbwalkth\
rough/audit_agent/audit_agent.wl"
"[ReviewGate] ""preflight"" stage: ""PASS"" (PASS:"2" WARN:"0" FAIL:"0")"
"  Conformal weight n = "2
"  Checking for boundary target data..."
"[ReviewGate] ""preboundary"" stage: ""PASS"" (PASS:"10" WARN:"0" FAIL:"0")"
"[Boundary Agent] Association file missing or invalid. Constructing from runs \
directory..."
"[Boundary Agent] Construction complete. Saved association list of length \
"2" to ""/Users/windfolgen/Documents/AntiGravity/svbwalkthrough/asym/boundary\
_agent/calculated_integrands.m"
"Executing\n"HoldForm[sp[p, p] = u; ]
"IBP output redirected to: ""/Users/windfolgen/Documents/aether/svbwalkthroug\
h_ibp"
"=== Running Parallel Expansion for ""threeloophard1"" with "6" permutations \
==="
"Permutation "{1, 2, 3, 4}" -> chosen equivalent permutation "{1, 2, 3, 4}" ("
  672" terms)"
"Permutation "{2, 1, 3, 4}" -> chosen equivalent permutation "{2, 1, 3, 4}" ("
  672" terms)"
"Permutation "{1, 3, 2, 4}" -> chosen equivalent permutation "{2, 4, 1, 3}" ("
  868" terms)"
"Permutation "{2, 3, 1, 4}" -> chosen equivalent permutation "{2, 3, 1, 4}" ("
  686" terms)"
"Permutation "{3, 1, 2, 4}" -> chosen equivalent permutation "{4, 2, 1, 3}" ("
  868" terms)"
"Permutation "{3, 2, 1, 4}" -> chosen equivalent permutation "{3, 2, 1, 4}" ("
  686" terms)"
"(kernel 1):"
"threeloophard11234: no tensor reduced results found. Starting \
reduction...\n"
"(kernel 2):"
"threeloophard12134: no tensor reduced results found. Starting \
reduction...\n"
"(kernel 3):"
"threeloophard11324: no tensor reduced results found. Starting \
reduction...\n"
"(kernel 4):"
"threeloophard12314: no tensor reduced results found. Starting \
reduction...\n"
"(kernel 5):"
"threeloophard13124: no tensor reduced results found. Starting \
reduction...\n"
"(kernel 6):"
"threeloophard13214: no tensor reduced results found. Starting \
reduction...\n"
"(kernel 1):"
"set 1 to 0, 4 to infinity.\n"
"(kernel 2):"
"set 1 to 0, 4 to infinity.\n"
"(kernel 3):"
"set 1 to 0, 4 to infinity.\n"
"(kernel 4):"
"set 1 to 0, 4 to infinity.\n"
"(kernel 5):"
"set 1 to 0, 4 to infinity.\n"
"(kernel 6):"
"set 1 to 0, 4 to infinity.\n"
"(kernel 1):"
"performing region expansion...\n"
"(kernel 2):"
"performing region expansion...\n"
"(kernel 3):"
"performing region expansion...\n"
"(kernel 4):"
"performing region expansion...\n"
"(kernel 5):"
"performing region expansion...\n"
"(kernel 6):"
"performing region expansion...\n"
"(kernel 1):"
"topology: {d2[1, 5], d2[2, 5], d2[3, 5], d2[1, 6], d2[2, 6], d2[3, 6], d2[1, \
7], d2[2, 7], d2[3, 7], d2[5, 6], d2[5, 7], d2[6, 7]} can be split into\n"
"(kernel 2):"
"topology: {d2[1, 5], d2[2, 5], d2[3, 5], d2[1, 6], d2[2, 6], d2[3, 6], d2[1, \
7], d2[2, 7], d2[3, 7], d2[5, 6], d2[5, 7], d2[6, 7]} can be split into\n"
"(kernel 3):"
"topology: {d2[1, 5], d2[2, 5], d2[3, 5], d2[1, 6], d2[2, 6], d2[3, 6], d2[1, \
7], d2[2, 7], d2[3, 7], d2[5, 6], d2[5, 7], d2[6, 7]} can be split into\n"
"(kernel 4):"
"topology: {d2[1, 5], d2[2, 5], d2[3, 5], d2[1, 6], d2[2, 6], d2[3, 6], d2[1, \
7], d2[2, 7], d2[3, 7], d2[5, 6], d2[5, 7], d2[6, 7]} can be split into\n"
"(kernel 5):"
"topology: {d2[1, 5], d2[2, 5], d2[3, 5], d2[1, 6], d2[2, 6], d2[3, 6], d2[1, \
7], d2[2, 7], d2[3, 7], d2[5, 6], d2[5, 7], d2[6, 7]} can be split into\n"
"(kernel 6):"
"topology: {d2[1, 5], d2[2, 5], d2[3, 5], d2[1, 6], d2[2, 6], d2[3, 6], d2[1, \
7], d2[2, 7], d2[3, 7], d2[5, 6], d2[5, 7], d2[6, 7]} can be split into\n"
"(kernel 1):"
"topo1: {d2[1, 5], d2[2, 5], d2[1, 6], d2[2, 6], d2[1, 7], d2[2, 7], d2[5, \
6], d2[5, 7], d2[6, 7]}\n"
"(kernel 2):"
"topo1: {d2[1, 5], d2[2, 5], d2[1, 6], d2[2, 6], d2[1, 7], d2[2, 7], d2[5, \
6], d2[5, 7], d2[6, 7]}\n"
"(kernel 3):"
"topo1: {d2[1, 5], d2[2, 5], d2[1, 6], d2[2, 6], d2[1, 7], d2[2, 7], d2[5, \
6], d2[5, 7], d2[6, 7]}\n"
"(kernel 4):"
"topo1: {d2[1, 5], d2[2, 5], d2[1, 6], d2[2, 6], d2[1, 7], d2[2, 7], d2[5, \
6], d2[5, 7], d2[6, 7]}\n"
"(kernel 5):"
"topo1: {d2[1, 5], d2[2, 5], d2[1, 6], d2[2, 6], d2[1, 7], d2[2, 7], d2[5, \
6], d2[5, 7], d2[6, 7]}\n"
"(kernel 6):"
"topo1: {d2[1, 5], d2[2, 5], d2[1, 6], d2[2, 6], d2[1, 7], d2[2, 7], d2[5, \
6], d2[5, 7], d2[6, 7]}\n"
"(kernel 1):"
"topo2: {d2[1, 5], d2[3, 5], d2[1, 6], d2[3, 6], d2[1, 7], d2[3, 7], d2[5, \
6], d2[5, 7], d2[6, 7]}\n"
"(kernel 2):"
"topo2: {d2[1, 5], d2[3, 5], d2[1, 6], d2[3, 6], d2[1, 7], d2[3, 7], d2[5, \
6], d2[5, 7], d2[6, 7]}\n"
"(kernel 3):"
"topo2: {d2[1, 5], d2[3, 5], d2[1, 6], d2[3, 6], d2[1, 7], d2[3, 7], d2[5, \
6], d2[5, 7], d2[6, 7]}\n"
"(kernel 4):"
"topo2: {d2[1, 5], d2[3, 5], d2[1, 6], d2[3, 6], d2[1, 7], d2[3, 7], d2[5, \
6], d2[5, 7], d2[6, 7]}\n"
"(kernel 5):"
"topo2: {d2[1, 5], d2[3, 5], d2[1, 6], d2[3, 6], d2[1, 7], d2[3, 7], d2[5, \
6], d2[5, 7], d2[6, 7]}\n"
"(kernel 6):"
"topo2: {d2[1, 5], d2[3, 5], d2[1, 6], d2[3, 6], d2[1, 7], d2[3, 7], d2[5, \
6], d2[5, 7], d2[6, 7]}\n"
"(kernel 1):"
"Loops: {Subscript[x, 5], Subscript[x, 6], Subscript[x, 7]}. There are \
totally 8 regions.\n"
"(kernel 2):"
"Loops: {Subscript[x, 5], Subscript[x, 6], Subscript[x, 7]}. There are \
totally 8 regions.\n"
"(kernel 3):"
"Loops: {Subscript[x, 5], Subscript[x, 6], Subscript[x, 7]}. There are \
totally 8 regions.\n"
"(kernel 4):"
"Loops: {Subscript[x, 5], Subscript[x, 6], Subscript[x, 7]}. There are \
totally 8 regions.\n"
"(kernel 5):"
"Loops: {Subscript[x, 5], Subscript[x, 6], Subscript[x, 7]}. There are \
totally 8 regions.\n"
"(kernel 6):"
"Loops: {Subscript[x, 5], Subscript[x, 6], Subscript[x, 7]}. There are \
totally 8 regions.\n"
"(kernel 1):"
"classifying topologies: \n"
"(kernel 2):"
"classifying topologies: \n"
"(kernel 3):"
"classifying topologies: \n"
"(kernel 4):"
"classifying topologies: \n"
"(kernel 5):"
"classifying topologies: \n"
"(kernel 6):"
"classifying topologies: \n"
"(kernel 1):"
"region 1: total terms 84\n"
"(kernel 2):"
"region 1: total terms 84\n"
"(kernel 3):"
"region 1: total terms 84\n"
"(kernel 4):"
"region 1: total terms 35\n"
"(kernel 5):"
"region 1: total terms 84\n"
"(kernel 6):"
"region 1: total terms 35\n"
"(kernel 1):"
"region 2: total terms 156\n"
"(kernel 2):"
"region 2: total terms 156\n"
"(kernel 3):"
"region 2: total terms 156\n"
"(kernel 4):"
"region 2: total terms 156\n"
"(kernel 5):"
"region 2: total terms 156\n"
"(kernel 6):"
"region 2: total terms 156\n"
"(kernel 1):"
"region 3: total terms 165\n"
"(kernel 2):"
"region 3: total terms 165\n"
"(kernel 3):"
"region 3: total terms 165\n"
"(kernel 4):"
"region 3: total terms 84\n"
"(kernel 5):"
"region 3: total terms 165\n"
"(kernel 6):"
"region 3: total terms 84\n"
"(kernel 4):"
"region 4: total terms 84\n"
"(kernel 6):"
"region 4: total terms 84\n"
"(kernel 1):"
"region 4: total terms 84\n"
"(kernel 2):"
"region 4: total terms 84\n"
"(kernel 4):"
"region 5: total terms 84\n"
"(kernel 6):"
"region 5: total terms 84\n"
"(kernel 3):"
"region 4: total terms 84\n"
"(kernel 5):"
"region 4: total terms 84\n"
"(kernel 2):"
"region 5: total terms 165\n"
"(kernel 1):"
"region 5: total terms 165\n"
"(kernel 4):"
"region 6: total terms 84\n"
"(kernel 6):"
"region 6: total terms 84\n"
"(kernel 3):"
"region 5: total terms 165\n"
"(kernel 5):"
"region 5: total terms 165\n"
"(kernel 4):"
"region 7: total terms 156\n"
"(kernel 6):"
"region 7: total terms 156\n"
"(kernel 1):"
"region 6: total terms 84\n"
"(kernel 2):"
"region 6: total terms 84\n"
"(kernel 3):"
"region 6: total terms 84\n"
"(kernel 4):"
"region 8: total terms 35\n"
"(kernel 5):"
"region 6: total terms 84\n"
"(kernel 6):"
"region 8: total terms 35\n"
"(kernel 1):"
"region 7: total terms 275\n"
"(kernel 2):"
"region 7: total terms 275\n"
"(kernel 4):"
"Loops: {Subscript[x, 5], Subscript[x, 6], Subscript[x, 7]}. There are \
totally 8 regions.\n"
"(kernel 6):"
"Loops: {Subscript[x, 5], Subscript[x, 6], Subscript[x, 7]}. There are \
totally 8 regions.\n"
"(kernel 4):"
"classifying topologies: \n"
"(kernel 6):"
"classifying topologies: \n"
"(kernel 4):"
"region 1: total terms 35\n"
"(kernel 6):"
"region 1: total terms 35\n"
"(kernel 3):"
"region 7: total terms 275\n"
"(kernel 4):"
"region 2: total terms 156\n"
"(kernel 5):"
"region 7: total terms 275\n"
"(kernel 6):"
"region 2: total terms 156\n"
"(kernel 2):"
"region 8: total terms 35\n"
"(kernel 4):"
"region 3: total terms 84\n"
"(kernel 6):"
"region 3: total terms 84\n"
"(kernel 1):"
"region 8: total terms 35\n"
"(kernel 1):"
"Loops: {Subscript[x, 5], Subscript[x, 6], Subscript[x, 7]}. There are \
totally 8 regions.\n"
"(kernel 2):"
"Loops: {Subscript[x, 5], Subscript[x, 6], Subscript[x, 7]}. There are \
totally 8 regions.\n"
"(kernel 1):"
"classifying topologies: \n"
"(kernel 2):"
"classifying topologies: \n"
"(kernel 3):"
"region 8: total terms 35\n"
"(kernel 4):"
"region 4: total terms 84\n"
"(kernel 5):"
"region 8: total terms 35\n"
"(kernel 6):"
"region 4: total terms 84\n"
"(kernel 1):"
"region 1: total terms 84\n"
"(kernel 2):"
"region 1: total terms 84\n"
"(kernel 3):"
"Loops: {Subscript[x, 5], Subscript[x, 6], Subscript[x, 7]}. There are \
totally 8 regions.\n"
"(kernel 1):"
"region 2: total terms 156\n"
"(kernel 3):"
"classifying topologies: \n"
"(kernel 4):"
"region 5: total terms 84\n"
"(kernel 5):"
"Loops: {Subscript[x, 5], Subscript[x, 6], Subscript[x, 7]}. There are \
totally 8 regions.\n"
"(kernel 2):"
"region 2: total terms 156\n"
"(kernel 3):"
"region 1: total terms 84\n"
"(kernel 5):"
"classifying topologies: \n"
"(kernel 6):"
"region 5: total terms 84\n"
"(kernel 5):"
"region 1: total terms 84\n"
"(kernel 3):"
"region 2: total terms 156\n"
"(kernel 4):"
"region 6: total terms 84\n"
"(kernel 5):"
"region 2: total terms 156\n"
"(kernel 1):"
"region 3: total terms 165\n"
"(kernel 6):"
"region 6: total terms 84\n"
"(kernel 2):"
"region 3: total terms 165\n"
"(kernel 3):"
"region 3: total terms 165\n"
"(kernel 4):"
"region 7: total terms 156\n"
"(kernel 5):"
"region 3: total terms 165\n"
"(kernel 6):"
"region 7: total terms 156\n"
"(kernel 1):"
"region 4: total terms 84\n"
"(kernel 2):"
"region 4: total terms 84\n"
"(kernel 3):"
"region 4: total terms 84\n"
"(kernel 4):"
"region 8: total terms 35\n"
"(kernel 4):"
"Loops: {Subscript[x, 5], Subscript[x, 6], Subscript[x, 7]}. There are \
totally 8 regions.\n"
"(kernel 5):"
"region 4: total terms 84\n"
"(kernel 1):"
"region 5: total terms 165\n"
"(kernel 4):"
"classifying topologies: \n"
"(kernel 2):"
"region 5: total terms 165\n"
"(kernel 4):"
"region 1: total terms 35\n"
"(kernel 6):"
"region 8: total terms 35\n"
"(kernel 3):"
"region 5: total terms 165\n"
"(kernel 4):"
"region 2: total terms 156\n"
"(kernel 6):"
"Loops: {Subscript[x, 5], Subscript[x, 6], Subscript[x, 7]}. There are \
totally 8 regions.\n"
"(kernel 5):"
"region 5: total terms 165\n"
"(kernel 6):"
"classifying topologies: \n"
"(kernel 6):"
"region 1: total terms 35\n"
"(kernel 1):"
"region 6: total terms 84\n"
"(kernel 6):"
"region 2: total terms 156\n"
"(kernel 2):"
"region 6: total terms 84\n"
"(kernel 4):"
"region 3: total terms 84\n"
"(kernel 3):"
"region 6: total terms 84\n"
"(kernel 1):"
"region 7: total terms 275\n"
"(kernel 4):"
"region 4: total terms 84\n"
"(kernel 5):"
"region 6: total terms 84\n"
"(kernel 6):"
"region 3: total terms 84\n"
"(kernel 2):"
"region 7: total terms 275\n"
"(kernel 3):"
"region 7: total terms 275\n"
"(kernel 4):"
"region 5: total terms 84\n"
"(kernel 5):"
"region 7: total terms 275\n"
"(kernel 6):"
"region 4: total terms 84\n"
"(kernel 4):"
"region 6: total terms 84\n"
"(kernel 1):"
"region 8: total terms 35\n"
"(kernel 6):"
"region 5: total terms 84\n"
"(kernel 1):"
"Loops: {Subscript[x, 5], Subscript[x, 6], Subscript[x, 7]}. There are \
totally 8 regions.\n"
"(kernel 1):"
"classifying topologies: \n"
"(kernel 2):"
"region 8: total terms 35\n"
"(kernel 3):"
"region 8: total terms 35\n"
"(kernel 1):"
"region 1: total terms 84\n"
"(kernel 2):"
"Loops: {Subscript[x, 5], Subscript[x, 6], Subscript[x, 7]}. There are \
totally 8 regions.\n"
"(kernel 4):"
"region 7: total terms 156\n"
"(kernel 1):"
"region 2: total terms 156\n"
"(kernel 2):"
"classifying topologies: \n"
"(kernel 3):"
"Loops: {Subscript[x, 5], Subscript[x, 6], Subscript[x, 7]}. There are \
totally 8 regions.\n"
"(kernel 5):"
"region 8: total terms 35\n"
"(kernel 6):"
"region 6: total terms 84\n"
"(kernel 2):"
"region 1: total terms 84\n"
"(kernel 3):"
"classifying topologies: \n"
"(kernel 5):"
"Loops: {Subscript[x, 5], Subscript[x, 6], Subscript[x, 7]}. There are \
totally 8 regions.\n"
"(kernel 2):"
"region 2: total terms 156\n"
"(kernel 3):"
"region 1: total terms 84\n"
"(kernel 5):"
"classifying topologies: \n"
"(kernel 3):"
"region 2: total terms 156\n"
"(kernel 4):"
"region 8: total terms 35\n"
"(kernel 5):"
"region 1: total terms 84\n"
"(kernel 6):"
"region 7: total terms 156\n"
"(kernel 1):"
"region 3: total terms 165\n"
"(kernel 5):"
"region 2: total terms 156\n"
"(kernel 2):"
"region 3: total terms 165\n"
"(kernel 3):"
"region 3: total terms 165\n"
"(kernel 5):"
"region 3: total terms 165\n"
"(kernel 6):"
"region 8: total terms 35\n"
"(kernel 1):"
"region 4: total terms 84\n"
"(kernel 2):"
"region 4: total terms 84\n"
"(kernel 1):"
"region 5: total terms 165\n"
"(kernel 3):"
"region 4: total terms 84\n"
"(kernel 5):"
"region 4: total terms 84\n"
"(kernel 2):"
"region 5: total terms 165\n"
"(kernel 3):"
"region 5: total terms 165\n"
"(kernel 1):"
"region 6: total terms 84\n"
"(kernel 5):"
"region 5: total terms 165\n"
"(kernel 2):"
"region 6: total terms 84\n"
"(kernel 3):"
"region 6: total terms 84\n"
"(kernel 1):"
"region 7: total terms 275\n"
"(kernel 5):"
"region 6: total terms 84\n"
"(kernel 2):"
"region 7: total terms 275\n"
"(kernel 3):"
"region 7: total terms 275\n"
"(kernel 5):"
"region 7: total terms 275\n"
"(kernel 1):"
"region 8: total terms 35\n"
"(kernel 2):"
"region 8: total terms 35\n"
"(kernel 3):"
"region 8: total terms 35\n"
"(kernel 5):"
"region 8: total terms 35\n"
"(kernel 4):"
"projecting the tensor structure and performing the contraction...\n"
"(kernel 4):"
"total length: 980 split into number of chunks: 1\n"
"(kernel 4):"
"--- ProjectTensor Chunk 1/1 (Terms 1-980) Time: 24.980995 ---\n"
"(kernel 6):"
"projecting the tensor structure and performing the contraction...\n"
"(kernel 6):"
"total length: 980 split into number of chunks: 1\n"
"(kernel 6):"
"--- ProjectTensor Chunk 1/1 (Terms 1-980) Time: 25.076623 ---\n"
"(kernel 1):"
"projecting the tensor structure and performing the contraction...\n"
"(kernel 2):"
"projecting the tensor structure and performing the contraction...\n"
"(kernel 1):"
"total length: 1218 split into number of chunks: 2\n"
"(kernel 2):"
"total length: 1218 split into number of chunks: 2\n"
"(kernel 1):"
"--- ProjectTensor Chunk 1/2 (Terms 1-1000) Time: 25.596659 ---\n"
"(kernel 2):"
"--- ProjectTensor Chunk 1/2 (Terms 1-1000) Time: 25.592171 ---\n"
"(kernel 4):"
"    Working on Term 100/980\n"
"(kernel 6):"
"    Working on Term 100/980\n"
"(kernel 5):"
"projecting the tensor structure and performing the contraction...\n"
"(kernel 4):"
"    Working on Term 200/980\n"
"(kernel 5):"
"total length: 2016 split into number of chunks: 3\n"
"(kernel 5):"
"--- ProjectTensor Chunk 1/3 (Terms 1-1000) Time: 26.136702 ---\n"
"(kernel 3):"
"projecting the tensor structure and performing the contraction...\n"
"(kernel 3):"
"total length: 2016 split into number of chunks: 3\n"
"(kernel 3):"
"--- ProjectTensor Chunk 1/3 (Terms 1-1000) Time: 26.215003 ---\n"
"(kernel 6):"
"    Working on Term 200/980\n"
"(kernel 4):"
"    Working on Term 300/980\n"
"(kernel 1):"
"    Working on Term 100/1218\n"
"(kernel 5):"
"    Working on Term 100/2016\n"
"(kernel 6):"
"    Working on Term 300/980\n"
"(kernel 2):"
"    Working on Term 100/1218\n"
"(kernel 3):"
"    Working on Term 100/2016\n"
"(kernel 4):"
"    Working on Term 400/980\n"
"(kernel 6):"
"    Working on Term 400/980\n"
"(kernel 4):"
"    Working on Term 500/980\n"
"(kernel 6):"
"    Working on Term 500/980\n"
"(kernel 1):"
"    Working on Term 200/1218\n"
"(kernel 2):"
"    Working on Term 200/1218\n"
"(kernel 3):"
"    Working on Term 200/2016\n"
"(kernel 5):"
"    Working on Term 200/2016\n"
"(kernel 3):"
"    Working on Term 300/2016\n"
"(kernel 5):"
"    Working on Term 300/2016\n"
"(kernel 4):"
"    Working on Term 600/980\n"
"(kernel 1):"
"    Working on Term 300/1218\n"
"(kernel 2):"
"    Working on Term 300/1218\n"
"(kernel 6):"
"    Working on Term 600/980\n"
"(kernel 1):"
"    Working on Term 400/1218\n"
"(kernel 2):"
"    Working on Term 400/1218\n"
"(kernel 3):"
"    Working on Term 400/2016\n"
"(kernel 5):"
"    Working on Term 400/2016\n"
"(kernel 1):"
"    Working on Term 500/1218\n"
"(kernel 2):"
"    Working on Term 500/1218\n"
"(kernel 4):"
"    Working on Term 700/980\n"
"(kernel 6):"
"    Working on Term 700/980\n"
"(kernel 3):"
"    Working on Term 500/2016\n"
"(kernel 5):"
"    Working on Term 500/2016\n"
"(kernel 5):"
"    Working on Term 600/2016\n"
"(kernel 3):"
"    Working on Term 600/2016\n"
"(kernel 4):"
"    Working on Term 800/980\n"
"(kernel 5):"
"    Working on Term 700/2016\n"
"(kernel 3):"
"    Working on Term 700/2016\n"
"(kernel 6):"
"    Working on Term 800/980\n"
"(kernel 1):"
"    Working on Term 600/1218\n"
"(kernel 2):"
"    Working on Term 600/1218\n"
"(kernel 1):"
"    Working on Term 700/1218\n"
"(kernel 2):"
"    Working on Term 700/1218\n"
"(kernel 3):"
"    Working on Term 800/2016\n"
"(kernel 5):"
"    Working on Term 800/2016\n"
"(kernel 4):"
"    Working on Term 900/980\n"
"(kernel 3):"
"    Working on Term 900/2016\n"
"(kernel 5):"
"    Working on Term 900/2016\n"
"(kernel 1):"
"    Working on Term 800/1218\n"
"(kernel 6):"
"    Working on Term 900/980\n"
"(kernel 2):"
"    Working on Term 800/1218\n"
"(kernel 1):"
"    Working on Term 900/1218\n"
"(kernel 2):"
"    Working on Term 900/1218\n"
"(kernel 1):"
"    Working on Term 1000/1218\n"
"(kernel 2):"
"    Working on Term 1000/1218\n"
"(kernel 3):"
"    Working on Term 1000/2016\n"
"(kernel 5):"
"    Working on Term 1000/2016\n"
"(kernel 1):"
"--- ProjectTensor Chunk 2/2 (Terms 1001-1218) Time: 40.663637 ---\n"
"(kernel 2):"
"--- ProjectTensor Chunk 2/2 (Terms 1001-1218) Time: 40.797525 ---\n"
"(kernel 4):"
"threeloophard12314: tensor reduction finished!\n"
"(kernel 3):"
"--- ProjectTensor Chunk 2/3 (Terms 1001-2000) Time: 41.154154 ---\n"
"(kernel 5):"
"--- ProjectTensor Chunk 2/3 (Terms 1001-2000) Time: 41.157476 ---\n"
"(kernel 6):"
"threeloophard13214: tensor reduction finished!\n"
"(kernel 1):"
"    Working on Term 1100/1218\n"
"(kernel 2):"
"    Working on Term 1100/1218\n"
"(kernel 3):"
"    Working on Term 1100/2016\n"
"(kernel 5):"
"    Working on Term 1100/2016\n"
"(kernel 3):"
"    Working on Term 1200/2016\n"
"(kernel 5):"
"    Working on Term 1200/2016\n"
"(kernel 3):"
"    Working on Term 1300/2016\n"
"(kernel 5):"
"    Working on Term 1300/2016\n"
"(kernel 1):"
"    Working on Term 1200/1218\n"
"(kernel 2):"
"    Working on Term 1200/1218\n"
"(kernel 1):"
"threeloophard11234: tensor reduction finished!\n"
"(kernel 2):"
"threeloophard12134: tensor reduction finished!\n"
"(kernel 3):"
"    Working on Term 1400/2016\n"
"(kernel 5):"
"    Working on Term 1400/2016\n"
"(kernel 3):"
"    Working on Term 1500/2016\n"
"(kernel 5):"
"    Working on Term 1500/2016\n"
"(kernel 5):"
"    Working on Term 1600/2016\n"
"(kernel 3):"
"    Working on Term 1600/2016\n"
"(kernel 3):"
"    Working on Term 1700/2016\n"
"(kernel 5):"
"    Working on Term 1700/2016\n"
"(kernel 5):"
"    Working on Term 1800/2016\n"
"(kernel 3):"
"    Working on Term 1800/2016\n"
"(kernel 5):"
"    Working on Term 1900/2016\n"
"(kernel 3):"
"    Working on Term 1900/2016\n"
"(kernel 5):"
"    Working on Term 2000/2016\n"
"(kernel 3):"
"    Working on Term 2000/2016\n"
"(kernel 5):"
"--- ProjectTensor Chunk 3/3 (Terms 2001-2016) Time: 59.494479 ---\n"
"(kernel 3):"
"--- ProjectTensor Chunk 3/3 (Terms 2001-2016) Time: 59.584041 ---\n"
"(kernel 5):"
"threeloophard13124: tensor reduction finished!\n"
"(kernel 3):"
"threeloophard11324: tensor reduction finished!\n"
"basischange loaded!"
"reduced results loaded!"

FrontEndObject::notavail: 
   A front end is not available; certain operations require a front end.
"MIs: "{}

FrontEndObject::notavail: 
   A front end is not available; certain operations require a front end.

General::stop: Further output of FrontEndObject::notavail
     will be suppressed during this calculation.
"MIs: "{}
"MIs: "{}
"MIs: "{}
"target integrals reduced! time: "64.401871`7.959413482477088
"(kernel 4):"
"threeloophard12314: series expansion finished!\n"
"(kernel 6):"
"threeloophard13214: series expansion finished!\n"
"(kernel 2):"
"threeloophard12134: series expansion finished!\n"
"(kernel 1):"
"threeloophard11234: series expansion finished!\n"
"(kernel 3):"
"threeloophard11324: series expansion finished!\n"
"(kernel 5):"
"threeloophard13124: series expansion finished!\n"
"[Global Cache] Merged and updated cache with "10" records."
"=== Done Parallel Expansion! time: "116.866833`8.21820627298988" ==="
"  Moved boundary output: ""threeloophard1""1234"
"  Moved boundary output: ""threeloophard1""2134"
"  Moved boundary output: ""threeloophard1""1324"
"  Moved boundary output: ""threeloophard1""2314"
"  Moved boundary output: ""threeloophard1""3124"
"  Moved boundary output: ""threeloophard1""3214"
"[Boundary Agent] Added new computed integrand to association: '"
  "threeloophard1""'"
"Boundary condition files saved."
"Cached temporary results in ""/Users/windfolgen/Documents/AntiGravity/svbwal\
kthrough/asym/tmp"" can be reused for subsequent bootstrap problems."
"[ReviewGate] ""boundary"" stage: ""PASS"" (PASS:"6" WARN:"0" FAIL:"0")"
"[Time Record] Stage 1 (Boundary Conditions) took: "
  120.930301`8.233050131681109" seconds."
"  Loading full SV basis..."
"  [Leading Singularity "1"/"1" (""double"")]"
"  [MPL auto-detect] Found "61" MPL elements in basis: "
  "allsvlistmpl_threeloop"
"  Executing RunSeriesExpansion for ""threeloophard1""..."
"[ReviewGate] ""preseries"" stage: ""PASS"" (PASS:"16" WARN:"0" FAIL:"0")"
"[Skill 1] Starting 6 expansions, poleType=""double"", n="2", k="2", SVHPL \
indices="74", MPL indices="61
"[Skill 1] Limit "1"/6: additional = "InputForm[1]

ParallelTable::nopar: 
   No parallel kernels available; proceeding with sequential evaluation.

ParallelTable::nopar: 
   No parallel kernels available; proceeding with sequential evaluation.
"[Skill 1] Limit "1"/6 (""e0uv""): done."
"[Skill 1] Limit "2"/6: additional = "InputForm[1]

ParallelTable::nopar: 
   No parallel kernels available; proceeding with sequential evaluation.

General::stop: Further output of ParallelTable::nopar
     will be suppressed during this calculation.
"[Skill 1] Limit "2"/6 (""e0uvp""): done."
"[Skill 1] Limit "3"/6: additional = "InputForm[1]
"[Skill 1] Limit "3"/6 (""einfuv""): done."
"[Skill 1] Limit "4"/6: additional = "InputForm[1]
"[Skill 1] Limit "4"/6 (""einfuvp""): done."
"[Skill 1] Limit "5"/6: additional = "InputForm[1]
"[Skill 1] Limit "5"/6 (""e1uv""): done."
"[Skill 1] Limit "6"/6: additional = "InputForm[1]
"[Skill 1] Limit "6"/6 (""e1uvp""): done."
"Series expansion files written to "
  "/Users/windfolgen/Documents/AntiGravity/svbwalkthrough/series_agent"
"[ReviewGate] ""series"" stage: ""PASS"" (PASS:"12" WARN:"0" FAIL:"0")"
"[Time Record] Stage 2 (Series Expansion) took: "119.903824`7.9283180361060275
  " seconds."
"[ReviewGate] ""presolve"" stage: ""PASS"" (PASS:"12" WARN:"0" FAIL:"0")"
"  Executing RunCoefficientSolving..."
"[Skill 3] Total Ansatz Elements=$LEN="57" $Order="3
"  system size after limit "1": "79" vars: "56
"Limit "2" (""e0uvp""): temp is empty, skipping."
"  system size after limit "3": "134" vars: "57
"Limit "4" (""einfuvp""): temp is empty, skipping."
"Limit "5" (""e1uv""): temp is empty, skipping."
"Limit "6" (""e1uvp""): temp is empty, skipping."
"Solution written to ""/Users/windfolgen/Documents/AntiGravity/svbwalkthrough\
/solve_agent/threeloophard1_sol.m"
"Final result.m and coeff_sol.m saved to runs/""threeloophard1""/"
"[ReviewGate] ""solve"" stage: ""PASS"" (PASS:"1" WARN:"0" FAIL:"0")"
"[Time Record] Stage 3 (Solving System) took: "21.139638`6.8735525525809935
  " seconds."
"[Time Record] Total workflow execution time: "261.973813`8.568772879083049
  " seconds."
"End Date and Time: ""Mon 8 Jun 2026 18:37:33"
"=== Workflow Engine Complete for: ""threeloophard1"" ==="
