"=== Starting Unified Workflow Engine for: ""threeloopI8"" ==="
"Start Date and Time: ""Mon 8 Jun 2026 18:52:13"

FrontEndObject::notavail: 
   A front end is not available; certain operations require a front end.
"**************** "Style["LiteRed v2.025\[Beta]", 
   {Bold, RGBColor[1, 1/3, 1/3]}]" ********************\nAuthor: Roman N. \
Lee, Budker Institute of Nuclear Physics, Novosibirsk.\nRelease Date: \
????-??-??\nTimestamp: Tue 25 Feb 2025 15:30:30\nRead \
from:/Users/windfolgen/GitRepos/LiteRed2/Source/LiteRed2025.m \
(CRC32:2205507540,{2340977437, 3317197336, 1063727846})\n\nLiteRed stands for \
"Style["L", {RGBColor[1, 1/3, 1/3]}]"oop "Style["i", {RGBColor[1, 1/3, 1/3]}]
  "n"Style["te", {RGBColor[1, 1/3, 1/3]}]"grals "
  Style["Red", {RGBColor[1, 1/3, 1/3]}]
  "uction.\nThe package is designed for the search and application of the \
Integration-By-Part reduction rules. It also contains some other useful \
tools.\n\nSee ?LiteRed`* for a list of functions. "
"Review agent loaded from ""/Users/windfolgen/Documents/AntiGravity/svbwalkth\
rough/audit_agent/audit_agent.wl"
"[ReviewGate] ""preflight"" stage: ""PASS"" (PASS:"2" WARN:"0" FAIL:"0")"
"  Conformal weight n = "2
"  Checking for boundary target data..."
"[ReviewGate] ""preboundary"" stage: ""PASS"" (PASS:"10" WARN:"0" FAIL:"0")"
"Executing\n"HoldForm[sp[p, p] = u; ]
"IBP output redirected to: ""/Users/windfolgen/Documents/aether/svbwalkthroug\
h_ibp"
"=== Running Parallel Expansion for ""threeloopI8"" with "6" permutations ==="
"Permutation "{1, 2, 3, 4}" -> chosen equivalent permutation "{1, 2, 3, 4}" ("
  377" terms)"
"Permutation "{2, 1, 3, 4}" -> chosen equivalent permutation "{2, 1, 3, 4}" ("
  377" terms)"
"Permutation "{1, 3, 2, 4}" -> chosen equivalent permutation "{1, 3, 2, 4}" ("
  377" terms)"
"Permutation "{2, 3, 1, 4}" -> chosen equivalent permutation "{2, 3, 1, 4}" ("
  377" terms)"
"Permutation "{3, 1, 2, 4}" -> chosen equivalent permutation "{3, 1, 2, 4}" ("
  377" terms)"
"Permutation "{3, 2, 1, 4}" -> chosen equivalent permutation "{3, 2, 1, 4}" ("
  377" terms)"
"(kernel 1):"
"threeloopI81234: no tensor reduced results found. Starting reduction...\n"
"(kernel 2):"
"threeloopI82134: no tensor reduced results found. Starting reduction...\n"
"(kernel 3):"
"threeloopI81324: no tensor reduced results found. Starting reduction...\n"
"(kernel 4):"
"threeloopI82314: no tensor reduced results found. Starting reduction...\n"
"(kernel 5):"
"threeloopI83124: no tensor reduced results found. Starting reduction...\n"
"(kernel 6):"
"threeloopI83214: no tensor reduced results found. Starting reduction...\n"
"(kernel 1):"
"set 1 to 0, 4 to infinity.\n"
"(kernel 2):"
"set 1 to 0, 4 to infinity.\n"
"(kernel 3):"
"set 1 to 0, 4 to infinity.\n"
"(kernel 4):"
"set 1 to 0, 4 to infinity.\n"
"(kernel 5):"
"set 1 to 0, 4 to infinity.\n"
"(kernel 6):"
"set 1 to 0, 4 to infinity.\n"
"(kernel 1):"
"performing region expansion...\n"
"(kernel 2):"
"performing region expansion...\n"
"(kernel 3):"
"performing region expansion...\n"
"(kernel 4):"
"performing region expansion...\n"
"(kernel 5):"
"performing region expansion...\n"
"(kernel 6):"
"performing region expansion...\n"
"(kernel 1):"
"topology: {d2[1, 5], d2[2, 5], d2[3, 5], d2[1, 6], d2[2, 6], d2[3, 6], d2[1, \
7], d2[2, 7], d2[3, 7], d2[5, 6], d2[5, 7], d2[6, 7]} can be split into\n"
"(kernel 2):"
"topology: {d2[1, 5], d2[2, 5], d2[3, 5], d2[1, 6], d2[2, 6], d2[3, 6], d2[1, \
7], d2[2, 7], d2[3, 7], d2[5, 6], d2[5, 7], d2[6, 7]} can be split into\n"
"(kernel 3):"
"topology: {d2[1, 5], d2[2, 5], d2[3, 5], d2[1, 6], d2[2, 6], d2[3, 6], d2[1, \
7], d2[2, 7], d2[3, 7], d2[5, 6], d2[5, 7], d2[6, 7]} can be split into\n"
"(kernel 4):"
"topology: {d2[1, 5], d2[2, 5], d2[3, 5], d2[1, 6], d2[2, 6], d2[3, 6], d2[1, \
7], d2[2, 7], d2[3, 7], d2[5, 6], d2[5, 7], d2[6, 7]} can be split into\n"
"(kernel 5):"
"topology: {d2[1, 5], d2[2, 5], d2[3, 5], d2[1, 6], d2[2, 6], d2[3, 6], d2[1, \
7], d2[2, 7], d2[3, 7], d2[5, 6], d2[5, 7], d2[6, 7]} can be split into\n"
"(kernel 6):"
"topology: {d2[1, 5], d2[2, 5], d2[3, 5], d2[1, 6], d2[2, 6], d2[3, 6], d2[1, \
7], d2[2, 7], d2[3, 7], d2[5, 6], d2[5, 7], d2[6, 7]} can be split into\n"
"(kernel 1):"
"topo1: {d2[1, 5], d2[2, 5], d2[1, 6], d2[2, 6], d2[1, 7], d2[2, 7], d2[5, \
6], d2[5, 7], d2[6, 7]}\n"
"(kernel 2):"
"topo1: {d2[1, 5], d2[2, 5], d2[1, 6], d2[2, 6], d2[1, 7], d2[2, 7], d2[5, \
6], d2[5, 7], d2[6, 7]}\n"
"(kernel 3):"
"topo1: {d2[1, 5], d2[2, 5], d2[1, 6], d2[2, 6], d2[1, 7], d2[2, 7], d2[5, \
6], d2[5, 7], d2[6, 7]}\n"
"(kernel 4):"
"topo1: {d2[1, 5], d2[2, 5], d2[1, 6], d2[2, 6], d2[1, 7], d2[2, 7], d2[5, \
6], d2[5, 7], d2[6, 7]}\n"
"(kernel 5):"
"topo1: {d2[1, 5], d2[2, 5], d2[1, 6], d2[2, 6], d2[1, 7], d2[2, 7], d2[5, \
6], d2[5, 7], d2[6, 7]}\n"
"(kernel 6):"
"topo1: {d2[1, 5], d2[2, 5], d2[1, 6], d2[2, 6], d2[1, 7], d2[2, 7], d2[5, \
6], d2[5, 7], d2[6, 7]}\n"
"(kernel 1):"
"topo2: {d2[1, 5], d2[3, 5], d2[1, 6], d2[3, 6], d2[1, 7], d2[3, 7], d2[5, \
6], d2[5, 7], d2[6, 7]}\n"
"(kernel 2):"
"topo2: {d2[1, 5], d2[3, 5], d2[1, 6], d2[3, 6], d2[1, 7], d2[3, 7], d2[5, \
6], d2[5, 7], d2[6, 7]}\n"
"(kernel 3):"
"topo2: {d2[1, 5], d2[3, 5], d2[1, 6], d2[3, 6], d2[1, 7], d2[3, 7], d2[5, \
6], d2[5, 7], d2[6, 7]}\n"
"(kernel 4):"
"topo2: {d2[1, 5], d2[3, 5], d2[1, 6], d2[3, 6], d2[1, 7], d2[3, 7], d2[5, \
6], d2[5, 7], d2[6, 7]}\n"
"(kernel 5):"
"topo2: {d2[1, 5], d2[3, 5], d2[1, 6], d2[3, 6], d2[1, 7], d2[3, 7], d2[5, \
6], d2[5, 7], d2[6, 7]}\n"
"(kernel 6):"
"topo2: {d2[1, 5], d2[3, 5], d2[1, 6], d2[3, 6], d2[1, 7], d2[3, 7], d2[5, \
6], d2[5, 7], d2[6, 7]}\n"
"(kernel 1):"
"Loops: {Subscript[x, 5], Subscript[x, 6], Subscript[x, 7]}. There are \
totally 8 regions.\n"
"(kernel 2):"
"Loops: {Subscript[x, 5], Subscript[x, 6], Subscript[x, 7]}. There are \
totally 8 regions.\n"
"(kernel 3):"
"Loops: {Subscript[x, 5], Subscript[x, 6], Subscript[x, 7]}. There are \
totally 8 regions.\n"
"(kernel 4):"
"Loops: {Subscript[x, 5], Subscript[x, 6], Subscript[x, 7]}. There are \
totally 8 regions.\n"
"(kernel 5):"
"Loops: {Subscript[x, 5], Subscript[x, 6], Subscript[x, 7]}. There are \
totally 8 regions.\n"
"(kernel 6):"
"Loops: {Subscript[x, 5], Subscript[x, 6], Subscript[x, 7]}. There are \
totally 8 regions.\n"
"(kernel 1):"
"classifying topologies: \n"
"(kernel 2):"
"classifying topologies: \n"
"(kernel 3):"
"classifying topologies: \n"
"(kernel 4):"
"classifying topologies: \n"
"(kernel 5):"
"classifying topologies: \n"
"(kernel 6):"
"classifying topologies: \n"
"(kernel 1):"
"region 1: total terms 84\n"
"(kernel 2):"
"region 1: total terms 84\n"
"(kernel 3):"
"region 1: total terms 84\n"
"(kernel 4):"
"region 1: total terms 84\n"
"(kernel 5):"
"region 1: total terms 84\n"
"(kernel 6):"
"region 1: total terms 84\n"
"(kernel 1):"
"region 2: total terms 84\n"
"(kernel 2):"
"region 2: total terms 84\n"
"(kernel 3):"
"region 2: total terms 84\n"
"(kernel 4):"
"region 2: total terms 84\n"
"(kernel 5):"
"region 2: total terms 84\n"
"(kernel 6):"
"region 2: total terms 84\n"
"(kernel 1):"
"region 3: total terms 84\n"
"(kernel 2):"
"region 3: total terms 84\n"
"(kernel 3):"
"region 3: total terms 84\n"
"(kernel 4):"
"region 3: total terms 84\n"
"(kernel 5):"
"region 3: total terms 84\n"
"(kernel 6):"
"region 3: total terms 84\n"
"(kernel 1):"
"region 4: total terms 84\n"
"(kernel 2):"
"region 4: total terms 84\n"
"(kernel 3):"
"region 4: total terms 84\n"
"(kernel 4):"
"region 4: total terms 84\n"
"(kernel 5):"
"region 4: total terms 84\n"
"(kernel 6):"
"region 4: total terms 84\n"
"(kernel 2):"
"region 5: total terms 84\n"
"(kernel 3):"
"region 5: total terms 84\n"
"(kernel 4):"
"region 5: total terms 84\n"
"(kernel 1):"
"region 5: total terms 84\n"
"(kernel 5):"
"region 5: total terms 84\n"
"(kernel 6):"
"region 5: total terms 84\n"
"(kernel 2):"
"region 6: total terms 84\n"
"(kernel 3):"
"region 6: total terms 84\n"
"(kernel 4):"
"region 6: total terms 84\n"
"(kernel 1):"
"region 6: total terms 84\n"
"(kernel 5):"
"region 6: total terms 84\n"
"(kernel 2):"
"region 7: total terms 84\n"
"(kernel 4):"
"region 7: total terms 84\n"
"(kernel 6):"
"region 6: total terms 84\n"
"(kernel 3):"
"region 7: total terms 84\n"
"(kernel 1):"
"region 7: total terms 84\n"
"(kernel 5):"
"region 7: total terms 84\n"
"(kernel 2):"
"region 8: total terms 84\n"
"(kernel 4):"
"region 8: total terms 84\n"
"(kernel 1):"
"region 8: total terms 84\n"
"(kernel 3):"
"region 8: total terms 84\n"
"(kernel 6):"
"region 7: total terms 84\n"
"(kernel 5):"
"region 8: total terms 84\n"
"(kernel 6):"
"region 8: total terms 84\n"
"(kernel 2):"
"projecting the tensor structure and performing the contraction...\n"
"(kernel 4):"
"projecting the tensor structure and performing the contraction...\n"
"(kernel 1):"
"projecting the tensor structure and performing the contraction...\n"
"(kernel 3):"
"projecting the tensor structure and performing the contraction...\n"
"(kernel 2):"
"total length: 377 split into number of chunks: 1\n"
"(kernel 2):"
"--- ProjectTensor Chunk 1/1 (Terms 1-377) Time: 7.060206 ---\n"
"(kernel 4):"
"total length: 377 split into number of chunks: 1\n"
"(kernel 5):"
"projecting the tensor structure and performing the contraction...\n"
"(kernel 6):"
"projecting the tensor structure and performing the contraction...\n"
"(kernel 1):"
"total length: 377 split into number of chunks: 1\n"
"(kernel 3):"
"total length: 377 split into number of chunks: 1\n"
"(kernel 4):"
"--- ProjectTensor Chunk 1/1 (Terms 1-377) Time: 7.067231 ---\n"
"(kernel 1):"
"--- ProjectTensor Chunk 1/1 (Terms 1-377) Time: 7.089452 ---\n"
"(kernel 3):"
"--- ProjectTensor Chunk 1/1 (Terms 1-377) Time: 7.07862 ---\n"
"(kernel 6):"
"total length: 377 split into number of chunks: 1\n"
"(kernel 5):"
"total length: 377 split into number of chunks: 1\n"
"(kernel 6):"
"--- ProjectTensor Chunk 1/1 (Terms 1-377) Time: 7.101818 ---\n"
"(kernel 5):"
"--- ProjectTensor Chunk 1/1 (Terms 1-377) Time: 7.108542 ---\n"
"(kernel 4):"
"    Working on Term 100/377\n"
"(kernel 1):"
"    Working on Term 100/377\n"
"(kernel 2):"
"    Working on Term 100/377\n"
"(kernel 3):"
"    Working on Term 100/377\n"
"(kernel 5):"
"    Working on Term 100/377\n"
"(kernel 6):"
"    Working on Term 100/377\n"
"(kernel 4):"
"    Working on Term 200/377\n"
"(kernel 2):"
"    Working on Term 200/377\n"
"(kernel 1):"
"    Working on Term 200/377\n"
"(kernel 5):"
"    Working on Term 200/377\n"
"(kernel 3):"
"    Working on Term 200/377\n"
"(kernel 6):"
"    Working on Term 200/377\n"
"(kernel 2):"
"    Working on Term 300/377\n"
"(kernel 4):"
"    Working on Term 300/377\n"
"(kernel 5):"
"    Working on Term 300/377\n"
"(kernel 1):"
"    Working on Term 300/377\n"
"(kernel 6):"
"    Working on Term 300/377\n"
"(kernel 3):"
"    Working on Term 300/377\n"
"(kernel 4):"
"threeloopI82314: tensor reduction finished!\n"
"(kernel 2):"
"threeloopI82134: tensor reduction finished!\n"
"(kernel 5):"
"threeloopI83124: tensor reduction finished!\n"
"(kernel 1):"
"threeloopI81234: tensor reduction finished!\n"
"(kernel 6):"
"threeloopI83214: tensor reduction finished!\n"
"(kernel 3):"
"threeloopI81324: tensor reduction finished!\n"
"basischange loaded!"
"reduced results loaded!"

FrontEndObject::notavail: 
   A front end is not available; certain operations require a front end.
"MIs: "{}

FrontEndObject::notavail: 
   A front end is not available; certain operations require a front end.

General::stop: Further output of FrontEndObject::notavail
     will be suppressed during this calculation.
"MIs: "{}
"MIs: "{}
"MIs: "{}
"target integrals reduced! time: "12.88553`7.2606172842301016
"(kernel 6):"
"threeloopI83214: series expansion finished!\n"
"(kernel 5):"
"threeloopI83124: series expansion finished!\n"
"(kernel 2):"
"threeloopI82134: series expansion finished!\n"
"(kernel 4):"
"threeloopI82314: series expansion finished!\n"
"(kernel 1):"
"threeloopI81234: series expansion finished!\n"
"(kernel 3):"
"threeloopI81324: series expansion finished!\n"
"[Global Cache] Merged and updated cache with "10" records."
"=== Done Parallel Expansion! time: "30.704104`7.63771142625484" ==="
"  Moved boundary output: ""threeloopI8""1234"
"  Moved boundary output: ""threeloopI8""2134"
"  Moved boundary output: ""threeloopI8""1324"
"  Moved boundary output: ""threeloopI8""2314"
"  Moved boundary output: ""threeloopI8""3124"
"  Moved boundary output: ""threeloopI8""3214"
"[Boundary Agent] Added new computed integrand to association: '""threeloopI8"
  "'"
"Boundary condition files saved."
"Cached temporary results in ""/Users/windfolgen/Documents/AntiGravity/svbwal\
kthrough/asym/tmp"" can be reused for subsequent bootstrap problems."
"[ReviewGate] ""boundary"" stage: ""PASS"" (PASS:"6" WARN:"0" FAIL:"0")"
"[Time Record] Stage 1 (Boundary Conditions) took: "
  34.476877`7.688042917307938" seconds."
"  Loading full SV basis..."
"  [Leading Singularity "1"/"1" (""simple"")]"
"  [MPL auto-detect] Found 0 MPL elements."
"  Executing RunSeriesExpansion for ""threeloopI8""..."
"[ReviewGate] ""preseries"" stage: ""PASS"" (PASS:"7" WARN:"0" FAIL:"0")"
"[Skill 1] Starting 6 expansions, poleType=""simple"", n="2", k="1", SVHPL \
indices="64", MPL indices="0
"[Skill 1] Limit "1"/6: additional = "
  InputForm[(u^2 - 2*u*(2 - Y) + Y^2)^(-1) - Y/(u^2 - 2*u*(2 - Y) + Y^2)]

ParallelTable::nopar: 
   No parallel kernels available; proceeding with sequential evaluation.
"[Skill 1] Limit "1"/6 (""e0uv""): done."
"[Skill 1] Limit "2"/6: additional = "
  InputForm[(u^2 - 2*u*(2 - Y) + Y^2)^(-1)]

ParallelTable::nopar: 
   No parallel kernels available; proceeding with sequential evaluation.
"[Skill 1] Limit "2"/6 (""e0uvp""): done."
"[Skill 1] Limit "3"/6: additional = "
  InputForm[(u^2 - 2*u*(2 - Y) + Y^2)^(-1) - Y/(u^2 - 2*u*(2 - Y) + Y^2)]

ParallelTable::nopar: 
   No parallel kernels available; proceeding with sequential evaluation.

General::stop: Further output of ParallelTable::nopar
     will be suppressed during this calculation.
"[Skill 1] Limit "3"/6 (""einfuv""): done."
"[Skill 1] Limit "4"/6: additional = "
  InputForm[(u^2 - 2*u*(2 - Y) + Y^2)^(-1)]
"[Skill 1] Limit "4"/6 (""einfuvp""): done."
"[Skill 1] Limit "5"/6: additional = "InputForm[u/(u^2 - 2*u*(2 - Y) + Y^2)]
"[Skill 1] Limit "5"/6 (""e1uv""): done."
"[Skill 1] Limit "6"/6: additional = "InputForm[u/(u^2 - 2*u*(2 - Y) + Y^2)]
"[Skill 1] Limit "6"/6 (""e1uvp""): done."
"Series expansion files written to "
  "/Users/windfolgen/Documents/AntiGravity/svbwalkthrough/series_agent"
"[ReviewGate] ""series"" stage: ""PASS"" (PASS:"12" WARN:"0" FAIL:"0")"
"[Time Record] Stage 2 (Series Expansion) took: "67.932852`7.6815648499673665
  " seconds."
"[ReviewGate] ""presolve"" stage: ""PASS"" (PASS:"12" WARN:"0" FAIL:"0")"
"  Executing RunCoefficientSolving..."
"[Skill 3] Total Ansatz Elements=$LEN="30" $Order="3
"  system size after limit "1": "60" vars: "30
"Limit "2" (""e0uvp""): temp is empty, skipping."
"  system size after limit "3": "120" vars: "30
"Limit "4" (""einfuvp""): temp is empty, skipping."
"Limit "5" (""e1uv""): temp is empty, skipping."
"Limit "6" (""e1uvp""): temp is empty, skipping."
"Solution written to ""/Users/windfolgen/Documents/AntiGravity/svbwalkthrough\
/solve_agent/threeloopI8_sol.m"
"Final result.m and coeff_sol.m saved to runs/""threeloopI8""/"
"[ReviewGate] ""solve"" stage: ""PASS"" (PASS:"1" WARN:"0" FAIL:"0")"
"[Time Record] Stage 3 (Solving System) took: "2.238967`5.898502699089974
  " seconds."
"[Time Record] Total workflow execution time: "104.648751`8.17024904716179
  " seconds."
"End Date and Time: ""Mon 8 Jun 2026 18:53:58"
"=== Workflow Engine Complete for: ""threeloopI8"" ==="
